#
# A fatal error has been detected by the Java Runtime Environment:
#
#  SIGSEGV (0xb) at pc=0x00007fad389bc332, pid=299308, tid=299356
#
# JRE version: OpenJDK Runtime Environment (19.0.2+7) (build 19.0.2+7)
# Java VM: OpenJDK 64-Bit Server VM (19.0.2+7, mixed mode, tiered, compressed oops, compressed class ptrs, g1 gc, linux-amd64)
# Problematic frame:
# V  [libjvm.so+0x7bc332]
#
# Core dump will be written. Default location: Core dumps may be processed with "/usr/lib/systemd/systemd-coredump %P %u %g %s %t %c %h" (or dumping to /home/james/programming/java/gameserver/core.299308)
#
# If you would like to submit a bug report, please visit:
#   https://bugreport.java.com/bugreport/crash.jsp
#

---------------  S U M M A R Y ------------

Command Line: -Dmaven.home=/home/james/programming/java -Dmaven.multiModuleProjectDirectory=/home/james/programming/java/gameserver -Dawt.useSystemAAFontSettings=on org.apache.maven.wrapper.MavenWrapperMain clean install spring-boot:run

Host: AMD Ryzen 7 3700X 8-Core Processor, 16 cores, 31G, Arch Linux
Time: Wed Apr  5 10:35:10 2023 PDT elapsed time: 0.883105 seconds (0d 0h 0m 0s)

---------------  T H R E A D  ---------------

Current thread (0x00007face800c660):  WorkerThread "GC Thread#6" [stack: 0x00007fac979f6000,0x00007fac97af6000] [id=299356]

Stack: [0x00007fac979f6000,0x00007fac97af6000],  sp=0x00007fac97af35f0,  free space=1013k
Native frames: (J=compiled Java code, j=interpreted, Vv=VM code, C=native code)
V  [libjvm.so+0x7bc332]
V  [libjvm.so+0x7dfdb0]
V  [libjvm.so+0x7433d5]
V  [libjvm.so+0xf4b8e8]
V  [libjvm.so+0xf5300b]
V  [libjvm.so+0x7e1c56]
V  [libjvm.so+0x7e2385]
V  [libjvm.so+0x7f9457]
V  [libjvm.so+0x7f96b8]
V  [libjvm.so+0x100e4b3]
V  [libjvm.so+0xf54932]
V  [libjvm.so+0xcf45ad]

JavaThread 0x00007fad300157c0 (nid = 299323) was being processed
Java frames: (J=compiled Java code, j=interpreted, Vv=VM code)
v  ~RuntimeStub::_new_array_nozero_Java 0x00007fad1ff6f927
J 2653 c2 java.lang.AbstractStringBuilder.append(Ljava/lang/String;)Ljava/lang/AbstractStringBuilder; java.base@19.0.2 (45 bytes) @ 0x00007fad2067d458 [0x00007fad2067d040+0x0000000000000418]
J 3127 c1 org.apache.maven.model.inheritance.DefaultInheritanceAssembler$InheritanceModelMerger.mergePluginContainer_Plugins(Lorg/apache/maven/model/PluginContainer;Lorg/apache/maven/model/PluginContainer;ZLjava/util/Map;)V (430 bytes) @ 0x00007fad1902cf24 [0x00007fad1902b6e0+0x0000000000001844]
j  org.apache.maven.model.merge.ModelMerger.mergePluginContainer(Lorg/apache/maven/model/PluginContainer;Lorg/apache/maven/model/PluginContainer;ZLjava/util/Map;)V+6
j  org.apache.maven.model.merge.ModelMerger.mergePluginManagement(Lorg/apache/maven/model/PluginManagement;Lorg/apache/maven/model/PluginManagement;ZLjava/util/Map;)V+6
j  org.apache.maven.model.merge.ModelMerger.mergePluginConfiguration_PluginManagement(Lorg/apache/maven/model/PluginConfiguration;Lorg/apache/maven/model/PluginConfiguration;ZLjava/util/Map;)V+45
j  org.apache.maven.model.merge.ModelMerger.mergePluginConfiguration(Lorg/apache/maven/model/PluginConfiguration;Lorg/apache/maven/model/PluginConfiguration;ZLjava/util/Map;)V+15
j  org.apache.maven.model.merge.ModelMerger.mergeBuildBase(Lorg/apache/maven/model/BuildBase;Lorg/apache/maven/model/BuildBase;ZLjava/util/Map;)V+6
j  org.apache.maven.model.merge.ModelMerger.mergeBuild(Lorg/apache/maven/model/Build;Lorg/apache/maven/model/Build;ZLjava/util/Map;)V+6
j  org.apache.maven.model.merge.ModelMerger.mergeModel_Build(Lorg/apache/maven/model/Model;Lorg/apache/maven/model/Model;ZLjava/util/Map;)V+45
j  org.apache.maven.model.merge.ModelMerger.mergeModel(Lorg/apache/maven/model/Model;Lorg/apache/maven/model/Model;ZLjava/util/Map;)V+195
j  org.apache.maven.model.merge.MavenModelMerger.mergeModel(Lorg/apache/maven/model/Model;Lorg/apache/maven/model/Model;ZLjava/util/Map;)V+20
j  org.apache.maven.model.merge.ModelMerger.merge(Lorg/apache/maven/model/Model;Lorg/apache/maven/model/Model;ZLjava/util/Map;)V+41
j  org.apache.maven.model.inheritance.DefaultInheritanceAssembler.assembleModelInheritance(Lorg/apache/maven/model/Model;Lorg/apache/maven/model/Model;Lorg/apache/maven/model/building/ModelBuildingRequest;Lorg/apache/maven/model/building/ModelProblemCollector;)V+63
j  org.apache.maven.model.building.DefaultModelBuilder.assembleInheritance(Ljava/util/List;Lorg/apache/maven/model/building/ModelBuildingRequest;Lorg/apache/maven/model/building/ModelProblemCollector;)V+59
j  org.apache.maven.model.building.DefaultModelBuilder.build(Lorg/apache/maven/model/building/ModelBuildingRequest;Ljava/util/Collection;)Lorg/apache/maven/model/building/ModelBuildingResult;+801
j  org.apache.maven.model.building.DefaultModelBuilder.build(Lorg/apache/maven/model/building/ModelBuildingRequest;)Lorg/apache/maven/model/building/ModelBuildingResult;+9
j  org.apache.maven.repository.internal.DefaultArtifactDescriptorReader.loadPom(Lorg/eclipse/aether/RepositorySystemSession;Lorg/eclipse/aether/resolution/ArtifactDescriptorRequest;Lorg/eclipse/aether/resolution/ArtifactDescriptorResult;)Lorg/apache/maven/model/Model;+641
j  org.apache.maven.repository.internal.DefaultArtifactDescriptorReader.readArtifactDescriptor(Lorg/eclipse/aether/RepositorySystemSession;Lorg/eclipse/aether/resolution/ArtifactDescriptorRequest;)Lorg/eclipse/aether/resolution/ArtifactDescriptorResult;+13
j  org.eclipse.aether.internal.impl.DefaultRepositorySystem.readArtifactDescriptor(Lorg/eclipse/aether/RepositorySystemSession;Lorg/eclipse/aether/resolution/ArtifactDescriptorRequest;)Lorg/eclipse/aether/resolution/ArtifactDescriptorResult;+11
j  org.apache.maven.plugin.internal.DefaultPluginDependenciesResolver.resolve(Lorg/apache/maven/model/Plugin;Ljava/util/List;Lorg/eclipse/aether/RepositorySystemSession;)Lorg/eclipse/aether/artifact/Artifact;+70
j  org.apache.maven.plugin.internal.DefaultMavenPluginManager.getPluginDescriptor(Lorg/apache/maven/model/Plugin;Ljava/util/List;Lorg/eclipse/aether/RepositorySystemSession;)Lorg/apache/maven/plugin/descriptor/PluginDescriptor;+39
j  org.apache.maven.plugin.internal.DefaultMavenPluginManager.getMojoDescriptor(Lorg/apache/maven/model/Plugin;Ljava/lang/String;Ljava/util/List;Lorg/eclipse/aether/RepositorySystemSession;)Lorg/apache/maven/plugin/descriptor/MojoDescriptor;+5
j  org.apache.maven.plugin.DefaultBuildPluginManager.getMojoDescriptor(Lorg/apache/maven/model/Plugin;Ljava/lang/String;Ljava/util/List;Lorg/eclipse/aether/RepositorySystemSession;)Lorg/apache/maven/plugin/descriptor/MojoDescriptor;+9
j  org.apache.maven.lifecycle.internal.DefaultLifecycleExecutionPlanCalculator.setupMojoExecution(Lorg/apache/maven/execution/MavenSession;Lorg/apache/maven/project/MavenProject;Lorg/apache/maven/plugin/MojoExecution;)V+31
j  org.apache.maven.lifecycle.internal.DefaultLifecycleExecutionPlanCalculator.setupMojoExecutions(Lorg/apache/maven/execution/MavenSession;Lorg/apache/maven/project/MavenProject;Ljava/util/List;)V+35
j  org.apache.maven.lifecycle.internal.DefaultLifecycleExecutionPlanCalculator.calculateExecutionPlan(Lorg/apache/maven/execution/MavenSession;Lorg/apache/maven/project/MavenProject;Ljava/util/List;Z)Lorg/apache/maven/lifecycle/MavenExecutionPlan;+28
j  org.apache.maven.lifecycle.internal.DefaultLifecycleExecutionPlanCalculator.calculateExecutionPlan(Lorg/apache/maven/execution/MavenSession;Lorg/apache/maven/project/MavenProject;Ljava/util/List;)Lorg/apache/maven/lifecycle/MavenExecutionPlan;+5
j  org.apache.maven.lifecycle.internal.builder.BuilderCommon.resolveBuildPlan(Lorg/apache/maven/execution/MavenSession;Lorg/apache/maven/project/MavenProject;Lorg/apache/maven/lifecycle/internal/TaskSegment;Ljava/util/Set;)Lorg/apache/maven/lifecycle/MavenExecutionPlan;+10
j  org.apache.maven.lifecycle.internal.LifecycleModuleBuilder.buildProject(Lorg/apache/maven/execution/MavenSession;Lorg/apache/maven/execution/MavenSession;Lorg/apache/maven/lifecycle/internal/ReactorContext;Lorg/apache/maven/project/MavenProject;Lorg/apache/maven/lifecycle/internal/TaskSegment;)V+135
j  org.apache.maven.lifecycle.internal.LifecycleModuleBuilder.buildProject(Lorg/apache/maven/execution/MavenSession;Lorg/apache/maven/lifecycle/internal/ReactorContext;Lorg/apache/maven/project/MavenProject;Lorg/apache/maven/lifecycle/internal/TaskSegment;)V+7
j  org.apache.maven.lifecycle.internal.builder.singlethreaded.SingleThreadedBuilder.build(Lorg/apache/maven/execution/MavenSession;Lorg/apache/maven/lifecycle/internal/ReactorContext;Lorg/apache/maven/lifecycle/internal/ProjectBuildList;Ljava/util/List;Lorg/apache/maven/lifecycle/internal/ReactorBuildStatus;)V+77
j  org.apache.maven.lifecycle.internal.LifecycleStarter.execute(Lorg/apache/maven/execution/MavenSession;)V+348
j  org.apache.maven.DefaultMaven.doExecute(Lorg/apache/maven/execution/MavenExecutionRequest;Lorg/apache/maven/execution/MavenSession;Lorg/apache/maven/execution/MavenExecutionResult;Lorg/eclipse/aether/DefaultRepositorySystemSession;)Lorg/apache/maven/execution/MavenExecutionResult;+418
j  org.apache.maven.DefaultMaven.doExecute(Lorg/apache/maven/execution/MavenExecutionRequest;)Lorg/apache/maven/execution/MavenExecutionResult;+98
j  org.apache.maven.DefaultMaven.execute(Lorg/apache/maven/execution/MavenExecutionRequest;)Lorg/apache/maven/execution/MavenExecutionResult;+2
j  org.apache.maven.cli.MavenCli.execute(Lorg/apache/maven/cli/CliRequest;)I+27
j  org.apache.maven.cli.MavenCli.doMain(Lorg/apache/maven/cli/CliRequest;)I+71
j  org.apache.maven.cli.MavenCli.main([Ljava/lang/String;Lorg/codehaus/plexus/classworlds/ClassWorld;)I+24
j  java.lang.invoke.DirectMethodHandle$Holder.invokeStatic(Ljava/lang/Object;Ljava/lang/Object;Ljava/lang/Object;)I+11 java.base@19.0.2
j  java.lang.invoke.LambdaForm$MH+0x0000000800090000.invoke(Ljava/lang/Object;Ljava/lang/Object;Ljava/lang/Object;Ljava/lang/Object;)Ljava/lang/Object;+54 java.base@19.0.2
j  java.lang.invoke.LambdaForm$MH+0x0000000800090400.invokeExact_MT(Ljava/lang/Object;Ljava/lang/Object;Ljava/lang/Object;Ljava/lang/Object;Ljava/lang/Object;)Ljava/lang/Object;+22 java.base@19.0.2
j  jdk.internal.reflect.DirectMethodHandleAccessor.invokeImpl(Ljava/lang/Object;[Ljava/lang/Object;)Ljava/lang/Object;+72 java.base@19.0.2
j  jdk.internal.reflect.DirectMethodHandleAccessor.invoke(Ljava/lang/Object;[Ljava/lang/Object;)Ljava/lang/Object;+23 java.base@19.0.2
j  java.lang.reflect.Method.invoke(Ljava/lang/Object;[Ljava/lang/Object;)Ljava/lang/Object;+102 java.base@19.0.2
j  org.codehaus.plexus.classworlds.launcher.Launcher.launchEnhanced([Ljava/lang/String;)V+45
j  org.codehaus.plexus.classworlds.launcher.Launcher.launch([Ljava/lang/String;)V+2
j  org.codehaus.plexus.classworlds.launcher.Launcher.mainWithExitCode([Ljava/lang/String;)I+101
j  org.codehaus.plexus.classworlds.launcher.Launcher.main([Ljava/lang/String;)V+1
j  java.lang.invoke.LambdaForm$DMH+0x0000000800082000.invokeStatic(Ljava/lang/Object;Ljava/lang/Object;)V+10 java.base@19.0.2
j  java.lang.invoke.LambdaForm$MH+0x0000000800083400.invoke(Ljava/lang/Object;Ljava/lang/Object;Ljava/lang/Object;)Ljava/lang/Object;+33 java.base@19.0.2
j  java.lang.invoke.Invokers$Holder.invokeExact_MT(Ljava/lang/Object;Ljava/lang/Object;Ljava/lang/Object;Ljava/lang/Object;)Ljava/lang/Object;+20 java.base@19.0.2
j  jdk.internal.reflect.DirectMethodHandleAccessor.invokeImpl(Ljava/lang/Object;[Ljava/lang/Object;)Ljava/lang/Object;+55 java.base@19.0.2
j  jdk.internal.reflect.DirectMethodHandleAccessor.invoke(Ljava/lang/Object;[Ljava/lang/Object;)Ljava/lang/Object;+23 java.base@19.0.2
j  java.lang.reflect.Method.invoke(Ljava/lang/Object;[Ljava/lang/Object;)Ljava/lang/Object;+102 java.base@19.0.2
j  org.apache.maven.wrapper.BootstrapMainStarter.start([Ljava/lang/String;Ljava/nio/file/Path;)V+124
j  org.apache.maven.wrapper.WrapperExecutor.execute([Ljava/lang/String;Lorg/apache/maven/wrapper/Installer;Lorg/apache/maven/wrapper/BootstrapMainStarter;)V+14
j  org.apache.maven.wrapper.MavenWrapperMain.main([Ljava/lang/String;)V+104
v  ~StubRoutines::call_stub 0x00007fad1fe5fcc6

siginfo: si_signo: 11 (SIGSEGV), si_code: 1 (SEGV_MAPERR), si_addr: 0x000000084b50737b

Registers:
RAX=0x000000084b507373, RBX=0x00007fac740014d0, RCX=0x0000000000000000, RDX=0x00007fad395def00
RSP=0x00007fac97af35f0, RBP=0x00007fac97af3680, RSI=0x0000000000000003, RDI=0x00000000000018a9
R8 =0x0000000000000000, R9 =0x0000000000000001, R10=0x616c632e6e6f6974, R11=0x0000000000000003
R12=0x000000060d752a3d, R13=0x000000062a4148c0, R14=0x00007fad39626f55, R15=0x00007fad395def10
RIP=0x00007fad389bc332, EFLAGS=0x0000000000010202, CSGSFS=0x002b000000000033, ERR=0x0000000000000004
  TRAPNO=0x000000000000000e


Register to memory mapping:

RAX=0x000000084b507373 is an unknown value
RBX=0x00007fac740014d0 points into unknown readable memory: 0x00007fad3951ab20 | 20 ab 51 39 ad 7f 00 00
RCX=0x0 is NULL
RDX=0x00007fad395def00: <offset 0x00000000013def00> in /usr/lib/jvm/java-19-openjdk/lib/server/libjvm.so at 0x00007fad38200000
RSP=0x00007fac97af35f0 points into unknown readable memory: 0x00007fac740014d0 | d0 14 00 74 ac 7f 00 00
RBP=0x00007fac97af3680 points into unknown readable memory: 0x00007fac97af36d0 | d0 36 af 97 ac 7f 00 00
RSI=0x0000000000000003 is an unknown value
RDI=0x00000000000018a9 is an unknown value
R8 =0x0 is NULL
R9 =0x0000000000000001 is an unknown value
R10=0x616c632e6e6f6974 is an unknown value
R11=0x0000000000000003 is an unknown value
R12=0x000000060d752a3d is pointing into object: java.util.ArrayList 
{0x000000060d752a28} - klass: 'java/util/ArrayList'
 - ---- fields (total size 3 words):
 - protected transient 'modCount' 'I' @12  2048 (800)
 - private 'size' 'I' @16  0
 - transient 'elementData' '[Ljava/lang/Object;' @20  
[error occurred during error reporting (printing register info), id 0xb, SIGSEGV (0xb) at pc=0x00007fad38edb497]

Top of Stack: (sp=0x00007fac97af35f0)
0x00007fac97af35f0:   00007fac740014d0 000000ac74001650
0x00007fac97af3600:   000000060d752948 0000000000000009
0x00007fac97af3610:   000000000000000c 00007fad300fcf30
0x00007fac97af3620:   000000060d752a28 0000000800054ff8 

Instructions: (pc=0x00007fad389bc332)
0x00007fad389bc232:   af ff 48 8b 00 48 8b 80 00 01 00 00 48 39 f0 0f
0x00007fad389bc242:   85 61 26 00 00 c1 f9 03 4c 63 d9 4c 89 55 c8 84
0x00007fad389bc252:   d2 0f 85 44 11 00 00 41 f6 c2 01 0f 84 6f 1f 00
0x00007fad389bc262:   00 4d 89 d0 49 c1 e8 03 41 83 e0 0f 48 8b 43 08
0x00007fad389bc272:   4c 89 ef 8b 88 48 02 00 00 48 8b 90 38 02 00 00
0x00007fad389bc282:   48 d3 ef 48 8d 0c fa 48 8b 53 70 44 3b 83 78 01
0x00007fad389bc292:   00 00 0f 83 0e 11 00 00 48 8b 01 44 88 7d c6 c6
0x00007fad389bc2a2:   45 c7 00 8b 88 a8 00 00 00 48 89 45 a8 48 8b 42
0x00007fad389bc2b2:   10 49 89 c9 48 8b 14 c8 4c 8b 7a 30 48 8b 42 38
0x00007fad389bc2c2:   4c 29 f8 48 c1 e8 03 4c 39 d8 0f 82 55 10 00 00
0x00007fad389bc2d2:   4b 8d 04 df 48 89 42 30 4d 85 ff 0f 84 44 10 00
0x00007fad389bc2e2:   00 48 8d 05 16 38 c2 00 48 8b 00 41 0f 18 0c 07
0x00007fad389bc2f2:   49 83 fb 08 0f 87 21 21 00 00 48 8d 15 b5 ea 8e
0x00007fad389bc302:   00 4a 63 04 9a 48 01 d0 3e ff e0 4c 8d 35 41 ac
0x00007fad389bc312:   c6 00 41 80 3e 00 0f 84 46 09 00 00 48 8d 15 db
0x00007fad389bc322:   2b c2 00 41 8b 45 08 8b 4a 08 48 d3 e0 48 03 02
0x00007fad389bc332:   8b 48 08 48 89 45 a8 85 c9 0f 8e e1 16 00 00 f6
0x00007fad389bc342:   c1 01 74 1e 48 8b 45 a8 48 8d 15 7f 88 af ff 48
0x00007fad389bc352:   8b 00 48 8b 80 00 01 00 00 48 39 d0 0f 85 64 25
0x00007fad389bc362:   00 00 c1 f9 03 4c 63 d9 4c 89 55 c8 45 84 c0 0f
0x00007fad389bc372:   85 68 10 00 00 41 f6 c2 01 0f 84 1f 1e 00 00 4c
0x00007fad389bc382:   89 d0 48 c1 e8 03 83 e0 0f 89 45 b8 48 8b 43 08
0x00007fad389bc392:   4c 89 ee 48 8b 53 70 8b 88 48 02 00 00 48 d3 ee
0x00007fad389bc3a2:   48 8b 88 38 02 00 00 48 8d 0c f1 8b 75 b8 3b b3
0x00007fad389bc3b2:   78 01 00 00 0f 83 32 10 00 00 48 8b 01 44 88 4d
0x00007fad389bc3c2:   c6 c6 45 c7 00 8b 88 a8 00 00 00 48 89 45 98 48
0x00007fad389bc3d2:   8b 42 10 89 4d a0 48 8b 14 c8 4c 8b 4a 30 48 8b
0x00007fad389bc3e2:   42 38 4c 29 c8 4d 89 c8 48 c1 e8 03 4c 39 d8 0f
0x00007fad389bc3f2:   82 74 10 00 00 4b 8d 04 d9 48 89 42 30 4d 85 c9
0x00007fad389bc402:   0f 84 63 10 00 00 48 8d 05 f1 36 c2 00 48 8b 00
0x00007fad389bc412:   41 0f 18 0c 01 49 83 fb 08 0f 87 53 24 00 00 48
0x00007fad389bc422:   8d 15 b4 e9 8e 00 4a 63 04 9a 48 01 d0 3e ff e0 


Stack slot to memory mapping:
stack at sp + 0 slots: 0x00007fac740014d0 points into unknown readable memory: 0x00007fad3951ab20 | 20 ab 51 39 ad 7f 00 00
stack at sp + 1 slots: 0x000000ac74001650 is an unknown value
stack at sp + 2 slots: 0x000000060d752948 is an oop: org.apache.maven.model.Dependency 
{0x000000060d752948} - klass: 'org/apache/maven/model/Dependency'
 - ---- fields (total size 12 words):
 - private 'groupId' 'Ljava/lang/String;' @12  "org.apache.tomcat"{0x000000060d7529a8} (c1aea535)
 - private 'artifactId' 'Ljava/lang/String;' @16  "tomcat-annotations-api"{0x000000060d7529e8} (c1aea53d)
 - private 'version' 'Ljava/lang/String;' @20  "10.1.7"{0x000000060d752830} (c1aea506)
 - private 'type' 'Ljava/lang/String;' @24  "jar"{0x000000060d401508} (c1a802a1)
 - private 'classifier' 'Ljava/lang/String;' @28  NULL (0)
 - private 'scope' 'Ljava/lang/String;' @32  NULL (0)
 - private 'systemPath' 'Ljava/lang/String;' @36  NULL (0)
 - private 'exclusions' 'Ljava/util/List;' @40  a 'java/util/ArrayList'{0x000000060d752a28} (c1aea545)
 - private 'optional' 'Ljava/lang/String;' @44  NULL (0)
 - private 'locations' 'Ljava/util/Map;' @48  NULL (0)
 - private 'location' 'Lorg/apache/maven/model/InputLocation;' @52  a 'org/apache/maven/model/InputLocation'{0x000000060d973618} (c1b2e6c3)
 - private 'groupIdLocation' 'Lorg/apache/maven/model/InputLocation;' @56  a 'org/apache/maven/model/InputLocation'{0x000000060d973638} (c1b2e6c7)
 - private 'artifactIdLocation' 'Lorg/apache/maven/model/InputLocation;' @60  a 'org/apache/maven/model/InputLocation'{0x000000060d973658} (c1b2e6cb)
 - private 'versionLocation' 'Lorg/apache/maven/model/InputLocation;' @64  a 'org/apache/maven/model/InputLocation'{0x000000060d973678} (c1b2e6cf)
 - private 'typeLocation' 'Lorg/apache/maven/model/InputLocation;' @68  NULL (0)
 - private 'classifierLocation' 'Lorg/apache/maven/model/InputLocation;' @72  NULL (0)
 - private 'scopeLocation' 'Lorg/apache/maven/model/InputLocation;' @76  NULL (0)
 - private 'systemPathLocation' 'Lorg/apache/maven/model/InputLocation;' @80  NULL (0)
 - private 'exclusionsLocation' 'Lorg/apache/maven/model/InputLocation;' @84  NULL (0)
 - private 'optionalLocation' 'Lorg/apache/maven/model/InputLocation;' @88  NULL (0)
 - private 'managementKey' 'Ljava/lang/String;' @92  "org.apache.tomcat:tomcat-annotations-api:jar"{0x000000060d973698} (c1b2e6d3)
stack at sp + 3 slots: 0x0000000000000009 is an unknown value
stack at sp + 4 slots: 0x000000000000000c is an unknown value
stack at sp + 5 slots: 0x00007fad300fcf30 points into unknown readable memory: 0x000000062ac00000 | 00 00 c0 2a 06 00 00 00
stack at sp + 6 slots: 0x000000060d752a28 is an oop: java.util.ArrayList 
{0x000000060d752a28} - klass: 'java/util/ArrayList'
 - ---- fields (total size 3 words):
 - protected transient 'modCount' 'I' @12  2048 (800)
 - private 'size' 'I' @16  0
 - transient 'elementData' '[Ljava/lang/Object;' @20  
[error occurred during error reporting (inspecting top of stack), id 0xb, SIGSEGV (0xb) at pc=0x00007fad38edb497]


---------------  P R O C E S S  ---------------

Threads class SMR info:
_java_thread_list=0x00007facc01a3cc0, length=21, elements={
0x00007fad300157c0, 0x00007fad301c5440, 0x00007fad301c6950, 0x00007fad301c8060,
0x00007fad301c9410, 0x00007fad301ca7b0, 0x00007fad301cc1f0, 0x00007fad301cd780,
0x00007fad301cec50, 0x00007facc804d5e0, 0x00007facc0001110, 0x00007fad30269830,
0x00007fad30275360, 0x00007facc8113ac0, 0x00007facc8210ec0, 0x00007facb40e1ba0,
0x00007facc01658d0, 0x00007facc0166d40, 0x00007facc01a0120, 0x00007facc01a1360,
0x00007facc01a2890
}

Java Threads: ( => current thread )
  0x00007fad300157c0 JavaThread "main" [_thread_blocked, id=299323, stack(0x00007fad38100000,0x00007fad38200000)]
  0x00007fad301c5440 JavaThread "Reference Handler" daemon [_thread_blocked, id=299330, stack(0x00007facf9700000,0x00007facf9800000)]
  0x00007fad301c6950 JavaThread "Finalizer" daemon [_thread_blocked, id=299331, stack(0x00007facf9600000,0x00007facf9700000)]
  0x00007fad301c8060 JavaThread "Signal Dispatcher" daemon [_thread_blocked, id=299332, stack(0x00007facf9500000,0x00007facf9600000)]
  0x00007fad301c9410 JavaThread "Service Thread" daemon [_thread_blocked, id=299333, stack(0x00007facf9400000,0x00007facf9500000)]
  0x00007fad301ca7b0 JavaThread "Monitor Deflation Thread" daemon [_thread_blocked, id=299334, stack(0x00007facf9300000,0x00007facf9400000)]
  0x00007fad301cc1f0 JavaThread "C2 CompilerThread0" daemon [_thread_blocked, id=299335, stack(0x00007facf9200000,0x00007facf9300000)]
  0x00007fad301cd780 JavaThread "C1 CompilerThread0" daemon [_thread_blocked, id=299336, stack(0x00007facf9100000,0x00007facf9200000)]
  0x00007fad301cec50 JavaThread "Sweeper thread" daemon [_thread_blocked, id=299337, stack(0x00007facf9000000,0x00007facf9100000)]
  0x00007facc804d5e0 JavaThread "C1 CompilerThread1" daemon [_thread_blocked, id=299338, stack(0x00007facf8f00000,0x00007facf9000000)]
  0x00007facc0001110 JavaThread "C1 CompilerThread2" daemon [_thread_blocked, id=299339, stack(0x00007facf8e00000,0x00007facf8f00000)]
  0x00007fad30269830 JavaThread "Notification Thread" daemon [_thread_blocked, id=299340, stack(0x00007facf8d00000,0x00007facf8e00000)]
  0x00007fad30275360 JavaThread "Common-Cleaner" daemon [_thread_blocked, id=299342, stack(0x00007facf8afe000,0x00007facf8bfe000)]
  0x00007facc8113ac0 JavaThread "C1 CompilerThread3" daemon [_thread_blocked, id=299343, stack(0x00007facf8700000,0x00007facf8800000)]
  0x00007facc8210ec0 JavaThread "C2 CompilerThread1" daemon [_thread_blocked, id=299344, stack(0x00007facf8600000,0x00007facf8700000)]
  0x00007facb40e1ba0 JavaThread "C2 CompilerThread2" daemon [_thread_blocked, id=299345, stack(0x00007facf8500000,0x00007facf8600000)]
  0x00007facc01658d0 JavaThread "C2 CompilerThread3" daemon [_thread_in_native, id=299346, stack(0x00007facf8400000,0x00007facf8500000)]
  0x00007facc0166d40 JavaThread "C2 CompilerThread4" daemon [_thread_blocked, id=299347, stack(0x00007facf8300000,0x00007facf8400000)]
  0x00007facc01a0120 JavaThread "C2 CompilerThread5" daemon [_thread_blocked, id=299348, stack(0x00007facf8200000,0x00007facf8300000)]
  0x00007facc01a1360 JavaThread "C2 CompilerThread6" daemon [_thread_blocked, id=299349, stack(0x00007facf8100000,0x00007facf8200000)]
  0x00007facc01a2890 JavaThread "C2 CompilerThread7" daemon [_thread_blocked, id=299350, stack(0x00007facf8000000,0x00007facf8100000)]

Other Threads:
  0x00007fad30185aa0 VMThread "VM Thread" [stack: 0x00007facf9baa000,0x00007facf9caa000] [id=299329]
  0x00007fad3026b1b0 WatcherThread "VM Periodic Task Thread" [stack: 0x00007facf8c00000,0x00007facf8d00000] [id=299341]
  0x00007fad30048e00 WorkerThread "GC Thread#0" [stack: 0x00007fad2ff00000,0x00007fad30000000] [id=299324]
  0x00007face8008750 WorkerThread "GC Thread#1" [stack: 0x00007fac97f00000,0x00007fac98000000] [id=299351]
  0x00007face8009190 WorkerThread "GC Thread#2" [stack: 0x00007fac97dfe000,0x00007fac97efe000] [id=299352]
  0x00007face8009bd0 WorkerThread "GC Thread#3" [stack: 0x00007fac97cfc000,0x00007fac97dfc000] [id=299353]
  0x00007face800aa00 WorkerThread "GC Thread#4" [stack: 0x00007fac97bfa000,0x00007fac97cfa000] [id=299354]
  0x00007face800b830 WorkerThread "GC Thread#5" [stack: 0x00007fac97af8000,0x00007fac97bf8000] [id=299355]
=>0x00007face800c660 WorkerThread "GC Thread#6" [stack: 0x00007fac979f6000,0x00007fac97af6000] [id=299356]
  0x00007face800d4d0 WorkerThread "GC Thread#7" [stack: 0x00007fac978f4000,0x00007fac979f4000] [id=299357]
  0x00007face800e340 WorkerThread "GC Thread#8" [stack: 0x00007fac977f2000,0x00007fac978f2000] [id=299358]
  0x00007face800f1b0 WorkerThread "GC Thread#9" [stack: 0x00007fac976f0000,0x00007fac977f0000] [id=299359]
  0x00007face8010020 WorkerThread "GC Thread#10" [stack: 0x00007fac975ee000,0x00007fac976ee000] [id=299360]
  0x00007face8010e90 WorkerThread "GC Thread#11" [stack: 0x00007fac974ec000,0x00007fac975ec000] [id=299361]
  0x00007fad30059e90 ConcurrentGCThread "G1 Main Marker" [stack: 0x00007fad08ec0000,0x00007fad08fc0000] [id=299325]
  0x00007fad3005adb0 WorkerThread "G1 Conc#0" [stack: 0x00007fad08dbe000,0x00007fad08ebe000] [id=299326]
  0x00007facfc000d80 WorkerThread "G1 Conc#1" [stack: 0x00007fac973ea000,0x00007fac974ea000] [id=299369]
  0x00007facfc0017d0 WorkerThread "G1 Conc#2" [stack: 0x00007fac972e8000,0x00007fac973e8000] [id=299370]
  0x00007fad30000e00 ConcurrentGCThread "G1 Refine#0" [stack: 0x00007facf9f00000,0x00007facfa000000] [id=299327]
  0x00007fad300fe940 ConcurrentGCThread "G1 Service" [stack: 0x00007facf9dfe000,0x00007facf9efe000] [id=299328]

Threads with active compile tasks:
C1 CompilerThread2      890 3179       3       org.apache.maven.model.profile.activation.JdkVersionProfileActivator::presentInConfig (29 bytes)
C2 CompilerThread1      890 3165       4       org.codehaus.plexus.configuration.DefaultPlexusConfiguration::<init> (36 bytes)
C2 CompilerThread3      890 3135       4       java.io.InputStreamReader::read (11 bytes)
C2 CompilerThread4      890 3166       4       org.codehaus.plexus.configuration.DefaultPlexusConfiguration::add (100 bytes)
C2 CompilerThread5      890 3167       4       org.codehaus.plexus.configuration.DefaultPlexusConfiguration::getChild (47 bytes)
C2 CompilerThread6      890 3174       4       org.codehaus.plexus.util.xml.Xpp3Dom::<init> (125 bytes)
C2 CompilerThread7      890 3134       4       org.codehaus.plexus.util.xml.pull.MXParser::parseAttribute (1641 bytes)

VM state: at safepoint (normal execution)

VM Mutex/Monitor currently owned by a thread:  ([mutex/lock_event])
[0x00007fad30014360] Threads_lock - owner thread: 0x00007fad30185aa0
[0x00007fad30014410] Heap_lock - owner thread: 0x00007fad300157c0

Heap address: 0x000000060b800000, size: 8008 MB, Compressed Oops mode: Zero based, Oop shift amount: 3

CDS archive(s) not mapped
Compressed class space mapped at: 0x0000000800000000-0x0000000840000000, reserved size: 1073741824
Narrow klass base: 0x0000000800000000, Narrow klass shift: 0, Narrow klass range: 0x40000000

GC Precious Log:
 CardTable entry size: 512
 Card Set container configuration: InlinePtr #cards 4 size 8 Array Of Cards #cards 32 size 80 Howl #buckets 8 coarsen threshold 7372 Howl Bitmap #cards 1024 size 144 coarsen threshold 921 Card regions per heap region 1 cards per card region 8192
 CPUs: 16 total, 16 available
 Memory: 32024M
 Large Page Support: Disabled
 NUMA Support: Disabled
 Compressed Oops: Enabled (Zero based)
 Heap Region Size: 4M
 Heap Min Capacity: 8M
 Heap Initial Capacity: 504M
 Heap Max Capacity: 8008M
 Pre-touch: Disabled
 Parallel Workers: 13
 Concurrent Workers: 3
 Concurrent Refinement Workers: 13
 Periodic GC: Disabled

Heap:
 garbage-first heap   total 53248K, used 39678K [0x000000060b800000, 0x0000000800000000)
  region size 4096K, 11 young (45056K), 3 survivors (12288K)
 Metaspace       used 22271K, committed 22592K, reserved 1114112K
  class space    used 2222K, committed 2368K, reserved 1048576K

Heap Regions: E=young(eden), S=young(survivor), O=old, HS=humongous(starts), HC=humongous(continues), CS=collection set, F=free, OA=open archive, CA=closed archive, TAMS=top-at-mark-start (previous, next)
|   0|0x000000060b800000, 0x000000060bc00000, 0x000000060bc00000|100%| E|CS|TAMS 0x000000060b800000, 0x000000060b800000| Complete 
|   1|0x000000060bc00000, 0x000000060c000000, 0x000000060c000000|100%| E|CS|TAMS 0x000000060bc00000, 0x000000060bc00000| Complete 
|   2|0x000000060c000000, 0x000000060c400000, 0x000000060c400000|100%| E|CS|TAMS 0x000000060c000000, 0x000000060c000000| Complete 
|   3|0x000000060c400000, 0x000000060c800000, 0x000000060c800000|100%| E|CS|TAMS 0x000000060c400000, 0x000000060c400000| Complete 
|   4|0x000000060c800000, 0x000000060cc00000, 0x000000060cc00000|100%| E|CS|TAMS 0x000000060c800000, 0x000000060c800000| Complete 
|   5|0x000000060cc00000, 0x000000060d000000, 0x000000060d000000|100%| E|CS|TAMS 0x000000060cc00000, 0x000000060cc00000| Complete 
|   6|0x000000060d000000, 0x000000060d400000, 0x000000060d400000|100%| E|CS|TAMS 0x000000060d000000, 0x000000060d000000| Complete 
|   7|0x000000060d400000, 0x000000060d800000, 0x000000060d800000|100%| S|  |TAMS 0x000000060d400000, 0x000000060d400000| Complete 
|   8|0x000000060d800000, 0x000000060dc00000, 0x000000060dc00000|100%| S|  |TAMS 0x000000060d800000, 0x000000060d800000| Complete 
|   9|0x000000060dc00000, 0x000000060de07778, 0x000000060e000000| 50%| S|  |TAMS 0x000000060dc00000, 0x000000060dc00000| Complete 
| 122|0x000000062a000000, 0x000000062a2bf998, 0x000000062a400000| 68%| E|CS|TAMS 0x000000062a000000, 0x000000062a000000| Complete 
| 123|0x000000062a400000, 0x000000062a800000, 0x000000062a800000|100%| E|CS|TAMS 0x000000062a400000, 0x000000062a400000| Complete 
| 125|0x000000062ac00000, 0x000000062b000000, 0x000000062b000000|100%| E|CS|TAMS 0x000000062ac00000, 0x000000062ac00000| Complete 

Card table byte_map: [0x00007fad34fd9000,0x00007fad35f7d000] _byte_map_base: 0x00007fad31f7d000

Marking Bits (Prev, Next): (CMBitMap*) 0x00007fad300498d0, (CMBitMap*) 0x00007fad30049890
 Prev Bits: [0x00007fad08fc0000, 0x00007fad10ce0000)
 Next Bits: [0x00007fad10ce0000, 0x00007fad18a00000)

Polling page: 0x00007fad39a79000

Metaspace:

Usage:
  Non-class:     19.58 MB used.
      Class:      2.17 MB used.
       Both:     21.75 MB used.

Virtual space:
  Non-class space:       64.00 MB reserved,      19.75 MB ( 31%) committed,  1 nodes.
      Class space:        1.00 GB reserved,       2.31 MB ( <1%) committed,  1 nodes.
             Both:        1.06 GB reserved,      22.06 MB (  2%) committed. 

Chunk freelists:
   Non-Class:  176.00 KB
       Class:  1.66 MB
        Both:  1.83 MB

MaxMetaspaceSize: unlimited
CompressedClassSpaceSize: 1.00 GB
Initial GC threshold: 21.00 MB
Current GC threshold: 35.12 MB
CDS: off
MetaspaceReclaimPolicy: balanced
 - commit_granule_bytes: 65536.
 - commit_granule_words: 8192.
 - virtual_space_node_default_size: 8388608.
 - enlarge_chunks_in_place: 1.
 - new_chunks_are_fully_committed: 0.
 - uncommit_free_chunks: 1.
 - use_allocation_guard: 0.


Internal statistics:

num_allocs_failed_limit: 3.
num_arena_births: 248.
num_arena_deaths: 0.
num_vsnodes_births: 2.
num_vsnodes_deaths: 0.
num_space_committed: 353.
num_space_uncommitted: 0.
num_chunks_returned_to_freelist: 3.
num_chunks_taken_from_freelist: 709.
num_chunk_merges: 3.
num_chunk_splits: 504.
num_chunks_enlarged: 374.
num_inconsistent_stats: 0.

CodeHeap 'non-profiled nmethods': size=119168Kb used=1168Kb max_used=1168Kb free=117999Kb
 bounds [0x00007fad205a0000, 0x00007fad20810000, 0x00007fad27a00000]
CodeHeap 'profiled nmethods': size=119164Kb used=6426Kb max_used=6426Kb free=112737Kb
 bounds [0x00007fad18a00000, 0x00007fad19050000, 0x00007fad1fe5f000]
CodeHeap 'non-nmethods': size=7428Kb used=2947Kb max_used=2995Kb free=4481Kb
 bounds [0x00007fad1fe5f000, 0x00007fad2014f000, 0x00007fad205a0000]
 total_blobs=3643 nmethods=3167 adapters=384
 compilation: enabled
              stopped_count=0, restarted_count=0
 full_count=0

Compilation events (20 events):
Event: 0.877 Thread 0x00007facc804d5e0 nmethod 3170 0x00007fad19043990 code [0x00007fad19043b80, 0x00007fad19044010]
Event: 0.877 Thread 0x00007fad301cc1f0 nmethod 3171 0x00007fad206c3190 code [0x00007fad206c3300, 0x00007fad206c3398]
Event: 0.877 Thread 0x00007facc01a1360 nmethod 3168 0x00007fad206c3490 code [0x00007fad206c3620, 0x00007fad206c3838]
Event: 0.877 Thread 0x00007fad301cd780 3173       1       org.apache.maven.model.Dependency::setScope (6 bytes)
Event: 0.877 Thread 0x00007fad301cd780 nmethod 3173 0x00007fad206c3990 code [0x00007fad206c3b20, 0x00007fad206c3c30]
Event: 0.878 Thread 0x00007facc01a1360 3174       4       org.codehaus.plexus.util.xml.Xpp3Dom::<init> (125 bytes)
Event: 0.878 Thread 0x00007facb40e1ba0 nmethod 3172 0x00007fad206c3c90 code [0x00007fad206c3e20, 0x00007fad206c3f58]
Event: 0.878 Thread 0x00007fad301cd780 3175   !   3       java.util.concurrent.ConcurrentHashMap::tryPresize (193 bytes)
Event: 0.878 Thread 0x00007facc8113ac0 3176       3       org.eclipse.sisu.wire.EntryListAdapter::iterator (12 bytes)
Event: 0.878 Thread 0x00007facc804d5e0 3177       3       org.eclipse.sisu.wire.EntryListAdapter$ValueIterator::<init> (15 bytes)
Event: 0.878 Thread 0x00007facc804d5e0 nmethod 3177 0x00007fad19044190 code [0x00007fad19044340, 0x00007fad190445c0]
Event: 0.878 Thread 0x00007facc8113ac0 nmethod 3176 0x00007fad19044710 code [0x00007fad190448e0, 0x00007fad19044c40]
Event: 0.878 Thread 0x00007facc804d5e0 3178       3       org.apache.maven.model.profile.activation.FileProfileActivator::presentInConfig (29 bytes)
Event: 0.878 Thread 0x00007facc8113ac0 3180       3       org.apache.maven.model.profile.activation.OperatingSystemProfileActivator::presentInConfig (29 bytes)
Event: 0.878 Thread 0x00007facc0001110 3179       3       org.apache.maven.model.profile.activation.JdkVersionProfileActivator::presentInConfig (29 bytes)
Event: 0.878 Thread 0x00007fad301cd780 nmethod 3175 0x00007fad19044d90 code [0x00007fad19044fa0, 0x00007fad19045820]
Event: 0.878 Thread 0x00007fad301cd780 3181       3       org.apache.maven.model.profile.activation.PropertyProfileActivator::presentInConfig (29 bytes)
Event: 0.878 Thread 0x00007facc804d5e0 nmethod 3178 0x00007fad19045a10 code [0x00007fad19045bc0, 0x00007fad19045e10]
Event: 0.878 Thread 0x00007facc8113ac0 nmethod 3180 0x00007fad19045f10 code [0x00007fad190460c0, 0x00007fad19046310]
Event: 0.878 Thread 0x00007fad301cd780 nmethod 3181 0x00007fad19046410 code [0x00007fad190465c0, 0x00007fad19046810]

GC Heap History (7 events):
Event: 0.315 GC heap before
{Heap before GC invocations=0 (full 0):
 garbage-first heap   total 516096K, used 24576K [0x000000060b800000, 0x0000000800000000)
  region size 4096K, 6 young (24576K), 0 survivors (0K)
 Metaspace       used 13843K, committed 14016K, reserved 1114112K
  class space    used 1298K, committed 1344K, reserved 1048576K
}
Event: 0.320 GC heap after
{Heap after GC invocations=1 (full 0):
 garbage-first heap   total 516096K, used 3697K [0x000000060b800000, 0x0000000800000000)
  region size 4096K, 1 young (4096K), 1 survivors (4096K)
 Metaspace       used 13843K, committed 14016K, reserved 1114112K
  class space    used 1298K, committed 1344K, reserved 1048576K
}
Event: 0.638 GC heap before
{Heap before GC invocations=1 (full 0):
 garbage-first heap   total 516096K, used 32369K [0x000000060b800000, 0x0000000800000000)
  region size 4096K, 9 young (36864K), 1 survivors (4096K)
 Metaspace       used 19542K, committed 19776K, reserved 1114112K
  class space    used 1986K, committed 2112K, reserved 1048576K
}
Event: 0.643 GC heap after
{Heap after GC invocations=2 (full 0):
 garbage-first heap   total 516096K, used 5723K [0x000000060b800000, 0x0000000800000000)
  region size 4096K, 2 young (8192K), 2 survivors (8192K)
 Metaspace       used 19542K, committed 19776K, reserved 1114112K
  class space    used 1986K, committed 2112K, reserved 1048576K
}
Event: 0.721 GC heap before
{Heap before GC invocations=2 (full 0):
 garbage-first heap   total 516096K, used 9819K [0x000000060b800000, 0x0000000800000000)
  region size 4096K, 4 young (16384K), 2 survivors (8192K)
 Metaspace       used 21237K, committed 21504K, reserved 1114112K
  class space    used 2149K, committed 2304K, reserved 1048576K
}
Event: 0.724 GC heap after
{Heap after GC invocations=3 (full 0):
 garbage-first heap   total 516096K, used 6910K [0x000000060b800000, 0x0000000800000000)
  region size 4096K, 2 young (8192K), 2 survivors (8192K)
 Metaspace       used 21237K, committed 21504K, reserved 1114112K
  class space    used 2149K, committed 2304K, reserved 1048576K
}
Event: 0.879 GC heap before
{Heap before GC invocations=4 (full 0):
 garbage-first heap   total 40960K, used 39678K [0x000000060b800000, 0x0000000800000000)
  region size 4096K, 10 young (40960K), 2 survivors (8192K)
 Metaspace       used 22271K, committed 22592K, reserved 1114112K
  class space    used 2222K, committed 2368K, reserved 1048576K
}

Dll operation events (8 events):
Event: 0.001 Loaded shared library /usr/lib/jvm/java-19-openjdk/lib/libjava.so
Event: 0.011 Loaded shared library /usr/lib/jvm/java-19-openjdk/lib/libjsvml.so
Event: 0.037 Loaded shared library /usr/lib/jvm/java-19-openjdk/lib/libnio.so
Event: 0.040 Loaded shared library /usr/lib/jvm/java-19-openjdk/lib/libzip.so
Event: 0.044 Loaded shared library /usr/lib/jvm/java-19-openjdk/lib/libjimage.so
Event: 0.063 Loaded shared library /usr/lib/jvm/java-19-openjdk/lib/libnet.so
Event: 0.108 Loaded shared library /tmp/jansi-2.4.0-42dcb932d36a5715-libjansi.so
Event: 0.112 Loaded shared library /usr/lib/jvm/java-19-openjdk/lib/libverify.so

Deoptimization events (20 events):
Event: 0.810 Thread 0x00007fad300157c0 DEOPT PACKING pc=0x00007fad2069d4a4 sp=0x00007fad381fd2c0
Event: 0.810 Thread 0x00007fad300157c0 DEOPT UNPACKING pc=0x00007fad1fec5299 sp=0x00007fad381fd278 mode 2
Event: 0.812 Thread 0x00007fad300157c0 DEOPT PACKING pc=0x00007fad18e7eef6 sp=0x00007fad381fcc70
Event: 0.812 Thread 0x00007fad300157c0 DEOPT UNPACKING pc=0x00007fad1fec5a2f sp=0x00007fad381fc1b8 mode 0
Event: 0.818 Thread 0x00007fad300157c0 DEOPT PACKING pc=0x00007fad18e7eef6 sp=0x00007fad381fc970
Event: 0.818 Thread 0x00007fad300157c0 DEOPT UNPACKING pc=0x00007fad1fec5a2f sp=0x00007fad381fbea0 mode 0
Event: 0.844 Thread 0x00007fad300157c0 DEOPT PACKING pc=0x00007fad18f54ec6 sp=0x00007fad381fcb30
Event: 0.844 Thread 0x00007fad300157c0 DEOPT UNPACKING pc=0x00007fad1fec5a2f sp=0x00007fad381fc078 mode 0
Event: 0.847 Thread 0x00007fad300157c0 Uncommon trap: trap_request=0xffffff45 fr.pc=0x00007fad20681d64 relative=0x0000000000000384
Event: 0.847 Thread 0x00007fad300157c0 Uncommon trap: reason=unstable_if action=reinterpret pc=0x00007fad20681d64 method=java.lang.String.indexOf(Ljava/lang/String;)I @ 10 c2
Event: 0.847 Thread 0x00007fad300157c0 DEOPT PACKING pc=0x00007fad20681d64 sp=0x00007fad381fce10
Event: 0.847 Thread 0x00007fad300157c0 DEOPT UNPACKING pc=0x00007fad1fec5299 sp=0x00007fad381fccf0 mode 2
Event: 0.851 Thread 0x00007fad300157c0 Uncommon trap: trap_request=0xffffff45 fr.pc=0x00007fad20697cb4 relative=0x0000000000000df4
Event: 0.851 Thread 0x00007fad300157c0 Uncommon trap: reason=unstable_if action=reinterpret pc=0x00007fad20697cb4 method=org.codehaus.plexus.util.xml.pull.MXParser.nextImpl()I @ 972 c2
Event: 0.851 Thread 0x00007fad300157c0 DEOPT PACKING pc=0x00007fad20697cb4 sp=0x00007fad381fcc50
Event: 0.851 Thread 0x00007fad300157c0 DEOPT UNPACKING pc=0x00007fad1fec5299 sp=0x00007fad381fcbd0 mode 2
Event: 0.859 Thread 0x00007fad300157c0 Uncommon trap: trap_request=0xffffffcc fr.pc=0x00007fad206b5d00 relative=0x00000000000001e0
Event: 0.859 Thread 0x00007fad300157c0 Uncommon trap: reason=intrinsic_or_type_checked_inlining action=make_not_entrant pc=0x00007fad206b5d00 method=java.util.Arrays.copyOf([Ljava/lang/Object;ILjava/lang/Class;)[Ljava/lang/Object; @ 35 c2
Event: 0.859 Thread 0x00007fad300157c0 DEOPT PACKING pc=0x00007fad206b5d00 sp=0x00007fad381fd1c0
Event: 0.859 Thread 0x00007fad300157c0 DEOPT UNPACKING pc=0x00007fad1fec5299 sp=0x00007fad381fd150 mode 2

Classes loaded (20 events):
Event: 0.739 Loading class java/lang/Short$ShortCache
Event: 0.739 Loading class java/lang/Short$ShortCache done
Event: 0.739 Loading class java/lang/Byte$ByteCache
Event: 0.739 Loading class java/lang/Byte$ByteCache done
Event: 0.742 Loading class sun/invoke/util/ValueConversions$1
Event: 0.742 Loading class sun/invoke/util/ValueConversions$1 done
Event: 0.742 Loading class java/lang/invoke/MethodHandles$1
Event: 0.742 Loading class java/lang/invoke/MethodHandles$1 done
Event: 0.742 Loading class java/lang/invoke/BoundMethodHandle$Species_LI
Event: 0.742 Loading class java/lang/invoke/BoundMethodHandle$Species_LI done
Event: 0.825 Loading class java/util/LinkedList$ListItr
Event: 0.825 Loading class java/util/LinkedList$ListItr done
Event: 0.836 Loading class java/io/RandomAccessFile$1
Event: 0.836 Loading class java/io/RandomAccessFile$1 done
Event: 0.838 Loading class java/util/concurrent/locks/ReentrantReadWriteLock$NonfairSync
Event: 0.838 Loading class java/util/concurrent/locks/ReentrantReadWriteLock$NonfairSync done
Event: 0.842 Loading class java/util/TreeMap$Values
Event: 0.842 Loading class java/util/TreeMap$Values done
Event: 0.842 Loading class java/util/TreeMap$ValueIterator
Event: 0.842 Loading class java/util/TreeMap$ValueIterator done

Classes unloaded (0 events):
No events

Classes redefined (0 events):
No events

Internal exceptions (20 events):
Event: 0.273 Thread 0x00007fad300157c0 Exception <a 'java/lang/NoClassDefFoundError'{0x0000000629e82f70}: javax/enterprise/inject/Typed> (0x0000000629e82f70) 
thrown [/usr/src/debug/java-openjdk/jdk19u-jdk-19.0.2-7/src/hotspot/share/classfile/systemDictionary.cpp, line 244]
Event: 0.586 Thread 0x00007fad300157c0 Exception <a 'java/lang/NoSuchMethodError'{0x0000000628d1bb80}: 'void java.lang.invoke.Invokers$Holder.invokeExact_MT(java.lang.Object, java.lang.Object, java.lang.Object, java.lang.Object)'> (0x0000000628d1bb80) 
thrown [/usr/src/debug/java-openjdk/jdk19u-jdk-19.0.2-7/src/hotspot/share/interpreter/linkResolver.cpp, line 773]
Event: 0.595 Thread 0x00007fad300157c0 Exception <a 'java/lang/NoClassDefFoundError'{0x0000000628da2e38}: com/google/inject/servlet/ServletModuleTargetVisitor> (0x0000000628da2e38) 
thrown [/usr/src/debug/java-openjdk/jdk19u-jdk-19.0.2-7/src/hotspot/share/classfile/systemDictionary.cpp, line 244]
Event: 0.610 Thread 0x00007fad300157c0 Exception <a 'java/lang/NoSuchMethodError'{0x0000000628e5c0c0}: 'java.lang.Object java.lang.invoke.DirectMethodHandle$Holder.invokeStatic(java.lang.Object, java.lang.Object, int)'> (0x0000000628e5c0c0) 
thrown [/usr/src/debug/java-openjdk/jdk19u-jdk-19.0.2-7/src/hotspot/share/interpreter/linkResolver.cpp, line 773]
Event: 0.610 Thread 0x00007fad300157c0 Exception <a 'java/lang/NoSuchMethodError'{0x0000000628e61348}: 'void java.lang.invoke.DirectMethodHandle$Holder.invokeStatic(java.lang.Object, java.lang.Object, int, java.lang.Object)'> (0x0000000628e61348) 
thrown [/usr/src/debug/java-openjdk/jdk19u-jdk-19.0.2-7/src/hotspot/share/interpreter/linkResolver.cpp, line 773]
Event: 0.610 Thread 0x00007fad300157c0 Exception <a 'java/lang/NoSuchMethodError'{0x0000000628e69310}: 'void java.lang.invoke.DelegatingMethodHandle$Holder.delegate(java.lang.Object, java.lang.Object, int, java.lang.Object)'> (0x0000000628e69310) 
thrown [/usr/src/debug/java-openjdk/jdk19u-jdk-19.0.2-7/src/hotspot/share/interpreter/linkResolver.cpp, line 773]
Event: 0.611 Thread 0x00007fad300157c0 Exception <a 'java/lang/NoSuchMethodError'{0x0000000628e6df08}: 'int java.lang.invoke.DirectMethodHandle$Holder.invokeSpecial(java.lang.Object, java.lang.Object, java.lang.Object)'> (0x0000000628e6df08) 
thrown [/usr/src/debug/java-openjdk/jdk19u-jdk-19.0.2-7/src/hotspot/share/interpreter/linkResolver.cpp, line 773]
Event: 0.623 Thread 0x00007fad300157c0 Exception <a 'java/lang/NoSuchMethodError'{0x0000000628f00800}: 'java.lang.Object java.lang.invoke.DirectMethodHandle$Holder.newInvokeSpecial(java.lang.Object, java.lang.Object, java.lang.Object, java.lang.Object, java.lang.Object, java.lang.Object, java.lang.Object)'> (0x0000000628f00800) 
thrown [/usr/src/debug/java-openjdk/jdk19u-jdk-19.0.2-7/src/hotspot/share/interpreter/linkResolver.cpp, line 773]
Event: 0.627 Thread 0x00007fad300157c0 Exception <a 'java/lang/NoSuchMethodError'{0x0000000628f3df00}: 'java.lang.Object java.lang.invoke.DirectMethodHandle$Holder.newInvokeSpecial(java.lang.Object, java.lang.Object, java.lang.Object, java.lang.Object, java.lang.Object, java.lang.Object, java.lang.Object, java.lang.Object, java.lang.Object)'> (0x0000000628f3df00) 
thrown [/usr/src/debug/java-openjdk/jdk19u-jdk-19.0.2-7/src/hotspot/share/interpreter/linkResolver.cpp, line 773]
Event: 0.637 Thread 0x00007fad300157c0 Exception <a 'java/lang/NoSuchMethodError'{0x0000000628fee570}: 'java.lang.Object java.lang.invoke.DirectMethodHandle$Holder.newInvokeSpecial(java.lang.Object, java.lang.Object, java.lang.Object, java.lang.Object, java.lang.Object, java.lang.Object, java.lang.Object, java.lang.Object, java.lang.Object, java.lang.Object, java.lang.Object, java.lang.Object)'> (0x0000000628fee570) 
thrown [/usr/src/debug/java-openjdk/jdk19u-jdk-19.0.2-7/src/hotspot/share/interpreter/linkResolver.cpp, line 773]
Event: 0.646 Thread 0x00007fad300157c0 Exception <a 'java/lang/NoSuchMethodError'{0x000000062ac367b0}: 'java.lang.Object java.lang.invoke.DirectMethodHandle$Holder.invokeStatic(java.lang.Object, java.lang.Object, java.lang.Object, java.lang.Object, java.lang.Object, java.lang.Object, java.lang.Object, java.lang.Object, java.lang.Object, java.lang.Object, java.lang.Object, java.lang.Object, java.lang.Object)'> (0x000000062ac367b0) 
thrown [/usr/src/debug/java-openjdk/jdk19u-jdk-19.0.2-7/src/hotspot/share/interpreter/linkResolver.cpp, line 773]
Event: 0.647 Thread 0x00007fad300157c0 Exception <a 'java/lang/NoSuchMethodError'{0x000000062ac56250}: 'java.lang.Object java.lang.invoke.DirectMethodHandle$Holder.invokeStatic(java.lang.Object, java.lang.Object, java.lang.Object, java.lang.Object, java.lang.Object, java.lang.Object, java.lang.Object, java.lang.Object, java.lang.Object, java.lang.Object, java.lang.Object, java.lang.Object, java.lang.Object, java.lang.Object)'> (0x000000062ac56250) 
thrown [/usr/src/debug/java-openjdk/jdk19u-jdk-19.0.2-7/src/hotspot/share/interpreter/linkResolve
Event: 0.648 Thread 0x00007fad300157c0 Exception <a 'java/lang/NoSuchMethodError'{0x000000062ac776d8}: 'java.lang.Object java.lang.invoke.DirectMethodHandle$Holder.invokeStatic(java.lang.Object, java.lang.Object, java.lang.Object, java.lang.Object, java.lang.Object, java.lang.Object, java.lang.Object, java.lang.Object, java.lang.Object, java.lang.Object, java.lang.Object, java.lang.Object, java.lang.Object, java.lang.Object, java.lang.Object)'> (0x000000062ac776d8) 
thrown [/usr/src/debug/java-openjdk/jdk19u-jdk-19.0.2-7/src/hotspot/share/inter
Event: 0.707 Thread 0x00007fad300157c0 Implicit null exception at 0x00007fad205e4554 to 0x00007fad205e4ae0
Event: 0.707 Thread 0x00007fad300157c0 Implicit null exception at 0x00007fad205da4d4 to 0x00007fad205daa64
Event: 0.713 Thread 0x00007fad300157c0 Implicit null exception at 0x00007fad2063421f to 0x00007fad206343e4
Event: 0.742 Thread 0x00007fad300157c0 Exception <a 'java/lang/NoSuchMethodError'{0x000000062ad66788}: 'void java.lang.invoke.DirectMethodHandle$Holder.invokeVirtual(java.lang.Object, java.lang.Object, int)'> (0x000000062ad66788) 
thrown [/usr/src/debug/java-openjdk/jdk19u-jdk-19.0.2-7/src/hotspot/share/interpreter/linkResolver.cpp, line 773]
Event: 0.742 Thread 0x00007fad300157c0 Exception <a 'java/lang/NoSuchMethodError'{0x000000062ad6aba0}: 'int java.lang.invoke.DirectMethodHandle$Holder.invokeSpecial(java.lang.Object, java.lang.Object, java.lang.Object, int)'> (0x000000062ad6aba0) 
thrown [/usr/src/debug/java-openjdk/jdk19u-jdk-19.0.2-7/src/hotspot/share/interpreter/linkResolver.cpp, line 773]
Event: 0.742 Thread 0x00007fad300157c0 Exception <a 'java/lang/NoSuchMethodError'{0x000000062ad7b678}: 'java.lang.Object java.lang.invoke.DirectMethodHandle$Holder.invokeStatic(java.lang.Object, java.lang.Object, java.lang.Object, java.lang.Object, int)'> (0x000000062ad7b678) 
thrown [/usr/src/debug/java-openjdk/jdk19u-jdk-19.0.2-7/src/hotspot/share/interpreter/linkResolver.cpp, line 773]
Event: 0.743 Thread 0x00007fad300157c0 Exception <a 'java/lang/NoSuchMethodError'{0x000000062ad86f38}: 'void java.lang.invoke.DelegatingMethodHandle$Holder.reinvoke_L(java.lang.Object, java.lang.Object, int)'> (0x000000062ad86f38) 
thrown [/usr/src/debug/java-openjdk/jdk19u-jdk-19.0.2-7/src/hotspot/share/interpreter/linkResolver.cpp, line 773]

VM Operations (20 events):
Event: 0.610 Executing VM operation: HandshakeAllThreads done
Event: 0.638 Executing VM operation: G1CollectForAllocation
Event: 0.643 Executing VM operation: G1CollectForAllocation done
Event: 0.652 Executing VM operation: HandshakeAllThreads
Event: 0.652 Executing VM operation: HandshakeAllThreads done
Event: 0.668 Executing VM operation: HandshakeAllThreads
Event: 0.668 Executing VM operation: HandshakeAllThreads done
Event: 0.682 Executing VM operation: HandshakeAllThreads
Event: 0.682 Executing VM operation: HandshakeAllThreads done
Event: 0.696 Executing VM operation: HandshakeAllThreads
Event: 0.696 Executing VM operation: HandshakeAllThreads done
Event: 0.696 Executing VM operation: HandshakeAllThreads
Event: 0.696 Executing VM operation: HandshakeAllThreads done
Event: 0.721 Executing VM operation: CollectForMetadataAllocation
Event: 0.724 Executing VM operation: CollectForMetadataAllocation done
Event: 0.726 Executing VM operation: G1PauseRemark
Event: 0.726 Executing VM operation: G1PauseRemark done
Event: 0.726 Executing VM operation: G1PauseCleanup
Event: 0.727 Executing VM operation: G1PauseCleanup done
Event: 0.878 Executing VM operation: G1CollectForAllocation

Events (20 events):
Event: 0.032 Thread 0x00007fad30269830 Thread added: 0x00007fad30269830
Event: 0.032 Protecting memory [0x00007facf8d00000,0x00007facf8d04000] with protection modes 0
Event: 0.035 Thread 0x00007fad30275360 Thread added: 0x00007fad30275360
Event: 0.035 Protecting memory [0x00007facf8afe000,0x00007facf8b02000] with protection modes 0
Event: 0.171 Thread 0x00007facc8113ac0 Thread added: 0x00007facc8113ac0
Event: 0.171 Protecting memory [0x00007facf8700000,0x00007facf8704000] with protection modes 0
Event: 0.212 Thread 0x00007facc8210ec0 Thread added: 0x00007facc8210ec0
Event: 0.212 Protecting memory [0x00007facf8600000,0x00007facf8604000] with protection modes 0
Event: 0.283 Thread 0x00007facb40e1ba0 Thread added: 0x00007facb40e1ba0
Event: 0.283 Protecting memory [0x00007facf8500000,0x00007facf8504000] with protection modes 0
Event: 0.287 Thread 0x00007facc01658d0 Thread added: 0x00007facc01658d0
Event: 0.287 Protecting memory [0x00007facf8400000,0x00007facf8404000] with protection modes 0
Event: 0.287 Thread 0x00007facc0166d40 Thread added: 0x00007facc0166d40
Event: 0.287 Protecting memory [0x00007facf8300000,0x00007facf8304000] with protection modes 0
Event: 0.292 Thread 0x00007facc01a0120 Thread added: 0x00007facc01a0120
Event: 0.292 Protecting memory [0x00007facf8200000,0x00007facf8204000] with protection modes 0
Event: 0.292 Thread 0x00007facc01a1360 Thread added: 0x00007facc01a1360
Event: 0.292 Protecting memory [0x00007facf8100000,0x00007facf8104000] with protection modes 0
Event: 0.292 Thread 0x00007facc01a2890 Thread added: 0x00007facc01a2890
Event: 0.292 Protecting memory [0x00007facf8000000,0x00007facf8004000] with protection modes 0


Dynamic libraries:
60b800000-60e000000 rw-p 00000000 00:00 0 
60e000000-62a000000 ---p 00000000 00:00 0 
62a000000-62a800000 rw-p 00000000 00:00 0 
62a800000-62ac00000 ---p 00000000 00:00 0 
62ac00000-62b000000 rw-p 00000000 00:00 0 
62b000000-800000000 ---p 00000000 00:00 0 
800000000-800010000 rw-p 00000000 00:00 0 
800010000-800030000 rw-p 00000000 00:00 0 
800030000-8000b0000 rw-p 00000000 00:00 0 
8000b0000-800130000 rw-p 00000000 00:00 0 
800130000-800170000 rw-p 00000000 00:00 0 
800170000-800180000 ---p 00000000 00:00 0 
800180000-800260000 rw-p 00000000 00:00 0 
800260000-840000000 ---p 00000000 00:00 0 
55e980cdf000-55e980ce0000 r--p 00000000 103:02 1840269                   /usr/lib/jvm/java-19-openjdk/bin/java
55e980ce0000-55e980ce1000 r-xp 00001000 103:02 1840269                   /usr/lib/jvm/java-19-openjdk/bin/java
55e980ce1000-55e980ce2000 r--p 00002000 103:02 1840269                   /usr/lib/jvm/java-19-openjdk/bin/java
55e980ce2000-55e980ce3000 r--p 00002000 103:02 1840269                   /usr/lib/jvm/java-19-openjdk/bin/java
55e980ce3000-55e980ce4000 rw-p 00003000 103:02 1840269                   /usr/lib/jvm/java-19-openjdk/bin/java
55e980fdc000-55e981023000 rw-p 00000000 00:00 0                          [heap]
7fac5c000000-7fac5c021000 rw-p 00000000 00:00 0 
7fac5c021000-7fac60000000 ---p 00000000 00:00 0 
7fac60000000-7fac60021000 rw-p 00000000 00:00 0 
7fac60021000-7fac64000000 ---p 00000000 00:00 0 
7fac64000000-7fac64021000 rw-p 00000000 00:00 0 
7fac64021000-7fac68000000 ---p 00000000 00:00 0 
7fac68000000-7fac68021000 rw-p 00000000 00:00 0 
7fac68021000-7fac6c000000 ---p 00000000 00:00 0 
7fac6c000000-7fac6c021000 rw-p 00000000 00:00 0 
7fac6c021000-7fac70000000 ---p 00000000 00:00 0 
7fac70000000-7fac70021000 rw-p 00000000 00:00 0 
7fac70021000-7fac74000000 ---p 00000000 00:00 0 
7fac74000000-7fac74034000 rw-p 00000000 00:00 0 
7fac74034000-7fac78000000 ---p 00000000 00:00 0 
7fac78000000-7fac78021000 rw-p 00000000 00:00 0 
7fac78021000-7fac7c000000 ---p 00000000 00:00 0 
7fac7c000000-7fac7c021000 rw-p 00000000 00:00 0 
7fac7c021000-7fac80000000 ---p 00000000 00:00 0 
7fac80000000-7fac80021000 rw-p 00000000 00:00 0 
7fac80021000-7fac84000000 ---p 00000000 00:00 0 
7fac84000000-7fac84021000 rw-p 00000000 00:00 0 
7fac84021000-7fac88000000 ---p 00000000 00:00 0 
7fac88000000-7fac88021000 rw-p 00000000 00:00 0 
7fac88021000-7fac8c000000 ---p 00000000 00:00 0 
7fac8c000000-7fac8c021000 rw-p 00000000 00:00 0 
7fac8c021000-7fac90000000 ---p 00000000 00:00 0 
7fac90000000-7fac90477000 rw-p 00000000 00:00 0 
7fac90477000-7fac94000000 ---p 00000000 00:00 0 
7fac972e6000-7fac972e7000 ---p 00000000 00:00 0 
7fac972e7000-7fac973e8000 rw-p 00000000 00:00 0 
7fac973e8000-7fac973e9000 ---p 00000000 00:00 0 
7fac973e9000-7fac974ea000 rw-p 00000000 00:00 0 
7fac974ea000-7fac974eb000 ---p 00000000 00:00 0 
7fac974eb000-7fac975ec000 rw-p 00000000 00:00 0 
7fac975ec000-7fac975ed000 ---p 00000000 00:00 0 
7fac975ed000-7fac976ee000 rw-p 00000000 00:00 0 
7fac976ee000-7fac976ef000 ---p 00000000 00:00 0 
7fac976ef000-7fac977f0000 rw-p 00000000 00:00 0 
7fac977f0000-7fac977f1000 ---p 00000000 00:00 0 
7fac977f1000-7fac978f2000 rw-p 00000000 00:00 0 
7fac978f2000-7fac978f3000 ---p 00000000 00:00 0 
7fac978f3000-7fac979f4000 rw-p 00000000 00:00 0 
7fac979f4000-7fac979f5000 ---p 00000000 00:00 0 
7fac979f5000-7fac97af6000 rw-p 00000000 00:00 0 
7fac97af6000-7fac97af7000 ---p 00000000 00:00 0 
7fac97af7000-7fac97bf8000 rw-p 00000000 00:00 0 
7fac97bf8000-7fac97bf9000 ---p 00000000 00:00 0 
7fac97bf9000-7fac97cfa000 rw-p 00000000 00:00 0 
7fac97cfa000-7fac97cfb000 ---p 00000000 00:00 0 
7fac97cfb000-7fac97dfc000 rw-p 00000000 00:00 0 
7fac97dfc000-7fac97dfd000 ---p 00000000 00:00 0 
7fac97dfd000-7fac97efe000 rw-p 00000000 00:00 0 
7fac97efe000-7fac97eff000 ---p 00000000 00:00 0 
7fac97eff000-7fac98488000 rw-p 00000000 00:00 0 
7fac98488000-7fac9c000000 ---p 00000000 00:00 0 
7fac9c000000-7fac9c479000 rw-p 00000000 00:00 0 
7fac9c479000-7faca0000000 ---p 00000000 00:00 0 
7faca0000000-7faca05ea000 rw-p 00000000 00:00 0 
7faca05ea000-7faca4000000 ---p 00000000 00:00 0 
7faca4000000-7faca4578000 rw-p 00000000 00:00 0 
7faca4578000-7faca8000000 ---p 00000000 00:00 0 
7faca8000000-7faca8604000 rw-p 00000000 00:00 0 
7faca8604000-7facac000000 ---p 00000000 00:00 0 
7facac000000-7facac620000 rw-p 00000000 00:00 0 
7facac620000-7facb0000000 ---p 00000000 00:00 0 
7facb0000000-7facb0021000 rw-p 00000000 00:00 0 
7facb0021000-7facb4000000 ---p 00000000 00:00 0 
7facb4000000-7facb411c000 rw-p 00000000 00:00 0 
7facb411c000-7facb8000000 ---p 00000000 00:00 0 
7facb8000000-7facb8021000 rw-p 00000000 00:00 0 
7facb8021000-7facbc000000 ---p 00000000 00:00 0 
7facbc000000-7facbc021000 rw-p 00000000 00:00 0 
7facbc021000-7facc0000000 ---p 00000000 00:00 0 
7facc0000000-7facc01eb000 rw-p 00000000 00:00 0 
7facc01eb000-7facc4000000 ---p 00000000 00:00 0 
7facc4000000-7facc4244000 rw-p 00000000 00:00 0 
7facc4244000-7facc8000000 ---p 00000000 00:00 0 
7facc8000000-7facc8278000 rw-p 00000000 00:00 0 
7facc8278000-7faccc000000 ---p 00000000 00:00 0 
7faccc000000-7faccc021000 rw-p 00000000 00:00 0 
7faccc021000-7facd0000000 ---p 00000000 00:00 0 
7facd0000000-7facd0021000 rw-p 00000000 00:00 0 
7facd0021000-7facd4000000 ---p 00000000 00:00 0 
7facd4000000-7facd4776000 rw-p 00000000 00:00 0 
7facd4776000-7facd8000000 ---p 00000000 00:00 0 
7facd8000000-7facd8021000 rw-p 00000000 00:00 0 
7facd8021000-7facdc000000 ---p 00000000 00:00 0 
7facdc000000-7facdc021000 rw-p 00000000 00:00 0 
7facdc021000-7face0000000 ---p 00000000 00:00 0 
7face0000000-7face0021000 rw-p 00000000 00:00 0 
7face0021000-7face4000000 ---p 00000000 00:00 0 
7face4000000-7face4021000 rw-p 00000000 00:00 0 
7face4021000-7face8000000 ---p 00000000 00:00 0 
7face8000000-7face8021000 rw-p 00000000 00:00 0 
7face8021000-7facec000000 ---p 00000000 00:00 0 
7facec000000-7facec021000 rw-p 00000000 00:00 0 
7facec021000-7facf0000000 ---p 00000000 00:00 0 
7facf0000000-7facf04f0000 rw-p 00000000 00:00 0 
7facf04f0000-7facf0530000 rw-p 00000000 00:00 0 
7facf0530000-7facf0570000 rw-p 00000000 00:00 0 
7facf0570000-7facf06f0000 rw-p 00000000 00:00 0 
7facf06f0000-7facf07b0000 rw-p 00000000 00:00 0 
7facf07b0000-7facf07f0000 rw-p 00000000 00:00 0 
7facf07f0000-7facf0870000 rw-p 00000000 00:00 0 
7facf0870000-7facf08f0000 rw-p 00000000 00:00 0 
7facf08f0000-7facf0af0000 rw-p 00000000 00:00 0 
7facf0af0000-7facf0df0000 rw-p 00000000 00:00 0 
7facf0df0000-7facf11e0000 rw-p 00000000 00:00 0 
7facf11e0000-7facf1200000 ---p 00000000 00:00 0 
7facf1200000-7facf13e0000 rw-p 00000000 00:00 0 
7facf13e0000-7facf4000000 ---p 00000000 00:00 0 
7facf4000000-7facf4021000 rw-p 00000000 00:00 0 
7facf4021000-7facf8000000 ---p 00000000 00:00 0 
7facf8000000-7facf8004000 ---p 00000000 00:00 0 
7facf8004000-7facf8100000 rw-p 00000000 00:00 0 
7facf8100000-7facf8104000 ---p 00000000 00:00 0 
7facf8104000-7facf8200000 rw-p 00000000 00:00 0 
7facf8200000-7facf8204000 ---p 00000000 00:00 0 
7facf8204000-7facf8300000 rw-p 00000000 00:00 0 
7facf8300000-7facf8304000 ---p 00000000 00:00 0 
7facf8304000-7facf8400000 rw-p 00000000 00:00 0 
7facf8400000-7facf8404000 ---p 00000000 00:00 0 
7facf8404000-7facf8500000 rw-p 00000000 00:00 0 
7facf8500000-7facf8504000 ---p 00000000 00:00 0 
7facf8504000-7facf8600000 rw-p 00000000 00:00 0 
7facf8600000-7facf8604000 ---p 00000000 00:00 0 
7facf8604000-7facf8700000 rw-p 00000000 00:00 0 
7facf8700000-7facf8704000 ---p 00000000 00:00 0 
7facf8704000-7facf8800000 rw-p 00000000 00:00 0 
7facf8800000-7facf8803000 r-xp 00000000 00:21 876                        /tmp/jansi-2.4.0-42dcb932d36a5715-libjansi.so
7facf8803000-7facf8a02000 ---p 00003000 00:21 876                        /tmp/jansi-2.4.0-42dcb932d36a5715-libjansi.so
7facf8a02000-7facf8a03000 rw-p 00002000 00:21 876                        /tmp/jansi-2.4.0-42dcb932d36a5715-libjansi.so
7facf8afe000-7facf8b02000 ---p 00000000 00:00 0 
7facf8b02000-7facf8bfe000 rw-p 00000000 00:00 0 
7facf8bfe000-7facf8bff000 ---p 00000000 00:00 0 
7facf8bff000-7facf8d00000 rw-p 00000000 00:00 0 
7facf8d00000-7facf8d04000 ---p 00000000 00:00 0 
7facf8d04000-7facf8e00000 rw-p 00000000 00:00 0 
7facf8e00000-7facf8e04000 ---p 00000000 00:00 0 
7facf8e04000-7facf8f00000 rw-p 00000000 00:00 0 
7facf8f00000-7facf8f04000 ---p 00000000 00:00 0 
7facf8f04000-7facf9000000 rw-p 00000000 00:00 0 
7facf9000000-7facf9004000 ---p 00000000 00:00 0 
7facf9004000-7facf9100000 rw-p 00000000 00:00 0 
7facf9100000-7facf9104000 ---p 00000000 00:00 0 
7facf9104000-7facf9200000 rw-p 00000000 00:00 0 
7facf9200000-7facf9204000 ---p 00000000 00:00 0 
7facf9204000-7facf9300000 rw-p 00000000 00:00 0 
7facf9300000-7facf9304000 ---p 00000000 00:00 0 
7facf9304000-7facf9400000 rw-p 00000000 00:00 0 
7facf9400000-7facf9404000 ---p 00000000 00:00 0 
7facf9404000-7facf9500000 rw-p 00000000 00:00 0 
7facf9500000-7facf9504000 ---p 00000000 00:00 0 
7facf9504000-7facf9600000 rw-p 00000000 00:00 0 
7facf9600000-7facf9604000 ---p 00000000 00:00 0 
7facf9604000-7facf9700000 rw-p 00000000 00:00 0 
7facf9700000-7facf9704000 ---p 00000000 00:00 0 
7facf9704000-7facf9800000 rw-p 00000000 00:00 0 
7facf9800000-7facf9aea000 r--p 00000000 103:02 1644209                   /usr/lib/locale/locale-archive
7facf9ba8000-7facf9ba9000 ---p 00000000 00:00 0 
7facf9ba9000-7facf9caa000 rw-p 00000000 00:00 0 
7facf9caa000-7facf9caf000 r--p 00000000 103:02 1843462                   /usr/lib/jvm/java-19-openjdk/lib/libjsvml.so
7facf9caf000-7facf9cf0000 r-xp 00005000 103:02 1843462                   /usr/lib/jvm/java-19-openjdk/lib/libjsvml.so
7facf9cf0000-7facf9d79000 r--p 00046000 103:02 1843462                   /usr/lib/jvm/java-19-openjdk/lib/libjsvml.so
7facf9d79000-7facf9d7a000 r--p 000ce000 103:02 1843462                   /usr/lib/jvm/java-19-openjdk/lib/libjsvml.so
7facf9d7a000-7facf9d7b000 rw-p 000cf000 103:02 1843462                   /usr/lib/jvm/java-19-openjdk/lib/libjsvml.so
7facf9d7b000-7facf9dfc000 rw-p 00000000 00:00 0 
7facf9dfc000-7facf9dfd000 ---p 00000000 00:00 0 
7facf9dfd000-7facf9efe000 rw-p 00000000 00:00 0 
7facf9efe000-7facf9eff000 ---p 00000000 00:00 0 
7facf9eff000-7facfc021000 rw-p 00000000 00:00 0 
7facfc021000-7fad00000000 ---p 00000000 00:00 0 
7fad00000000-7fad00021000 rw-p 00000000 00:00 0 
7fad00021000-7fad04000000 ---p 00000000 00:00 0 
7fad04000000-7fad04021000 rw-p 00000000 00:00 0 
7fad04021000-7fad08000000 ---p 00000000 00:00 0 
7fad08013000-7fad08dbc000 rw-p 00000000 00:00 0 
7fad08dbc000-7fad08dbd000 ---p 00000000 00:00 0 
7fad08dbd000-7fad08ebe000 rw-p 00000000 00:00 0 
7fad08ebe000-7fad08ebf000 ---p 00000000 00:00 0 
7fad08ebf000-7fad09060000 rw-p 00000000 00:00 0 
7fad09060000-7fad09760000 ---p 00000000 00:00 0 
7fad09760000-7fad09780000 rw-p 00000000 00:00 0 
7fad09780000-7fad09790000 ---p 00000000 00:00 0 
7fad09790000-7fad097a0000 rw-p 00000000 00:00 0 
7fad097a0000-7fad10ce0000 ---p 00000000 00:00 0 
7fad10ce0000-7fad10d80000 rw-p 00000000 00:00 0 
7fad10d80000-7fad11480000 ---p 00000000 00:00 0 
7fad11480000-7fad114a0000 rw-p 00000000 00:00 0 
7fad114a0000-7fad114b0000 ---p 00000000 00:00 0 
7fad114b0000-7fad114c0000 rw-p 00000000 00:00 0 
7fad114c0000-7fad18a00000 ---p 00000000 00:00 0 
7fad18a00000-7fad19050000 rwxp 00000000 00:00 0 
7fad19050000-7fad1fe5f000 ---p 00000000 00:00 0 
7fad1fe5f000-7fad2014f000 rwxp 00000000 00:00 0 
7fad2014f000-7fad205a0000 ---p 00000000 00:00 0 
7fad205a0000-7fad20810000 rwxp 00000000 00:00 0 
7fad20810000-7fad27a00000 ---p 00000000 00:00 0 
7fad27a00000-7fad2fec9000 r--s 00000000 103:02 1843481                   /usr/lib/jvm/java-19-openjdk/lib/modules
7fad2fefe000-7fad2feff000 ---p 00000000 00:00 0 
7fad2feff000-7fad30a14000 rw-p 00000000 00:00 0 
7fad30a14000-7fad34000000 ---p 00000000 00:00 0 
7fad34004000-7fad34049000 rw-p 00000000 00:00 0 
7fad34049000-7fad34129000 ---p 00000000 00:00 0 
7fad34129000-7fad3412d000 rw-p 00000000 00:00 0 
7fad3412d000-7fad3412f000 ---p 00000000 00:00 0 
7fad3412f000-7fad34131000 rw-p 00000000 00:00 0 
7fad34131000-7fad34fd9000 ---p 00000000 00:00 0 
7fad34fd9000-7fad34fed000 rw-p 00000000 00:00 0 
7fad34fed000-7fad350cd000 ---p 00000000 00:00 0 
7fad350cd000-7fad350d1000 rw-p 00000000 00:00 0 
7fad350d1000-7fad350d3000 ---p 00000000 00:00 0 
7fad350d3000-7fad350d5000 rw-p 00000000 00:00 0 
7fad350d5000-7fad35f7d000 ---p 00000000 00:00 0 
7fad35f7d000-7fad35f91000 rw-p 00000000 00:00 0 
7fad35f91000-7fad36071000 ---p 00000000 00:00 0 
7fad36071000-7fad36075000 rw-p 00000000 00:00 0 
7fad36075000-7fad36077000 ---p 00000000 00:00 0 
7fad36077000-7fad36079000 rw-p 00000000 00:00 0 
7fad36079000-7fad36f21000 ---p 00000000 00:00 0 
7fad36f21000-7fad37c33000 rw-p 00000000 00:00 0 
7fad37c33000-7fad37d17000 ---p 00000000 00:00 0 
7fad37d17000-7fad37d24000 rw-p 00000000 00:00 0 
7fad37d24000-7fad37e00000 ---p 00000000 00:00 0 
7fad37e00000-7fad37e9a000 r--p 00000000 103:02 1627905                   /usr/lib/libstdc++.so.6.0.30
7fad37e9a000-7fad37fb0000 r-xp 0009a000 103:02 1627905                   /usr/lib/libstdc++.so.6.0.30
7fad37fb0000-7fad38027000 r--p 001b0000 103:02 1627905                   /usr/lib/libstdc++.so.6.0.30
7fad38027000-7fad38034000 r--p 00226000 103:02 1627905                   /usr/lib/libstdc++.so.6.0.30
7fad38034000-7fad38035000 rw-p 00233000 103:02 1627905                   /usr/lib/libstdc++.so.6.0.30
7fad38035000-7fad38038000 rw-p 00000000 00:00 0 
7fad38040000-7fad38100000 rw-p 00000000 00:00 0 
7fad38100000-7fad38104000 ---p 00000000 00:00 0 
7fad38104000-7fad38200000 rw-p 00000000 00:00 0 
7fad38200000-7fad3848d000 r--p 00000000 103:02 1843628                   /usr/lib/jvm/java-19-openjdk/lib/server/libjvm.so
7fad3848d000-7fad39260000 r-xp 0028d000 103:02 1843628                   /usr/lib/jvm/java-19-openjdk/lib/server/libjvm.so
7fad39260000-7fad3950e000 r--p 01060000 103:02 1843628                   /usr/lib/jvm/java-19-openjdk/lib/server/libjvm.so
7fad3950e000-7fad395da000 r--p 0130e000 103:02 1843628                   /usr/lib/jvm/java-19-openjdk/lib/server/libjvm.so
7fad395da000-7fad39610000 rw-p 013da000 103:02 1843628                   /usr/lib/jvm/java-19-openjdk/lib/server/libjvm.so
7fad39610000-7fad3966c000 rw-p 00000000 00:00 0 
7fad39670000-7fad39674000 r--p 00000000 103:02 1843479                   /usr/lib/jvm/java-19-openjdk/lib/libverify.so
7fad39674000-7fad3967b000 r-xp 00004000 103:02 1843479                   /usr/lib/jvm/java-19-openjdk/lib/libverify.so
7fad3967b000-7fad3967d000 r--p 0000b000 103:02 1843479                   /usr/lib/jvm/java-19-openjdk/lib/libverify.so
7fad3967d000-7fad3967f000 r--p 0000c000 103:02 1843479                   /usr/lib/jvm/java-19-openjdk/lib/libverify.so
7fad3967f000-7fad39680000 rw-p 0000e000 103:02 1843479                   /usr/lib/jvm/java-19-openjdk/lib/libverify.so
7fad39680000-7fad39682000 r--p 00000000 103:02 1843480                   /usr/lib/jvm/java-19-openjdk/lib/libzip.so
7fad39682000-7fad39686000 r-xp 00002000 103:02 1843480                   /usr/lib/jvm/java-19-openjdk/lib/libzip.so
7fad39686000-7fad39688000 r--p 00006000 103:02 1843480                   /usr/lib/jvm/java-19-openjdk/lib/libzip.so
7fad39688000-7fad39689000 r--p 00007000 103:02 1843480                   /usr/lib/jvm/java-19-openjdk/lib/libzip.so
7fad39689000-7fad3968a000 rw-p 00008000 103:02 1843480                   /usr/lib/jvm/java-19-openjdk/lib/libzip.so
7fad3968a000-7fad39691000 r--p 00000000 103:02 1843470                   /usr/lib/jvm/java-19-openjdk/lib/libnio.so
7fad39691000-7fad39699000 r-xp 00007000 103:02 1843470                   /usr/lib/jvm/java-19-openjdk/lib/libnio.so
7fad39699000-7fad3969d000 r--p 0000f000 103:02 1843470                   /usr/lib/jvm/java-19-openjdk/lib/libnio.so
7fad3969d000-7fad3969e000 r--p 00013000 103:02 1843470                   /usr/lib/jvm/java-19-openjdk/lib/libnio.so
7fad3969e000-7fad3969f000 rw-p 00014000 103:02 1843470                   /usr/lib/jvm/java-19-openjdk/lib/libnio.so
7fad3969f000-7fad3971d000 rw-p 00000000 00:00 0 
7fad3971d000-7fad3972a000 r--p 00000000 103:02 1843450                   /usr/lib/jvm/java-19-openjdk/lib/libjava.so
7fad3972a000-7fad3973b000 r-xp 0000d000 103:02 1843450                   /usr/lib/jvm/java-19-openjdk/lib/libjava.so
7fad3973b000-7fad39741000 r--p 0001e000 103:02 1843450                   /usr/lib/jvm/java-19-openjdk/lib/libjava.so
7fad39741000-7fad39742000 r--p 00024000 103:02 1843450                   /usr/lib/jvm/java-19-openjdk/lib/libjava.so
7fad39742000-7fad39743000 rw-p 00025000 103:02 1843450                   /usr/lib/jvm/java-19-openjdk/lib/libjava.so
7fad39743000-7fad39744000 rw-p 00000000 00:00 0 
7fad39744000-7fad39747000 r--p 00000000 103:02 1593818                   /usr/lib/libgcc_s.so.1
7fad39747000-7fad3975e000 r-xp 00003000 103:02 1593818                   /usr/lib/libgcc_s.so.1
7fad3975e000-7fad39762000 r--p 0001a000 103:02 1593818                   /usr/lib/libgcc_s.so.1
7fad39762000-7fad39763000 r--p 0001d000 103:02 1593818                   /usr/lib/libgcc_s.so.1
7fad39763000-7fad39764000 rw-p 0001e000 103:02 1593818                   /usr/lib/libgcc_s.so.1
7fad39764000-7fad39772000 r--p 00000000 103:02 1576265                   /usr/lib/libm.so.6
7fad39772000-7fad397ec000 r-xp 0000e000 103:02 1576265                   /usr/lib/libm.so.6
7fad397ec000-7fad3984a000 r--p 00088000 103:02 1576265                   /usr/lib/libm.so.6
7fad3984a000-7fad3984b000 r--p 000e5000 103:02 1576265                   /usr/lib/libm.so.6
7fad3984b000-7fad3984c000 rw-p 000e6000 103:02 1576265                   /usr/lib/libm.so.6
7fad3984c000-7fad3984f000 rw-p 00000000 00:00 0 
7fad3984f000-7fad39852000 r--p 00000000 103:02 1588796                   /usr/lib/libz.so.1.2.13
7fad39852000-7fad39860000 r-xp 00003000 103:02 1588796                   /usr/lib/libz.so.1.2.13
7fad39860000-7fad39867000 r--p 00011000 103:02 1588796                   /usr/lib/libz.so.1.2.13
7fad39867000-7fad39868000 r--p 00017000 103:02 1588796                   /usr/lib/libz.so.1.2.13
7fad39868000-7fad39869000 rw-p 00018000 103:02 1588796                   /usr/lib/libz.so.1.2.13
7fad39869000-7fad3988b000 r--p 00000000 103:02 1576241                   /usr/lib/libc.so.6
7fad3988b000-7fad399e5000 r-xp 00022000 103:02 1576241                   /usr/lib/libc.so.6
7fad399e5000-7fad39a3d000 r--p 0017c000 103:02 1576241                   /usr/lib/libc.so.6
7fad39a3d000-7fad39a41000 r--p 001d4000 103:02 1576241                   /usr/lib/libc.so.6
7fad39a41000-7fad39a43000 rw-p 001d8000 103:02 1576241                   /usr/lib/libc.so.6
7fad39a43000-7fad39a50000 rw-p 00000000 00:00 0 
7fad39a52000-7fad39a55000 r--p 00000000 103:02 1843469                   /usr/lib/jvm/java-19-openjdk/lib/libnet.so
7fad39a55000-7fad39a5e000 r-xp 00003000 103:02 1843469                   /usr/lib/jvm/java-19-openjdk/lib/libnet.so
7fad39a5e000-7fad39a60000 r--p 0000c000 103:02 1843469                   /usr/lib/jvm/java-19-openjdk/lib/libnet.so
7fad39a60000-7fad39a61000 r--p 0000e000 103:02 1843469                   /usr/lib/jvm/java-19-openjdk/lib/libnet.so
7fad39a61000-7fad39a62000 rw-p 0000f000 103:02 1843469                   /usr/lib/jvm/java-19-openjdk/lib/libnet.so
7fad39a62000-7fad39a68000 rw-p 00000000 00:00 0 
7fad39a68000-7fad39a71000 ---p 00000000 00:00 0 
7fad39a71000-7fad39a79000 rw-s 00000000 00:21 874                        /tmp/hsperfdata_james/299308
7fad39a79000-7fad39a7a000 ---p 00000000 00:00 0 
7fad39a7a000-7fad39a7b000 r--p 00000000 00:00 0 
7fad39a7b000-7fad39a7c000 ---p 00000000 00:00 0 
7fad39a7c000-7fad39a7e000 r--p 00000000 103:02 1843455                   /usr/lib/jvm/java-19-openjdk/lib/libjimage.so
7fad39a7e000-7fad39a81000 r-xp 00002000 103:02 1843455                   /usr/lib/jvm/java-19-openjdk/lib/libjimage.so
7fad39a81000-7fad39a82000 r--p 00005000 103:02 1843455                   /usr/lib/jvm/java-19-openjdk/lib/libjimage.so
7fad39a82000-7fad39a83000 r--p 00006000 103:02 1843455                   /usr/lib/jvm/java-19-openjdk/lib/libjimage.so
7fad39a83000-7fad39a84000 rw-p 00007000 103:02 1843455                   /usr/lib/jvm/java-19-openjdk/lib/libjimage.so
7fad39a84000-7fad39a86000 r--p 00000000 103:02 1843458                   /usr/lib/jvm/java-19-openjdk/lib/libjli.so
7fad39a86000-7fad39a8f000 r-xp 00002000 103:02 1843458                   /usr/lib/jvm/java-19-openjdk/lib/libjli.so
7fad39a8f000-7fad39a92000 r--p 0000b000 103:02 1843458                   /usr/lib/jvm/java-19-openjdk/lib/libjli.so
7fad39a92000-7fad39a93000 r--p 0000d000 103:02 1843458                   /usr/lib/jvm/java-19-openjdk/lib/libjli.so
7fad39a93000-7fad39a94000 rw-p 0000e000 103:02 1843458                   /usr/lib/jvm/java-19-openjdk/lib/libjli.so
7fad39a94000-7fad39a96000 rw-p 00000000 00:00 0 
7fad39a96000-7fad39a97000 r--p 00000000 103:02 1576219                   /usr/lib/ld-linux-x86-64.so.2
7fad39a97000-7fad39abd000 r-xp 00001000 103:02 1576219                   /usr/lib/ld-linux-x86-64.so.2
7fad39abd000-7fad39ac7000 r--p 00027000 103:02 1576219                   /usr/lib/ld-linux-x86-64.so.2
7fad39ac7000-7fad39ac9000 r--p 00031000 103:02 1576219                   /usr/lib/ld-linux-x86-64.so.2
7fad39ac9000-7fad39acb000 rw-p 00033000 103:02 1576219                   /usr/lib/ld-linux-x86-64.so.2
7ffd14e34000-7ffd14e55000 rw-p 00000000 00:00 0                          [stack]
7ffd14f16000-7ffd14f1a000 r--p 00000000 00:00 0                          [vvar]
7ffd14f1a000-7ffd14f1c000 r-xp 00000000 00:00 0                          [vdso]
ffffffffff600000-ffffffffff601000 --xp 00000000 00:00 0                  [vsyscall]


VM Arguments:
jvm_args: -Dmaven.home=/home/james/programming/java -Dmaven.multiModuleProjectDirectory=/home/james/programming/java/gameserver -Dawt.useSystemAAFontSettings=on 
java_command: org.apache.maven.wrapper.MavenWrapperMain clean install spring-boot:run
java_class_path (initial): /home/james/programming/java/gameserver/.mvn/wrapper/maven-wrapper.jar
Launcher Type: SUN_STANDARD

[Global flags]
     intx CICompilerCount                          = 12                                        {product} {ergonomic}
     uint ConcGCThreads                            = 3                                         {product} {ergonomic}
     uint G1ConcRefinementThreads                  = 13                                        {product} {ergonomic}
   size_t G1HeapRegionSize                         = 4194304                                   {product} {ergonomic}
    uintx GCDrainStackTargetSize                   = 64                                        {product} {ergonomic}
   size_t InitialHeapSize                          = 528482304                                 {product} {ergonomic}
   size_t MarkStackSize                            = 4194304                                   {product} {ergonomic}
   size_t MaxHeapSize                              = 8396996608                                {product} {ergonomic}
   size_t MaxNewSize                               = 5037359104                                {product} {ergonomic}
   size_t MinHeapDeltaBytes                        = 4194304                                   {product} {ergonomic}
   size_t MinHeapSize                              = 8388608                                   {product} {ergonomic}
    uintx NonNMethodCodeHeapSize                   = 7602480                                {pd product} {ergonomic}
    uintx NonProfiledCodeHeapSize                  = 122027880                              {pd product} {ergonomic}
    uintx ProfiledCodeHeapSize                     = 122027880                              {pd product} {ergonomic}
    uintx ReservedCodeCacheSize                    = 251658240                              {pd product} {ergonomic}
     bool SegmentedCodeCache                       = true                                      {product} {ergonomic}
   size_t SoftMaxHeapSize                          = 8396996608                             {manageable} {ergonomic}
     bool UseCompressedClassPointers               = true                           {product lp64_product} {ergonomic}
     bool UseCompressedOops                        = true                           {product lp64_product} {ergonomic}
     bool UseG1GC                                  = true                                      {product} {ergonomic}

Logging:
Log output configuration:
 #0: stdout all=warning uptime,level,tags foldmultilines=false
 #1: stderr all=off uptime,level,tags foldmultilines=false

Environment Variables:
JAVA_HOME=/usr/lib/jvm/java-19-openjdk
_JAVA_OPTIONS=-Dawt.useSystemAAFontSettings=on
PATH=/usr/local/sbin:/usr/local/bin:/usr/bin:/usr/lib/jvm/default/bin:/usr/bin/site_perl:/usr/bin/vendor_perl:/usr/bin/core_perl:/home/james/bin
SHELL=/bin/bash
DISPLAY=:0
LANG=en_US.UTF-8
TERM=xterm

Active Locale:
LC_ALL=en_US.UTF-8
LC_COLLATE=en_US.UTF-8
LC_CTYPE=en_US.UTF-8
LC_MESSAGES=en_US.UTF-8
LC_MONETARY=en_US.UTF-8
LC_NUMERIC=en_US.UTF-8
LC_TIME=en_US.UTF-8

Signal Handlers:
   SIGSEGV: 0x00007fad391d91c0 in libjvm.so+16617920, mask=11100100010111111101111111111110, flags=SA_RESTART|SA_SIGINFO
    SIGBUS: 0x00007fad391d91c0 in libjvm.so+16617920, mask=11100100010111111101111111111110, flags=SA_RESTART|SA_SIGINFO
    SIGFPE: 0x00007fad391d91c0 in libjvm.so+16617920, mask=11100100010111111101111111111110, flags=SA_RESTART|SA_SIGINFO
   SIGPIPE: 0x00007fad39064790 in libjvm.so+15091600, mask=11100100010111111101111111111110, flags=SA_RESTART|SA_SIGINFO
   SIGXFSZ: 0x00007fad39064790 in libjvm.so+15091600, mask=11100100010111111101111111111110, flags=SA_RESTART|SA_SIGINFO
    SIGILL: 0x00007fad391d91c0 in libjvm.so+16617920, mask=11100100010111111101111111111110, flags=SA_RESTART|SA_SIGINFO
   SIGUSR2: 0x00007fad39063db0 in libjvm.so+15089072, mask=00000000000000000000000000000000, flags=SA_RESTART|SA_SIGINFO
    SIGHUP: 0x00007fad39063cc0 in libjvm.so+15088832, mask=11100100010111111101111111111110, flags=SA_RESTART|SA_SIGINFO
    SIGINT: 0x00007fad39063cc0 in libjvm.so+15088832, mask=11100100010111111101111111111110, flags=SA_RESTART|SA_SIGINFO
   SIGTERM: 0x00007fad39063cc0 in libjvm.so+15088832, mask=11100100010111111101111111111110, flags=SA_RESTART|SA_SIGINFO
   SIGQUIT: 0x00007fad39063cc0 in libjvm.so+15088832, mask=11100100010111111101111111111110, flags=SA_RESTART|SA_SIGINFO
   SIGTRAP: 0x00007fad391d91c0 in libjvm.so+16617920, mask=11100100010111111101111111111110, flags=SA_RESTART|SA_SIGINFO


---------------  S Y S T E M  ---------------

OS:
DISTRIB_ID="Arch"
DISTRIB_RELEASE="rolling"
DISTRIB_DESCRIPTION="Arch Linux"
uname: Linux 6.2.9-arch1-1 #1 SMP PREEMPT_DYNAMIC Thu, 30 Mar 2023 14:51:14 +0000 x86_64
OS uptime: 0 days 4:16 hours
libc: glibc 2.37 NPTL 2.37 
rlimit (soft/hard): STACK 8192k/infinity , CORE infinity/infinity , NPROC 128035/128035 , NOFILE 524288/524288 , AS infinity/infinity , CPU infinity/infinity , DATA infinity/infinity , FSIZE infinity/infinity , MEMLOCK 8192k/8192k
load average: 2.22 1.87 1.78

/proc/meminfo:
MemTotal:       32793536 kB
MemFree:        15556936 kB
MemAvailable:   19617752 kB
Buffers:          514060 kB
Cached:          4142104 kB
SwapCached:            0 kB
Active:         10615604 kB
Inactive:        5617252 kB
Active(anon):    8958480 kB
Inactive(anon):  3009076 kB
Active(file):    1657124 kB
Inactive(file):  2608176 kB
Unevictable:         520 kB
Mlocked:             512 kB
SwapTotal:       5242876 kB
SwapFree:        5242876 kB
Zswap:                 0 kB
Zswapped:              0 kB
Dirty:               480 kB
Writeback:             0 kB
AnonPages:      11462628 kB
Mapped:          1584784 kB
Shmem:            390856 kB
KReclaimable:     260912 kB
Slab:             431732 kB
SReclaimable:     260912 kB
SUnreclaim:       170820 kB
KernelStack:       24288 kB
PageTables:        66932 kB
SecPageTables:         0 kB
NFS_Unstable:          0 kB
Bounce:                0 kB
WritebackTmp:          0 kB
CommitLimit:    21639644 kB
Committed_AS:   22086996 kB
VmallocTotal:   34359738367 kB
VmallocUsed:      125392 kB
VmallocChunk:          0 kB
Percpu:            16128 kB
HardwareCorrupted:     0 kB
AnonHugePages:   6457344 kB
ShmemHugePages:        0 kB
ShmemPmdMapped:        0 kB
FileHugePages:    268288 kB
FilePmdMapped:    151552 kB
CmaTotal:              0 kB
CmaFree:               0 kB
HugePages_Total:       0
HugePages_Free:        0
HugePages_Rsvd:        0
HugePages_Surp:        0
Hugepagesize:       2048 kB
Hugetlb:               0 kB
DirectMap4k:      946128 kB
DirectMap2M:    19949568 kB
DirectMap1G:    12582912 kB

/sys/kernel/mm/transparent_hugepage/enabled: [always] madvise never
/sys/kernel/mm/transparent_hugepage/defrag (defrag/compaction efforts parameter): always defer defer+madvise [madvise] never

Process Memory:
Virtual Size: 12826900K (peak: 12826900K)
Resident Set Size: 169852K (peak: 169852K) (anon: 147184K, file: 22668K, shmem: 0K)
Swapped out: 0K
C-Heap outstanding allocations: 73183K, retained: 18756K
glibc malloc tunables: (default)

/proc/sys/kernel/threads-max (system-wide limit on the number of threads): 256071
/proc/sys/vm/max_map_count (maximum number of memory map areas a process may have): 65530
/proc/sys/kernel/pid_max (system-wide limit on number of process identifiers): 4194304

container (cgroup) information:
container_type: cgroupv2
cpu_cpuset_cpus: not supported
cpu_memory_nodes: not supported
active_processor_count: 16
cpu_quota: no quota
cpu_period: 100000
cpu_shares: no shares
memory_limit_in_bytes: unlimited
memory_and_swap_limit_in_bytes: unlimited
memory_soft_limit_in_bytes: unlimited
memory_usage_in_bytes: 11600668 k
memory_max_usage_in_bytes: not supported
maximum number of tasks: unlimited
current number of tasks: 954

Steal ticks since vm start: 0
Steal ticks percentage since vm start:  0.000

CPU: total 16 (initial active 16) (16 cores per cpu, 2 threads per core) family 23 model 113 stepping 0 microcode 0x8701021, cx8, cmov, fxsr, ht, mmx, 3dnowpref, sse, sse2, sse3, ssse3, sse4a, sse4.1, sse4.2, popcnt, lzcnt, tsc, tscinvbit, avx, avx2, aes, clmul, bmi1, bmi2, adx, sha, fma, vzeroupper, clflush, clflushopt, rdtscp, rdpid
CPU Model and flags from /proc/cpuinfo:
model name	: AMD Ryzen 7 3700X 8-Core Processor
flags		: fpu vme de pse tsc msr pae mce cx8 apic sep mtrr pge mca cmov pat pse36 clflush mmx fxsr sse sse2 ht syscall nx mmxext fxsr_opt pdpe1gb rdtscp lm constant_tsc rep_good nopl nonstop_tsc cpuid extd_apicid aperfmperf rapl pni pclmulqdq monitor ssse3 fma cx16 sse4_1 sse4_2 movbe popcnt aes xsave avx f16c rdrand lahf_lm cmp_legacy svm extapic cr8_legacy abm sse4a misalignsse 3dnowprefetch osvw ibs skinit wdt tce topoext perfctr_core perfctr_nb bpext perfctr_llc mwaitx cpb cat_l3 cdp_l3 hw_pstate ssbd mba ibpb stibp vmmcall fsgsbase bmi1 avx2 smep bmi2 cqm rdt_a rdseed adx smap clflushopt clwb sha_ni xsaveopt xsavec xgetbv1 cqm_llc cqm_occup_llc cqm_mbm_total cqm_mbm_local clzero irperf xsaveerptr rdpru wbnoinvd arat npt lbrv svm_lock nrip_save tsc_scale vmcb_clean flushbyasid decodeassists pausefilter pfthreshold avic v_vmsave_vmload vgif v_spec_ctrl umip rdpid overflow_recov succor smca sev sev_es

Online cpus: 0-15
Offline cpus: 
BIOS frequency limitation: 3800000
Frequency switch latency (ns): 0
Available cpu frequencies: 3800000 2200000 
Current governor: schedutil
Core performance/turbo boost: 0

Memory: 4k page, physical 32793536k(15556936k free), swap 5242876k(5242876k free)
Page Sizes: 4k

vm_info: OpenJDK 64-Bit Server VM (19.0.2+7) for linux-amd64 JRE (19.0.2+7), built on 2023-01-18T16:17:00Z by "builduser" with gcc 12.2.1 20230111

END.
