#
# A fatal error has been detected by the Java Runtime Environment:
#
#  SIGSEGV (0xb) at pc=0x00007f7cab5bda6e, pid=299730, tid=299775
#
# JRE version: OpenJDK Runtime Environment (19.0.2+7) (build 19.0.2+7)
# Java VM: OpenJDK 64-Bit Server VM (19.0.2+7, mixed mode, tiered, compressed oops, compressed class ptrs, g1 gc, linux-amd64)
# Problematic frame:
# V  [libjvm.so+0x7bda6e]
#
# Core dump will be written. Default location: Core dumps may be processed with "/usr/lib/systemd/systemd-coredump %P %u %g %s %t %c %h" (or dumping to /home/james/programming/java/gameserver/core.299730)
#
# If you would like to submit a bug report, please visit:
#   https://bugreport.java.com/bugreport/crash.jsp
#

---------------  S U M M A R Y ------------

Command Line: -Dmaven.home=/home/james/programming/java -Dmaven.multiModuleProjectDirectory=/home/james/programming/java/gameserver -Dawt.useSystemAAFontSettings=on org.apache.maven.wrapper.MavenWrapperMain -Dnetbeans.deploy=true -Dexec.vmArgs= -Dexec.appArgs= -Dmaven.ext.class.path=/usr/lib/netbeans/java/maven-nblib/netbeans-eventspy.jar package

Host: AMD Ryzen 7 3700X 8-Core Processor, 16 cores, 31G, Arch Linux
Time: Wed Apr  5 10:35:31 2023 PDT elapsed time: 1.983585 seconds (0d 0h 0m 1s)

---------------  T H R E A D  ---------------

Current thread (0x00007f7c5800e990):  WorkerThread "GC Thread#9" [stack: 0x00007f7c4e1f0000,0x00007f7c4e2f0000] [id=299775]

Stack: [0x00007f7c4e1f0000,0x00007f7c4e2f0000],  sp=0x00007f7c4e2ed590,  free space=1013k
Native frames: (J=compiled Java code, j=interpreted, Vv=VM code, C=native code)
V  [libjvm.so+0x7bda6e]
V  [libjvm.so+0x7e0c60]
V  [libjvm.so+0xce136c]
V  [libjvm.so+0x7432ee]
V  [libjvm.so+0xf4b8e8]
V  [libjvm.so+0xf5300b]
V  [libjvm.so+0x7e1c56]
V  [libjvm.so+0x7e2385]
V  [libjvm.so+0x7f9457]
V  [libjvm.so+0x7f96b8]
V  [libjvm.so+0x100e4b3]
V  [libjvm.so+0xf54932]
V  [libjvm.so+0xcf45ad]

JavaThread 0x00007f7ca40158a0 (nid = 299739) was being processed
Java frames: (J=compiled Java code, j=interpreted, Vv=VM code)
J 4626  java.lang.ClassLoader.defineClass0(Ljava/lang/ClassLoader;Ljava/lang/Class;Ljava/lang/String;[BIILjava/security/ProtectionDomain;ZILjava/lang/Object;)Ljava/lang/Class; java.base@19.0.2 (0 bytes) @ 0x00007f7c947d451d [0x00007f7c947d4440+0x00000000000000dd]
J 4625 c1 java.lang.System$2.defineClass(Ljava/lang/ClassLoader;Ljava/lang/Class;Ljava/lang/String;[BLjava/security/ProtectionDomain;ZILjava/lang/Object;)Ljava/lang/Class; java.base@19.0.2 (21 bytes) @ 0x00007f7c8d382cec [0x00007f7c8d382c40+0x00000000000000ac]
J 4624 c1 java.lang.invoke.MethodHandles$Lookup$ClassDefiner.defineClass(ZLjava/lang/Object;)Ljava/lang/Class; java.base@19.0.2 (97 bytes) @ 0x00007f7c8d384ee4 [0x00007f7c8d3849c0+0x0000000000000524]
j  java.lang.invoke.MethodHandles$Lookup$ClassDefiner.defineClassAsLookup(Z)Ljava/lang/invoke/MethodHandles$Lookup;+3 java.base@19.0.2
j  java.lang.invoke.MethodHandles$Lookup.defineHiddenClass([BZ[Ljava/lang/invoke/MethodHandles$Lookup$ClassOption;)Ljava/lang/invoke/MethodHandles$Lookup;+65 java.base@19.0.2
j  java.lang.invoke.InnerClassLambdaMetafactory.generateInnerClass()Ljava/lang/Class;+577 java.base@19.0.2
j  java.lang.invoke.InnerClassLambdaMetafactory.spinInnerClass()Ljava/lang/Class;+114 java.base@19.0.2
j  java.lang.invoke.InnerClassLambdaMetafactory.buildCallSite()Ljava/lang/invoke/CallSite;+1 java.base@19.0.2
J 6317 c1 java.lang.invoke.LambdaMetafactory.metafactory(Ljava/lang/invoke/MethodHandles$Lookup;Ljava/lang/String;Ljava/lang/invoke/MethodType;Ljava/lang/invoke/MethodType;Ljava/lang/invoke/MethodHandle;Ljava/lang/invoke/MethodType;)Ljava/lang/invoke/CallSite; java.base@19.0.2 (71 bytes) @ 0x00007f7c8cc11ddc [0x00007f7c8cc11920+0x00000000000004bc]
j  java.lang.invoke.LambdaForm$DMH+0x000000080033d000.invokeStatic(Ljava/lang/Object;Ljava/lang/Object;Ljava/lang/Object;Ljava/lang/Object;Ljava/lang/Object;Ljava/lang/Object;Ljava/lang/Object;)Ljava/lang/Object;+27 java.base@19.0.2
J 6270 c1 java.lang.invoke.BootstrapMethodInvoker.invoke(Ljava/lang/Class;Ljava/lang/invoke/MethodHandle;Ljava/lang/String;Ljava/lang/Object;Ljava/lang/Object;Ljava/lang/Class;)Ljava/lang/Object; java.base@19.0.2 (974 bytes) @ 0x00007f7c8cacf0ec [0x00007f7c8cac8ec0+0x000000000000622c]
J 6269 c1 java.lang.invoke.CallSite.makeSite(Ljava/lang/invoke/MethodHandle;Ljava/lang/String;Ljava/lang/invoke/MethodType;Ljava/lang/Object;Ljava/lang/Class;)Ljava/lang/invoke/CallSite; java.base@19.0.2 (91 bytes) @ 0x00007f7c8cac43e4 [0x00007f7c8cac4360+0x0000000000000084]
J 6268 c1 java.lang.invoke.MethodHandleNatives.linkCallSiteImpl(Ljava/lang/Class;Ljava/lang/invoke/MethodHandle;Ljava/lang/String;Ljava/lang/invoke/MethodType;Ljava/lang/Object;[Ljava/lang/Object;)Ljava/lang/invoke/MemberName; java.base@19.0.2 (44 bytes) @ 0x00007f7c8cf1eeac [0x00007f7c8cf1ee40+0x000000000000006c]
J 6267 c1 java.lang.invoke.MethodHandleNatives.linkCallSite(Ljava/lang/Object;Ljava/lang/Object;Ljava/lang/Object;Ljava/lang/Object;Ljava/lang/Object;[Ljava/lang/Object;)Ljava/lang/invoke/MemberName; java.base@19.0.2 (65 bytes) @ 0x00007f7c8ce454bc [0x00007f7c8ce45080+0x000000000000043c]
v  ~StubRoutines::call_stub 0x00007f7c93e5fcc6
j  com.sun.tools.javac.jvm.Gen.visitTypeCast(Lcom/sun/tools/javac/tree/JCTree$JCTypeCast;)V+116 jdk.compiler@19.0.2
j  com.sun.tools.javac.tree.JCTree$JCTypeCast.accept(Lcom/sun/tools/javac/tree/JCTree$Visitor;)V+2 jdk.compiler@19.0.2
j  com.sun.tools.javac.jvm.Gen.genExpr(Lcom/sun/tools/javac/tree/JCTree;Lcom/sun/tools/javac/code/Type;)Lcom/sun/tools/javac/jvm/Items$Item;+125 jdk.compiler@19.0.2
j  com.sun.tools.javac.jvm.Gen.visitVarDef(Lcom/sun/tools/javac/tree/JCTree$JCVariableDecl;)V+73 jdk.compiler@19.0.2
J 5985 c1 com.sun.tools.javac.tree.JCTree$JCVariableDecl.accept(Lcom/sun/tools/javac/tree/JCTree$Visitor;)V jdk.compiler@19.0.2 (6 bytes) @ 0x00007f7c8d66e4cc [0x00007f7c8d66e3c0+0x000000000000010c]
j  com.sun.tools.javac.jvm.Gen.genDef(Lcom/sun/tools/javac/tree/JCTree;Lcom/sun/tools/javac/comp/Env;)V+12 jdk.compiler@19.0.2
j  com.sun.tools.javac.jvm.Gen.genStat(Lcom/sun/tools/javac/tree/JCTree;Lcom/sun/tools/javac/comp/Env;)V+24 jdk.compiler@19.0.2
j  com.sun.tools.javac.jvm.Gen.genStat(Lcom/sun/tools/javac/tree/JCTree;Lcom/sun/tools/javac/comp/Env;I)V+10 jdk.compiler@19.0.2
j  com.sun.tools.javac.jvm.Gen.genStats(Lcom/sun/tools/javac/util/List;Lcom/sun/tools/javac/comp/Env;)V+19 jdk.compiler@19.0.2
j  com.sun.tools.javac.jvm.Gen.visitBlock(Lcom/sun/tools/javac/tree/JCTree$JCBlock;)V+30 jdk.compiler@19.0.2
J 6165 c1 com.sun.tools.javac.tree.JCTree$JCBlock.accept(Lcom/sun/tools/javac/tree/JCTree$Visitor;)V jdk.compiler@19.0.2 (6 bytes) @ 0x00007f7c8cb82bcc [0x00007f7c8cb82ac0+0x000000000000010c]
j  com.sun.tools.javac.jvm.Gen.genDef(Lcom/sun/tools/javac/tree/JCTree;Lcom/sun/tools/javac/comp/Env;)V+12 jdk.compiler@19.0.2
j  com.sun.tools.javac.jvm.Gen.genStat(Lcom/sun/tools/javac/tree/JCTree;Lcom/sun/tools/javac/comp/Env;)V+24 jdk.compiler@19.0.2
j  com.sun.tools.javac.jvm.Gen.genMethod(Lcom/sun/tools/javac/tree/JCTree$JCMethodDecl;Lcom/sun/tools/javac/comp/Env;Z)V+148 jdk.compiler@19.0.2
j  com.sun.tools.javac.jvm.Gen.visitMethodDef(Lcom/sun/tools/javac/tree/JCTree$JCMethodDecl;)V+56 jdk.compiler@19.0.2
J 5967 c1 com.sun.tools.javac.tree.JCTree$JCMethodDecl.accept(Lcom/sun/tools/javac/tree/JCTree$Visitor;)V jdk.compiler@19.0.2 (6 bytes) @ 0x00007f7c8d66804c [0x00007f7c8d667f40+0x000000000000010c]
j  com.sun.tools.javac.jvm.Gen.genDef(Lcom/sun/tools/javac/tree/JCTree;Lcom/sun/tools/javac/comp/Env;)V+12 jdk.compiler@19.0.2
j  com.sun.tools.javac.jvm.Gen.genClass(Lcom/sun/tools/javac/comp/Env;Lcom/sun/tools/javac/tree/JCTree$JCClassDecl;)Z+104 jdk.compiler@19.0.2
j  com.sun.tools.javac.main.JavaCompiler.genCode(Lcom/sun/tools/javac/comp/Env;Lcom/sun/tools/javac/tree/JCTree$JCClassDecl;)Ljavax/tools/JavaFileObject;+6 jdk.compiler@19.0.2
j  com.sun.tools.javac.main.JavaCompiler.generate(Ljava/util/Queue;Ljava/util/Queue;)V+278 jdk.compiler@19.0.2
j  com.sun.tools.javac.main.JavaCompiler.generate(Ljava/util/Queue;)V+3 jdk.compiler@19.0.2
j  com.sun.tools.javac.main.JavaCompiler.compile(Ljava/util/Collection;Ljava/util/Collection;Ljava/lang/Iterable;Ljava/util/Collection;)V+509 jdk.compiler@19.0.2
j  com.sun.tools.javac.api.JavacTaskImpl.lambda$doCall$0()Lcom/sun/tools/javac/main/Main$Result;+45 jdk.compiler@19.0.2
j  com.sun.tools.javac.api.JavacTaskImpl$$Lambda$75+0x00000008002ad800.call()Ljava/lang/Object;+4 jdk.compiler@19.0.2
j  com.sun.tools.javac.api.JavacTaskImpl.invocationHelper(Ljava/util/concurrent/Callable;)Lcom/sun/tools/javac/util/Pair;+20 jdk.compiler@19.0.2
j  com.sun.tools.javac.api.JavacTaskImpl.doCall()Lcom/sun/tools/javac/main/Main$Result;+7 jdk.compiler@19.0.2
j  com.sun.tools.javac.api.JavacTaskImpl.call()Ljava/lang/Boolean;+1 jdk.compiler@19.0.2
j  org.codehaus.plexus.compiler.javac.JavaxToolsCompiler.compileInProcess([Ljava/lang/String;Lorg/codehaus/plexus/compiler/CompilerConfiguration;[Ljava/lang/String;)Lorg/codehaus/plexus/compiler/CompilerResult;+136
j  org.codehaus.plexus.compiler.javac.JavacCompiler.performCompile(Lorg/codehaus/plexus/compiler/CompilerConfiguration;)Lorg/codehaus/plexus/compiler/CompilerResult;+234
j  org.apache.maven.plugin.compiler.AbstractCompilerMojo.execute()V+3225
j  org.apache.maven.plugin.compiler.CompilerMojo.execute()V+44
j  org.apache.maven.plugin.DefaultBuildPluginManager.executeMojo(Lorg/apache/maven/execution/MavenSession;Lorg/apache/maven/plugin/MojoExecution;)V+152
j  org.apache.maven.lifecycle.internal.MojoExecutor.doExecute2(Lorg/apache/maven/execution/MavenSession;Lorg/apache/maven/plugin/MojoExecution;)V+20
j  org.apache.maven.lifecycle.internal.MojoExecutor.doExecute(Lorg/apache/maven/execution/MavenSession;Lorg/apache/maven/plugin/MojoExecution;Lorg/apache/maven/lifecycle/internal/ProjectIndex;Lorg/apache/maven/lifecycle/internal/DependencyContext;)V+43
j  org.apache.maven.lifecycle.internal.MojoExecutor.execute(Lorg/apache/maven/execution/MavenSession;Lorg/apache/maven/plugin/MojoExecution;Lorg/apache/maven/lifecycle/internal/ProjectIndex;Lorg/apache/maven/lifecycle/internal/DependencyContext;)V+183
j  org.apache.maven.lifecycle.internal.MojoExecutor.execute(Lorg/apache/maven/execution/MavenSession;Lorg/apache/maven/plugin/MojoExecution;Lorg/apache/maven/lifecycle/internal/ProjectIndex;Lorg/apache/maven/lifecycle/internal/DependencyContext;Lorg/apache/maven/lifecycle/internal/PhaseRecorder;)V+6
j  org.apache.maven.lifecycle.internal.MojoExecutor.execute(Lorg/apache/maven/execution/MavenSession;Ljava/util/List;Lorg/apache/maven/lifecycle/internal/ProjectIndex;)V+60
j  org.apache.maven.lifecycle.internal.LifecycleModuleBuilder.buildProject(Lorg/apache/maven/execution/MavenSession;Lorg/apache/maven/execution/MavenSession;Lorg/apache/maven/lifecycle/internal/ReactorContext;Lorg/apache/maven/project/MavenProject;Lorg/apache/maven/lifecycle/internal/TaskSegment;)V+179
j  org.apache.maven.lifecycle.internal.LifecycleModuleBuilder.buildProject(Lorg/apache/maven/execution/MavenSession;Lorg/apache/maven/lifecycle/internal/ReactorContext;Lorg/apache/maven/project/MavenProject;Lorg/apache/maven/lifecycle/internal/TaskSegment;)V+7
j  org.apache.maven.lifecycle.internal.builder.singlethreaded.SingleThreadedBuilder.build(Lorg/apache/maven/execution/MavenSession;Lorg/apache/maven/lifecycle/internal/ReactorContext;Lorg/apache/maven/lifecycle/internal/ProjectBuildList;Ljava/util/List;Lorg/apache/maven/lifecycle/internal/ReactorBuildStatus;)V+77
j  org.apache.maven.lifecycle.internal.LifecycleStarter.execute(Lorg/apache/maven/execution/MavenSession;)V+348
j  org.apache.maven.DefaultMaven.doExecute(Lorg/apache/maven/execution/MavenExecutionRequest;Lorg/apache/maven/execution/MavenSession;Lorg/apache/maven/execution/MavenExecutionResult;Lorg/eclipse/aether/DefaultRepositorySystemSession;)Lorg/apache/maven/execution/MavenExecutionResult;+418
j  org.apache.maven.DefaultMaven.doExecute(Lorg/apache/maven/execution/MavenExecutionRequest;)Lorg/apache/maven/execution/MavenExecutionResult;+98
j  org.apache.maven.DefaultMaven.execute(Lorg/apache/maven/execution/MavenExecutionRequest;)Lorg/apache/maven/execution/MavenExecutionResult;+2
j  org.apache.maven.cli.MavenCli.execute(Lorg/apache/maven/cli/CliRequest;)I+27
j  org.apache.maven.cli.MavenCli.doMain(Lorg/apache/maven/cli/CliRequest;)I+71
j  org.apache.maven.cli.MavenCli.main([Ljava/lang/String;Lorg/codehaus/plexus/classworlds/ClassWorld;)I+24
j  java.lang.invoke.DirectMethodHandle$Holder.invokeStatic(Ljava/lang/Object;Ljava/lang/Object;Ljava/lang/Object;)I+11 java.base@19.0.2
j  java.lang.invoke.LambdaForm$MH+0x000000080008f000.invoke(Ljava/lang/Object;Ljava/lang/Object;Ljava/lang/Object;Ljava/lang/Object;)Ljava/lang/Object;+54 java.base@19.0.2
j  java.lang.invoke.LambdaForm$MH+0x000000080008f400.invokeExact_MT(Ljava/lang/Object;Ljava/lang/Object;Ljava/lang/Object;Ljava/lang/Object;Ljava/lang/Object;)Ljava/lang/Object;+22 java.base@19.0.2
j  jdk.internal.reflect.DirectMethodHandleAccessor.invokeImpl(Ljava/lang/Object;[Ljava/lang/Object;)Ljava/lang/Object;+72 java.base@19.0.2
j  jdk.internal.reflect.DirectMethodHandleAccessor.invoke(Ljava/lang/Object;[Ljava/lang/Object;)Ljava/lang/Object;+23 java.base@19.0.2
j  java.lang.reflect.Method.invoke(Ljava/lang/Object;[Ljava/lang/Object;)Ljava/lang/Object;+102 java.base@19.0.2
j  org.codehaus.plexus.classworlds.launcher.Launcher.launchEnhanced([Ljava/lang/String;)V+45
j  org.codehaus.plexus.classworlds.launcher.Launcher.launch([Ljava/lang/String;)V+2
j  org.codehaus.plexus.classworlds.launcher.Launcher.mainWithExitCode([Ljava/lang/String;)I+101
j  org.codehaus.plexus.classworlds.launcher.Launcher.main([Ljava/lang/String;)V+1
j  java.lang.invoke.LambdaForm$DMH+0x0000000800082000.invokeStatic(Ljava/lang/Object;Ljava/lang/Object;)V+10 java.base@19.0.2
j  java.lang.invoke.LambdaForm$MH+0x0000000800083400.invoke(Ljava/lang/Object;Ljava/lang/Object;Ljava/lang/Object;)Ljava/lang/Object;+33 java.base@19.0.2
j  java.lang.invoke.Invokers$Holder.invokeExact_MT(Ljava/lang/Object;Ljava/lang/Object;Ljava/lang/Object;Ljava/lang/Object;)Ljava/lang/Object;+20 java.base@19.0.2
j  jdk.internal.reflect.DirectMethodHandleAccessor.invokeImpl(Ljava/lang/Object;[Ljava/lang/Object;)Ljava/lang/Object;+55 java.base@19.0.2
j  jdk.internal.reflect.DirectMethodHandleAccessor.invoke(Ljava/lang/Object;[Ljava/lang/Object;)Ljava/lang/Object;+23 java.base@19.0.2
j  java.lang.reflect.Method.invoke(Ljava/lang/Object;[Ljava/lang/Object;)Ljava/lang/Object;+102 java.base@19.0.2
j  org.apache.maven.wrapper.BootstrapMainStarter.start([Ljava/lang/String;Ljava/nio/file/Path;)V+124
j  org.apache.maven.wrapper.WrapperExecutor.execute([Ljava/lang/String;Lorg/apache/maven/wrapper/Installer;Lorg/apache/maven/wrapper/BootstrapMainStarter;)V+14
j  org.apache.maven.wrapper.MavenWrapperMain.main([Ljava/lang/String;)V+104
v  ~StubRoutines::call_stub 0x00007f7c93e5fcc6

siginfo: si_signo: 11 (SIGSEGV), si_code: 1 (SEGV_MAPERR), si_addr: 0x0000000000000100

Registers:
RAX=0x0000000000000000, RBX=0x00007f7be4001c20, RCX=0x0000000000000000, RDX=0x00007f7cab0b4bd0
RSP=0x00007f7c4e2ed590, RBP=0x00007f7c4e2ed620, RSI=0x0000000000000003, RDI=0x0000000000001864
R8 =0x0000000000000000, R9 =0x0000000000000001, R10=0x73616c632e726f74, R11=0x0000000000000000
R12=0x0000000614c52615, R13=0x00000006190a6068, R14=0x00007f7cac226f55, R15=0x00007f7cac1def10
RIP=0x00007f7cab5bda6e, EFLAGS=0x0000000000010246, CSGSFS=0x002b000000000033, ERR=0x0000000000000004
  TRAPNO=0x000000000000000e


Register to memory mapping:

RAX=0x0 is NULL
RBX=0x00007f7be4001c20 points into unknown readable memory: 0x00007f7cac11ab20 | 20 ab 11 ac 7c 7f 00 00
RCX=0x0 is NULL
RDX=0x00007f7cab0b4bd0: <offset 0x00000000002b4bd0> in /usr/lib/jvm/java-19-openjdk/lib/server/libjvm.so at 0x00007f7caae00000
RSP=0x00007f7c4e2ed590 points into unknown readable memory: 0x00007f7be4001c20 | 20 1c 00 e4 7b 7f 00 00
RBP=0x00007f7c4e2ed620 points into unknown readable memory: 0x00007f7c4e2ed680 | 80 d6 2e 4e 7c 7f 00 00
RSI=0x0000000000000003 is an unknown value
RDI=0x0000000000001864 is an unknown value
R8 =0x0 is NULL
R9 =0x0000000000000001 is an unknown value
R10=0x73616c632e726f74 is an unknown value
R11=0x0 is NULL
R12=0x0000000614c52615 is pointing into object: java.util.HashMap$Node 
{0x0000000614c52600} - klass: 'java/util/HashMap$Node'
 - ---- fields (total size 4 words):
 - final 'hash' 'I' @12  -67856510 (fbf49782)
 - final 'key' 'Ljava/lang/Object;' @16  a 'com/sun/tools/javac/file/RelativePath$RelativeDirectory'{0x0000000614c52620} (c298a4c4)
 - 'value' 'Ljava/lang/Object;' @20  
[error occurred during error reporting (printing register info), id 0xb, SIGSEGV (0xb) at pc=0x00007f7cabadb4a4]

Top of Stack: (sp=0x00007f7c4e2ed590)
0x00007f7c4e2ed590:   00007f7be4001c20 0000007be4001da0
0x00007f7c4e2ed5a0:   0000000614c52000 0000000000000001
0x00007f7c4e2ed5b0:   0000000000000009 00007f7ca40c1190
0x00007f7c4e2ed5c0:   0000000600000000 0000000800000073 

Instructions: (pc=0x00007f7cab5bda6e)
0x00007f7cab5bd96e:   8b 5d a8 4d 89 fb e9 90 de ff ff 48 8b 7d a8 49
0x00007f7cab5bd97e:   89 de 4c 8b 45 a0 4d 89 fb 48 8b 5d 98 48 8b 07
0x00007f7cab5bd98e:   44 8b 57 08 e9 13 d8 ff ff 49 8b 95 80 01 00 00
0x00007f7cab5bd99e:   89 ce 4c 89 24 f2 8d 51 01 81 e2 ff ff 01 00 41
0x00007f7cab5bd9ae:   89 95 80 00 00 00 e9 27 fc ff ff 4c 8b 4d b8 48
0x00007f7cab5bd9be:   8b 5d a8 4d 89 fb 4d 89 ee e9 3d de ff ff 4c 89
0x00007f7cab5bd9ce:   45 b8 31 d2 be 05 00 00 00 bf 18 02 00 00 67 e8
0x00007f7cab5bd9de:   ce 96 c3 ff 4c 8b 45 b8 48 85 c0 48 89 c1 74 1d
0x00007f7cab5bd9ee:   48 89 80 00 02 00 00 48 c7 80 08 02 00 00 00 00
0x00007f7cab5bd9fe:   00 00 48 c7 80 10 02 00 00 00 00 00 00 49 81 00
0x00007f7cab5bda0e:   18 02 00 00 49 89 48 18 48 8b 81 00 02 00 00 e9
0x00007f7cab5bda1e:   0a ee ff ff 74 3d b8 0c 00 00 00 48 8d 15 5c 1f
0x00007f7cab5bda2e:   c2 00 49 63 74 05 00 89 c8 c1 f8 10 8b 12 48 d3
0x00007f7cab5bda3e:   e6 0f b6 c0 8d 4a ff 48 63 c9 48 01 c8 4c 8d 1c
0x00007f7cab5bda4e:   06 89 d0 f7 d8 48 98 49 21 c3 49 c1 eb 03 e9 09
0x00007f7cab5bda5e:   e9 ff ff 48 8b 00 48 8d 15 65 71 af ff 45 31 db
0x00007f7cab5bda6e:   48 8b 80 00 01 00 00 48 39 d0 0f 84 ec e8 ff ff
0x00007f7cab5bda7e:   4c 89 55 98 48 8b 7d a8 4c 89 ee 44 88 45 a0 44
0x00007f7cab5bda8e:   88 4d b8 ff d0 4c 8b 55 98 44 0f b6 45 a0 44 0f
0x00007f7cab5bda9e:   b6 4d b8 49 89 c3 e9 c1 e8 ff ff 74 3d b8 0c 00
0x00007f7cab5bdaae:   00 00 48 8d 35 d5 1e c2 00 49 63 7c 05 00 89 c8
0x00007f7cab5bdabe:   c1 f8 10 8b 36 48 d3 e7 0f b6 c0 8d 4e ff 48 63
0x00007f7cab5bdace:   c9 48 01 c8 4c 8d 1c 07 89 f0 f7 d8 48 98 49 21
0x00007f7cab5bdade:   c3 49 c1 eb 03 e9 65 e7 ff ff 48 8b 00 48 8d 0d
0x00007f7cab5bdaee:   de 70 af ff 45 31 db 48 8b 80 00 01 00 00 48 39
0x00007f7cab5bdafe:   c8 0f 84 48 e7 ff ff 4c 89 55 a0 48 8b 7d b8 4c
0x00007f7cab5bdb0e:   89 ee 88 55 a8 ff d0 4c 8b 55 a0 0f b6 55 a8 49
0x00007f7cab5bdb1e:   89 c3 e9 28 e7 ff ff 41 80 3e 00 0f 84 43 04 00
0x00007f7cab5bdb2e:   00 48 8d 15 ca 13 c2 00 41 8b 47 08 8b 4a 08 48
0x00007f7cab5bdb3e:   d3 e0 48 03 02 83 78 0c 04 75 18 48 8d 05 cc b4
0x00007f7cab5bdb4e:   c6 00 48 63 00 4c 01 f8 0f b6 00 a8 08 0f 84 2a
0x00007f7cab5bdb5e:   14 00 00 48 8d 05 80 85 c8 00 48 8b 7d b8 4c 8d 


Stack slot to memory mapping:
stack at sp + 0 slots: 0x00007f7be4001c20 points into unknown readable memory: 0x00007f7cac11ab20 | 20 ab 11 ac 7c 7f 00 00
stack at sp + 1 slots: 0x0000007be4001da0 is an unknown value
stack at sp + 2 slots: 0x0000000614c52000 is an oop: [B 
{0x0000000614c52000} - klass: {type array byte}
 - length: 52
stack at sp + 3 slots: 0x0000000000000001 is an unknown value
stack at sp + 4 slots: 0x0000000000000009 is an unknown value
stack at sp + 5 slots: 0x00007f7ca40c1190 points into unknown readable memory: 0x0000000619000000 | 00 00 00 19 06 00 00 00
stack at sp + 6 slots: 0x0000000600000000 is an unknown value
stack at sp + 7 slots: 0x0000000800000073 is pointing into metadata


---------------  P R O C E S S  ---------------

Threads class SMR info:
_java_thread_list=0x00007f7c38267e40, length=21, elements={
0x00007f7ca40158a0, 0x00007f7ca41c5520, 0x00007f7ca41c6a30, 0x00007f7ca41c8140,
0x00007f7ca41c94f0, 0x00007f7ca41ca890, 0x00007f7ca41cc2d0, 0x00007f7ca41cd860,
0x00007f7ca41ced30, 0x00007f7c3804d720, 0x00007f7c30001160, 0x00007f7ca4271770,
0x00007f7ca427d2a0, 0x00007f7c38081ba0, 0x00007f7c34092dc0, 0x00007f7c44176720,
0x00007f7c38261c60, 0x00007f7c382630d0, 0x00007f7c382646c0, 0x00007f7c382658d0,
0x00007f7c38266a10
}

Java Threads: ( => current thread )
  0x00007f7ca40158a0 JavaThread "main" [_thread_blocked, id=299739, stack(0x00007f7caa900000,0x00007f7caaa00000)]
  0x00007f7ca41c5520 JavaThread "Reference Handler" daemon [_thread_blocked, id=299746, stack(0x00007f7c7851a000,0x00007f7c7861a000)]
  0x00007f7ca41c6a30 JavaThread "Finalizer" daemon [_thread_blocked, id=299747, stack(0x00007f7c78100000,0x00007f7c78200000)]
  0x00007f7ca41c8140 JavaThread "Signal Dispatcher" daemon [_thread_blocked, id=299748, stack(0x00007f7c78000000,0x00007f7c78100000)]
  0x00007f7ca41c94f0 JavaThread "Service Thread" daemon [_thread_blocked, id=299749, stack(0x00007f7c4ff00000,0x00007f7c50000000)]
  0x00007f7ca41ca890 JavaThread "Monitor Deflation Thread" daemon [_thread_blocked, id=299750, stack(0x00007f7c4fe00000,0x00007f7c4ff00000)]
  0x00007f7ca41cc2d0 JavaThread "C2 CompilerThread0" daemon [_thread_blocked, id=299751, stack(0x00007f7c4fd00000,0x00007f7c4fe00000)]
  0x00007f7ca41cd860 JavaThread "C1 CompilerThread0" daemon [_thread_blocked, id=299752, stack(0x00007f7c4fc00000,0x00007f7c4fd00000)]
  0x00007f7ca41ced30 JavaThread "Sweeper thread" daemon [_thread_blocked, id=299753, stack(0x00007f7c4fb00000,0x00007f7c4fc00000)]
  0x00007f7c3804d720 JavaThread "C1 CompilerThread1" daemon [_thread_blocked, id=299754, stack(0x00007f7c4fa00000,0x00007f7c4fb00000)]
  0x00007f7c30001160 JavaThread "C1 CompilerThread2" daemon [_thread_blocked, id=299755, stack(0x00007f7c4f900000,0x00007f7c4fa00000)]
  0x00007f7ca4271770 JavaThread "Notification Thread" daemon [_thread_blocked, id=299756, stack(0x00007f7c4f800000,0x00007f7c4f900000)]
  0x00007f7ca427d2a0 JavaThread "Common-Cleaner" daemon [_thread_blocked, id=299758, stack(0x00007f7c4f5fe000,0x00007f7c4f6fe000)]
  0x00007f7c38081ba0 JavaThread "C2 CompilerThread1" daemon [_thread_blocked, id=299759, stack(0x00007f7c4f4fe000,0x00007f7c4f5fe000)]
  0x00007f7c34092dc0 JavaThread "C1 CompilerThread3" daemon [_thread_blocked, id=299760, stack(0x00007f7c4f100000,0x00007f7c4f200000)]
  0x00007f7c44176720 JavaThread "C2 CompilerThread2" daemon [_thread_blocked, id=299761, stack(0x00007f7c4f000000,0x00007f7c4f100000)]
  0x00007f7c38261c60 JavaThread "C2 CompilerThread3" daemon [_thread_blocked, id=299762, stack(0x00007f7c4ef00000,0x00007f7c4f000000)]
  0x00007f7c382630d0 JavaThread "C2 CompilerThread4" daemon [_thread_blocked, id=299763, stack(0x00007f7c4ee00000,0x00007f7c4ef00000)]
  0x00007f7c382646c0 JavaThread "C2 CompilerThread5" daemon [_thread_blocked, id=299764, stack(0x00007f7c4ed00000,0x00007f7c4ee00000)]
  0x00007f7c382658d0 JavaThread "C2 CompilerThread6" daemon [_thread_blocked, id=299765, stack(0x00007f7c4ec00000,0x00007f7c4ed00000)]
  0x00007f7c38266a10 JavaThread "C2 CompilerThread7" daemon [_thread_blocked, id=299766, stack(0x00007f7c4eb00000,0x00007f7c4ec00000)]

Other Threads:
  0x00007f7ca4185b80 VMThread "VM Thread" [stack: 0x00007f7c7861c000,0x00007f7c7871c000] [id=299745]
  0x00007f7ca42730f0 WatcherThread "VM Periodic Task Thread" [stack: 0x00007f7c4f700000,0x00007f7c4f800000] [id=299757]
  0x00007f7ca4048ee0 WorkerThread "GC Thread#0" [stack: 0x00007f7ca88bd000,0x00007f7ca89bd000] [id=299740]
  0x00007f7c58008770 WorkerThread "GC Thread#1" [stack: 0x00007f7c4ea00000,0x00007f7c4eb00000] [id=299767]
  0x00007f7c580091b0 WorkerThread "GC Thread#2" [stack: 0x00007f7c4e8fe000,0x00007f7c4e9fe000] [id=299768]
  0x00007f7c58009bf0 WorkerThread "GC Thread#3" [stack: 0x00007f7c4e7fc000,0x00007f7c4e8fc000] [id=299769]
  0x00007f7c5800a630 WorkerThread "GC Thread#4" [stack: 0x00007f7c4e6fa000,0x00007f7c4e7fa000] [id=299770]
  0x00007f7c5800b070 WorkerThread "GC Thread#5" [stack: 0x00007f7c4e5f8000,0x00007f7c4e6f8000] [id=299771]
  0x00007f7c5800bea0 WorkerThread "GC Thread#6" [stack: 0x00007f7c4e4f6000,0x00007f7c4e5f6000] [id=299772]
  0x00007f7c5800ccd0 WorkerThread "GC Thread#7" [stack: 0x00007f7c4e3f4000,0x00007f7c4e4f4000] [id=299773]
  0x00007f7c5800db20 WorkerThread "GC Thread#8" [stack: 0x00007f7c4e2f2000,0x00007f7c4e3f2000] [id=299774]
=>0x00007f7c5800e990 WorkerThread "GC Thread#9" [stack: 0x00007f7c4e1f0000,0x00007f7c4e2f0000] [id=299775]
  0x00007f7c5800f800 WorkerThread "GC Thread#10" [stack: 0x00007f7c4e0ee000,0x00007f7c4e1ee000] [id=299776]
  0x00007f7c58010670 WorkerThread "GC Thread#11" [stack: 0x00007f7c4dfec000,0x00007f7c4e0ec000] [id=299777]
  0x00007f7c580192e0 WorkerThread "GC Thread#12" [stack: 0x00007f7c4dce6000,0x00007f7c4dde6000] [id=299787]
  0x00007f7ca4059f70 ConcurrentGCThread "G1 Main Marker" [stack: 0x00007f7ca87bb000,0x00007f7ca88bb000] [id=299741]
  0x00007f7ca405ae90 WorkerThread "G1 Conc#0" [stack: 0x00007f7ca86b9000,0x00007f7ca87b9000] [id=299742]
  0x00007f7c6c000d80 WorkerThread "G1 Conc#1" [stack: 0x00007f7c4deea000,0x00007f7c4dfea000] [id=299785]
  0x00007f7c6c0017d0 WorkerThread "G1 Conc#2" [stack: 0x00007f7c4dde8000,0x00007f7c4dee8000] [id=299786]
  0x00007f7ca4000e00 ConcurrentGCThread "G1 Refine#0" [stack: 0x00007f7c78972000,0x00007f7c78a72000] [id=299743]
  0x00007f7ca40fea20 ConcurrentGCThread "G1 Service" [stack: 0x00007f7c78870000,0x00007f7c78970000] [id=299744]

Threads with active compile tasks:
C2 CompilerThread2     1987 6407       4       com.sun.tools.javac.code.Scope$ScopeImpl::enter (108 bytes)

VM state: at safepoint (normal execution)

VM Mutex/Monitor currently owned by a thread:  ([mutex/lock_event])
[0x00007f7ca4014440] Threads_lock - owner thread: 0x00007f7ca4185b80
[0x00007f7ca40144f0] Heap_lock - owner thread: 0x00007f7ca40158a0

Heap address: 0x000000060b800000, size: 8008 MB, Compressed Oops mode: Zero based, Oop shift amount: 3

CDS archive(s) not mapped
Compressed class space mapped at: 0x0000000800000000-0x0000000840000000, reserved size: 1073741824
Narrow klass base: 0x0000000800000000, Narrow klass shift: 0, Narrow klass range: 0x40000000

GC Precious Log:
 CardTable entry size: 512
 Card Set container configuration: InlinePtr #cards 4 size 8 Array Of Cards #cards 32 size 80 Howl #buckets 8 coarsen threshold 7372 Howl Bitmap #cards 1024 size 144 coarsen threshold 921 Card regions per heap region 1 cards per card region 8192
 CPUs: 16 total, 16 available
 Memory: 32024M
 Large Page Support: Disabled
 NUMA Support: Disabled
 Compressed Oops: Enabled (Zero based)
 Heap Region Size: 4M
 Heap Min Capacity: 8M
 Heap Initial Capacity: 504M
 Heap Max Capacity: 8008M
 Pre-touch: Disabled
 Parallel Workers: 13
 Concurrent Workers: 3
 Concurrent Refinement Workers: 13
 Periodic GC: Disabled

Heap:
 garbage-first heap   total 286720K, used 159558K [0x000000060b800000, 0x0000000800000000)
  region size 4096K, 34 young (139264K), 6 survivors (24576K)
 Metaspace       used 35646K, committed 35968K, reserved 1114112K
  class space    used 3561K, committed 3712K, reserved 1048576K

Heap Regions: E=young(eden), S=young(survivor), O=old, HS=humongous(starts), HC=humongous(continues), CS=collection set, F=free, OA=open archive, CA=closed archive, TAMS=top-at-mark-start (previous, next)
|   0|0x000000060b800000, 0x000000060bc00000, 0x000000060bc00000|100%| O|  |TAMS 0x000000060b800000, 0x000000060bc00000| Untracked 
|   1|0x000000060bc00000, 0x000000060c000000, 0x000000060c000000|100%| O|  |TAMS 0x000000060bc00000, 0x000000060c000000| Untracked 
|   2|0x000000060c000000, 0x000000060c1fce00, 0x000000060c400000| 49%| O|  |TAMS 0x000000060c000000, 0x000000060c1fce00| Untracked 
|   3|0x000000060c400000, 0x000000060c800000, 0x000000060c800000|100%|HS|  |TAMS 0x000000060c400000, 0x000000060c800000| Complete 
|   4|0x000000060c800000, 0x000000060cc00000, 0x000000060cc00000|100%|HC|  |TAMS 0x000000060c800000, 0x000000060cc00000| Complete 
|   5|0x000000060cc00000, 0x000000060cc00000, 0x000000060d000000|  0%| F|  |TAMS 0x000000060cc00000, 0x000000060cc00000| Untracked 
|   6|0x000000060d000000, 0x000000060d000000, 0x000000060d400000|  0%| F|  |TAMS 0x000000060d000000, 0x000000060d000000| Untracked 
|   7|0x000000060d400000, 0x000000060d642940, 0x000000060d800000| 56%| E|CS|TAMS 0x000000060d400000, 0x000000060d642940| Complete 
|   8|0x000000060d800000, 0x000000060dc00000, 0x000000060dc00000|100%|HS|  |TAMS 0x000000060d800000, 0x000000060dc00000| Complete 
|   9|0x000000060dc00000, 0x000000060e000000, 0x000000060e000000|100%|HC|  |TAMS 0x000000060dc00000, 0x000000060e000000| Complete 
|  10|0x000000060e000000, 0x000000060e400000, 0x000000060e400000|100%|HC|  |TAMS 0x000000060e000000, 0x000000060e400000| Complete 
|  11|0x000000060e400000, 0x000000060e800000, 0x000000060e800000|100%|HS|  |TAMS 0x000000060e400000, 0x000000060e800000| Complete 
|  12|0x000000060e800000, 0x000000060ec00000, 0x000000060ec00000|100%|HC|  |TAMS 0x000000060e800000, 0x000000060ec00000| Complete 
|  13|0x000000060ec00000, 0x000000060f000000, 0x000000060f000000|100%|HC|  |TAMS 0x000000060ec00000, 0x000000060f000000| Complete 
|  14|0x000000060f000000, 0x000000060f000000, 0x000000060f400000|  0%| F|  |TAMS 0x000000060f000000, 0x000000060f000000| Untracked 
|  15|0x000000060f400000, 0x000000060f400000, 0x000000060f800000|  0%| F|  |TAMS 0x000000060f400000, 0x000000060f400000| Untracked 
|  16|0x000000060f800000, 0x000000060f800000, 0x000000060fc00000|  0%| F|  |TAMS 0x000000060f800000, 0x000000060f800000| Untracked 
|  17|0x000000060fc00000, 0x000000060fc00000, 0x0000000610000000|  0%| F|  |TAMS 0x000000060fc00000, 0x000000060fc00000| Untracked 
|  18|0x0000000610000000, 0x0000000610000000, 0x0000000610400000|  0%| F|  |TAMS 0x0000000610000000, 0x0000000610000000| Untracked 
|  19|0x0000000610400000, 0x0000000610400000, 0x0000000610800000|  0%| F|  |TAMS 0x0000000610400000, 0x0000000610400000| Untracked 
|  20|0x0000000610800000, 0x0000000610800000, 0x0000000610c00000|  0%| F|  |TAMS 0x0000000610800000, 0x0000000610800000| Untracked 
|  21|0x0000000610c00000, 0x0000000610c00000, 0x0000000611000000|  0%| F|  |TAMS 0x0000000610c00000, 0x0000000610c00000| Untracked 
|  22|0x0000000611000000, 0x0000000611000000, 0x0000000611400000|  0%| F|  |TAMS 0x0000000611000000, 0x0000000611000000| Untracked 
|  23|0x0000000611400000, 0x0000000611400000, 0x0000000611800000|  0%| F|  |TAMS 0x0000000611400000, 0x0000000611400000| Untracked 
|  24|0x0000000611800000, 0x0000000611800000, 0x0000000611c00000|  0%| F|  |TAMS 0x0000000611800000, 0x0000000611800000| Untracked 
|  25|0x0000000611c00000, 0x0000000611c00000, 0x0000000612000000|  0%| F|  |TAMS 0x0000000611c00000, 0x0000000611c00000| Untracked 
|  26|0x0000000612000000, 0x0000000612000000, 0x0000000612400000|  0%| F|  |TAMS 0x0000000612000000, 0x0000000612000000| Untracked 
|  27|0x0000000612400000, 0x0000000612400000, 0x0000000612800000|  0%| F|  |TAMS 0x0000000612400000, 0x0000000612400000| Untracked 
|  28|0x0000000612800000, 0x0000000612800000, 0x0000000612c00000|  0%| F|  |TAMS 0x0000000612800000, 0x0000000612800000| Untracked 
|  29|0x0000000612c00000, 0x0000000612c00000, 0x0000000613000000|  0%| F|  |TAMS 0x0000000612c00000, 0x0000000612c00000| Untracked 
|  30|0x0000000613000000, 0x0000000613000000, 0x0000000613400000|  0%| F|  |TAMS 0x0000000613000000, 0x0000000613000000| Untracked 
|  31|0x0000000613400000, 0x0000000613400000, 0x0000000613800000|  0%| F|  |TAMS 0x0000000613400000, 0x0000000613400000| Untracked 
|  32|0x0000000613800000, 0x0000000613800000, 0x0000000613c00000|  0%| F|  |TAMS 0x0000000613800000, 0x0000000613800000| Untracked 
|  33|0x0000000613c00000, 0x0000000613c00000, 0x0000000614000000|  0%| F|  |TAMS 0x0000000613c00000, 0x0000000613c00000| Untracked 
|  34|0x0000000614000000, 0x0000000614000000, 0x0000000614400000|  0%| F|  |TAMS 0x0000000614000000, 0x0000000614000000| Untracked 
|  35|0x0000000614400000, 0x0000000614400000, 0x0000000614800000|  0%| F|  |TAMS 0x0000000614400000, 0x0000000614400000| Untracked 
|  36|0x0000000614800000, 0x0000000614af49b8, 0x0000000614c00000| 73%| S|  |TAMS 0x0000000614800000, 0x0000000614800000| Complete 
|  37|0x0000000614c00000, 0x0000000615000000, 0x0000000615000000|100%| S|  |TAMS 0x0000000614c00000, 0x0000000614c00000| Complete 
|  38|0x0000000615000000, 0x0000000615400000, 0x0000000615400000|100%| S|  |TAMS 0x0000000615000000, 0x0000000615000000| Complete 
|  39|0x0000000615400000, 0x0000000615800000, 0x0000000615800000|100%| S|  |TAMS 0x0000000615400000, 0x0000000615400000| Complete 
|  40|0x0000000615800000, 0x0000000615c00000, 0x0000000615c00000|100%| S|  |TAMS 0x0000000615800000, 0x0000000615800000| Complete 
|  41|0x0000000615c00000, 0x0000000616000000, 0x0000000616000000|100%| S|  |TAMS 0x0000000615c00000, 0x0000000615c00000| Complete 
|  42|0x0000000616000000, 0x0000000616392300, 0x0000000616400000| 89%| E|CS|TAMS 0x0000000616000000, 0x0000000616392300| Complete 
|  43|0x0000000616400000, 0x0000000616800000, 0x0000000616800000|100%| E|CS|TAMS 0x0000000616400000, 0x0000000616800000| Complete 
|  44|0x0000000616800000, 0x0000000616c00000, 0x0000000616c00000|100%| E|CS|TAMS 0x0000000616800000, 0x0000000616c00000| Complete 
|  45|0x0000000616c00000, 0x0000000617000000, 0x0000000617000000|100%| E|CS|TAMS 0x0000000616c00000, 0x0000000617000000| Complete 
|  46|0x0000000617000000, 0x0000000617400000, 0x0000000617400000|100%| E|CS|TAMS 0x0000000617000000, 0x0000000617400000| Complete 
|  47|0x0000000617400000, 0x0000000617800000, 0x0000000617800000|100%| E|CS|TAMS 0x0000000617400000, 0x0000000617800000| Complete 
|  48|0x0000000617800000, 0x0000000617c00000, 0x0000000617c00000|100%| E|CS|TAMS 0x0000000617800000, 0x0000000617c00000| Complete 
|  49|0x0000000617c00000, 0x0000000618000000, 0x0000000618000000|100%| E|CS|TAMS 0x0000000617c00000, 0x0000000618000000| Complete 
|  50|0x0000000618000000, 0x0000000618400000, 0x0000000618400000|100%| E|CS|TAMS 0x0000000618000000, 0x0000000618400000| Complete 
|  51|0x0000000618400000, 0x0000000618800000, 0x0000000618800000|100%| E|CS|TAMS 0x0000000618400000, 0x0000000618800000| Complete 
|  52|0x0000000618800000, 0x0000000618c00000, 0x0000000618c00000|100%| E|CS|TAMS 0x0000000618800000, 0x0000000618c00000| Complete 
|  53|0x0000000618c00000, 0x0000000619000000, 0x0000000619000000|100%| E|CS|TAMS 0x0000000618c00000, 0x0000000619000000| Complete 
|  54|0x0000000619000000, 0x0000000619400000, 0x0000000619400000|100%| E|CS|TAMS 0x0000000619000000, 0x0000000619400000| Complete 
|  55|0x0000000619400000, 0x0000000619800000, 0x0000000619800000|100%| E|CS|TAMS 0x0000000619400000, 0x0000000619800000| Complete 
|  56|0x0000000619800000, 0x0000000619c00000, 0x0000000619c00000|100%| E|CS|TAMS 0x0000000619800000, 0x0000000619c00000| Complete 
|  57|0x0000000619c00000, 0x000000061a000000, 0x000000061a000000|100%| E|CS|TAMS 0x0000000619c00000, 0x000000061a000000| Complete 
|  58|0x000000061a000000, 0x000000061a400000, 0x000000061a400000|100%| E|CS|TAMS 0x000000061a000000, 0x000000061a400000| Complete 
|  59|0x000000061a400000, 0x000000061a800000, 0x000000061a800000|100%| E|CS|TAMS 0x000000061a400000, 0x000000061a800000| Complete 
|  60|0x000000061a800000, 0x000000061ac00000, 0x000000061ac00000|100%| E|CS|TAMS 0x000000061a800000, 0x000000061ac00000| Complete 
|  61|0x000000061ac00000, 0x000000061b000000, 0x000000061b000000|100%| E|CS|TAMS 0x000000061ac00000, 0x000000061b000000| Complete 
|  62|0x000000061b000000, 0x000000061b400000, 0x000000061b400000|100%| E|CS|TAMS 0x000000061b000000, 0x000000061b400000| Complete 
|  63|0x000000061b400000, 0x000000061b800000, 0x000000061b800000|100%| E|CS|TAMS 0x000000061b400000, 0x000000061b800000| Complete 
|  64|0x000000061b800000, 0x000000061bc00000, 0x000000061bc00000|100%| E|CS|TAMS 0x000000061b800000, 0x000000061bc00000| Complete 
|  65|0x000000061bc00000, 0x000000061c000000, 0x000000061c000000|100%| E|CS|TAMS 0x000000061bc00000, 0x000000061c000000| Complete 
|  66|0x000000061c000000, 0x000000061c400000, 0x000000061c400000|100%| E|CS|TAMS 0x000000061c000000, 0x000000061c400000| Complete 
| 121|0x0000000629c00000, 0x000000062a000000, 0x000000062a000000|100%| E|CS|TAMS 0x0000000629c00000, 0x000000062a000000| Complete 
| 122|0x000000062a000000, 0x000000062a400000, 0x000000062a400000|100%| E|CS|TAMS 0x000000062a000000, 0x000000062a400000| Complete 
| 125|0x000000062ac00000, 0x000000062b000000, 0x000000062b000000|100%| E|CS|TAMS 0x000000062ac00000, 0x000000062b000000| Complete 

Card table byte_map: [0x00007f7c8ba5c000,0x00007f7c8ca00000] _byte_map_base: 0x00007f7c88a00000

Marking Bits (Prev, Next): (CMBitMap*) 0x00007f7ca40499b0, (CMBitMap*) 0x00007f7ca4049970
 Prev Bits: [0x00007f7c7b078000, 0x00007f7c82d98000)
 Next Bits: [0x00007f7c82d98000, 0x00007f7c8aab8000)

Polling page: 0x00007f7cac4ea000

Metaspace:

Usage:
  Non-class:     31.33 MB used.
      Class:      3.48 MB used.
       Both:     34.81 MB used.

Virtual space:
  Non-class space:       64.00 MB reserved,      31.50 MB ( 49%) committed,  1 nodes.
      Class space:        1.00 GB reserved,       3.62 MB ( <1%) committed,  1 nodes.
             Both:        1.06 GB reserved,      35.12 MB (  3%) committed. 

Chunk freelists:
   Non-Class:  80.00 KB
       Class:  320.00 KB
        Both:  400.00 KB

MaxMetaspaceSize: unlimited
CompressedClassSpaceSize: 1.00 GB
Initial GC threshold: 21.00 MB
Current GC threshold: 35.12 MB
CDS: off
MetaspaceReclaimPolicy: balanced
 - commit_granule_bytes: 65536.
 - commit_granule_words: 8192.
 - virtual_space_node_default_size: 8388608.
 - enlarge_chunks_in_place: 1.
 - new_chunks_are_fully_committed: 0.
 - uncommit_free_chunks: 1.
 - use_allocation_guard: 0.


Internal statistics:

num_allocs_failed_limit: 6.
num_arena_births: 338.
num_arena_deaths: 0.
num_vsnodes_births: 2.
num_vsnodes_deaths: 0.
num_space_committed: 562.
num_space_uncommitted: 0.
num_chunks_returned_to_freelist: 6.
num_chunks_taken_from_freelist: 1311.
num_chunk_merges: 6.
num_chunk_splits: 932.
num_chunks_enlarged: 719.
num_inconsistent_stats: 0.

CodeHeap 'non-profiled nmethods': size=119168Kb used=2825Kb max_used=3096Kb free=116343Kb
 bounds [0x00007f7c945a0000, 0x00007f7c948b0000, 0x00007f7c9ba00000]
CodeHeap 'profiled nmethods': size=119164Kb used=11545Kb max_used=12949Kb free=107618Kb
 bounds [0x00007f7c8ca00000, 0x00007f7c8d6b0000, 0x00007f7c93e5f000]
CodeHeap 'non-nmethods': size=7428Kb used=2979Kb max_used=3044Kb free=4448Kb
 bounds [0x00007f7c93e5f000, 0x00007f7c9415f000, 0x00007f7c945a0000]
 total_blobs=6069 nmethods=5551 adapters=426
 compilation: enabled
              stopped_count=0, restarted_count=0
 full_count=0

Compilation events (20 events):
Event: 1.974 Thread 0x00007f7c30001160 6433       1       com.sun.tools.javac.tree.TreeTranslator::visitIdent (6 bytes)
Event: 1.974 Thread 0x00007f7c30001160 nmethod 6433 0x00007f7c945e7410 code [0x00007f7c945e75a0, 0x00007f7c945e76b0]
Event: 1.974 Thread 0x00007f7c34092dc0 6434       3       com.sun.tools.javac.tree.TreeInfo::getStartPos (760 bytes)
Event: 1.974 Thread 0x00007f7c30001160 6435       3       com.sun.tools.javac.tree.JCTree::getStartPosition (5 bytes)
Event: 1.974 Thread 0x00007f7c3804d720 6436       3       com.sun.tools.javac.tree.TreeMaker::at (20 bytes)
Event: 1.974 Thread 0x00007f7c30001160 nmethod 6435 0x00007f7c8ce24c90 code [0x00007f7c8ce24e40, 0x00007f7c8ce24f60]
Event: 1.974 Thread 0x00007f7c30001160 6437       3       com.sun.tools.javac.comp.Lower::translate (47 bytes)
Event: 1.974 Thread 0x00007f7c3804d720 nmethod 6436 0x00007f7c8cf21d10 code [0x00007f7c8cf21ec0, 0x00007f7c8cf220e0]
Event: 1.974 Thread 0x00007f7c3804d720 6438       3       com.sun.tools.javac.comp.Lower::make_at (14 bytes)
Event: 1.974 Thread 0x00007f7c3804d720 nmethod 6438 0x00007f7c8d321a90 code [0x00007f7c8d321c40, 0x00007f7c8d321f60]
Event: 1.975 Thread 0x00007f7ca41cd860 nmethod 6430 0x00007f7c8cf4d190 code [0x00007f7c8cf4d560, 0x00007f7c8cf4f430]
Event: 1.975 Thread 0x00007f7c30001160 nmethod 6437 0x00007f7c8d007d90 code [0x00007f7c8d007fc0, 0x00007f7c8d008930]
Event: 1.975 Thread 0x00007f7ca41cd860 6439       3       com.sun.tools.javac.code.Type$JCVoidType::getTag (4 bytes)
Event: 1.975 Thread 0x00007f7ca41cd860 nmethod 6439 0x00007f7c8ce25d90 code [0x00007f7c8ce25f20, 0x00007f7c8ce26030]
Event: 1.975 Thread 0x00007f7c34092dc0 nmethod 6434 0x00007f7c8ca1a090 code [0x00007f7c8ca1a680, 0x00007f7c8ca1de20]
Event: 1.975 Thread 0x00007f7c30001160 6440       3       com.sun.tools.javac.jvm.Items$Item::<init> (15 bytes)
Event: 1.975 Thread 0x00007f7c30001160 nmethod 6440 0x00007f7c8d3b9190 code [0x00007f7c8d3b9340, 0x00007f7c8d3b9510]
Event: 1.976 Thread 0x00007f7c382646c0 nmethod 6330 0x00007f7c946cdd90 code [0x00007f7c946cdf60, 0x00007f7c946cf068]
Event: 1.976 Thread 0x00007f7c34092dc0 6441       3       com.sun.tools.javac.util.Bits::<init> (15 bytes)
Event: 1.976 Thread 0x00007f7c34092dc0 nmethod 6441 0x00007f7c8d48d090 code [0x00007f7c8d48d240, 0x00007f7c8d48d440]

GC Heap History (13 events):
Event: 0.314 GC heap before
{Heap before GC invocations=0 (full 0):
 garbage-first heap   total 516096K, used 24576K [0x000000060b800000, 0x0000000800000000)
  region size 4096K, 6 young (24576K), 0 survivors (0K)
 Metaspace       used 13849K, committed 13952K, reserved 1114112K
  class space    used 1295K, committed 1344K, reserved 1048576K
}
Event: 0.319 GC heap after
{Heap after GC invocations=1 (full 0):
 garbage-first heap   total 516096K, used 3736K [0x000000060b800000, 0x0000000800000000)
  region size 4096K, 1 young (4096K), 1 survivors (4096K)
 Metaspace       used 13849K, committed 13952K, reserved 1114112K
  class space    used 1295K, committed 1344K, reserved 1048576K
}
Event: 0.621 GC heap before
{Heap before GC invocations=1 (full 0):
 garbage-first heap   total 516096K, used 36504K [0x000000060b800000, 0x0000000800000000)
  region size 4096K, 9 young (36864K), 1 survivors (4096K)
 Metaspace       used 19325K, committed 19520K, reserved 1114112K
  class space    used 1961K, committed 2048K, reserved 1048576K
}
Event: 0.625 GC heap after
{Heap after GC invocations=2 (full 0):
 garbage-first heap   total 516096K, used 5692K [0x000000060b800000, 0x0000000800000000)
  region size 4096K, 2 young (8192K), 2 survivors (8192K)
 Metaspace       used 19325K, committed 19520K, reserved 1114112K
  class space    used 1961K, committed 2048K, reserved 1048576K
}
Event: 0.735 GC heap before
{Heap before GC invocations=2 (full 0):
 garbage-first heap   total 516096K, used 13884K [0x000000060b800000, 0x0000000800000000)
  region size 4096K, 5 young (20480K), 2 survivors (8192K)
 Metaspace       used 21273K, committed 21504K, reserved 1114112K
  class space    used 2153K, committed 2304K, reserved 1048576K
}
Event: 0.738 GC heap after
{Heap after GC invocations=3 (full 0):
 garbage-first heap   total 516096K, used 6885K [0x000000060b800000, 0x0000000800000000)
  region size 4096K, 2 young (8192K), 2 survivors (8192K)
 Metaspace       used 21273K, committed 21504K, reserved 1114112K
  class space    used 2153K, committed 2304K, reserved 1048576K
}
Event: 0.919 GC heap before
{Heap before GC invocations=4 (full 0):
 garbage-first heap   total 40960K, used 39653K [0x000000060b800000, 0x0000000800000000)
  region size 4096K, 10 young (40960K), 2 survivors (8192K)
 Metaspace       used 22436K, committed 22720K, reserved 1114112K
  class space    used 2240K, committed 2368K, reserved 1048576K
}
Event: 0.926 GC heap after
{Heap after GC invocations=5 (full 0):
 garbage-first heap   total 53248K, used 10725K [0x000000060b800000, 0x0000000800000000)
  region size 4096K, 3 young (12288K), 3 survivors (12288K)
 Metaspace       used 22436K, committed 22720K, reserved 1114112K
  class space    used 2240K, committed 2368K, reserved 1048576K
}
Event: 0.980 GC heap before
{Heap before GC invocations=5 (full 0):
 garbage-first heap   total 53248K, used 27109K [0x000000060b800000, 0x0000000800000000)
  region size 4096K, 7 young (28672K), 3 survivors (12288K)
 Metaspace       used 22619K, committed 22912K, reserved 1114112K
  class space    used 2242K, committed 2368K, reserved 1048576K
}
Event: 0.987 GC heap after
{Heap after GC invocations=6 (full 0):
 garbage-first heap   total 53248K, used 12381K [0x000000060b800000, 0x0000000800000000)
  region size 4096K, 1 young (4096K), 1 survivors (4096K)
 Metaspace       used 22619K, committed 22912K, reserved 1114112K
  class space    used 2242K, committed 2368K, reserved 1048576K
}
Event: 1.070 GC heap before
{Heap before GC invocations=6 (full 0):
 garbage-first heap   total 53248K, used 32861K [0x000000060b800000, 0x0000000800000000)
  region size 4096K, 6 young (24576K), 1 survivors (4096K)
 Metaspace       used 22879K, committed 23104K, reserved 1114112K
  class space    used 2243K, committed 2368K, reserved 1048576K
}
Event: 1.072 GC heap after
{Heap after GC invocations=7 (full 0):
 garbage-first heap   total 286720K, used 12541K [0x000000060b800000, 0x0000000800000000)
  region size 4096K, 1 young (4096K), 1 survivors (4096K)
 Metaspace       used 22879K, committed 23104K, reserved 1114112K
  class space    used 2243K, committed 2368K, reserved 1048576K
}
Event: 1.976 GC heap before
{Heap before GC invocations=7 (full 0):
 garbage-first heap   total 286720K, used 151805K [0x000000060b800000, 0x0000000800000000)
  region size 4096K, 29 young (118784K), 1 survivors (4096K)
 Metaspace       used 35646K, committed 35968K, reserved 1114112K
  class space    used 3561K, committed 3712K, reserved 1048576K
}

Dll operation events (8 events):
Event: 0.001 Loaded shared library /usr/lib/jvm/java-19-openjdk/lib/libjava.so
Event: 0.011 Loaded shared library /usr/lib/jvm/java-19-openjdk/lib/libjsvml.so
Event: 0.037 Loaded shared library /usr/lib/jvm/java-19-openjdk/lib/libnio.so
Event: 0.041 Loaded shared library /usr/lib/jvm/java-19-openjdk/lib/libzip.so
Event: 0.045 Loaded shared library /usr/lib/jvm/java-19-openjdk/lib/libjimage.so
Event: 0.066 Loaded shared library /usr/lib/jvm/java-19-openjdk/lib/libnet.so
Event: 0.113 Loaded shared library /tmp/jansi-2.4.0-58dc37a2d7541d54-libjansi.so
Event: 0.117 Loaded shared library /usr/lib/jvm/java-19-openjdk/lib/libverify.so

Deoptimization events (20 events):
Event: 1.936 Thread 0x00007f7ca40158a0 DEOPT PACKING pc=0x00007f7c948a4c10 sp=0x00007f7caa9faf30
Event: 1.936 Thread 0x00007f7ca40158a0 DEOPT UNPACKING pc=0x00007f7c93ec5299 sp=0x00007f7caa9faed0 mode 2
Event: 1.939 Thread 0x00007f7ca40158a0 Uncommon trap: trap_request=0xffffffde fr.pc=0x00007f7c948a4c10 relative=0x00000000000000f0
Event: 1.939 Thread 0x00007f7ca40158a0 Uncommon trap: reason=class_check action=maybe_recompile pc=0x00007f7c948a4c10 method=com.sun.tools.javac.code.Type.containsAny(Lcom/sun/tools/javac/util/List;)Z @ 6 c2
Event: 1.939 Thread 0x00007f7ca40158a0 DEOPT PACKING pc=0x00007f7c948a4c10 sp=0x00007f7caa9fb130
Event: 1.939 Thread 0x00007f7ca40158a0 DEOPT UNPACKING pc=0x00007f7c93ec5299 sp=0x00007f7caa9fb0e0 mode 2
Event: 1.947 Thread 0x00007f7ca40158a0 Uncommon trap: trap_request=0xffffffc6 fr.pc=0x00007f7c9474d358 relative=0x0000000000000458
Event: 1.947 Thread 0x00007f7ca40158a0 Uncommon trap: reason=bimorphic_or_optimized_type_check action=maybe_recompile pc=0x00007f7c9474d358 method=java.util.HashMap.putVal(ILjava/lang/Object;Ljava/lang/Object;ZZ)Ljava/lang/Object; @ 253 c2
Event: 1.947 Thread 0x00007f7ca40158a0 DEOPT PACKING pc=0x00007f7c9474d358 sp=0x00007f7caa9fce70
Event: 1.947 Thread 0x00007f7ca40158a0 DEOPT UNPACKING pc=0x00007f7c93ec5299 sp=0x00007f7caa9fcdf0 mode 2
Event: 1.948 Thread 0x00007f7ca40158a0 Uncommon trap: trap_request=0xffffffc6 fr.pc=0x00007f7c9474d358 relative=0x0000000000000458
Event: 1.948 Thread 0x00007f7ca40158a0 Uncommon trap: reason=bimorphic_or_optimized_type_check action=maybe_recompile pc=0x00007f7c9474d358 method=java.util.HashMap.putVal(ILjava/lang/Object;Ljava/lang/Object;ZZ)Ljava/lang/Object; @ 253 c2
Event: 1.948 Thread 0x00007f7ca40158a0 DEOPT PACKING pc=0x00007f7c9474d358 sp=0x00007f7caa9fce60
Event: 1.948 Thread 0x00007f7ca40158a0 DEOPT UNPACKING pc=0x00007f7c93ec5299 sp=0x00007f7caa9fcde0 mode 2
Event: 1.957 Thread 0x00007f7ca40158a0 DEOPT PACKING pc=0x00007f7c8cc4d15f sp=0x00007f7caa9fb6c0
Event: 1.957 Thread 0x00007f7ca40158a0 DEOPT UNPACKING pc=0x00007f7c93ec5a2f sp=0x00007f7caa9fabf0 mode 0
Event: 1.971 Thread 0x00007f7ca40158a0 Uncommon trap: trap_request=0xffffff45 fr.pc=0x00007f7c9489b7f4 relative=0x0000000000001374
Event: 1.971 Thread 0x00007f7ca40158a0 Uncommon trap: reason=unstable_if action=reinterpret pc=0x00007f7c9489b7f4 method=com.sun.tools.javac.jvm.PoolReader.resolve(Lcom/sun/tools/javac/util/ByteBuffer;II)Ljava/lang/Object; @ 1 c2
Event: 1.971 Thread 0x00007f7ca40158a0 DEOPT PACKING pc=0x00007f7c9489b7f4 sp=0x00007f7caa9fab40
Event: 1.971 Thread 0x00007f7ca40158a0 DEOPT UNPACKING pc=0x00007f7c93ec5299 sp=0x00007f7caa9faae0 mode 2

Classes loaded (20 events):
Event: 1.717 Loading class java/util/stream/Nodes$SpinedNodeBuilder
Event: 1.717 Loading class java/util/stream/Nodes$SpinedNodeBuilder done
Event: 1.743 Loading class java/nio/file/FileTreeWalker$1
Event: 1.743 Loading class java/nio/file/FileTreeWalker$1 done
Event: 1.859 Loading class java/util/stream/ReduceOps$1
Event: 1.860 Loading class java/util/stream/ReduceOps$1 done
Event: 1.860 Loading class java/util/stream/ReduceOps$1ReducingSink
Event: 1.860 Loading class java/util/stream/ReduceOps$1ReducingSink done
Event: 1.941 Loading class java/util/EnumMap$EntrySet
Event: 1.941 Loading class java/util/EnumMap$EntrySet done
Event: 1.941 Loading class java/util/EnumMap$EntryIterator
Event: 1.941 Loading class java/util/EnumMap$EnumMapIterator
Event: 1.941 Loading class java/util/EnumMap$EnumMapIterator done
Event: 1.941 Loading class java/util/EnumMap$EntryIterator done
Event: 1.941 Loading class java/util/EnumMap$EntryIterator$Entry
Event: 1.941 Loading class java/util/EnumMap$EntryIterator$Entry done
Event: 1.954 Loading class java/util/function/ToIntBiFunction
Event: 1.954 Loading class java/util/function/ToIntBiFunction done
Event: 1.955 Loading class sun/nio/ch/ChannelOutputStream
Event: 1.956 Loading class sun/nio/ch/ChannelOutputStream done

Classes unloaded (0 events):
No events

Classes redefined (0 events):
No events

Internal exceptions (20 events):
Event: 1.444 Thread 0x00007f7ca40158a0 Exception <a 'java/lang/NoSuchMethodError'{0x000000061a04b240}: 'int java.lang.invoke.DirectMethodHandle$Holder.invokeVirtual(java.lang.Object, java.lang.Object)'> (0x000000061a04b240) 
thrown [/usr/src/debug/java-openjdk/jdk19u-jdk-19.0.2-7/src/hotspot/share/interpreter/linkResolver.cpp, line 773]
Event: 1.447 Thread 0x00007f7ca40158a0 Exception <a 'java/lang/NoSuchMethodError'{0x000000061a0e2990}: 'java.lang.Object java.lang.invoke.DirectMethodHandle$Holder.newInvokeSpecial(java.lang.Object, java.lang.Object, java.lang.Object, java.lang.Object, java.lang.Object, java.lang.Object)'> (0x000000061a0e2990) 
thrown [/usr/src/debug/java-openjdk/jdk19u-jdk-19.0.2-7/src/hotspot/share/interpreter/linkResolver.cpp, line 773]
Event: 1.554 Thread 0x00007f7ca40158a0 Exception <a 'java/lang/NoSuchMethodError'{0x000000061988a718}: 'java.lang.Object java.lang.invoke.DirectMethodHandle$Holder.invokeVirtual(java.lang.Object, java.lang.Object, java.lang.Object, int, int)'> (0x000000061988a718) 
thrown [/usr/src/debug/java-openjdk/jdk19u-jdk-19.0.2-7/src/hotspot/share/interpreter/linkResolver.cpp, line 773]
Event: 1.555 Thread 0x00007f7ca40158a0 Exception <a 'java/lang/NoSuchMethodError'{0x0000000619891458}: 'java.lang.Object java.lang.invoke.DirectMethodHandle$Holder.invokeVirtual(java.lang.Object, java.lang.Object, int)'> (0x0000000619891458) 
thrown [/usr/src/debug/java-openjdk/jdk19u-jdk-19.0.2-7/src/hotspot/share/interpreter/linkResolver.cpp, line 773]
Event: 1.555 Thread 0x00007f7ca40158a0 Exception <a 'java/lang/NoSuchMethodError'{0x0000000619897db0}: 'java.lang.Object java.lang.invoke.DirectMethodHandle$Holder.invokeSpecial(java.lang.Object, java.lang.Object, java.lang.Object, int, int)'> (0x0000000619897db0) 
thrown [/usr/src/debug/java-openjdk/jdk19u-jdk-19.0.2-7/src/hotspot/share/interpreter/linkResolver.cpp, line 773]
Event: 1.582 Thread 0x00007f7ca40158a0 Exception <a 'java/lang/NoSuchMethodError'{0x0000000619a1f538}: 'java.lang.Object java.lang.invoke.DirectMethodHandle$Holder.invokeStatic(java.lang.Object, int, java.lang.Object)'> (0x0000000619a1f538) 
thrown [/usr/src/debug/java-openjdk/jdk19u-jdk-19.0.2-7/src/hotspot/share/interpreter/linkResolver.cpp, line 773]
Event: 1.601 Thread 0x00007f7ca40158a0 Implicit null exception at 0x00007f7c947fc7ac to 0x00007f7c947fc8e2
Event: 1.603 Thread 0x00007f7ca40158a0 Exception <a 'java/lang/NoSuchMethodError'{0x0000000619b25788}: 'void java.lang.invoke.DirectMethodHandle$Holder.invokeSpecial(java.lang.Object, java.lang.Object, java.lang.Object, java.lang.Object, java.lang.Object)'> (0x0000000619b25788) 
thrown [/usr/src/debug/java-openjdk/jdk19u-jdk-19.0.2-7/src/hotspot/share/interpreter/linkResolver.cpp, line 773]
Event: 1.656 Thread 0x00007f7ca40158a0 Implicit null exception at 0x00007f7c94818113 to 0x00007f7c94818be2
Event: 1.673 Thread 0x00007f7ca40158a0 Implicit null exception at 0x00007f7c9481ae2a to 0x00007f7c9481aeb6
Event: 1.680 Thread 0x00007f7ca40158a0 Implicit null exception at 0x00007f7c9481bf9b to 0x00007f7c9481c01b
Event: 1.694 Thread 0x00007f7ca40158a0 Implicit null exception at 0x00007f7c948265bf to 0x00007f7c94826640
Event: 1.705 Thread 0x00007f7ca40158a0 Implicit null exception at 0x00007f7c9483126a to 0x00007f7c948312e9
Event: 1.749 Thread 0x00007f7ca40158a0 Exception <a 'java/lang/NoSuchMethodError'{0x00000006179622a8}: 'java.lang.Object java.lang.invoke.DirectMethodHandle$Holder.invokeStatic(java.lang.Object, java.lang.Object, int, int)'> (0x00000006179622a8) 
thrown [/usr/src/debug/java-openjdk/jdk19u-jdk-19.0.2-7/src/hotspot/share/interpreter/linkResolver.cpp, line 773]
Event: 1.776 Thread 0x00007f7ca40158a0 Exception <a 'java/lang/NoSuchMethodError'{0x00000006174d5bb8}: 'java.lang.Object java.lang.invoke.DirectMethodHandle$Holder.invokeInterface(java.lang.Object, java.lang.Object)'> (0x00000006174d5bb8) 
thrown [/usr/src/debug/java-openjdk/jdk19u-jdk-19.0.2-7/src/hotspot/share/interpreter/linkResolver.cpp, line 773]
Event: 1.933 Thread 0x00007f7ca40158a0 Exception <a 'java/lang/NoSuchMethodError'{0x0000000616170c08}: 'int java.lang.invoke.DirectMethodHandle$Holder.invokeStatic(java.lang.Object, java.lang.Object, java.lang.Object, java.lang.Object)'> (0x0000000616170c08) 
thrown [/usr/src/debug/java-openjdk/jdk19u-jdk-19.0.2-7/src/hotspot/share/interpreter/linkResolver.cpp, line 773]
Event: 1.937 Thread 0x00007f7ca40158a0 Exception <a 'java/lang/NoSuchMethodError'{0x00000006161a92b8}: 'int java.lang.invoke.DirectMethodHandle$Holder.invokeVirtual(java.lang.Object, java.lang.Object, java.lang.Object, java.lang.Object)'> (0x00000006161a92b8) 
thrown [/usr/src/debug/java-openjdk/jdk19u-jdk-19.0.2-7/src/hotspot/share/interpreter/linkResolver.cpp, line 773]
Event: 1.937 Thread 0x00007f7ca40158a0 Exception <a 'java/lang/NoSuchMethodError'{0x00000006161b44f0}: 'java.lang.Object java.lang.invoke.DirectMethodHandle$Holder.newInvokeSpecial(java.lang.Object, java.lang.Object, int, java.lang.Object)'> (0x00000006161b44f0) 
thrown [/usr/src/debug/java-openjdk/jdk19u-jdk-19.0.2-7/src/hotspot/share/interpreter/linkResolver.cpp, line 773]
Event: 1.937 Thread 0x00007f7ca40158a0 Exception <a 'java/lang/NoSuchMethodError'{0x00000006161b8a90}: 'java.lang.Object java.lang.invoke.DirectMethodHandle$Holder.invokeSpecial(java.lang.Object, java.lang.Object, java.lang.Object, int, java.lang.Object)'> (0x00000006161b8a90) 
thrown [/usr/src/debug/java-openjdk/jdk19u-jdk-19.0.2-7/src/hotspot/share/interpreter/linkResolver.cpp, line 773]
Event: 1.944 Thread 0x00007f7ca40158a0 Exception <a 'java/lang/NoSuchMethodError'{0x00000006161e9288}: 'void java.lang.invoke.DirectMethodHandle$Holder.invokeVirtual(java.lang.Object, java.lang.Object)'> (0x00000006161e9288) 
thrown [/usr/src/debug/java-openjdk/jdk19u-jdk-19.0.2-7/src/hotspot/share/interpreter/linkResolver.cpp, line 773]

VM Operations (20 events):
Event: 1.793 Executing VM operation: ICBufferFull done
Event: 1.846 Executing VM operation: ICBufferFull
Event: 1.846 Executing VM operation: ICBufferFull done
Event: 1.874 Executing VM operation: HandshakeAllThreads
Event: 1.874 Executing VM operation: HandshakeAllThreads done
Event: 1.882 Executing VM operation: ICBufferFull
Event: 1.882 Executing VM operation: ICBufferFull done
Event: 1.886 Executing VM operation: HandshakeAllThreads
Event: 1.886 Executing VM operation: HandshakeAllThreads done
Event: 1.899 Executing VM operation: HandshakeAllThreads
Event: 1.899 Executing VM operation: HandshakeAllThreads done
Event: 1.924 Executing VM operation: ICBufferFull
Event: 1.924 Executing VM operation: ICBufferFull done
Event: 1.932 Executing VM operation: HandshakeAllThreads
Event: 1.932 Executing VM operation: HandshakeAllThreads done
Event: 1.953 Executing VM operation: HandshakeAllThreads
Event: 1.953 Executing VM operation: HandshakeAllThreads done
Event: 1.968 Executing VM operation: ICBufferFull
Event: 1.968 Executing VM operation: ICBufferFull done
Event: 1.976 Executing VM operation: CollectForMetadataAllocation

Events (20 events):
Event: 1.908 Thread 0x00007f7ca41ced30 flushing nmethod 0x00007f7c8d556090
Event: 1.908 Thread 0x00007f7ca41ced30 flushing nmethod 0x00007f7c8d557b90
Event: 1.908 Thread 0x00007f7ca41ced30 flushing nmethod 0x00007f7c8d558a10
Event: 1.908 Thread 0x00007f7ca41ced30 flushing nmethod 0x00007f7c8d573390
Event: 1.908 Thread 0x00007f7ca41ced30 flushing nmethod 0x00007f7c8d576a10
Event: 1.908 Thread 0x00007f7ca41ced30 flushing nmethod 0x00007f7c8d578590
Event: 1.908 Thread 0x00007f7ca41ced30 flushing nmethod 0x00007f7c8d57a410
Event: 1.908 Thread 0x00007f7ca41ced30 flushing nmethod 0x00007f7c8d57f290
Event: 1.908 Thread 0x00007f7ca41ced30 flushing nmethod 0x00007f7c8d57f610
Event: 1.908 Thread 0x00007f7ca41ced30 flushing nmethod 0x00007f7c8d57f990
Event: 1.908 Thread 0x00007f7ca41ced30 flushing nmethod 0x00007f7c8d580610
Event: 1.908 Thread 0x00007f7ca41ced30 flushing nmethod 0x00007f7c8d584010
Event: 1.908 Thread 0x00007f7ca41ced30 flushing nmethod 0x00007f7c8d586b10
Event: 1.908 Thread 0x00007f7ca41ced30 flushing nmethod 0x00007f7c8d58b990
Event: 1.908 Thread 0x00007f7ca41ced30 flushing nmethod 0x00007f7c8d595a90
Event: 1.908 Thread 0x00007f7ca41ced30 flushing nmethod 0x00007f7c8d5a0c90
Event: 1.909 Thread 0x00007f7ca41ced30 flushing nmethod 0x00007f7c8d5a7610
Event: 1.909 Thread 0x00007f7ca41ced30 flushing nmethod 0x00007f7c8d5a8590
Event: 1.909 Thread 0x00007f7ca41ced30 flushing nmethod 0x00007f7c8d606e10
Event: 1.909 Thread 0x00007f7ca41ced30 flushing nmethod 0x00007f7c8d607190


Dynamic libraries:
60b800000-61c400000 rw-p 00000000 00:00 0 
61c400000-629c00000 ---p 00000000 00:00 0 
629c00000-62a400000 rw-p 00000000 00:00 0 
62a400000-62ac00000 ---p 00000000 00:00 0 
62ac00000-62b000000 rw-p 00000000 00:00 0 
62b000000-800000000 ---p 00000000 00:00 0 
800000000-800010000 rw-p 00000000 00:00 0 
800010000-800030000 rw-p 00000000 00:00 0 
800030000-8000b0000 rw-p 00000000 00:00 0 
8000b0000-800130000 rw-p 00000000 00:00 0 
800130000-800170000 rw-p 00000000 00:00 0 
800170000-800370000 rw-p 00000000 00:00 0 
800370000-800380000 ---p 00000000 00:00 0 
800380000-8003b0000 rw-p 00000000 00:00 0 
8003b0000-840000000 ---p 00000000 00:00 0 
55d1d6fab000-55d1d6fac000 r--p 00000000 103:02 1840269                   /usr/lib/jvm/java-19-openjdk/bin/java
55d1d6fac000-55d1d6fad000 r-xp 00001000 103:02 1840269                   /usr/lib/jvm/java-19-openjdk/bin/java
55d1d6fad000-55d1d6fae000 r--p 00002000 103:02 1840269                   /usr/lib/jvm/java-19-openjdk/bin/java
55d1d6fae000-55d1d6faf000 r--p 00002000 103:02 1840269                   /usr/lib/jvm/java-19-openjdk/bin/java
55d1d6faf000-55d1d6fb0000 rw-p 00003000 103:02 1840269                   /usr/lib/jvm/java-19-openjdk/bin/java
55d1d73fd000-55d1d7444000 rw-p 00000000 00:00 0                          [heap]
7f7bc8000000-7f7bc8021000 rw-p 00000000 00:00 0 
7f7bc8021000-7f7bcc000000 ---p 00000000 00:00 0 
7f7bd0000000-7f7bd0021000 rw-p 00000000 00:00 0 
7f7bd0021000-7f7bd4000000 ---p 00000000 00:00 0 
7f7bd4000000-7f7bd4021000 rw-p 00000000 00:00 0 
7f7bd4021000-7f7bd8000000 ---p 00000000 00:00 0 
7f7bd8000000-7f7bd8021000 rw-p 00000000 00:00 0 
7f7bd8021000-7f7bdc000000 ---p 00000000 00:00 0 
7f7bdc000000-7f7bdc021000 rw-p 00000000 00:00 0 
7f7bdc021000-7f7be0000000 ---p 00000000 00:00 0 
7f7be0000000-7f7be0021000 rw-p 00000000 00:00 0 
7f7be0021000-7f7be4000000 ---p 00000000 00:00 0 
7f7be4000000-7f7be4037000 rw-p 00000000 00:00 0 
7f7be4037000-7f7be8000000 ---p 00000000 00:00 0 
7f7be8000000-7f7be8021000 rw-p 00000000 00:00 0 
7f7be8021000-7f7bec000000 ---p 00000000 00:00 0 
7f7bec000000-7f7bec021000 rw-p 00000000 00:00 0 
7f7bec021000-7f7bf0000000 ---p 00000000 00:00 0 
7f7bf0000000-7f7bf0021000 rw-p 00000000 00:00 0 
7f7bf0021000-7f7bf4000000 ---p 00000000 00:00 0 
7f7bf4000000-7f7bf4021000 rw-p 00000000 00:00 0 
7f7bf4021000-7f7bf8000000 ---p 00000000 00:00 0 
7f7bf8000000-7f7bf8021000 rw-p 00000000 00:00 0 
7f7bf8021000-7f7bfc000000 ---p 00000000 00:00 0 
7f7bfc000000-7f7bfc021000 rw-p 00000000 00:00 0 
7f7bfc021000-7f7c00000000 ---p 00000000 00:00 0 
7f7c00000000-7f7c008cb000 rw-p 00000000 00:00 0 
7f7c008cb000-7f7c04000000 ---p 00000000 00:00 0 
7f7c04000000-7f7c04021000 rw-p 00000000 00:00 0 
7f7c04021000-7f7c08000000 ---p 00000000 00:00 0 
7f7c08000000-7f7c087a6000 rw-p 00000000 00:00 0 
7f7c087a6000-7f7c0c000000 ---p 00000000 00:00 0 
7f7c0c000000-7f7c0cbf7000 rw-p 00000000 00:00 0 
7f7c0cbf7000-7f7c10000000 ---p 00000000 00:00 0 
7f7c10000000-7f7c10a94000 rw-p 00000000 00:00 0 
7f7c10a94000-7f7c14000000 ---p 00000000 00:00 0 
7f7c14000000-7f7c1490c000 rw-p 00000000 00:00 0 
7f7c1490c000-7f7c18000000 ---p 00000000 00:00 0 
7f7c18000000-7f7c18191000 rw-p 00000000 00:00 0 
7f7c18191000-7f7c1c000000 ---p 00000000 00:00 0 
7f7c1c000000-7f7c1c8ca000 rw-p 00000000 00:00 0 
7f7c1c8ca000-7f7c20000000 ---p 00000000 00:00 0 
7f7c20000000-7f7c20021000 rw-p 00000000 00:00 0 
7f7c20021000-7f7c24000000 ---p 00000000 00:00 0 
7f7c24000000-7f7c24a7a000 rw-p 00000000 00:00 0 
7f7c24a7a000-7f7c28000000 ---p 00000000 00:00 0 
7f7c28000000-7f7c28021000 rw-p 00000000 00:00 0 
7f7c28021000-7f7c2c000000 ---p 00000000 00:00 0 
7f7c2c000000-7f7c2c021000 rw-p 00000000 00:00 0 
7f7c2c021000-7f7c30000000 ---p 00000000 00:00 0 
7f7c30000000-7f7c3029f000 rw-p 00000000 00:00 0 
7f7c3029f000-7f7c34000000 ---p 00000000 00:00 0 
7f7c34000000-7f7c3431e000 rw-p 00000000 00:00 0 
7f7c3431e000-7f7c38000000 ---p 00000000 00:00 0 
7f7c38000000-7f7c3837a000 rw-p 00000000 00:00 0 
7f7c3837a000-7f7c3c000000 ---p 00000000 00:00 0 
7f7c3c000000-7f7c3c021000 rw-p 00000000 00:00 0 
7f7c3c021000-7f7c40000000 ---p 00000000 00:00 0 
7f7c40000000-7f7c40021000 rw-p 00000000 00:00 0 
7f7c40021000-7f7c44000000 ---p 00000000 00:00 0 
7f7c44000000-7f7c44e1b000 rw-p 00000000 00:00 0 
7f7c44e1b000-7f7c48000000 ---p 00000000 00:00 0 
7f7c48000000-7f7c48021000 rw-p 00000000 00:00 0 
7f7c48021000-7f7c4c000000 ---p 00000000 00:00 0 
7f7c4dce4000-7f7c4dce5000 ---p 00000000 00:00 0 
7f7c4dce5000-7f7c4dde6000 rw-p 00000000 00:00 0 
7f7c4dde6000-7f7c4dde7000 ---p 00000000 00:00 0 
7f7c4dde7000-7f7c4dee8000 rw-p 00000000 00:00 0 
7f7c4dee8000-7f7c4dee9000 ---p 00000000 00:00 0 
7f7c4dee9000-7f7c4dfea000 rw-p 00000000 00:00 0 
7f7c4dfea000-7f7c4dfeb000 ---p 00000000 00:00 0 
7f7c4dfeb000-7f7c4e0ec000 rw-p 00000000 00:00 0 
7f7c4e0ec000-7f7c4e0ed000 ---p 00000000 00:00 0 
7f7c4e0ed000-7f7c4e1ee000 rw-p 00000000 00:00 0 
7f7c4e1ee000-7f7c4e1ef000 ---p 00000000 00:00 0 
7f7c4e1ef000-7f7c4e2f0000 rw-p 00000000 00:00 0 
7f7c4e2f0000-7f7c4e2f1000 ---p 00000000 00:00 0 
7f7c4e2f1000-7f7c4e3f2000 rw-p 00000000 00:00 0 
7f7c4e3f2000-7f7c4e3f3000 ---p 00000000 00:00 0 
7f7c4e3f3000-7f7c4e4f4000 rw-p 00000000 00:00 0 
7f7c4e4f4000-7f7c4e4f5000 ---p 00000000 00:00 0 
7f7c4e4f5000-7f7c4e5f6000 rw-p 00000000 00:00 0 
7f7c4e5f6000-7f7c4e5f7000 ---p 00000000 00:00 0 
7f7c4e5f7000-7f7c4e6f8000 rw-p 00000000 00:00 0 
7f7c4e6f8000-7f7c4e6f9000 ---p 00000000 00:00 0 
7f7c4e6f9000-7f7c4e7fa000 rw-p 00000000 00:00 0 
7f7c4e7fa000-7f7c4e7fb000 ---p 00000000 00:00 0 
7f7c4e7fb000-7f7c4e8fc000 rw-p 00000000 00:00 0 
7f7c4e8fc000-7f7c4e8fd000 ---p 00000000 00:00 0 
7f7c4e8fd000-7f7c4e9fe000 rw-p 00000000 00:00 0 
7f7c4e9fe000-7f7c4e9ff000 ---p 00000000 00:00 0 
7f7c4e9ff000-7f7c4eb00000 rw-p 00000000 00:00 0 
7f7c4eb00000-7f7c4eb04000 ---p 00000000 00:00 0 
7f7c4eb04000-7f7c4ec00000 rw-p 00000000 00:00 0 
7f7c4ec00000-7f7c4ec04000 ---p 00000000 00:00 0 
7f7c4ec04000-7f7c4ed00000 rw-p 00000000 00:00 0 
7f7c4ed00000-7f7c4ed04000 ---p 00000000 00:00 0 
7f7c4ed04000-7f7c4ee00000 rw-p 00000000 00:00 0 
7f7c4ee00000-7f7c4ee04000 ---p 00000000 00:00 0 
7f7c4ee04000-7f7c4ef00000 rw-p 00000000 00:00 0 
7f7c4ef00000-7f7c4ef04000 ---p 00000000 00:00 0 
7f7c4ef04000-7f7c4f000000 rw-p 00000000 00:00 0 
7f7c4f000000-7f7c4f004000 ---p 00000000 00:00 0 
7f7c4f004000-7f7c4f100000 rw-p 00000000 00:00 0 
7f7c4f100000-7f7c4f104000 ---p 00000000 00:00 0 
7f7c4f104000-7f7c4f200000 rw-p 00000000 00:00 0 
7f7c4f200000-7f7c4f203000 r-xp 00000000 00:21 891                        /tmp/jansi-2.4.0-58dc37a2d7541d54-libjansi.so
7f7c4f203000-7f7c4f402000 ---p 00003000 00:21 891                        /tmp/jansi-2.4.0-58dc37a2d7541d54-libjansi.so
7f7c4f402000-7f7c4f403000 rw-p 00002000 00:21 891                        /tmp/jansi-2.4.0-58dc37a2d7541d54-libjansi.so
7f7c4f4fe000-7f7c4f502000 ---p 00000000 00:00 0 
7f7c4f502000-7f7c4f5fe000 rw-p 00000000 00:00 0 
7f7c4f5fe000-7f7c4f602000 ---p 00000000 00:00 0 
7f7c4f602000-7f7c4f6fe000 rw-p 00000000 00:00 0 
7f7c4f6fe000-7f7c4f6ff000 ---p 00000000 00:00 0 
7f7c4f6ff000-7f7c4f800000 rw-p 00000000 00:00 0 
7f7c4f800000-7f7c4f804000 ---p 00000000 00:00 0 
7f7c4f804000-7f7c4f900000 rw-p 00000000 00:00 0 
7f7c4f900000-7f7c4f904000 ---p 00000000 00:00 0 
7f7c4f904000-7f7c4fa00000 rw-p 00000000 00:00 0 
7f7c4fa00000-7f7c4fa04000 ---p 00000000 00:00 0 
7f7c4fa04000-7f7c4fb00000 rw-p 00000000 00:00 0 
7f7c4fb00000-7f7c4fb04000 ---p 00000000 00:00 0 
7f7c4fb04000-7f7c4fc00000 rw-p 00000000 00:00 0 
7f7c4fc00000-7f7c4fc04000 ---p 00000000 00:00 0 
7f7c4fc04000-7f7c4fd00000 rw-p 00000000 00:00 0 
7f7c4fd00000-7f7c4fd04000 ---p 00000000 00:00 0 
7f7c4fd04000-7f7c4fe00000 rw-p 00000000 00:00 0 
7f7c4fe00000-7f7c4fe04000 ---p 00000000 00:00 0 
7f7c4fe04000-7f7c4ff00000 rw-p 00000000 00:00 0 
7f7c4ff00000-7f7c4ff04000 ---p 00000000 00:00 0 
7f7c4ff04000-7f7c50021000 rw-p 00000000 00:00 0 
7f7c50021000-7f7c54000000 ---p 00000000 00:00 0 
7f7c54000000-7f7c54021000 rw-p 00000000 00:00 0 
7f7c54021000-7f7c58000000 ---p 00000000 00:00 0 
7f7c58000000-7f7c58021000 rw-p 00000000 00:00 0 
7f7c58021000-7f7c5c000000 ---p 00000000 00:00 0 
7f7c5c000000-7f7c5c021000 rw-p 00000000 00:00 0 
7f7c5c021000-7f7c60000000 ---p 00000000 00:00 0 
7f7c60000000-7f7c604f0000 rw-p 00000000 00:00 0 
7f7c604f0000-7f7c60530000 rw-p 00000000 00:00 0 
7f7c60530000-7f7c60570000 rw-p 00000000 00:00 0 
7f7c60570000-7f7c606f0000 rw-p 00000000 00:00 0 
7f7c606f0000-7f7c607b0000 rw-p 00000000 00:00 0 
7f7c607b0000-7f7c607f0000 rw-p 00000000 00:00 0 
7f7c607f0000-7f7c60870000 rw-p 00000000 00:00 0 
7f7c60870000-7f7c608f0000 rw-p 00000000 00:00 0 
7f7c608f0000-7f7c60af0000 rw-p 00000000 00:00 0 
7f7c60af0000-7f7c60d70000 rw-p 00000000 00:00 0 
7f7c60d70000-7f7c60df0000 rw-p 00000000 00:00 0 
7f7c60df0000-7f7c611f0000 rw-p 00000000 00:00 0 
7f7c611f0000-7f7c614f0000 rw-p 00000000 00:00 0 
7f7c614f0000-7f7c615f0000 rw-p 00000000 00:00 0 
7f7c615f0000-7f7c61d90000 rw-p 00000000 00:00 0 
7f7c61d90000-7f7c61e00000 ---p 00000000 00:00 0 
7f7c61e00000-7f7c61ff0000 rw-p 00000000 00:00 0 
7f7c61ff0000-7f7c64000000 ---p 00000000 00:00 0 
7f7c64000000-7f7c64021000 rw-p 00000000 00:00 0 
7f7c64021000-7f7c68000000 ---p 00000000 00:00 0 
7f7c68000000-7f7c68021000 rw-p 00000000 00:00 0 
7f7c68021000-7f7c6c000000 ---p 00000000 00:00 0 
7f7c6c000000-7f7c6c021000 rw-p 00000000 00:00 0 
7f7c6c021000-7f7c70000000 ---p 00000000 00:00 0 
7f7c70000000-7f7c70021000 rw-p 00000000 00:00 0 
7f7c70021000-7f7c74000000 ---p 00000000 00:00 0 
7f7c74000000-7f7c74021000 rw-p 00000000 00:00 0 
7f7c74021000-7f7c78000000 ---p 00000000 00:00 0 
7f7c78000000-7f7c78004000 ---p 00000000 00:00 0 
7f7c78004000-7f7c78100000 rw-p 00000000 00:00 0 
7f7c78100000-7f7c78104000 ---p 00000000 00:00 0 
7f7c78104000-7f7c78200000 rw-p 00000000 00:00 0 
7f7c78200000-7f7c784ea000 r--p 00000000 103:02 1644209                   /usr/lib/locale/locale-archive
7f7c7851a000-7f7c7851e000 ---p 00000000 00:00 0 
7f7c7851e000-7f7c7861a000 rw-p 00000000 00:00 0 
7f7c7861a000-7f7c7861b000 ---p 00000000 00:00 0 
7f7c7861b000-7f7c7871c000 rw-p 00000000 00:00 0 
7f7c7871c000-7f7c78721000 r--p 00000000 103:02 1843462                   /usr/lib/jvm/java-19-openjdk/lib/libjsvml.so
7f7c78721000-7f7c78762000 r-xp 00005000 103:02 1843462                   /usr/lib/jvm/java-19-openjdk/lib/libjsvml.so
7f7c78762000-7f7c787eb000 r--p 00046000 103:02 1843462                   /usr/lib/jvm/java-19-openjdk/lib/libjsvml.so
7f7c787eb000-7f7c787ec000 r--p 000ce000 103:02 1843462                   /usr/lib/jvm/java-19-openjdk/lib/libjsvml.so
7f7c787ec000-7f7c787ed000 rw-p 000cf000 103:02 1843462                   /usr/lib/jvm/java-19-openjdk/lib/libjsvml.so
7f7c787ed000-7f7c7886e000 rw-p 00000000 00:00 0 
7f7c7886e000-7f7c7886f000 ---p 00000000 00:00 0 
7f7c7886f000-7f7c78970000 rw-p 00000000 00:00 0 
7f7c78970000-7f7c78971000 ---p 00000000 00:00 0 
7f7c78971000-7f7c7b4a8000 rw-p 00000000 00:00 0 
7f7c7b4a8000-7f7c7b808000 ---p 00000000 00:00 0 
7f7c7b808000-7f7c7b828000 rw-p 00000000 00:00 0 
7f7c7b828000-7f7c7b848000 ---p 00000000 00:00 0 
7f7c7b848000-7f7c7b858000 rw-p 00000000 00:00 0 
7f7c7b858000-7f7c82d98000 ---p 00000000 00:00 0 
7f7c82d98000-7f7c831c8000 rw-p 00000000 00:00 0 
7f7c831c8000-7f7c83528000 ---p 00000000 00:00 0 
7f7c83528000-7f7c83548000 rw-p 00000000 00:00 0 
7f7c83548000-7f7c83568000 ---p 00000000 00:00 0 
7f7c83568000-7f7c83578000 rw-p 00000000 00:00 0 
7f7c83578000-7f7c8aab8000 ---p 00000000 00:00 0 
7f7c8aab8000-7f7c8ab3e000 rw-p 00000000 00:00 0 
7f7c8ab3e000-7f7c8abaa000 ---p 00000000 00:00 0 
7f7c8abaa000-7f7c8abae000 rw-p 00000000 00:00 0 
7f7c8abae000-7f7c8abb2000 ---p 00000000 00:00 0 
7f7c8abb2000-7f7c8abb4000 rw-p 00000000 00:00 0 
7f7c8abb4000-7f7c8ba5c000 ---p 00000000 00:00 0 
7f7c8ba5c000-7f7c8bae2000 rw-p 00000000 00:00 0 
7f7c8bae2000-7f7c8bb4e000 ---p 00000000 00:00 0 
7f7c8bb4e000-7f7c8bb52000 rw-p 00000000 00:00 0 
7f7c8bb52000-7f7c8bb56000 ---p 00000000 00:00 0 
7f7c8bb56000-7f7c8bb58000 rw-p 00000000 00:00 0 
7f7c8bb58000-7f7c8ca00000 ---p 00000000 00:00 0 
7f7c8ca00000-7f7c8d6b0000 rwxp 00000000 00:00 0 
7f7c8d6b0000-7f7c93e5f000 ---p 00000000 00:00 0 
7f7c93e5f000-7f7c9415f000 rwxp 00000000 00:00 0 
7f7c9415f000-7f7c945a0000 ---p 00000000 00:00 0 
7f7c945a0000-7f7c948b0000 rwxp 00000000 00:00 0 
7f7c948b0000-7f7c9ba00000 ---p 00000000 00:00 0 
7f7c9ba00000-7f7ca3ec9000 r--s 00000000 103:02 1843481                   /usr/lib/jvm/java-19-openjdk/lib/modules
7f7ca3eff000-7f7ca55fe000 rw-p 00000000 00:00 0 
7f7ca55fe000-7f7ca8000000 ---p 00000000 00:00 0 
7f7ca8015000-7f7ca8019000 r--p 00000000 103:02 1843479                   /usr/lib/jvm/java-19-openjdk/lib/libverify.so
7f7ca8019000-7f7ca8020000 r-xp 00004000 103:02 1843479                   /usr/lib/jvm/java-19-openjdk/lib/libverify.so
7f7ca8020000-7f7ca8022000 r--p 0000b000 103:02 1843479                   /usr/lib/jvm/java-19-openjdk/lib/libverify.so
7f7ca8022000-7f7ca8024000 r--p 0000c000 103:02 1843479                   /usr/lib/jvm/java-19-openjdk/lib/libverify.so
7f7ca8024000-7f7ca8025000 rw-p 0000e000 103:02 1843479                   /usr/lib/jvm/java-19-openjdk/lib/libverify.so
7f7ca8025000-7f7ca86b7000 rw-p 00000000 00:00 0 
7f7ca86b7000-7f7ca86b8000 ---p 00000000 00:00 0 
7f7ca86b8000-7f7ca87b9000 rw-p 00000000 00:00 0 
7f7ca87b9000-7f7ca87ba000 ---p 00000000 00:00 0 
7f7ca87ba000-7f7ca88bb000 rw-p 00000000 00:00 0 
7f7ca88bb000-7f7ca88bc000 ---p 00000000 00:00 0 
7f7ca88bc000-7f7ca8b03000 rw-p 00000000 00:00 0 
7f7ca8b03000-7f7ca8b6f000 ---p 00000000 00:00 0 
7f7ca8b6f000-7f7ca8b73000 rw-p 00000000 00:00 0 
7f7ca8b73000-7f7ca8b77000 ---p 00000000 00:00 0 
7f7ca8b77000-7f7ca8b79000 rw-p 00000000 00:00 0 
7f7ca8b79000-7f7ca9a21000 ---p 00000000 00:00 0 
7f7ca9a21000-7f7caa735000 rw-p 00000000 00:00 0 
7f7caa735000-7f7caa817000 ---p 00000000 00:00 0 
7f7caa817000-7f7caa831000 rw-p 00000000 00:00 0 
7f7caa831000-7f7caa900000 ---p 00000000 00:00 0 
7f7caa900000-7f7caa904000 ---p 00000000 00:00 0 
7f7caa904000-7f7caaa00000 rw-p 00000000 00:00 0 
7f7caaa00000-7f7caaa9a000 r--p 00000000 103:02 1627905                   /usr/lib/libstdc++.so.6.0.30
7f7caaa9a000-7f7caabb0000 r-xp 0009a000 103:02 1627905                   /usr/lib/libstdc++.so.6.0.30
7f7caabb0000-7f7caac27000 r--p 001b0000 103:02 1627905                   /usr/lib/libstdc++.so.6.0.30
7f7caac27000-7f7caac34000 r--p 00226000 103:02 1627905                   /usr/lib/libstdc++.so.6.0.30
7f7caac34000-7f7caac35000 rw-p 00233000 103:02 1627905                   /usr/lib/libstdc++.so.6.0.30
7f7caac35000-7f7caac38000 rw-p 00000000 00:00 0 
7f7caac44000-7f7caac4b000 r--p 00000000 103:02 1843470                   /usr/lib/jvm/java-19-openjdk/lib/libnio.so
7f7caac4b000-7f7caac53000 r-xp 00007000 103:02 1843470                   /usr/lib/jvm/java-19-openjdk/lib/libnio.so
7f7caac53000-7f7caac57000 r--p 0000f000 103:02 1843470                   /usr/lib/jvm/java-19-openjdk/lib/libnio.so
7f7caac57000-7f7caac58000 r--p 00013000 103:02 1843470                   /usr/lib/jvm/java-19-openjdk/lib/libnio.so
7f7caac58000-7f7caac59000 rw-p 00014000 103:02 1843470                   /usr/lib/jvm/java-19-openjdk/lib/libnio.so
7f7caac59000-7f7caad18000 rw-p 00000000 00:00 0 
7f7caad18000-7f7caad26000 r--p 00000000 103:02 1576265                   /usr/lib/libm.so.6
7f7caad26000-7f7caada0000 r-xp 0000e000 103:02 1576265                   /usr/lib/libm.so.6
7f7caada0000-7f7caadfe000 r--p 00088000 103:02 1576265                   /usr/lib/libm.so.6
7f7caadfe000-7f7caadff000 r--p 000e5000 103:02 1576265                   /usr/lib/libm.so.6
7f7caadff000-7f7caae00000 rw-p 000e6000 103:02 1576265                   /usr/lib/libm.so.6
7f7caae00000-7f7cab08d000 r--p 00000000 103:02 1843628                   /usr/lib/jvm/java-19-openjdk/lib/server/libjvm.so
7f7cab08d000-7f7cabe60000 r-xp 0028d000 103:02 1843628                   /usr/lib/jvm/java-19-openjdk/lib/server/libjvm.so
7f7cabe60000-7f7cac10e000 r--p 01060000 103:02 1843628                   /usr/lib/jvm/java-19-openjdk/lib/server/libjvm.so
7f7cac10e000-7f7cac1da000 r--p 0130e000 103:02 1843628                   /usr/lib/jvm/java-19-openjdk/lib/server/libjvm.so
7f7cac1da000-7f7cac210000 rw-p 013da000 103:02 1843628                   /usr/lib/jvm/java-19-openjdk/lib/server/libjvm.so
7f7cac210000-7f7cac26c000 rw-p 00000000 00:00 0 
7f7cac26c000-7f7cac26e000 r--p 00000000 103:02 1843480                   /usr/lib/jvm/java-19-openjdk/lib/libzip.so
7f7cac26e000-7f7cac272000 r-xp 00002000 103:02 1843480                   /usr/lib/jvm/java-19-openjdk/lib/libzip.so
7f7cac272000-7f7cac274000 r--p 00006000 103:02 1843480                   /usr/lib/jvm/java-19-openjdk/lib/libzip.so
7f7cac274000-7f7cac275000 r--p 00007000 103:02 1843480                   /usr/lib/jvm/java-19-openjdk/lib/libzip.so
7f7cac275000-7f7cac276000 rw-p 00008000 103:02 1843480                   /usr/lib/jvm/java-19-openjdk/lib/libzip.so
7f7cac276000-7f7cac283000 r--p 00000000 103:02 1843450                   /usr/lib/jvm/java-19-openjdk/lib/libjava.so
7f7cac283000-7f7cac294000 r-xp 0000d000 103:02 1843450                   /usr/lib/jvm/java-19-openjdk/lib/libjava.so
7f7cac294000-7f7cac29a000 r--p 0001e000 103:02 1843450                   /usr/lib/jvm/java-19-openjdk/lib/libjava.so
7f7cac29a000-7f7cac29b000 r--p 00024000 103:02 1843450                   /usr/lib/jvm/java-19-openjdk/lib/libjava.so
7f7cac29b000-7f7cac29c000 rw-p 00025000 103:02 1843450                   /usr/lib/jvm/java-19-openjdk/lib/libjava.so
7f7cac29c000-7f7cac29d000 rw-p 00000000 00:00 0 
7f7cac29d000-7f7cac2a0000 r--p 00000000 103:02 1593818                   /usr/lib/libgcc_s.so.1
7f7cac2a0000-7f7cac2b7000 r-xp 00003000 103:02 1593818                   /usr/lib/libgcc_s.so.1
7f7cac2b7000-7f7cac2bb000 r--p 0001a000 103:02 1593818                   /usr/lib/libgcc_s.so.1
7f7cac2bb000-7f7cac2bc000 r--p 0001d000 103:02 1593818                   /usr/lib/libgcc_s.so.1
7f7cac2bc000-7f7cac2bd000 rw-p 0001e000 103:02 1593818                   /usr/lib/libgcc_s.so.1
7f7cac2bd000-7f7cac2c0000 rw-p 00000000 00:00 0 
7f7cac2c0000-7f7cac2c3000 r--p 00000000 103:02 1588796                   /usr/lib/libz.so.1.2.13
7f7cac2c3000-7f7cac2d1000 r-xp 00003000 103:02 1588796                   /usr/lib/libz.so.1.2.13
7f7cac2d1000-7f7cac2d8000 r--p 00011000 103:02 1588796                   /usr/lib/libz.so.1.2.13
7f7cac2d8000-7f7cac2d9000 r--p 00017000 103:02 1588796                   /usr/lib/libz.so.1.2.13
7f7cac2d9000-7f7cac2da000 rw-p 00018000 103:02 1588796                   /usr/lib/libz.so.1.2.13
7f7cac2da000-7f7cac2fc000 r--p 00000000 103:02 1576241                   /usr/lib/libc.so.6
7f7cac2fc000-7f7cac456000 r-xp 00022000 103:02 1576241                   /usr/lib/libc.so.6
7f7cac456000-7f7cac4ae000 r--p 0017c000 103:02 1576241                   /usr/lib/libc.so.6
7f7cac4ae000-7f7cac4b2000 r--p 001d4000 103:02 1576241                   /usr/lib/libc.so.6
7f7cac4b2000-7f7cac4b4000 rw-p 001d8000 103:02 1576241                   /usr/lib/libc.so.6
7f7cac4b4000-7f7cac4c1000 rw-p 00000000 00:00 0 
7f7cac4c3000-7f7cac4c6000 r--p 00000000 103:02 1843469                   /usr/lib/jvm/java-19-openjdk/lib/libnet.so
7f7cac4c6000-7f7cac4cf000 r-xp 00003000 103:02 1843469                   /usr/lib/jvm/java-19-openjdk/lib/libnet.so
7f7cac4cf000-7f7cac4d1000 r--p 0000c000 103:02 1843469                   /usr/lib/jvm/java-19-openjdk/lib/libnet.so
7f7cac4d1000-7f7cac4d2000 r--p 0000e000 103:02 1843469                   /usr/lib/jvm/java-19-openjdk/lib/libnet.so
7f7cac4d2000-7f7cac4d3000 rw-p 0000f000 103:02 1843469                   /usr/lib/jvm/java-19-openjdk/lib/libnet.so
7f7cac4d3000-7f7cac4d9000 rw-p 00000000 00:00 0 
7f7cac4d9000-7f7cac4e2000 ---p 00000000 00:00 0 
7f7cac4e2000-7f7cac4ea000 rw-s 00000000 00:21 889                        /tmp/hsperfdata_james/299730
7f7cac4ea000-7f7cac4eb000 ---p 00000000 00:00 0 
7f7cac4eb000-7f7cac4ec000 r--p 00000000 00:00 0 
7f7cac4ec000-7f7cac4ed000 ---p 00000000 00:00 0 
7f7cac4ed000-7f7cac4ef000 r--p 00000000 103:02 1843455                   /usr/lib/jvm/java-19-openjdk/lib/libjimage.so
7f7cac4ef000-7f7cac4f2000 r-xp 00002000 103:02 1843455                   /usr/lib/jvm/java-19-openjdk/lib/libjimage.so
7f7cac4f2000-7f7cac4f3000 r--p 00005000 103:02 1843455                   /usr/lib/jvm/java-19-openjdk/lib/libjimage.so
7f7cac4f3000-7f7cac4f4000 r--p 00006000 103:02 1843455                   /usr/lib/jvm/java-19-openjdk/lib/libjimage.so
7f7cac4f4000-7f7cac4f5000 rw-p 00007000 103:02 1843455                   /usr/lib/jvm/java-19-openjdk/lib/libjimage.so
7f7cac4f5000-7f7cac4f7000 r--p 00000000 103:02 1843458                   /usr/lib/jvm/java-19-openjdk/lib/libjli.so
7f7cac4f7000-7f7cac500000 r-xp 00002000 103:02 1843458                   /usr/lib/jvm/java-19-openjdk/lib/libjli.so
7f7cac500000-7f7cac503000 r--p 0000b000 103:02 1843458                   /usr/lib/jvm/java-19-openjdk/lib/libjli.so
7f7cac503000-7f7cac504000 r--p 0000d000 103:02 1843458                   /usr/lib/jvm/java-19-openjdk/lib/libjli.so
7f7cac504000-7f7cac505000 rw-p 0000e000 103:02 1843458                   /usr/lib/jvm/java-19-openjdk/lib/libjli.so
7f7cac505000-7f7cac507000 rw-p 00000000 00:00 0 
7f7cac507000-7f7cac508000 r--p 00000000 103:02 1576219                   /usr/lib/ld-linux-x86-64.so.2
7f7cac508000-7f7cac52e000 r-xp 00001000 103:02 1576219                   /usr/lib/ld-linux-x86-64.so.2
7f7cac52e000-7f7cac538000 r--p 00027000 103:02 1576219                   /usr/lib/ld-linux-x86-64.so.2
7f7cac538000-7f7cac53a000 r--p 00031000 103:02 1576219                   /usr/lib/ld-linux-x86-64.so.2
7f7cac53a000-7f7cac53c000 rw-p 00033000 103:02 1576219                   /usr/lib/ld-linux-x86-64.so.2
7ffd9dcbc000-7ffd9dcdd000 rw-p 00000000 00:00 0                          [stack]
7ffd9dce5000-7ffd9dce9000 r--p 00000000 00:00 0                          [vvar]
7ffd9dce9000-7ffd9dceb000 r-xp 00000000 00:00 0                          [vdso]
ffffffffff600000-ffffffffff601000 --xp 00000000 00:00 0                  [vsyscall]


VM Arguments:
jvm_args: -Dmaven.home=/home/james/programming/java -Dmaven.multiModuleProjectDirectory=/home/james/programming/java/gameserver -Dawt.useSystemAAFontSettings=on 
java_command: org.apache.maven.wrapper.MavenWrapperMain -Dnetbeans.deploy=true -Dexec.vmArgs= -Dexec.appArgs= -Dmaven.ext.class.path=/usr/lib/netbeans/java/maven-nblib/netbeans-eventspy.jar package
java_class_path (initial): /home/james/programming/java/gameserver/.mvn/wrapper/maven-wrapper.jar
Launcher Type: SUN_STANDARD

[Global flags]
     intx CICompilerCount                          = 12                                        {product} {ergonomic}
     uint ConcGCThreads                            = 3                                         {product} {ergonomic}
     uint G1ConcRefinementThreads                  = 13                                        {product} {ergonomic}
   size_t G1HeapRegionSize                         = 4194304                                   {product} {ergonomic}
    uintx GCDrainStackTargetSize                   = 64                                        {product} {ergonomic}
   size_t InitialHeapSize                          = 528482304                                 {product} {ergonomic}
   size_t MarkStackSize                            = 4194304                                   {product} {ergonomic}
   size_t MaxHeapSize                              = 8396996608                                {product} {ergonomic}
   size_t MaxNewSize                               = 5037359104                                {product} {ergonomic}
   size_t MinHeapDeltaBytes                        = 4194304                                   {product} {ergonomic}
   size_t MinHeapSize                              = 8388608                                   {product} {ergonomic}
    uintx NonNMethodCodeHeapSize                   = 7602480                                {pd product} {ergonomic}
    uintx NonProfiledCodeHeapSize                  = 122027880                              {pd product} {ergonomic}
    uintx ProfiledCodeHeapSize                     = 122027880                              {pd product} {ergonomic}
    uintx ReservedCodeCacheSize                    = 251658240                              {pd product} {ergonomic}
     bool SegmentedCodeCache                       = true                                      {product} {ergonomic}
   size_t SoftMaxHeapSize                          = 8396996608                             {manageable} {ergonomic}
     bool UseCompressedClassPointers               = true                           {product lp64_product} {ergonomic}
     bool UseCompressedOops                        = true                           {product lp64_product} {ergonomic}
     bool UseG1GC                                  = true                                      {product} {ergonomic}

Logging:
Log output configuration:
 #0: stdout all=warning uptime,level,tags foldmultilines=false
 #1: stderr all=off uptime,level,tags foldmultilines=false

Environment Variables:
JAVA_HOME=/usr/lib/jvm/default
_JAVA_OPTIONS=-Dawt.useSystemAAFontSettings=on
PATH=/usr/local/sbin:/usr/local/bin:/usr/bin:/usr/lib/jvm/default/bin:/usr/bin/site_perl:/usr/bin/vendor_perl:/usr/bin/core_perl:/home/james/bin
SHELL=/bin/bash
DISPLAY=:0
LANG=en_US.UTF-8
TERM=linux

Active Locale:
LC_ALL=en_US.UTF-8
LC_COLLATE=en_US.UTF-8
LC_CTYPE=en_US.UTF-8
LC_MESSAGES=en_US.UTF-8
LC_MONETARY=en_US.UTF-8
LC_NUMERIC=en_US.UTF-8
LC_TIME=en_US.UTF-8

Signal Handlers:
   SIGSEGV: 0x00007f7cabdd91c0 in libjvm.so+16617920, mask=11100100010111111101111111111110, flags=SA_RESTART|SA_SIGINFO
    SIGBUS: 0x00007f7cabdd91c0 in libjvm.so+16617920, mask=11100100010111111101111111111110, flags=SA_RESTART|SA_SIGINFO
    SIGFPE: 0x00007f7cabdd91c0 in libjvm.so+16617920, mask=11100100010111111101111111111110, flags=SA_RESTART|SA_SIGINFO
   SIGPIPE: 0x00007f7cabc64790 in libjvm.so+15091600, mask=11100100010111111101111111111110, flags=SA_RESTART|SA_SIGINFO
   SIGXFSZ: 0x00007f7cabc64790 in libjvm.so+15091600, mask=11100100010111111101111111111110, flags=SA_RESTART|SA_SIGINFO
    SIGILL: 0x00007f7cabdd91c0 in libjvm.so+16617920, mask=11100100010111111101111111111110, flags=SA_RESTART|SA_SIGINFO
   SIGUSR2: 0x00007f7cabc63db0 in libjvm.so+15089072, mask=00100000000000000000000000000000, flags=SA_RESTART|SA_SIGINFO
    SIGHUP: 0x00007f7cabc63cc0 in libjvm.so+15088832, mask=11100100010111111101111111111110, flags=SA_RESTART|SA_SIGINFO
    SIGINT: SIG_IGN, mask=00000000000000000000000000000000, flags=none
   SIGTERM: 0x00007f7cabc63cc0 in libjvm.so+15088832, mask=11100100010111111101111111111110, flags=SA_RESTART|SA_SIGINFO
   SIGQUIT: 0x00007f7cabc63cc0 in libjvm.so+15088832, mask=11100100010111111101111111111110, flags=SA_RESTART|SA_SIGINFO
   SIGTRAP: 0x00007f7cabdd91c0 in libjvm.so+16617920, mask=11100100010111111101111111111110, flags=SA_RESTART|SA_SIGINFO


---------------  S Y S T E M  ---------------

OS:
DISTRIB_ID="Arch"
DISTRIB_RELEASE="rolling"
DISTRIB_DESCRIPTION="Arch Linux"
uname: Linux 6.2.9-arch1-1 #1 SMP PREEMPT_DYNAMIC Thu, 30 Mar 2023 14:51:14 +0000 x86_64
OS uptime: 0 days 4:16 hours
libc: glibc 2.37 NPTL 2.37 
rlimit (soft/hard): STACK 8192k/infinity , CORE infinity/infinity , NPROC 128035/128035 , NOFILE 524288/524288 , AS infinity/infinity , CPU infinity/infinity , DATA infinity/infinity , FSIZE infinity/infinity , MEMLOCK 8192k/8192k
load average: 5.73 2.79 2.09

/proc/meminfo:
MemTotal:       32793536 kB
MemFree:        15260268 kB
MemAvailable:   19415360 kB
Buffers:          514784 kB
Cached:          4234556 kB
SwapCached:            0 kB
Active:         10910620 kB
Inactive:        5627612 kB
Active(anon):    9176856 kB
Inactive(anon):  3002988 kB
Active(file):    1733764 kB
Inactive(file):  2624624 kB
Unevictable:         520 kB
Mlocked:             512 kB
SwapTotal:       5242876 kB
SwapFree:        5242876 kB
Zswap:                 0 kB
Zswapped:              0 kB
Dirty:               348 kB
Writeback:             0 kB
AnonPages:      11671272 kB
Mapped:          1593560 kB
Shmem:            390944 kB
KReclaimable:     262100 kB
Slab:             433540 kB
SReclaimable:     262100 kB
SUnreclaim:       171440 kB
KernelStack:       24368 kB
PageTables:        67640 kB
SecPageTables:         0 kB
NFS_Unstable:          0 kB
Bounce:                0 kB
WritebackTmp:          0 kB
CommitLimit:    21639644 kB
Committed_AS:   22411124 kB
VmallocTotal:   34359738367 kB
VmallocUsed:      125536 kB
VmallocChunk:          0 kB
Percpu:            16128 kB
HardwareCorrupted:     0 kB
AnonHugePages:   6590464 kB
ShmemHugePages:        0 kB
ShmemPmdMapped:        0 kB
FileHugePages:    268288 kB
FilePmdMapped:    151552 kB
CmaTotal:              0 kB
CmaFree:               0 kB
HugePages_Total:       0
HugePages_Free:        0
HugePages_Rsvd:        0
HugePages_Surp:        0
Hugepagesize:       2048 kB
Hugetlb:               0 kB
DirectMap4k:      946128 kB
DirectMap2M:    19949568 kB
DirectMap1G:    12582912 kB

/sys/kernel/mm/transparent_hugepage/enabled: [always] madvise never
/sys/kernel/mm/transparent_hugepage/defrag (defrag/compaction efforts parameter): always defer defer+madvise [madvise] never

Process Memory:
Virtual Size: 12893468K (peak: 12959004K)
Resident Set Size: 390500K (peak: 390500K) (anon: 358360K, file: 32140K, shmem: 0K)
Swapped out: 0K
C-Heap outstanding allocations: 100862K, retained: 39209K
glibc malloc tunables: (default)

/proc/sys/kernel/threads-max (system-wide limit on the number of threads): 256071
/proc/sys/vm/max_map_count (maximum number of memory map areas a process may have): 65530
/proc/sys/kernel/pid_max (system-wide limit on number of process identifiers): 4194304

container (cgroup) information:
container_type: cgroupv2
cpu_cpuset_cpus: not supported
cpu_memory_nodes: not supported
active_processor_count: 16
cpu_quota: no quota
cpu_period: 100000
cpu_shares: no shares
memory_limit_in_bytes: unlimited
memory_and_swap_limit_in_bytes: unlimited
memory_soft_limit_in_bytes: unlimited
memory_usage_in_bytes: 11719772 k
memory_max_usage_in_bytes: not supported
maximum number of tasks: unlimited
current number of tasks: 961

Steal ticks since vm start: 0
Steal ticks percentage since vm start:  0.000

CPU: total 16 (initial active 16) (16 cores per cpu, 2 threads per core) family 23 model 113 stepping 0 microcode 0x8701021, cx8, cmov, fxsr, ht, mmx, 3dnowpref, sse, sse2, sse3, ssse3, sse4a, sse4.1, sse4.2, popcnt, lzcnt, tsc, tscinvbit, avx, avx2, aes, clmul, bmi1, bmi2, adx, sha, fma, vzeroupper, clflush, clflushopt, rdtscp, rdpid
CPU Model and flags from /proc/cpuinfo:
model name	: AMD Ryzen 7 3700X 8-Core Processor
flags		: fpu vme de pse tsc msr pae mce cx8 apic sep mtrr pge mca cmov pat pse36 clflush mmx fxsr sse sse2 ht syscall nx mmxext fxsr_opt pdpe1gb rdtscp lm constant_tsc rep_good nopl nonstop_tsc cpuid extd_apicid aperfmperf rapl pni pclmulqdq monitor ssse3 fma cx16 sse4_1 sse4_2 movbe popcnt aes xsave avx f16c rdrand lahf_lm cmp_legacy svm extapic cr8_legacy abm sse4a misalignsse 3dnowprefetch osvw ibs skinit wdt tce topoext perfctr_core perfctr_nb bpext perfctr_llc mwaitx cpb cat_l3 cdp_l3 hw_pstate ssbd mba ibpb stibp vmmcall fsgsbase bmi1 avx2 smep bmi2 cqm rdt_a rdseed adx smap clflushopt clwb sha_ni xsaveopt xsavec xgetbv1 cqm_llc cqm_occup_llc cqm_mbm_total cqm_mbm_local clzero irperf xsaveerptr rdpru wbnoinvd arat npt lbrv svm_lock nrip_save tsc_scale vmcb_clean flushbyasid decodeassists pausefilter pfthreshold avic v_vmsave_vmload vgif v_spec_ctrl umip rdpid overflow_recov succor smca sev sev_es

Online cpus: 0-15
Offline cpus: 
BIOS frequency limitation: 3800000
Frequency switch latency (ns): 0
Available cpu frequencies: 3800000 2200000 
Current governor: schedutil
Core performance/turbo boost: 0

Memory: 4k page, physical 32793536k(15260268k free), swap 5242876k(5242876k free)
Page Sizes: 4k

vm_info: OpenJDK 64-Bit Server VM (19.0.2+7) for linux-amd64 JRE (19.0.2+7), built on 2023-01-18T16:17:00Z by "builduser" with gcc 12.2.1 20230111

END.
