#
# A fatal error has been detected by the Java Runtime Environment:
#
#  SIGSEGV (0xb) at pc=0x00007ff1489bda6e, pid=299449, tid=299492
#
# JRE version: OpenJDK Runtime Environment (19.0.2+7) (build 19.0.2+7)
# Java VM: OpenJDK 64-Bit Server VM (19.0.2+7, mixed mode, tiered, compressed oops, compressed class ptrs, g1 gc, linux-amd64)
# Problematic frame:
# V  [libjvm.so+0x7bda6e]
#
# Core dump will be written. Default location: Core dumps may be processed with "/usr/lib/systemd/systemd-coredump %P %u %g %s %t %c %h" (or dumping to /home/james/programming/java/gameserver/core.299449)
#
# If you would like to submit a bug report, please visit:
#   https://bugreport.java.com/bugreport/crash.jsp
#

---------------  S U M M A R Y ------------

Command Line: -Dmaven.home=/home/james/programming/java -Dmaven.multiModuleProjectDirectory=/home/james/programming/java/gameserver -Dawt.useSystemAAFontSettings=on org.apache.maven.wrapper.MavenWrapperMain clean install spring-boot:run

Host: AMD Ryzen 7 3700X 8-Core Processor, 16 cores, 31G, Arch Linux
Time: Wed Apr  5 10:35:16 2023 PDT elapsed time: 1.876665 seconds (0d 0h 0m 1s)

---------------  T H R E A D  ---------------

Current thread (0x00007ff0f8008750):  WorkerThread "GC Thread#1" [stack: 0x00007ff0a7e00000,0x00007ff0a7f00000] [id=299492]

Stack: [0x00007ff0a7e00000,0x00007ff0a7f00000],  sp=0x00007ff0a7efea30,  free space=1018k
Native frames: (J=compiled Java code, j=interpreted, Vv=VM code, C=native code)
V  [libjvm.so+0x7bda6e]
V  [libjvm.so+0x7d8bbf]
V  [libjvm.so+0x7d0d96]
V  [libjvm.so+0x7f9481]
V  [libjvm.so+0x7f96b8]
V  [libjvm.so+0x100e4b3]
V  [libjvm.so+0xf54932]
V  [libjvm.so+0xcf45ad]


siginfo: si_signo: 11 (SIGSEGV), si_code: 1 (SEGV_MAPERR), si_addr: 0x0000000000000100

Registers:
RAX=0x0000000000000000, RBX=0x00007ff080001f20, RCX=0x0000000000000000, RDX=0x00007ff1484b4bd0
RSP=0x00007ff0a7efea30, RBP=0x00007ff0a7efeac0, RSI=0x0000000000000003, RDI=0x0000000000001867
R8 =0x0000000000000000, R9 =0x0000000000000001, R10=0x0000000000000000, R11=0x0000000000000000
R12=0x00000006155659dd, R13=0x0000000619ec9868, R14=0x00007ff149626f55, R15=0x00007ff1495def10
RIP=0x00007ff1489bda6e, EFLAGS=0x0000000000010246, CSGSFS=0x002b000000000033, ERR=0x0000000000000004
  TRAPNO=0x000000000000000e


Register to memory mapping:

RAX=0x0 is NULL
RBX=0x00007ff080001f20 points into unknown readable memory: 0x00007ff14951ab20 | 20 ab 51 49 f1 7f 00 00
RCX=0x0 is NULL
RDX=0x00007ff1484b4bd0: <offset 0x00000000002b4bd0> in /usr/lib/jvm/java-19-openjdk/lib/server/libjvm.so at 0x00007ff148200000
RSP=0x00007ff0a7efea30 points into unknown readable memory: 0x00007ff0f8001140 | 40 11 00 f8 f0 7f 00 00
RBP=0x00007ff0a7efeac0 points into unknown readable memory: 0x00007ff0a7efec30 | 30 ec ef a7 f0 7f 00 00
RSI=0x0000000000000003 is an unknown value
RDI=0x0000000000001867 is an unknown value
R8 =0x0 is NULL
R9 =0x0000000000000001 is an unknown value
R10=0x0 is NULL
R11=0x0 is NULL
R12=
[error occurred during error reporting (printing register info), id 0xb, SIGSEGV (0xb) at pc=0x00007ff148971fea]

Top of Stack: (sp=0x00007ff0a7efea30)
0x00007ff0a7efea30:   00007ff0f8001140 000000f098009740
0x00007ff0a7efea40:   0000000615565728 0000140000000001
0x00007ff0a7efea50:   0000000000000046 00007ff1400c3930
0x00007ff0a7efea60:   00000006155659c8 0000000800000000 

Instructions: (pc=0x00007ff1489bda6e)
0x00007ff1489bd96e:   8b 5d a8 4d 89 fb e9 90 de ff ff 48 8b 7d a8 49
0x00007ff1489bd97e:   89 de 4c 8b 45 a0 4d 89 fb 48 8b 5d 98 48 8b 07
0x00007ff1489bd98e:   44 8b 57 08 e9 13 d8 ff ff 49 8b 95 80 01 00 00
0x00007ff1489bd99e:   89 ce 4c 89 24 f2 8d 51 01 81 e2 ff ff 01 00 41
0x00007ff1489bd9ae:   89 95 80 00 00 00 e9 27 fc ff ff 4c 8b 4d b8 48
0x00007ff1489bd9be:   8b 5d a8 4d 89 fb 4d 89 ee e9 3d de ff ff 4c 89
0x00007ff1489bd9ce:   45 b8 31 d2 be 05 00 00 00 bf 18 02 00 00 67 e8
0x00007ff1489bd9de:   ce 96 c3 ff 4c 8b 45 b8 48 85 c0 48 89 c1 74 1d
0x00007ff1489bd9ee:   48 89 80 00 02 00 00 48 c7 80 08 02 00 00 00 00
0x00007ff1489bd9fe:   00 00 48 c7 80 10 02 00 00 00 00 00 00 49 81 00
0x00007ff1489bda0e:   18 02 00 00 49 89 48 18 48 8b 81 00 02 00 00 e9
0x00007ff1489bda1e:   0a ee ff ff 74 3d b8 0c 00 00 00 48 8d 15 5c 1f
0x00007ff1489bda2e:   c2 00 49 63 74 05 00 89 c8 c1 f8 10 8b 12 48 d3
0x00007ff1489bda3e:   e6 0f b6 c0 8d 4a ff 48 63 c9 48 01 c8 4c 8d 1c
0x00007ff1489bda4e:   06 89 d0 f7 d8 48 98 49 21 c3 49 c1 eb 03 e9 09
0x00007ff1489bda5e:   e9 ff ff 48 8b 00 48 8d 15 65 71 af ff 45 31 db
0x00007ff1489bda6e:   48 8b 80 00 01 00 00 48 39 d0 0f 84 ec e8 ff ff
0x00007ff1489bda7e:   4c 89 55 98 48 8b 7d a8 4c 89 ee 44 88 45 a0 44
0x00007ff1489bda8e:   88 4d b8 ff d0 4c 8b 55 98 44 0f b6 45 a0 44 0f
0x00007ff1489bda9e:   b6 4d b8 49 89 c3 e9 c1 e8 ff ff 74 3d b8 0c 00
0x00007ff1489bdaae:   00 00 48 8d 35 d5 1e c2 00 49 63 7c 05 00 89 c8
0x00007ff1489bdabe:   c1 f8 10 8b 36 48 d3 e7 0f b6 c0 8d 4e ff 48 63
0x00007ff1489bdace:   c9 48 01 c8 4c 8d 1c 07 89 f0 f7 d8 48 98 49 21
0x00007ff1489bdade:   c3 49 c1 eb 03 e9 65 e7 ff ff 48 8b 00 48 8d 0d
0x00007ff1489bdaee:   de 70 af ff 45 31 db 48 8b 80 00 01 00 00 48 39
0x00007ff1489bdafe:   c8 0f 84 48 e7 ff ff 4c 89 55 a0 48 8b 7d b8 4c
0x00007ff1489bdb0e:   89 ee 88 55 a8 ff d0 4c 8b 55 a0 0f b6 55 a8 49
0x00007ff1489bdb1e:   89 c3 e9 28 e7 ff ff 41 80 3e 00 0f 84 43 04 00
0x00007ff1489bdb2e:   00 48 8d 15 ca 13 c2 00 41 8b 47 08 8b 4a 08 48
0x00007ff1489bdb3e:   d3 e0 48 03 02 83 78 0c 04 75 18 48 8d 05 cc b4
0x00007ff1489bdb4e:   c6 00 48 63 00 4c 01 f8 0f b6 00 a8 08 0f 84 2a
0x00007ff1489bdb5e:   14 00 00 48 8d 05 80 85 c8 00 48 8b 7d b8 4c 8d 


Stack slot to memory mapping:
stack at sp + 0 slots: 0x00007ff0f8001140 points into unknown readable memory: 0x303030310000000d | 0d 00 00 00 31 30 30 30
stack at sp + 1 slots: 0x000000f098009740 is an unknown value
stack at sp + 2 slots: 0x0000000615565728 is an oop: [B 
{0x0000000615565728} - klass: {type array byte}
 - length: 539
stack at sp + 3 slots: 0x0000140000000001 is an unknown value
stack at sp + 4 slots: 0x0000000000000046 is an unknown value
stack at sp + 5 slots: 0x00007ff1400c3930 points into unknown readable memory: 0x0000000619c00000 | 00 00 c0 19 06 00 00 00
stack at sp + 6 slots: 0x00000006155659c8 is an oop: java.lang.String 
{0x00000006155659c8} - klass: 'java/lang/String'
 - ---- fields (total size 3 words):
 - private 'hash' 'I' @12  0
 - private final 'coder' 'B' @16  0
 - private 'hashIsZero' 'Z' @17  false
 - abstract internal 'flags' 'B' @18  0
 - private final synchronized 'value' '[B' @20  
[error occurred during error reporting (inspecting top of stack), id 0xb, SIGSEGV (0xb) at pc=0x00007ff148edb4a4]


---------------  P R O C E S S  ---------------

Threads class SMR info:
_java_thread_list=0x00007ff0a828e410, length=21, elements={
0x00007ff1400157c0, 0x00007ff1401c5440, 0x00007ff1401c6950, 0x00007ff1401c8060,
0x00007ff1401c9410, 0x00007ff1401ca7b0, 0x00007ff1401cc1f0, 0x00007ff1401cd780,
0x00007ff1401cec50, 0x00007ff0d8035560, 0x00007ff140289500, 0x00007ff140295040,
0x00007ff0d00264a0, 0x00007ff0d008d7a0, 0x00007ff0d008e970, 0x00007ff0c40d2080,
0x00007ff0bc0195e0, 0x00007ff0bc01a970, 0x00007ff0c410b8f0, 0x00007ff0a8201910,
0x00007ff0a828d930
}

Java Threads: ( => current thread )
  0x00007ff1400157c0 JavaThread "main" [_thread_blocked, id=299464, stack(0x00007ff147d00000,0x00007ff147e00000)]
  0x00007ff1401c5440 JavaThread "Reference Handler" daemon [_thread_blocked, id=299471, stack(0x00007ff1099a7000,0x00007ff109aa7000)]
  0x00007ff1401c6950 JavaThread "Finalizer" daemon [_thread_blocked, id=299472, stack(0x00007ff109500000,0x00007ff109600000)]
  0x00007ff1401c8060 JavaThread "Signal Dispatcher" daemon [_thread_blocked, id=299473, stack(0x00007ff109400000,0x00007ff109500000)]
  0x00007ff1401c9410 JavaThread "Service Thread" daemon [_thread_blocked, id=299474, stack(0x00007ff109300000,0x00007ff109400000)]
  0x00007ff1401ca7b0 JavaThread "Monitor Deflation Thread" daemon [_thread_blocked, id=299475, stack(0x00007ff109200000,0x00007ff109300000)]
  0x00007ff1401cc1f0 JavaThread "C2 CompilerThread0" daemon [_thread_blocked, id=299476, stack(0x00007ff109100000,0x00007ff109200000)]
  0x00007ff1401cd780 JavaThread "C1 CompilerThread0" daemon [_thread_blocked, id=299477, stack(0x00007ff109000000,0x00007ff109100000)]
  0x00007ff1401cec50 JavaThread "Sweeper thread" daemon [_thread_blocked, id=299478, stack(0x00007ff108f00000,0x00007ff109000000)]
  0x00007ff0d8035560 JavaThread "C1 CompilerThread1" daemon [_thread_blocked, id=299479, stack(0x00007ff108e00000,0x00007ff108f00000)]
  0x00007ff140289500 JavaThread "Notification Thread" daemon [_thread_blocked, id=299480, stack(0x00007ff108d00000,0x00007ff108e00000)]
  0x00007ff140295040 JavaThread "Common-Cleaner" daemon [_thread_blocked, id=299482, stack(0x00007ff108afe000,0x00007ff108bfe000)]
  0x00007ff0d00264a0 JavaThread "C2 CompilerThread1" daemon [_thread_blocked, id=299483, stack(0x00007ff1089fe000,0x00007ff108afe000)]
  0x00007ff0d008d7a0 JavaThread "C1 CompilerThread2" daemon [_thread_blocked, id=299484, stack(0x00007ff1088fe000,0x00007ff1089fe000)]
  0x00007ff0d008e970 JavaThread "C1 CompilerThread3" daemon [_thread_blocked, id=299485, stack(0x00007ff108500000,0x00007ff108600000)]
  0x00007ff0c40d2080 JavaThread "C2 CompilerThread2" daemon [_thread_blocked, id=299486, stack(0x00007ff108400000,0x00007ff108500000)]
  0x00007ff0bc0195e0 JavaThread "C2 CompilerThread3" daemon [_thread_in_native, id=299487, stack(0x00007ff108300000,0x00007ff108400000)]
  0x00007ff0bc01a970 JavaThread "C2 CompilerThread4" daemon [_thread_blocked, id=299488, stack(0x00007ff108200000,0x00007ff108300000)]
  0x00007ff0c410b8f0 JavaThread "C2 CompilerThread5" daemon [_thread_blocked, id=299489, stack(0x00007ff108100000,0x00007ff108200000)]
  0x00007ff0a8201910 JavaThread "C2 CompilerThread6" daemon [_thread_blocked, id=299534, stack(0x00007ff108000000,0x00007ff108100000)]
  0x00007ff0a828d930 JavaThread "C2 CompilerThread7" daemon [_thread_blocked, id=299535, stack(0x00007ff0a7f00000,0x00007ff0a8000000)]

Other Threads:
  0x00007ff140185aa0 VMThread "VM Thread" [stack: 0x00007ff109aa9000,0x00007ff109ba9000] [id=299470]
  0x00007ff14028ae80 WatcherThread "VM Periodic Task Thread" [stack: 0x00007ff108c00000,0x00007ff108d00000] [id=299481]
  0x00007ff140048e00 WorkerThread "GC Thread#0" [stack: 0x00007ff144dd9000,0x00007ff144ed9000] [id=299465]
=>0x00007ff0f8008750 WorkerThread "GC Thread#1" [stack: 0x00007ff0a7e00000,0x00007ff0a7f00000] [id=299492]
  0x00007ff0f8009190 WorkerThread "GC Thread#2" [stack: 0x00007ff0a7cfe000,0x00007ff0a7dfe000] [id=299493]
  0x00007ff0f8009bd0 WorkerThread "GC Thread#3" [stack: 0x00007ff0a7bfc000,0x00007ff0a7cfc000] [id=299494]
  0x00007ff0f800a610 WorkerThread "GC Thread#4" [stack: 0x00007ff0a7afa000,0x00007ff0a7bfa000] [id=299495]
  0x00007ff0f800b440 WorkerThread "GC Thread#5" [stack: 0x00007ff0a79f8000,0x00007ff0a7af8000] [id=299496]
  0x00007ff0f800c270 WorkerThread "GC Thread#6" [stack: 0x00007ff0a78f6000,0x00007ff0a79f6000] [id=299497]
  0x00007ff0f800d0a0 WorkerThread "GC Thread#7" [stack: 0x00007ff0a77f4000,0x00007ff0a78f4000] [id=299498]
  0x00007ff0f800df10 WorkerThread "GC Thread#8" [stack: 0x00007ff0a76f2000,0x00007ff0a77f2000] [id=299499]
  0x00007ff0f800ed80 WorkerThread "GC Thread#9" [stack: 0x00007ff0a75f0000,0x00007ff0a76f0000] [id=299500]
  0x00007ff0f800fbf0 WorkerThread "GC Thread#10" [stack: 0x00007ff0a74ee000,0x00007ff0a75ee000] [id=299501]
  0x00007ff0f8010a60 WorkerThread "GC Thread#11" [stack: 0x00007ff0a73ec000,0x00007ff0a74ec000] [id=299502]
  0x00007ff0f80196d0 WorkerThread "GC Thread#12" [stack: 0x00007ff0a70e6000,0x00007ff0a71e6000] [id=299533]
  0x00007ff140059e90 ConcurrentGCThread "G1 Main Marker" [stack: 0x00007ff144cd7000,0x00007ff144dd7000] [id=299466]
  0x00007ff14005adb0 WorkerThread "G1 Conc#0" [stack: 0x00007ff144bd5000,0x00007ff144cd5000] [id=299467]
  0x00007ff10c000d80 WorkerThread "G1 Conc#1" [stack: 0x00007ff0a72ea000,0x00007ff0a73ea000] [id=299531]
  0x00007ff10c001520 WorkerThread "G1 Conc#2" [stack: 0x00007ff0a71e8000,0x00007ff0a72e8000] [id=299532]
  0x00007ff140000e00 ConcurrentGCThread "G1 Refine#0" [stack: 0x00007ff109dff000,0x00007ff109eff000] [id=299468]
  0x00007ff1400fe940 ConcurrentGCThread "G1 Service" [stack: 0x00007ff109cfd000,0x00007ff109dfd000] [id=299469]

Threads with active compile tasks:
C1 CompilerThread0     1879 6423       3       jdk.internal.org.objectweb.asm.MethodVisitor::visitInsn (16 bytes)
C2 CompilerThread2     1879 6412       4       com.sun.tools.javac.code.Scope$ScopeImpl$2::<init> (73 bytes)
C2 CompilerThread3     1879 6311       4       com.sun.tools.javac.comp.Attr::selectSym (457 bytes)
C2 CompilerThread7     1879 6312       4       com.sun.tools.javac.comp.Resolve::findIdentInPackage (22 bytes)

VM state: at safepoint (normal execution)

VM Mutex/Monitor currently owned by a thread:  ([mutex/lock_event])
[0x00007ff140014360] Threads_lock - owner thread: 0x00007ff140185aa0
[0x00007ff140014410] Heap_lock - owner thread: 0x00007ff1400157c0

Heap address: 0x000000060b800000, size: 8008 MB, Compressed Oops mode: Zero based, Oop shift amount: 3

CDS archive(s) not mapped
Compressed class space mapped at: 0x0000000800000000-0x0000000840000000, reserved size: 1073741824
Narrow klass base: 0x0000000800000000, Narrow klass shift: 0, Narrow klass range: 0x40000000

GC Precious Log:
 CardTable entry size: 512
 Card Set container configuration: InlinePtr #cards 4 size 8 Array Of Cards #cards 32 size 80 Howl #buckets 8 coarsen threshold 7372 Howl Bitmap #cards 1024 size 144 coarsen threshold 921 Card regions per heap region 1 cards per card region 8192
 CPUs: 16 total, 16 available
 Memory: 32024M
 Large Page Support: Disabled
 NUMA Support: Disabled
 Compressed Oops: Enabled (Zero based)
 Heap Region Size: 4M
 Heap Min Capacity: 8M
 Heap Initial Capacity: 504M
 Heap Max Capacity: 8008M
 Pre-touch: Disabled
 Parallel Workers: 13
 Concurrent Workers: 3
 Concurrent Refinement Workers: 13
 Periodic GC: Disabled

Heap:
 garbage-first heap   total 286720K, used 133036K [0x000000060b800000, 0x0000000800000000)
  region size 4096K, 33 young (135168K), 3 survivors (12288K)
 Metaspace       used 35658K, committed 35968K, reserved 1114112K
  class space    used 3558K, committed 3712K, reserved 1048576K

Heap Regions: E=young(eden), S=young(survivor), O=old, HS=humongous(starts), HC=humongous(continues), CS=collection set, F=free, OA=open archive, CA=closed archive, TAMS=top-at-mark-start (previous, next)
|   0|0x000000060b800000, 0x000000060bc00000, 0x000000060bc00000|100%| O|  |TAMS 0x000000060b800000, 0x000000060bc00000| Untracked 
|   1|0x000000060bc00000, 0x000000060c000000, 0x000000060c000000|100%| O|  |TAMS 0x000000060bc00000, 0x000000060c000000| Untracked 
|   2|0x000000060c000000, 0x000000060c18a400, 0x000000060c400000| 38%| O|  |TAMS 0x000000060c000000, 0x000000060c18a400| Untracked 
|   3|0x000000060c400000, 0x000000060c400000, 0x000000060c800000|  0%| F|  |TAMS 0x000000060c400000, 0x000000060c400000| Untracked 
|   4|0x000000060c800000, 0x000000060c800000, 0x000000060cc00000|  0%| F|  |TAMS 0x000000060c800000, 0x000000060c800000| Untracked 
|   5|0x000000060cc00000, 0x000000060cc00000, 0x000000060d000000|  0%| F|  |TAMS 0x000000060cc00000, 0x000000060cc00000| Untracked 
|   6|0x000000060d000000, 0x000000060d000000, 0x000000060d400000|  0%| F|  |TAMS 0x000000060d000000, 0x000000060d000000| Untracked 
|   7|0x000000060d400000, 0x000000060d400000, 0x000000060d800000|  0%| F|  |TAMS 0x000000060d400000, 0x000000060d400000| Untracked 
|   8|0x000000060d800000, 0x000000060da97600, 0x000000060dc00000| 64%| E|CS|TAMS 0x000000060d800000, 0x000000060da97600| Complete 
|   9|0x000000060dc00000, 0x000000060dc00000, 0x000000060e000000|  0%| F|  |TAMS 0x000000060dc00000, 0x000000060dc00000| Untracked 
|  10|0x000000060e000000, 0x000000060e000000, 0x000000060e400000|  0%| F|  |TAMS 0x000000060e000000, 0x000000060e000000| Untracked 
|  11|0x000000060e400000, 0x000000060e400000, 0x000000060e800000|  0%| F|  |TAMS 0x000000060e400000, 0x000000060e400000| Untracked 
|  12|0x000000060e800000, 0x000000060e800000, 0x000000060ec00000|  0%| F|  |TAMS 0x000000060e800000, 0x000000060e800000| Untracked 
|  13|0x000000060ec00000, 0x000000060ec00000, 0x000000060f000000|  0%| F|  |TAMS 0x000000060ec00000, 0x000000060ec00000| Untracked 
|  14|0x000000060f000000, 0x000000060f000000, 0x000000060f400000|  0%| F|  |TAMS 0x000000060f000000, 0x000000060f000000| Untracked 
|  15|0x000000060f400000, 0x000000060f400000, 0x000000060f800000|  0%| F|  |TAMS 0x000000060f400000, 0x000000060f400000| Untracked 
|  16|0x000000060f800000, 0x000000060f800000, 0x000000060fc00000|  0%| F|  |TAMS 0x000000060f800000, 0x000000060f800000| Untracked 
|  17|0x000000060fc00000, 0x000000060fc00000, 0x0000000610000000|  0%| F|  |TAMS 0x000000060fc00000, 0x000000060fc00000| Untracked 
|  18|0x0000000610000000, 0x0000000610000000, 0x0000000610400000|  0%| F|  |TAMS 0x0000000610000000, 0x0000000610000000| Untracked 
|  19|0x0000000610400000, 0x0000000610400000, 0x0000000610800000|  0%| F|  |TAMS 0x0000000610400000, 0x0000000610400000| Untracked 
|  20|0x0000000610800000, 0x0000000610800000, 0x0000000610c00000|  0%| F|  |TAMS 0x0000000610800000, 0x0000000610800000| Untracked 
|  21|0x0000000610c00000, 0x0000000610c00000, 0x0000000611000000|  0%| F|  |TAMS 0x0000000610c00000, 0x0000000610c00000| Untracked 
|  22|0x0000000611000000, 0x0000000611000000, 0x0000000611400000|  0%| F|  |TAMS 0x0000000611000000, 0x0000000611000000| Untracked 
|  23|0x0000000611400000, 0x0000000611400000, 0x0000000611800000|  0%| F|  |TAMS 0x0000000611400000, 0x0000000611400000| Untracked 
|  24|0x0000000611800000, 0x0000000611800000, 0x0000000611c00000|  0%| F|  |TAMS 0x0000000611800000, 0x0000000611800000| Untracked 
|  25|0x0000000611c00000, 0x0000000611c00000, 0x0000000612000000|  0%| F|  |TAMS 0x0000000611c00000, 0x0000000611c00000| Untracked 
|  26|0x0000000612000000, 0x0000000612000000, 0x0000000612400000|  0%| F|  |TAMS 0x0000000612000000, 0x0000000612000000| Untracked 
|  27|0x0000000612400000, 0x0000000612400000, 0x0000000612800000|  0%| F|  |TAMS 0x0000000612400000, 0x0000000612400000| Untracked 
|  28|0x0000000612800000, 0x0000000612800000, 0x0000000612c00000|  0%| F|  |TAMS 0x0000000612800000, 0x0000000612800000| Untracked 
|  29|0x0000000612c00000, 0x0000000612c00000, 0x0000000613000000|  0%| F|  |TAMS 0x0000000612c00000, 0x0000000612c00000| Untracked 
|  30|0x0000000613000000, 0x0000000613000000, 0x0000000613400000|  0%| F|  |TAMS 0x0000000613000000, 0x0000000613000000| Untracked 
|  31|0x0000000613400000, 0x0000000613400000, 0x0000000613800000|  0%| F|  |TAMS 0x0000000613400000, 0x0000000613400000| Untracked 
|  32|0x0000000613800000, 0x0000000613800000, 0x0000000613c00000|  0%| F|  |TAMS 0x0000000613800000, 0x0000000613800000| Untracked 
|  33|0x0000000613c00000, 0x0000000613c00000, 0x0000000614000000|  0%| F|  |TAMS 0x0000000613c00000, 0x0000000613c00000| Untracked 
|  34|0x0000000614000000, 0x0000000614000000, 0x0000000614400000|  0%| F|  |TAMS 0x0000000614000000, 0x0000000614000000| Untracked 
|  35|0x0000000614400000, 0x0000000614400000, 0x0000000614800000|  0%| F|  |TAMS 0x0000000614400000, 0x0000000614400000| Untracked 
|  36|0x0000000614800000, 0x0000000614815d10, 0x0000000614c00000|  2%| S|  |TAMS 0x0000000614800000, 0x0000000614800000| Complete 
|  37|0x0000000614c00000, 0x0000000615000000, 0x0000000615000000|100%| S|  |TAMS 0x0000000614c00000, 0x0000000614c00000| Complete 
|  38|0x0000000615000000, 0x0000000615400000, 0x0000000615400000|100%| S|  |TAMS 0x0000000615000000, 0x0000000615000000| Complete 
|  39|0x0000000615400000, 0x0000000615800000, 0x0000000615800000|100%| S|  |TAMS 0x0000000615400000, 0x0000000615400000| Complete 
|  40|0x0000000615800000, 0x00000006159c96c0, 0x0000000615c00000| 44%| E|CS|TAMS 0x0000000615800000, 0x00000006159c96c0| Complete 
|  41|0x0000000615c00000, 0x0000000616000000, 0x0000000616000000|100%| E|CS|TAMS 0x0000000615c00000, 0x0000000616000000| Complete 
|  42|0x0000000616000000, 0x0000000616400000, 0x0000000616400000|100%| E|CS|TAMS 0x0000000616000000, 0x0000000616400000| Complete 
|  43|0x0000000616400000, 0x0000000616800000, 0x0000000616800000|100%| E|CS|TAMS 0x0000000616400000, 0x0000000616800000| Complete 
|  44|0x0000000616800000, 0x0000000616c00000, 0x0000000616c00000|100%| E|CS|TAMS 0x0000000616800000, 0x0000000616c00000| Complete 
|  45|0x0000000616c00000, 0x0000000617000000, 0x0000000617000000|100%| E|CS|TAMS 0x0000000616c00000, 0x0000000617000000| Complete 
|  46|0x0000000617000000, 0x0000000617400000, 0x0000000617400000|100%| E|CS|TAMS 0x0000000617000000, 0x0000000617400000| Complete 
|  47|0x0000000617400000, 0x0000000617800000, 0x0000000617800000|100%| E|CS|TAMS 0x0000000617400000, 0x0000000617800000| Complete 
|  48|0x0000000617800000, 0x0000000617c00000, 0x0000000617c00000|100%| E|CS|TAMS 0x0000000617800000, 0x0000000617c00000| Complete 
|  49|0x0000000617c00000, 0x0000000618000000, 0x0000000618000000|100%| E|CS|TAMS 0x0000000617c00000, 0x0000000618000000| Complete 
|  50|0x0000000618000000, 0x0000000618400000, 0x0000000618400000|100%| E|CS|TAMS 0x0000000618000000, 0x0000000618400000| Complete 
|  51|0x0000000618400000, 0x0000000618800000, 0x0000000618800000|100%| E|CS|TAMS 0x0000000618400000, 0x0000000618800000| Complete 
|  52|0x0000000618800000, 0x0000000618c00000, 0x0000000618c00000|100%| E|CS|TAMS 0x0000000618800000, 0x0000000618c00000| Complete 
|  53|0x0000000618c00000, 0x0000000619000000, 0x0000000619000000|100%| E|CS|TAMS 0x0000000618c00000, 0x0000000619000000| Complete 
|  54|0x0000000619000000, 0x0000000619400000, 0x0000000619400000|100%| E|CS|TAMS 0x0000000619000000, 0x0000000619400000| Complete 
|  55|0x0000000619400000, 0x0000000619800000, 0x0000000619800000|100%| E|CS|TAMS 0x0000000619400000, 0x0000000619800000| Complete 
|  56|0x0000000619800000, 0x0000000619c00000, 0x0000000619c00000|100%| E|CS|TAMS 0x0000000619800000, 0x0000000619c00000| Complete 
|  57|0x0000000619c00000, 0x000000061a000000, 0x000000061a000000|100%| E|CS|TAMS 0x0000000619c00000, 0x000000061a000000| Complete 
|  58|0x000000061a000000, 0x000000061a400000, 0x000000061a400000|100%| E|CS|TAMS 0x000000061a000000, 0x000000061a400000| Complete 
|  59|0x000000061a400000, 0x000000061a800000, 0x000000061a800000|100%| E|CS|TAMS 0x000000061a400000, 0x000000061a800000| Complete 
|  60|0x000000061a800000, 0x000000061ac00000, 0x000000061ac00000|100%| E|CS|TAMS 0x000000061a800000, 0x000000061ac00000| Complete 
|  61|0x000000061ac00000, 0x000000061b000000, 0x000000061b000000|100%| E|CS|TAMS 0x000000061ac00000, 0x000000061b000000| Complete 
|  62|0x000000061b000000, 0x000000061b400000, 0x000000061b400000|100%| E|CS|TAMS 0x000000061b000000, 0x000000061b400000| Complete 
|  63|0x000000061b400000, 0x000000061b800000, 0x000000061b800000|100%| E|CS|TAMS 0x000000061b400000, 0x000000061b800000| Complete 
|  64|0x000000061b800000, 0x000000061bc00000, 0x000000061bc00000|100%| E|CS|TAMS 0x000000061b800000, 0x000000061bc00000| Complete 
|  65|0x000000061bc00000, 0x000000061c000000, 0x000000061c000000|100%| E|CS|TAMS 0x000000061bc00000, 0x000000061c000000| Complete 
|  66|0x000000061c000000, 0x000000061c400000, 0x000000061c400000|100%| E|CS|TAMS 0x000000061c000000, 0x000000061c400000| Complete 
| 122|0x000000062a000000, 0x000000062a400000, 0x000000062a400000|100%| E|CS|TAMS 0x000000062a000000, 0x000000062a400000| Complete 
| 123|0x000000062a400000, 0x000000062a800000, 0x000000062a800000|100%| E|CS|TAMS 0x000000062a400000, 0x000000062a800000| Complete 
| 125|0x000000062ac00000, 0x000000062b000000, 0x000000062b000000|100%| E|CS|TAMS 0x000000062ac00000, 0x000000062b000000| Complete 

Card table byte_map: [0x00007ff144ed9000,0x00007ff145e7d000] _byte_map_base: 0x00007ff141e7d000

Marking Bits (Prev, Next): (CMBitMap*) 0x00007ff1400498d0, (CMBitMap*) 0x00007ff140049890
 Prev Bits: [0x00007ff11801c000, 0x00007ff11fd3c000)
 Next Bits: [0x00007ff11fd3c000, 0x00007ff127a5c000)

Polling page: 0x00007ff14996a000

Metaspace:

Usage:
  Non-class:     31.35 MB used.
      Class:      3.47 MB used.
       Both:     34.82 MB used.

Virtual space:
  Non-class space:       64.00 MB reserved,      31.50 MB ( 49%) committed,  1 nodes.
      Class space:        1.00 GB reserved,       3.62 MB ( <1%) committed,  1 nodes.
             Both:        1.06 GB reserved,      35.12 MB (  3%) committed. 

Chunk freelists:
   Non-Class:  64.00 KB
       Class:  320.00 KB
        Both:  384.00 KB

MaxMetaspaceSize: unlimited
CompressedClassSpaceSize: 1.00 GB
Initial GC threshold: 21.00 MB
Current GC threshold: 35.12 MB
CDS: off
MetaspaceReclaimPolicy: balanced
 - commit_granule_bytes: 65536.
 - commit_granule_words: 8192.
 - virtual_space_node_default_size: 8388608.
 - enlarge_chunks_in_place: 1.
 - new_chunks_are_fully_committed: 0.
 - uncommit_free_chunks: 1.
 - use_allocation_guard: 0.


Internal statistics:

num_allocs_failed_limit: 6.
num_arena_births: 342.
num_arena_deaths: 0.
num_vsnodes_births: 2.
num_vsnodes_deaths: 0.
num_space_committed: 562.
num_space_uncommitted: 0.
num_chunks_returned_to_freelist: 6.
num_chunks_taken_from_freelist: 1316.
num_chunk_merges: 6.
num_chunk_splits: 937.
num_chunks_enlarged: 713.
num_inconsistent_stats: 0.

CodeHeap 'non-profiled nmethods': size=119168Kb used=2798Kb max_used=3137Kb free=116370Kb
 bounds [0x00007ff1305a0000, 0x00007ff1308c0000, 0x00007ff137a00000]
CodeHeap 'profiled nmethods': size=119164Kb used=11492Kb max_used=12621Kb free=107672Kb
 bounds [0x00007ff128a00000, 0x00007ff129660000, 0x00007ff12fe5f000]
CodeHeap 'non-nmethods': size=7428Kb used=2981Kb max_used=3062Kb free=4447Kb
 bounds [0x00007ff12fe5f000, 0x00007ff13016f000, 0x00007ff1305a0000]
 total_blobs=6052 nmethods=5533 adapters=427
 compilation: enabled
              stopped_count=0, restarted_count=0
 full_count=0

Compilation events (20 events):
Event: 1.867 Thread 0x00007ff0d008e970 6416       3       com.sun.tools.javac.code.Types::implementation (13 bytes)
Event: 1.867 Thread 0x00007ff0d8035560 nmethod 6414 0x00007ff128ff8d10 code [0x00007ff128ff8ec0, 0x00007ff128ff9070]
Event: 1.867 Thread 0x00007ff0d8035560 6417       3       com.sun.tools.javac.code.Types$ImplementationCache::get (159 bytes)
Event: 1.867 Thread 0x00007ff0d008e970 nmethod 6416 0x00007ff128a01b90 code [0x00007ff128a01d40, 0x00007ff128a01e80]
Event: 1.867 Thread 0x00007ff0d008e970 6418       3       com.sun.tools.javac.code.Types$MembersClosureCache$MembersScope::<init> (14 bytes)
Event: 1.868 Thread 0x00007ff0d008e970 nmethod 6418 0x00007ff128b0a710 code [0x00007ff128b0a940, 0x00007ff128b0b210]
Event: 1.868 Thread 0x00007ff0d008d7a0 nmethod 6415 0x00007ff128c51410 code [0x00007ff128c51640, 0x00007ff128c51ec0]
Event: 1.868 Thread 0x00007ff0d008e970 6419       3       com.sun.tools.javac.code.Types$MembersClosureCache$MembersScope::getMark (8 bytes)
Event: 1.868 Thread 0x00007ff0d008e970 nmethod 6419 0x00007ff128ddb010 code [0x00007ff128ddb1c0, 0x00007ff128ddb3a0]
Event: 1.868 Thread 0x00007ff1401cd780 nmethod 6413 0x00007ff12927c990 code [0x00007ff12927ccc0, 0x00007ff12927e2e0]
Event: 1.868 Thread 0x00007ff0a8201910 nmethod 6410 0x00007ff130724610 code [0x00007ff1307247a0, 0x00007ff1307248b8]
Event: 1.868 Thread 0x00007ff0d8035560 nmethod 6417 0x00007ff128a3e810 code [0x00007ff128a3eb00, 0x00007ff128a3ff20]
Event: 1.870 Thread 0x00007ff1401cd780 6420       3       com.sun.tools.javac.code.Types::erasure (19 bytes)
Event: 1.870 Thread 0x00007ff0d008e970 6421       3       com.sun.tools.javac.code.Types::eraseNotNeeded (30 bytes)
Event: 1.870 Thread 0x00007ff0d008d7a0 6422       3       com.sun.tools.javac.code.Types::erasure (27 bytes)
Event: 1.870 Thread 0x00007ff0d008e970 nmethod 6421 0x00007ff128ddaa90 code [0x00007ff128ddac40, 0x00007ff128ddaee0]
Event: 1.870 Thread 0x00007ff1401cd780 nmethod 6420 0x00007ff128e23990 code [0x00007ff128e23ba0, 0x00007ff128e24340]
Event: 1.870 Thread 0x00007ff0d008d7a0 nmethod 6422 0x00007ff129387e10 code [0x00007ff129388000, 0x00007ff129388530]
Event: 1.873 Thread 0x00007ff0d00264a0 nmethod 6411 0x00007ff1305ce990 code [0x00007ff1305ceb40, 0x00007ff1305ceff8]
Event: 1.874 Thread 0x00007ff1401cd780 6423       3       jdk.internal.org.objectweb.asm.MethodVisitor::visitInsn (16 bytes)

GC Heap History (13 events):
Event: 0.314 GC heap before
{Heap before GC invocations=0 (full 0):
 garbage-first heap   total 516096K, used 24576K [0x000000060b800000, 0x0000000800000000)
  region size 4096K, 6 young (24576K), 0 survivors (0K)
 Metaspace       used 13821K, committed 14016K, reserved 1114112K
  class space    used 1293K, committed 1344K, reserved 1048576K
}
Event: 0.318 GC heap after
{Heap after GC invocations=1 (full 0):
 garbage-first heap   total 516096K, used 3632K [0x000000060b800000, 0x0000000800000000)
  region size 4096K, 1 young (4096K), 1 survivors (4096K)
 Metaspace       used 13821K, committed 14016K, reserved 1114112K
  class space    used 1293K, committed 1344K, reserved 1048576K
}
Event: 0.637 GC heap before
{Heap before GC invocations=1 (full 0):
 garbage-first heap   total 516096K, used 36400K [0x000000060b800000, 0x0000000800000000)
  region size 4096K, 9 young (36864K), 1 survivors (4096K)
 Metaspace       used 19499K, committed 19776K, reserved 1114112K
  class space    used 1979K, committed 2112K, reserved 1048576K
}
Event: 0.641 GC heap after
{Heap after GC invocations=2 (full 0):
 garbage-first heap   total 516096K, used 5715K [0x000000060b800000, 0x0000000800000000)
  region size 4096K, 2 young (8192K), 2 survivors (8192K)
 Metaspace       used 19499K, committed 19776K, reserved 1114112K
  class space    used 1979K, committed 2112K, reserved 1048576K
}
Event: 0.727 GC heap before
{Heap before GC invocations=2 (full 0):
 garbage-first heap   total 516096K, used 9811K [0x000000060b800000, 0x0000000800000000)
  region size 4096K, 4 young (16384K), 2 survivors (8192K)
 Metaspace       used 21233K, committed 21504K, reserved 1114112K
  class space    used 2149K, committed 2304K, reserved 1048576K
}
Event: 0.729 GC heap after
{Heap after GC invocations=3 (full 0):
 garbage-first heap   total 516096K, used 6933K [0x000000060b800000, 0x0000000800000000)
  region size 4096K, 2 young (8192K), 2 survivors (8192K)
 Metaspace       used 21233K, committed 21504K, reserved 1114112K
  class space    used 2149K, committed 2304K, reserved 1048576K
}
Event: 0.877 GC heap before
{Heap before GC invocations=4 (full 0):
 garbage-first heap   total 40960K, used 39701K [0x000000060b800000, 0x0000000800000000)
  region size 4096K, 10 young (40960K), 2 survivors (8192K)
 Metaspace       used 22285K, committed 22592K, reserved 1114112K
  class space    used 2222K, committed 2368K, reserved 1048576K
}
Event: 0.882 GC heap after
{Heap after GC invocations=5 (full 0):
 garbage-first heap   total 53248K, used 10284K [0x000000060b800000, 0x0000000800000000)
  region size 4096K, 3 young (12288K), 3 survivors (12288K)
 Metaspace       used 22285K, committed 22592K, reserved 1114112K
  class space    used 2222K, committed 2368K, reserved 1048576K
}
Event: 0.957 GC heap before
{Heap before GC invocations=5 (full 0):
 garbage-first heap   total 53248K, used 26668K [0x000000060b800000, 0x0000000800000000)
  region size 4096K, 7 young (28672K), 3 survivors (12288K)
 Metaspace       used 22532K, committed 22784K, reserved 1114112K
  class space    used 2235K, committed 2368K, reserved 1048576K
}
Event: 0.964 GC heap after
{Heap after GC invocations=6 (full 0):
 garbage-first heap   total 53248K, used 12276K [0x000000060b800000, 0x0000000800000000)
  region size 4096K, 1 young (4096K), 1 survivors (4096K)
 Metaspace       used 22532K, committed 22784K, reserved 1114112K
  class space    used 2235K, committed 2368K, reserved 1048576K
}
Event: 1.021 GC heap before
{Heap before GC invocations=6 (full 0):
 garbage-first heap   total 53248K, used 28660K [0x000000060b800000, 0x0000000800000000)
  region size 4096K, 5 young (20480K), 1 survivors (4096K)
 Metaspace       used 22769K, committed 23040K, reserved 1114112K
  class space    used 2237K, committed 2368K, reserved 1048576K
}
Event: 1.023 GC heap after
{Heap after GC invocations=7 (full 0):
 garbage-first heap   total 286720K, used 12422K [0x000000060b800000, 0x0000000800000000)
  region size 4096K, 1 young (4096K), 1 survivors (4096K)
 Metaspace       used 22769K, committed 23040K, reserved 1114112K
  class space    used 2237K, committed 2368K, reserved 1048576K
}
Event: 1.874 GC heap before
{Heap before GC invocations=7 (full 0):
 garbage-first heap   total 286720K, used 131206K [0x000000060b800000, 0x0000000800000000)
  region size 4096K, 31 young (126976K), 1 survivors (4096K)
 Metaspace       used 35658K, committed 35968K, reserved 1114112K
  class space    used 3558K, committed 3712K, reserved 1048576K
}

Dll operation events (8 events):
Event: 0.001 Loaded shared library /usr/lib/jvm/java-19-openjdk/lib/libjava.so
Event: 0.011 Loaded shared library /usr/lib/jvm/java-19-openjdk/lib/libjsvml.so
Event: 0.037 Loaded shared library /usr/lib/jvm/java-19-openjdk/lib/libnio.so
Event: 0.041 Loaded shared library /usr/lib/jvm/java-19-openjdk/lib/libzip.so
Event: 0.046 Loaded shared library /usr/lib/jvm/java-19-openjdk/lib/libjimage.so
Event: 0.065 Loaded shared library /usr/lib/jvm/java-19-openjdk/lib/libnet.so
Event: 0.110 Loaded shared library /tmp/jansi-2.4.0-4c885eb4c05f59fa-libjansi.so
Event: 0.114 Loaded shared library /usr/lib/jvm/java-19-openjdk/lib/libverify.so

Deoptimization events (20 events):
Event: 1.855 Thread 0x00007ff1400157c0 Uncommon trap: trap_request=0xffffffde fr.pc=0x00007ff130831f90 relative=0x00000000000000f0
Event: 1.855 Thread 0x00007ff1400157c0 Uncommon trap: reason=class_check action=maybe_recompile pc=0x00007ff130831f90 method=com.sun.tools.javac.code.Type.containsAny(Lcom/sun/tools/javac/util/List;)Z @ 6 c2
Event: 1.855 Thread 0x00007ff1400157c0 DEOPT PACKING pc=0x00007ff130831f90 sp=0x00007ff147dfaef0
Event: 1.855 Thread 0x00007ff1400157c0 DEOPT UNPACKING pc=0x00007ff12fec5299 sp=0x00007ff147dfae90 mode 2
Event: 1.859 Thread 0x00007ff1400157c0 Uncommon trap: trap_request=0xffffffde fr.pc=0x00007ff130831f90 relative=0x00000000000000f0
Event: 1.859 Thread 0x00007ff1400157c0 Uncommon trap: reason=class_check action=maybe_recompile pc=0x00007ff130831f90 method=com.sun.tools.javac.code.Type.containsAny(Lcom/sun/tools/javac/util/List;)Z @ 6 c2
Event: 1.859 Thread 0x00007ff1400157c0 DEOPT PACKING pc=0x00007ff130831f90 sp=0x00007ff147dfb0f0
Event: 1.859 Thread 0x00007ff1400157c0 DEOPT UNPACKING pc=0x00007ff12fec5299 sp=0x00007ff147dfb0a0 mode 2
Event: 1.864 Thread 0x00007ff1400157c0 Uncommon trap: trap_request=0xffffffc6 fr.pc=0x00007ff130684300 relative=0x0000000000001360
Event: 1.864 Thread 0x00007ff1400157c0 Uncommon trap: reason=bimorphic_or_optimized_type_check action=maybe_recompile pc=0x00007ff130684300 method=java.util.HashMap.putVal(ILjava/lang/Object;Ljava/lang/Object;ZZ)Ljava/lang/Object; @ 56 c2
Event: 1.864 Thread 0x00007ff1400157c0 DEOPT PACKING pc=0x00007ff130684300 sp=0x00007ff147dfcee0
Event: 1.864 Thread 0x00007ff1400157c0 DEOPT UNPACKING pc=0x00007ff12fec5299 sp=0x00007ff147dfce68 mode 2
Event: 1.866 Thread 0x00007ff1400157c0 Uncommon trap: trap_request=0xffffffc6 fr.pc=0x00007ff1306838dc relative=0x000000000000093c
Event: 1.866 Thread 0x00007ff1400157c0 Uncommon trap: reason=bimorphic_or_optimized_type_check action=maybe_recompile pc=0x00007ff1306838dc method=java.util.HashMap.putVal(ILjava/lang/Object;Ljava/lang/Object;ZZ)Ljava/lang/Object; @ 253 c2
Event: 1.866 Thread 0x00007ff1400157c0 DEOPT PACKING pc=0x00007ff1306838dc sp=0x00007ff147dfce50
Event: 1.866 Thread 0x00007ff1400157c0 DEOPT UNPACKING pc=0x00007ff12fec5299 sp=0x00007ff147dfce00 mode 2
Event: 1.867 Thread 0x00007ff1400157c0 Uncommon trap: trap_request=0xffffffc6 fr.pc=0x00007ff1306838dc relative=0x000000000000093c
Event: 1.867 Thread 0x00007ff1400157c0 Uncommon trap: reason=bimorphic_or_optimized_type_check action=maybe_recompile pc=0x00007ff1306838dc method=java.util.HashMap.putVal(ILjava/lang/Object;Ljava/lang/Object;ZZ)Ljava/lang/Object; @ 253 c2
Event: 1.867 Thread 0x00007ff1400157c0 DEOPT PACKING pc=0x00007ff1306838dc sp=0x00007ff147dfce40
Event: 1.867 Thread 0x00007ff1400157c0 DEOPT UNPACKING pc=0x00007ff12fec5299 sp=0x00007ff147dfcdf0 mode 2

Classes loaded (20 events):
Event: 1.641 Loading class jdk/internal/access/JavaUtilCollectionAccess done
Event: 1.641 Loading class java/util/ImmutableCollections$Access$1 done
Event: 1.641 Loading class java/util/stream/Nodes$SpinedNodeBuilder
Event: 1.641 Loading class java/util/stream/Nodes$SpinedNodeBuilder done
Event: 1.663 Loading class java/nio/file/FileTreeWalker$1
Event: 1.663 Loading class java/nio/file/FileTreeWalker$1 done
Event: 1.784 Loading class java/util/stream/ReduceOps$1
Event: 1.784 Loading class java/util/stream/ReduceOps$1 done
Event: 1.784 Loading class java/util/stream/ReduceOps$1ReducingSink
Event: 1.784 Loading class java/util/stream/ReduceOps$1ReducingSink done
Event: 1.860 Loading class java/util/EnumMap$EntrySet
Event: 1.860 Loading class java/util/EnumMap$EntrySet done
Event: 1.860 Loading class java/util/EnumMap$EntryIterator
Event: 1.860 Loading class java/util/EnumMap$EnumMapIterator
Event: 1.860 Loading class java/util/EnumMap$EnumMapIterator done
Event: 1.860 Loading class java/util/EnumMap$EntryIterator done
Event: 1.860 Loading class java/util/EnumMap$EntryIterator$Entry
Event: 1.860 Loading class java/util/EnumMap$EntryIterator$Entry done
Event: 1.873 Loading class java/util/function/ToIntBiFunction
Event: 1.873 Loading class java/util/function/ToIntBiFunction done

Classes unloaded (0 events):
No events

Classes redefined (0 events):
No events

Internal exceptions (20 events):
Event: 1.377 Thread 0x00007ff1400157c0 Exception <a 'java/lang/NoSuchMethodError'{0x0000000619e5da20}: 'int java.lang.invoke.DirectMethodHandle$Holder.invokeStaticInit(java.lang.Object, java.lang.Object)'> (0x0000000619e5da20) 
thrown [/usr/src/debug/java-openjdk/jdk19u-jdk-19.0.2-7/src/hotspot/share/interpreter/linkResolver.cpp, line 773]
Event: 1.409 Thread 0x00007ff1400157c0 Exception <a 'java/lang/NoSuchMethodError'{0x0000000619ef5fc0}: 'int java.lang.invoke.DirectMethodHandle$Holder.invokeVirtual(java.lang.Object, java.lang.Object)'> (0x0000000619ef5fc0) 
thrown [/usr/src/debug/java-openjdk/jdk19u-jdk-19.0.2-7/src/hotspot/share/interpreter/linkResolver.cpp, line 773]
Event: 1.411 Thread 0x00007ff1400157c0 Exception <a 'java/lang/NoSuchMethodError'{0x0000000619f26e58}: 'java.lang.Object java.lang.invoke.DirectMethodHandle$Holder.newInvokeSpecial(java.lang.Object, java.lang.Object, java.lang.Object, java.lang.Object, java.lang.Object, java.lang.Object)'> (0x0000000619f26e58) 
thrown [/usr/src/debug/java-openjdk/jdk19u-jdk-19.0.2-7/src/hotspot/share/interpreter/linkResolver.cpp, line 773]
Event: 1.506 Thread 0x00007ff1400157c0 Exception <a 'java/lang/NoSuchMethodError'{0x00000006196d83a0}: 'java.lang.Object java.lang.invoke.DirectMethodHandle$Holder.invokeVirtual(java.lang.Object, java.lang.Object, java.lang.Object, int, int)'> (0x00000006196d83a0) 
thrown [/usr/src/debug/java-openjdk/jdk19u-jdk-19.0.2-7/src/hotspot/share/interpreter/linkResolver.cpp, line 773]
Event: 1.507 Thread 0x00007ff1400157c0 Exception <a 'java/lang/NoSuchMethodError'{0x00000006196df0e0}: 'java.lang.Object java.lang.invoke.DirectMethodHandle$Holder.invokeVirtual(java.lang.Object, java.lang.Object, int)'> (0x00000006196df0e0) 
thrown [/usr/src/debug/java-openjdk/jdk19u-jdk-19.0.2-7/src/hotspot/share/interpreter/linkResolver.cpp, line 773]
Event: 1.507 Thread 0x00007ff1400157c0 Exception <a 'java/lang/NoSuchMethodError'{0x00000006196e8348}: 'java.lang.Object java.lang.invoke.DirectMethodHandle$Holder.invokeSpecial(java.lang.Object, java.lang.Object, java.lang.Object, int, int)'> (0x00000006196e8348) 
thrown [/usr/src/debug/java-openjdk/jdk19u-jdk-19.0.2-7/src/hotspot/share/interpreter/linkResolver.cpp, line 773]
Event: 1.531 Thread 0x00007ff1400157c0 Exception <a 'java/lang/NoSuchMethodError'{0x000000061906e798}: 'java.lang.Object java.lang.invoke.DirectMethodHandle$Holder.invokeStatic(java.lang.Object, int, java.lang.Object)'> (0x000000061906e798) 
thrown [/usr/src/debug/java-openjdk/jdk19u-jdk-19.0.2-7/src/hotspot/share/interpreter/linkResolver.cpp, line 773]
Event: 1.548 Thread 0x00007ff1400157c0 Implicit null exception at 0x00007ff130824aac to 0x00007ff130824bde
Event: 1.549 Thread 0x00007ff1400157c0 Exception <a 'java/lang/NoSuchMethodError'{0x0000000619174630}: 'void java.lang.invoke.DirectMethodHandle$Holder.invokeSpecial(java.lang.Object, java.lang.Object, java.lang.Object, java.lang.Object, java.lang.Object)'> (0x0000000619174630) 
thrown [/usr/src/debug/java-openjdk/jdk19u-jdk-19.0.2-7/src/hotspot/share/interpreter/linkResolver.cpp, line 773]
Event: 1.587 Thread 0x00007ff1400157c0 Implicit null exception at 0x00007ff130848782 to 0x00007ff130849269
Event: 1.601 Thread 0x00007ff1400157c0 Implicit null exception at 0x00007ff130846d0d to 0x00007ff130846d5d
Event: 1.609 Thread 0x00007ff1400157c0 Implicit null exception at 0x00007ff13084211a to 0x00007ff130842164
Event: 1.619 Thread 0x00007ff1400157c0 Implicit null exception at 0x00007ff13085475e to 0x00007ff130855674
Event: 1.668 Thread 0x00007ff1400157c0 Exception <a 'java/lang/NoSuchMethodError'{0x0000000617057300}: 'java.lang.Object java.lang.invoke.DirectMethodHandle$Holder.invokeStatic(java.lang.Object, java.lang.Object, int, int)'> (0x0000000617057300) 
thrown [/usr/src/debug/java-openjdk/jdk19u-jdk-19.0.2-7/src/hotspot/share/interpreter/linkResolver.cpp, line 773]
Event: 1.694 Thread 0x00007ff1400157c0 Exception <a 'java/lang/NoSuchMethodError'{0x00000006173caa70}: 'java.lang.Object java.lang.invoke.DirectMethodHandle$Holder.invokeInterface(java.lang.Object, java.lang.Object)'> (0x00000006173caa70) 
thrown [/usr/src/debug/java-openjdk/jdk19u-jdk-19.0.2-7/src/hotspot/share/interpreter/linkResolver.cpp, line 773]
Event: 1.852 Thread 0x00007ff1400157c0 Exception <a 'java/lang/NoSuchMethodError'{0x0000000615908fb8}: 'int java.lang.invoke.DirectMethodHandle$Holder.invokeStatic(java.lang.Object, java.lang.Object, java.lang.Object, java.lang.Object)'> (0x0000000615908fb8) 
thrown [/usr/src/debug/java-openjdk/jdk19u-jdk-19.0.2-7/src/hotspot/share/interpreter/linkResolver.cpp, line 773]
Event: 1.856 Thread 0x00007ff1400157c0 Exception <a 'java/lang/NoSuchMethodError'{0x00000006159418e8}: 'int java.lang.invoke.DirectMethodHandle$Holder.invokeVirtual(java.lang.Object, java.lang.Object, java.lang.Object, java.lang.Object)'> (0x00000006159418e8) 
thrown [/usr/src/debug/java-openjdk/jdk19u-jdk-19.0.2-7/src/hotspot/share/interpreter/linkResolver.cpp, line 773]
Event: 1.857 Thread 0x00007ff1400157c0 Exception <a 'java/lang/NoSuchMethodError'{0x000000061594cb20}: 'java.lang.Object java.lang.invoke.DirectMethodHandle$Holder.newInvokeSpecial(java.lang.Object, java.lang.Object, int, java.lang.Object)'> (0x000000061594cb20) 
thrown [/usr/src/debug/java-openjdk/jdk19u-jdk-19.0.2-7/src/hotspot/share/interpreter/linkResolver.cpp, line 773]
Event: 1.857 Thread 0x00007ff1400157c0 Exception <a 'java/lang/NoSuchMethodError'{0x00000006159510c0}: 'java.lang.Object java.lang.invoke.DirectMethodHandle$Holder.invokeSpecial(java.lang.Object, java.lang.Object, java.lang.Object, int, java.lang.Object)'> (0x00000006159510c0) 
thrown [/usr/src/debug/java-openjdk/jdk19u-jdk-19.0.2-7/src/hotspot/share/interpreter/linkResolver.cpp, line 773]
Event: 1.863 Thread 0x00007ff1400157c0 Exception <a 'java/lang/NoSuchMethodError'{0x00000006159818a8}: 'void java.lang.invoke.DirectMethodHandle$Holder.invokeVirtual(java.lang.Object, java.lang.Object)'> (0x00000006159818a8) 
thrown [/usr/src/debug/java-openjdk/jdk19u-jdk-19.0.2-7/src/hotspot/share/interpreter/linkResolver.cpp, line 773]

VM Operations (20 events):
Event: 1.661 Executing VM operation: ICBufferFull done
Event: 1.724 Executing VM operation: ICBufferFull
Event: 1.724 Executing VM operation: ICBufferFull done
Event: 1.727 Executing VM operation: HandshakeAllThreads
Event: 1.727 Executing VM operation: HandshakeAllThreads done
Event: 1.737 Executing VM operation: HandshakeAllThreads
Event: 1.737 Executing VM operation: HandshakeAllThreads done
Event: 1.746 Executing VM operation: HandshakeAllThreads
Event: 1.746 Executing VM operation: HandshakeAllThreads done
Event: 1.769 Executing VM operation: ICBufferFull
Event: 1.769 Executing VM operation: ICBufferFull done
Event: 1.819 Executing VM operation: ICBufferFull
Event: 1.819 Executing VM operation: ICBufferFull done
Event: 1.851 Executing VM operation: HandshakeAllThreads
Event: 1.851 Executing VM operation: HandshakeAllThreads done
Event: 1.863 Executing VM operation: ICBufferFull
Event: 1.864 Executing VM operation: ICBufferFull done
Event: 1.873 Executing VM operation: HandshakeAllThreads
Event: 1.873 Executing VM operation: HandshakeAllThreads done
Event: 1.874 Executing VM operation: CollectForMetadataAllocation

Events (20 events):
Event: 1.752 Thread 0x00007ff1401cec50 flushing nmethod 0x00007ff1294fa490
Event: 1.752 Thread 0x00007ff1401cec50 flushing nmethod 0x00007ff1294fb510
Event: 1.752 Thread 0x00007ff1401cec50 flushing nmethod 0x00007ff1294ff210
Event: 1.752 Thread 0x00007ff1401cec50 flushing nmethod 0x00007ff129508c90
Event: 1.752 Thread 0x00007ff1401cec50 flushing nmethod 0x00007ff129516e10
Event: 1.752 Thread 0x00007ff1401cec50 flushing nmethod 0x00007ff129528590
Event: 1.752 Thread 0x00007ff1401cec50 flushing nmethod 0x00007ff129528e10
Event: 1.752 Thread 0x00007ff1401cec50 flushing nmethod 0x00007ff129535110
Event: 1.752 Thread 0x00007ff1401cec50 flushing nmethod 0x00007ff129536f10
Event: 1.752 Thread 0x00007ff1401cec50 flushing nmethod 0x00007ff12953e410
Event: 1.752 Thread 0x00007ff1401cec50 flushing nmethod 0x00007ff129548490
Event: 1.752 Thread 0x00007ff1401cec50 flushing nmethod 0x00007ff12954ab10
Event: 1.752 Thread 0x00007ff1401cec50 flushing nmethod 0x00007ff12956b390
Event: 1.752 Thread 0x00007ff1401cec50 flushing nmethod 0x00007ff12956c190
Event: 1.752 Thread 0x00007ff1401cec50 flushing nmethod 0x00007ff12959d690
Event: 1.752 Thread 0x00007ff1401cec50 flushing nmethod 0x00007ff12959f210
Event: 1.752 Thread 0x00007ff1401cec50 flushing nmethod 0x00007ff1295b3090
Event: 1.752 Thread 0x00007ff1401cec50 flushing nmethod 0x00007ff1295c6210
Event: 1.752 Thread 0x00007ff1401cec50 flushing nmethod 0x00007ff1295cc790
Event: 1.752 Thread 0x00007ff1401cec50 flushing nmethod 0x00007ff1295ccb90


Dynamic libraries:
60b800000-61c400000 rw-p 00000000 00:00 0 
61c400000-62a000000 ---p 00000000 00:00 0 
62a000000-62a800000 rw-p 00000000 00:00 0 
62a800000-62ac00000 ---p 00000000 00:00 0 
62ac00000-62b000000 rw-p 00000000 00:00 0 
62b000000-800000000 ---p 00000000 00:00 0 
800000000-800010000 rw-p 00000000 00:00 0 
800010000-800030000 rw-p 00000000 00:00 0 
800030000-8000b0000 rw-p 00000000 00:00 0 
8000b0000-800130000 rw-p 00000000 00:00 0 
800130000-800170000 rw-p 00000000 00:00 0 
800170000-800370000 rw-p 00000000 00:00 0 
800370000-800380000 ---p 00000000 00:00 0 
800380000-8003b0000 rw-p 00000000 00:00 0 
8003b0000-840000000 ---p 00000000 00:00 0 
55bcbb112000-55bcbb113000 r--p 00000000 103:02 1840269                   /usr/lib/jvm/java-19-openjdk/bin/java
55bcbb113000-55bcbb114000 r-xp 00001000 103:02 1840269                   /usr/lib/jvm/java-19-openjdk/bin/java
55bcbb114000-55bcbb115000 r--p 00002000 103:02 1840269                   /usr/lib/jvm/java-19-openjdk/bin/java
55bcbb115000-55bcbb116000 r--p 00002000 103:02 1840269                   /usr/lib/jvm/java-19-openjdk/bin/java
55bcbb116000-55bcbb117000 rw-p 00003000 103:02 1840269                   /usr/lib/jvm/java-19-openjdk/bin/java
55bcbc7c4000-55bcbc80b000 rw-p 00000000 00:00 0                          [heap]
7ff068000000-7ff068021000 rw-p 00000000 00:00 0 
7ff068021000-7ff06c000000 ---p 00000000 00:00 0 
7ff06c000000-7ff06c224000 rw-p 00000000 00:00 0 
7ff06c224000-7ff070000000 ---p 00000000 00:00 0 
7ff070000000-7ff070021000 rw-p 00000000 00:00 0 
7ff070021000-7ff074000000 ---p 00000000 00:00 0 
7ff074000000-7ff074021000 rw-p 00000000 00:00 0 
7ff074021000-7ff078000000 ---p 00000000 00:00 0 
7ff078000000-7ff078021000 rw-p 00000000 00:00 0 
7ff078021000-7ff07c000000 ---p 00000000 00:00 0 
7ff07c000000-7ff07c021000 rw-p 00000000 00:00 0 
7ff07c021000-7ff080000000 ---p 00000000 00:00 0 
7ff080000000-7ff080021000 rw-p 00000000 00:00 0 
7ff080021000-7ff084000000 ---p 00000000 00:00 0 
7ff084000000-7ff084021000 rw-p 00000000 00:00 0 
7ff084021000-7ff088000000 ---p 00000000 00:00 0 
7ff088000000-7ff088021000 rw-p 00000000 00:00 0 
7ff088021000-7ff08c000000 ---p 00000000 00:00 0 
7ff08c000000-7ff08c021000 rw-p 00000000 00:00 0 
7ff08c021000-7ff090000000 ---p 00000000 00:00 0 
7ff090000000-7ff090021000 rw-p 00000000 00:00 0 
7ff090021000-7ff094000000 ---p 00000000 00:00 0 
7ff094000000-7ff094025000 rw-p 00000000 00:00 0 
7ff094025000-7ff098000000 ---p 00000000 00:00 0 
7ff098000000-7ff09803b000 rw-p 00000000 00:00 0 
7ff09803b000-7ff09c000000 ---p 00000000 00:00 0 
7ff09c000000-7ff09c021000 rw-p 00000000 00:00 0 
7ff09c021000-7ff0a0000000 ---p 00000000 00:00 0 
7ff0a0000000-7ff0a049d000 rw-p 00000000 00:00 0 
7ff0a049d000-7ff0a4000000 ---p 00000000 00:00 0 
7ff0a70e4000-7ff0a70e5000 ---p 00000000 00:00 0 
7ff0a70e5000-7ff0a71e6000 rw-p 00000000 00:00 0 
7ff0a71e6000-7ff0a71e7000 ---p 00000000 00:00 0 
7ff0a71e7000-7ff0a72e8000 rw-p 00000000 00:00 0 
7ff0a72e8000-7ff0a72e9000 ---p 00000000 00:00 0 
7ff0a72e9000-7ff0a73ea000 rw-p 00000000 00:00 0 
7ff0a73ea000-7ff0a73eb000 ---p 00000000 00:00 0 
7ff0a73eb000-7ff0a74ec000 rw-p 00000000 00:00 0 
7ff0a74ec000-7ff0a74ed000 ---p 00000000 00:00 0 
7ff0a74ed000-7ff0a75ee000 rw-p 00000000 00:00 0 
7ff0a75ee000-7ff0a75ef000 ---p 00000000 00:00 0 
7ff0a75ef000-7ff0a76f0000 rw-p 00000000 00:00 0 
7ff0a76f0000-7ff0a76f1000 ---p 00000000 00:00 0 
7ff0a76f1000-7ff0a77f2000 rw-p 00000000 00:00 0 
7ff0a77f2000-7ff0a77f3000 ---p 00000000 00:00 0 
7ff0a77f3000-7ff0a78f4000 rw-p 00000000 00:00 0 
7ff0a78f4000-7ff0a78f5000 ---p 00000000 00:00 0 
7ff0a78f5000-7ff0a79f6000 rw-p 00000000 00:00 0 
7ff0a79f6000-7ff0a79f7000 ---p 00000000 00:00 0 
7ff0a79f7000-7ff0a7af8000 rw-p 00000000 00:00 0 
7ff0a7af8000-7ff0a7af9000 ---p 00000000 00:00 0 
7ff0a7af9000-7ff0a7bfa000 rw-p 00000000 00:00 0 
7ff0a7bfa000-7ff0a7bfb000 ---p 00000000 00:00 0 
7ff0a7bfb000-7ff0a7cfc000 rw-p 00000000 00:00 0 
7ff0a7cfc000-7ff0a7cfd000 ---p 00000000 00:00 0 
7ff0a7cfd000-7ff0a7dfe000 rw-p 00000000 00:00 0 
7ff0a7dfe000-7ff0a7dff000 ---p 00000000 00:00 0 
7ff0a7dff000-7ff0a7f00000 rw-p 00000000 00:00 0 
7ff0a7f00000-7ff0a7f04000 ---p 00000000 00:00 0 
7ff0a7f04000-7ff0a899f000 rw-p 00000000 00:00 0 
7ff0a899f000-7ff0ac000000 ---p 00000000 00:00 0 
7ff0ac000000-7ff0ac8f1000 rw-p 00000000 00:00 0 
7ff0ac8f1000-7ff0b0000000 ---p 00000000 00:00 0 
7ff0b0000000-7ff0b0886000 rw-p 00000000 00:00 0 
7ff0b0886000-7ff0b4000000 ---p 00000000 00:00 0 
7ff0b4000000-7ff0b4a46000 rw-p 00000000 00:00 0 
7ff0b4a46000-7ff0b8000000 ---p 00000000 00:00 0 
7ff0b8000000-7ff0b81cf000 rw-p 00000000 00:00 0 
7ff0b81cf000-7ff0bc000000 ---p 00000000 00:00 0 
7ff0bc000000-7ff0bc6e7000 rw-p 00000000 00:00 0 
7ff0bc6e7000-7ff0c0000000 ---p 00000000 00:00 0 
7ff0c0000000-7ff0c0c50000 rw-p 00000000 00:00 0 
7ff0c0c50000-7ff0c4000000 ---p 00000000 00:00 0 
7ff0c4000000-7ff0c42cc000 rw-p 00000000 00:00 0 
7ff0c42cc000-7ff0c8000000 ---p 00000000 00:00 0 
7ff0c8000000-7ff0c8021000 rw-p 00000000 00:00 0 
7ff0c8021000-7ff0cc000000 ---p 00000000 00:00 0 
7ff0cc000000-7ff0cc021000 rw-p 00000000 00:00 0 
7ff0cc021000-7ff0d0000000 ---p 00000000 00:00 0 
7ff0d0000000-7ff0d0309000 rw-p 00000000 00:00 0 
7ff0d0309000-7ff0d4000000 ---p 00000000 00:00 0 
7ff0d4000000-7ff0d4021000 rw-p 00000000 00:00 0 
7ff0d4021000-7ff0d8000000 ---p 00000000 00:00 0 
7ff0d8000000-7ff0d825c000 rw-p 00000000 00:00 0 
7ff0d825c000-7ff0dc000000 ---p 00000000 00:00 0 
7ff0dc000000-7ff0dc021000 rw-p 00000000 00:00 0 
7ff0dc021000-7ff0e0000000 ---p 00000000 00:00 0 
7ff0e0000000-7ff0e0021000 rw-p 00000000 00:00 0 
7ff0e0021000-7ff0e4000000 ---p 00000000 00:00 0 
7ff0e4000000-7ff0e4c75000 rw-p 00000000 00:00 0 
7ff0e4c75000-7ff0e8000000 ---p 00000000 00:00 0 
7ff0e8000000-7ff0e8021000 rw-p 00000000 00:00 0 
7ff0e8021000-7ff0ec000000 ---p 00000000 00:00 0 
7ff0ec000000-7ff0ec021000 rw-p 00000000 00:00 0 
7ff0ec021000-7ff0f0000000 ---p 00000000 00:00 0 
7ff0f0000000-7ff0f0021000 rw-p 00000000 00:00 0 
7ff0f0021000-7ff0f4000000 ---p 00000000 00:00 0 
7ff0f4000000-7ff0f4021000 rw-p 00000000 00:00 0 
7ff0f4021000-7ff0f8000000 ---p 00000000 00:00 0 
7ff0f8000000-7ff0f8021000 rw-p 00000000 00:00 0 
7ff0f8021000-7ff0fc000000 ---p 00000000 00:00 0 
7ff0fc000000-7ff0fc021000 rw-p 00000000 00:00 0 
7ff0fc021000-7ff100000000 ---p 00000000 00:00 0 
7ff100000000-7ff1004f0000 rw-p 00000000 00:00 0 
7ff1004f0000-7ff100530000 rw-p 00000000 00:00 0 
7ff100530000-7ff100570000 rw-p 00000000 00:00 0 
7ff100570000-7ff1006f0000 rw-p 00000000 00:00 0 
7ff1006f0000-7ff1007b0000 rw-p 00000000 00:00 0 
7ff1007b0000-7ff1007f0000 rw-p 00000000 00:00 0 
7ff1007f0000-7ff100870000 rw-p 00000000 00:00 0 
7ff100870000-7ff1008f0000 rw-p 00000000 00:00 0 
7ff1008f0000-7ff100af0000 rw-p 00000000 00:00 0 
7ff100af0000-7ff100df0000 rw-p 00000000 00:00 0 
7ff100df0000-7ff1011f0000 rw-p 00000000 00:00 0 
7ff1011f0000-7ff1014f0000 rw-p 00000000 00:00 0 
7ff1014f0000-7ff1015f0000 rw-p 00000000 00:00 0 
7ff1015f0000-7ff101d70000 rw-p 00000000 00:00 0 
7ff101d70000-7ff101f70000 rw-p 00000000 00:00 0 
7ff101f70000-7ff101f80000 ---p 00000000 00:00 0 
7ff101f80000-7ff101f90000 rw-p 00000000 00:00 0 
7ff101f90000-7ff104000000 ---p 00000000 00:00 0 
7ff104000000-7ff104021000 rw-p 00000000 00:00 0 
7ff104021000-7ff108000000 ---p 00000000 00:00 0 
7ff108000000-7ff108004000 ---p 00000000 00:00 0 
7ff108004000-7ff108100000 rw-p 00000000 00:00 0 
7ff108100000-7ff108104000 ---p 00000000 00:00 0 
7ff108104000-7ff108200000 rw-p 00000000 00:00 0 
7ff108200000-7ff108204000 ---p 00000000 00:00 0 
7ff108204000-7ff108300000 rw-p 00000000 00:00 0 
7ff108300000-7ff108304000 ---p 00000000 00:00 0 
7ff108304000-7ff108400000 rw-p 00000000 00:00 0 
7ff108400000-7ff108404000 ---p 00000000 00:00 0 
7ff108404000-7ff108500000 rw-p 00000000 00:00 0 
7ff108500000-7ff108504000 ---p 00000000 00:00 0 
7ff108504000-7ff108600000 rw-p 00000000 00:00 0 
7ff108600000-7ff108603000 r-xp 00000000 00:21 883                        /tmp/jansi-2.4.0-4c885eb4c05f59fa-libjansi.so
7ff108603000-7ff108802000 ---p 00003000 00:21 883                        /tmp/jansi-2.4.0-4c885eb4c05f59fa-libjansi.so
7ff108802000-7ff108803000 rw-p 00002000 00:21 883                        /tmp/jansi-2.4.0-4c885eb4c05f59fa-libjansi.so
7ff1088fe000-7ff108902000 ---p 00000000 00:00 0 
7ff108902000-7ff1089fe000 rw-p 00000000 00:00 0 
7ff1089fe000-7ff108a02000 ---p 00000000 00:00 0 
7ff108a02000-7ff108afe000 rw-p 00000000 00:00 0 
7ff108afe000-7ff108b02000 ---p 00000000 00:00 0 
7ff108b02000-7ff108bfe000 rw-p 00000000 00:00 0 
7ff108bfe000-7ff108bff000 ---p 00000000 00:00 0 
7ff108bff000-7ff108d00000 rw-p 00000000 00:00 0 
7ff108d00000-7ff108d04000 ---p 00000000 00:00 0 
7ff108d04000-7ff108e00000 rw-p 00000000 00:00 0 
7ff108e00000-7ff108e04000 ---p 00000000 00:00 0 
7ff108e04000-7ff108f00000 rw-p 00000000 00:00 0 
7ff108f00000-7ff108f04000 ---p 00000000 00:00 0 
7ff108f04000-7ff109000000 rw-p 00000000 00:00 0 
7ff109000000-7ff109004000 ---p 00000000 00:00 0 
7ff109004000-7ff109100000 rw-p 00000000 00:00 0 
7ff109100000-7ff109104000 ---p 00000000 00:00 0 
7ff109104000-7ff109200000 rw-p 00000000 00:00 0 
7ff109200000-7ff109204000 ---p 00000000 00:00 0 
7ff109204000-7ff109300000 rw-p 00000000 00:00 0 
7ff109300000-7ff109304000 ---p 00000000 00:00 0 
7ff109304000-7ff109400000 rw-p 00000000 00:00 0 
7ff109400000-7ff109404000 ---p 00000000 00:00 0 
7ff109404000-7ff109500000 rw-p 00000000 00:00 0 
7ff109500000-7ff109504000 ---p 00000000 00:00 0 
7ff109504000-7ff109600000 rw-p 00000000 00:00 0 
7ff109600000-7ff1098ea000 r--p 00000000 103:02 1644209                   /usr/lib/locale/locale-archive
7ff1099a7000-7ff1099ab000 ---p 00000000 00:00 0 
7ff1099ab000-7ff109aa7000 rw-p 00000000 00:00 0 
7ff109aa7000-7ff109aa8000 ---p 00000000 00:00 0 
7ff109aa8000-7ff109ba9000 rw-p 00000000 00:00 0 
7ff109ba9000-7ff109bae000 r--p 00000000 103:02 1843462                   /usr/lib/jvm/java-19-openjdk/lib/libjsvml.so
7ff109bae000-7ff109bef000 r-xp 00005000 103:02 1843462                   /usr/lib/jvm/java-19-openjdk/lib/libjsvml.so
7ff109bef000-7ff109c78000 r--p 00046000 103:02 1843462                   /usr/lib/jvm/java-19-openjdk/lib/libjsvml.so
7ff109c78000-7ff109c79000 r--p 000ce000 103:02 1843462                   /usr/lib/jvm/java-19-openjdk/lib/libjsvml.so
7ff109c79000-7ff109c7a000 rw-p 000cf000 103:02 1843462                   /usr/lib/jvm/java-19-openjdk/lib/libjsvml.so
7ff109c7a000-7ff109cfb000 rw-p 00000000 00:00 0 
7ff109cfb000-7ff109cfc000 ---p 00000000 00:00 0 
7ff109cfc000-7ff109dfd000 rw-p 00000000 00:00 0 
7ff109dfd000-7ff109dfe000 ---p 00000000 00:00 0 
7ff109dfe000-7ff10c021000 rw-p 00000000 00:00 0 
7ff10c021000-7ff110000000 ---p 00000000 00:00 0 
7ff110000000-7ff110021000 rw-p 00000000 00:00 0 
7ff110021000-7ff114000000 ---p 00000000 00:00 0 
7ff114000000-7ff114021000 rw-p 00000000 00:00 0 
7ff114021000-7ff118000000 ---p 00000000 00:00 0 
7ff11801c000-7ff11844c000 rw-p 00000000 00:00 0 
7ff11844c000-7ff1187bc000 ---p 00000000 00:00 0 
7ff1187bc000-7ff1187dc000 rw-p 00000000 00:00 0 
7ff1187dc000-7ff1187ec000 ---p 00000000 00:00 0 
7ff1187ec000-7ff1187fc000 rw-p 00000000 00:00 0 
7ff1187fc000-7ff11fd3c000 ---p 00000000 00:00 0 
7ff11fd3c000-7ff12016c000 rw-p 00000000 00:00 0 
7ff12016c000-7ff1204dc000 ---p 00000000 00:00 0 
7ff1204dc000-7ff1204fc000 rw-p 00000000 00:00 0 
7ff1204fc000-7ff12050c000 ---p 00000000 00:00 0 
7ff12050c000-7ff12051c000 rw-p 00000000 00:00 0 
7ff12051c000-7ff127a5c000 ---p 00000000 00:00 0 
7ff127a5c000-7ff127ae2000 rw-p 00000000 00:00 0 
7ff127ae2000-7ff127b50000 ---p 00000000 00:00 0 
7ff127b50000-7ff127b54000 rw-p 00000000 00:00 0 
7ff127b54000-7ff127b56000 ---p 00000000 00:00 0 
7ff127b56000-7ff127b58000 rw-p 00000000 00:00 0 
7ff127b58000-7ff128a00000 ---p 00000000 00:00 0 
7ff128a00000-7ff129660000 rwxp 00000000 00:00 0 
7ff129660000-7ff12fe5f000 ---p 00000000 00:00 0 
7ff12fe5f000-7ff13016f000 rwxp 00000000 00:00 0 
7ff13016f000-7ff1305a0000 ---p 00000000 00:00 0 
7ff1305a0000-7ff1308c0000 rwxp 00000000 00:00 0 
7ff1308c0000-7ff137a00000 ---p 00000000 00:00 0 
7ff137a00000-7ff13fec9000 r--s 00000000 103:02 1843481                   /usr/lib/jvm/java-19-openjdk/lib/modules
7ff13fece000-7ff141663000 rw-p 00000000 00:00 0 
7ff141663000-7ff144000000 ---p 00000000 00:00 0 
7ff14401c000-7ff144020000 r--p 00000000 103:02 1843479                   /usr/lib/jvm/java-19-openjdk/lib/libverify.so
7ff144020000-7ff144027000 r-xp 00004000 103:02 1843479                   /usr/lib/jvm/java-19-openjdk/lib/libverify.so
7ff144027000-7ff144029000 r--p 0000b000 103:02 1843479                   /usr/lib/jvm/java-19-openjdk/lib/libverify.so
7ff144029000-7ff14402b000 r--p 0000c000 103:02 1843479                   /usr/lib/jvm/java-19-openjdk/lib/libverify.so
7ff14402b000-7ff14402c000 rw-p 0000e000 103:02 1843479                   /usr/lib/jvm/java-19-openjdk/lib/libverify.so
7ff14402c000-7ff144bd3000 rw-p 00000000 00:00 0 
7ff144bd3000-7ff144bd4000 ---p 00000000 00:00 0 
7ff144bd4000-7ff144cd5000 rw-p 00000000 00:00 0 
7ff144cd5000-7ff144cd6000 ---p 00000000 00:00 0 
7ff144cd6000-7ff144dd7000 rw-p 00000000 00:00 0 
7ff144dd7000-7ff144dd8000 ---p 00000000 00:00 0 
7ff144dd8000-7ff144f5f000 rw-p 00000000 00:00 0 
7ff144f5f000-7ff144fcd000 ---p 00000000 00:00 0 
7ff144fcd000-7ff144fd1000 rw-p 00000000 00:00 0 
7ff144fd1000-7ff144fd3000 ---p 00000000 00:00 0 
7ff144fd3000-7ff144fd5000 rw-p 00000000 00:00 0 
7ff144fd5000-7ff145e7d000 ---p 00000000 00:00 0 
7ff145e7d000-7ff145f03000 rw-p 00000000 00:00 0 
7ff145f03000-7ff145f71000 ---p 00000000 00:00 0 
7ff145f71000-7ff145f75000 rw-p 00000000 00:00 0 
7ff145f75000-7ff145f77000 ---p 00000000 00:00 0 
7ff145f77000-7ff145f79000 rw-p 00000000 00:00 0 
7ff145f79000-7ff146e21000 ---p 00000000 00:00 0 
7ff146e21000-7ff147b35000 rw-p 00000000 00:00 0 
7ff147b35000-7ff147c17000 ---p 00000000 00:00 0 
7ff147c17000-7ff147c30000 rw-p 00000000 00:00 0 
7ff147c30000-7ff147d00000 ---p 00000000 00:00 0 
7ff147d00000-7ff147d04000 ---p 00000000 00:00 0 
7ff147d04000-7ff147e00000 rw-p 00000000 00:00 0 
7ff147e00000-7ff147e9a000 r--p 00000000 103:02 1627905                   /usr/lib/libstdc++.so.6.0.30
7ff147e9a000-7ff147fb0000 r-xp 0009a000 103:02 1627905                   /usr/lib/libstdc++.so.6.0.30
7ff147fb0000-7ff148027000 r--p 001b0000 103:02 1627905                   /usr/lib/libstdc++.so.6.0.30
7ff148027000-7ff148034000 r--p 00226000 103:02 1627905                   /usr/lib/libstdc++.so.6.0.30
7ff148034000-7ff148035000 rw-p 00233000 103:02 1627905                   /usr/lib/libstdc++.so.6.0.30
7ff148035000-7ff148038000 rw-p 00000000 00:00 0 
7ff148043000-7ff14804a000 r--p 00000000 103:02 1843470                   /usr/lib/jvm/java-19-openjdk/lib/libnio.so
7ff14804a000-7ff148052000 r-xp 00007000 103:02 1843470                   /usr/lib/jvm/java-19-openjdk/lib/libnio.so
7ff148052000-7ff148056000 r--p 0000f000 103:02 1843470                   /usr/lib/jvm/java-19-openjdk/lib/libnio.so
7ff148056000-7ff148057000 r--p 00013000 103:02 1843470                   /usr/lib/jvm/java-19-openjdk/lib/libnio.so
7ff148057000-7ff148058000 rw-p 00014000 103:02 1843470                   /usr/lib/jvm/java-19-openjdk/lib/libnio.so
7ff148058000-7ff148118000 rw-p 00000000 00:00 0 
7ff148118000-7ff148126000 r--p 00000000 103:02 1576265                   /usr/lib/libm.so.6
7ff148126000-7ff1481a0000 r-xp 0000e000 103:02 1576265                   /usr/lib/libm.so.6
7ff1481a0000-7ff1481fe000 r--p 00088000 103:02 1576265                   /usr/lib/libm.so.6
7ff1481fe000-7ff1481ff000 r--p 000e5000 103:02 1576265                   /usr/lib/libm.so.6
7ff1481ff000-7ff148200000 rw-p 000e6000 103:02 1576265                   /usr/lib/libm.so.6
7ff148200000-7ff14848d000 r--p 00000000 103:02 1843628                   /usr/lib/jvm/java-19-openjdk/lib/server/libjvm.so
7ff14848d000-7ff149260000 r-xp 0028d000 103:02 1843628                   /usr/lib/jvm/java-19-openjdk/lib/server/libjvm.so
7ff149260000-7ff14950e000 r--p 01060000 103:02 1843628                   /usr/lib/jvm/java-19-openjdk/lib/server/libjvm.so
7ff14950e000-7ff1495da000 r--p 0130e000 103:02 1843628                   /usr/lib/jvm/java-19-openjdk/lib/server/libjvm.so
7ff1495da000-7ff149610000 rw-p 013da000 103:02 1843628                   /usr/lib/jvm/java-19-openjdk/lib/server/libjvm.so
7ff149610000-7ff14966c000 rw-p 00000000 00:00 0 
7ff14966e000-7ff149670000 r--p 00000000 103:02 1843480                   /usr/lib/jvm/java-19-openjdk/lib/libzip.so
7ff149670000-7ff149674000 r-xp 00002000 103:02 1843480                   /usr/lib/jvm/java-19-openjdk/lib/libzip.so
7ff149674000-7ff149676000 r--p 00006000 103:02 1843480                   /usr/lib/jvm/java-19-openjdk/lib/libzip.so
7ff149676000-7ff149677000 r--p 00007000 103:02 1843480                   /usr/lib/jvm/java-19-openjdk/lib/libzip.so
7ff149677000-7ff149678000 rw-p 00008000 103:02 1843480                   /usr/lib/jvm/java-19-openjdk/lib/libzip.so
7ff149678000-7ff1496f6000 rw-p 00000000 00:00 0 
7ff1496f6000-7ff149703000 r--p 00000000 103:02 1843450                   /usr/lib/jvm/java-19-openjdk/lib/libjava.so
7ff149703000-7ff149714000 r-xp 0000d000 103:02 1843450                   /usr/lib/jvm/java-19-openjdk/lib/libjava.so
7ff149714000-7ff14971a000 r--p 0001e000 103:02 1843450                   /usr/lib/jvm/java-19-openjdk/lib/libjava.so
7ff14971a000-7ff14971b000 r--p 00024000 103:02 1843450                   /usr/lib/jvm/java-19-openjdk/lib/libjava.so
7ff14971b000-7ff14971c000 rw-p 00025000 103:02 1843450                   /usr/lib/jvm/java-19-openjdk/lib/libjava.so
7ff14971c000-7ff14971d000 rw-p 00000000 00:00 0 
7ff14971d000-7ff149720000 r--p 00000000 103:02 1593818                   /usr/lib/libgcc_s.so.1
7ff149720000-7ff149737000 r-xp 00003000 103:02 1593818                   /usr/lib/libgcc_s.so.1
7ff149737000-7ff14973b000 r--p 0001a000 103:02 1593818                   /usr/lib/libgcc_s.so.1
7ff14973b000-7ff14973c000 r--p 0001d000 103:02 1593818                   /usr/lib/libgcc_s.so.1
7ff14973c000-7ff14973d000 rw-p 0001e000 103:02 1593818                   /usr/lib/libgcc_s.so.1
7ff14973d000-7ff149740000 rw-p 00000000 00:00 0 
7ff149740000-7ff149743000 r--p 00000000 103:02 1588796                   /usr/lib/libz.so.1.2.13
7ff149743000-7ff149751000 r-xp 00003000 103:02 1588796                   /usr/lib/libz.so.1.2.13
7ff149751000-7ff149758000 r--p 00011000 103:02 1588796                   /usr/lib/libz.so.1.2.13
7ff149758000-7ff149759000 r--p 00017000 103:02 1588796                   /usr/lib/libz.so.1.2.13
7ff149759000-7ff14975a000 rw-p 00018000 103:02 1588796                   /usr/lib/libz.so.1.2.13
7ff14975a000-7ff14977c000 r--p 00000000 103:02 1576241                   /usr/lib/libc.so.6
7ff14977c000-7ff1498d6000 r-xp 00022000 103:02 1576241                   /usr/lib/libc.so.6
7ff1498d6000-7ff14992e000 r--p 0017c000 103:02 1576241                   /usr/lib/libc.so.6
7ff14992e000-7ff149932000 r--p 001d4000 103:02 1576241                   /usr/lib/libc.so.6
7ff149932000-7ff149934000 rw-p 001d8000 103:02 1576241                   /usr/lib/libc.so.6
7ff149934000-7ff149941000 rw-p 00000000 00:00 0 
7ff149943000-7ff149946000 r--p 00000000 103:02 1843469                   /usr/lib/jvm/java-19-openjdk/lib/libnet.so
7ff149946000-7ff14994f000 r-xp 00003000 103:02 1843469                   /usr/lib/jvm/java-19-openjdk/lib/libnet.so
7ff14994f000-7ff149951000 r--p 0000c000 103:02 1843469                   /usr/lib/jvm/java-19-openjdk/lib/libnet.so
7ff149951000-7ff149952000 r--p 0000e000 103:02 1843469                   /usr/lib/jvm/java-19-openjdk/lib/libnet.so
7ff149952000-7ff149953000 rw-p 0000f000 103:02 1843469                   /usr/lib/jvm/java-19-openjdk/lib/libnet.so
7ff149953000-7ff14995a000 rw-p 00000000 00:00 0 
7ff14995a000-7ff149962000 ---p 00000000 00:00 0 
7ff149962000-7ff14996a000 rw-s 00000000 00:21 881                        /tmp/hsperfdata_james/299449
7ff14996a000-7ff14996b000 ---p 00000000 00:00 0 
7ff14996b000-7ff14996c000 r--p 00000000 00:00 0 
7ff14996c000-7ff14996d000 ---p 00000000 00:00 0 
7ff14996d000-7ff14996f000 r--p 00000000 103:02 1843455                   /usr/lib/jvm/java-19-openjdk/lib/libjimage.so
7ff14996f000-7ff149972000 r-xp 00002000 103:02 1843455                   /usr/lib/jvm/java-19-openjdk/lib/libjimage.so
7ff149972000-7ff149973000 r--p 00005000 103:02 1843455                   /usr/lib/jvm/java-19-openjdk/lib/libjimage.so
7ff149973000-7ff149974000 r--p 00006000 103:02 1843455                   /usr/lib/jvm/java-19-openjdk/lib/libjimage.so
7ff149974000-7ff149975000 rw-p 00007000 103:02 1843455                   /usr/lib/jvm/java-19-openjdk/lib/libjimage.so
7ff149975000-7ff149977000 r--p 00000000 103:02 1843458                   /usr/lib/jvm/java-19-openjdk/lib/libjli.so
7ff149977000-7ff149980000 r-xp 00002000 103:02 1843458                   /usr/lib/jvm/java-19-openjdk/lib/libjli.so
7ff149980000-7ff149983000 r--p 0000b000 103:02 1843458                   /usr/lib/jvm/java-19-openjdk/lib/libjli.so
7ff149983000-7ff149984000 r--p 0000d000 103:02 1843458                   /usr/lib/jvm/java-19-openjdk/lib/libjli.so
7ff149984000-7ff149985000 rw-p 0000e000 103:02 1843458                   /usr/lib/jvm/java-19-openjdk/lib/libjli.so
7ff149985000-7ff149987000 rw-p 00000000 00:00 0 
7ff149987000-7ff149988000 r--p 00000000 103:02 1576219                   /usr/lib/ld-linux-x86-64.so.2
7ff149988000-7ff1499ae000 r-xp 00001000 103:02 1576219                   /usr/lib/ld-linux-x86-64.so.2
7ff1499ae000-7ff1499b8000 r--p 00027000 103:02 1576219                   /usr/lib/ld-linux-x86-64.so.2
7ff1499b8000-7ff1499ba000 r--p 00031000 103:02 1576219                   /usr/lib/ld-linux-x86-64.so.2
7ff1499ba000-7ff1499bc000 rw-p 00033000 103:02 1576219                   /usr/lib/ld-linux-x86-64.so.2
7ffec7925000-7ffec7946000 rw-p 00000000 00:00 0                          [stack]
7ffec79e9000-7ffec79ed000 r--p 00000000 00:00 0                          [vvar]
7ffec79ed000-7ffec79ef000 r-xp 00000000 00:00 0                          [vdso]
ffffffffff600000-ffffffffff601000 --xp 00000000 00:00 0                  [vsyscall]


VM Arguments:
jvm_args: -Dmaven.home=/home/james/programming/java -Dmaven.multiModuleProjectDirectory=/home/james/programming/java/gameserver -Dawt.useSystemAAFontSettings=on 
java_command: org.apache.maven.wrapper.MavenWrapperMain clean install spring-boot:run
java_class_path (initial): /home/james/programming/java/gameserver/.mvn/wrapper/maven-wrapper.jar
Launcher Type: SUN_STANDARD

[Global flags]
     intx CICompilerCount                          = 12                                        {product} {ergonomic}
     uint ConcGCThreads                            = 3                                         {product} {ergonomic}
     uint G1ConcRefinementThreads                  = 13                                        {product} {ergonomic}
   size_t G1HeapRegionSize                         = 4194304                                   {product} {ergonomic}
    uintx GCDrainStackTargetSize                   = 64                                        {product} {ergonomic}
   size_t InitialHeapSize                          = 528482304                                 {product} {ergonomic}
   size_t MarkStackSize                            = 4194304                                   {product} {ergonomic}
   size_t MaxHeapSize                              = 8396996608                                {product} {ergonomic}
   size_t MaxNewSize                               = 5037359104                                {product} {ergonomic}
   size_t MinHeapDeltaBytes                        = 4194304                                   {product} {ergonomic}
   size_t MinHeapSize                              = 8388608                                   {product} {ergonomic}
    uintx NonNMethodCodeHeapSize                   = 7602480                                {pd product} {ergonomic}
    uintx NonProfiledCodeHeapSize                  = 122027880                              {pd product} {ergonomic}
    uintx ProfiledCodeHeapSize                     = 122027880                              {pd product} {ergonomic}
    uintx ReservedCodeCacheSize                    = 251658240                              {pd product} {ergonomic}
     bool SegmentedCodeCache                       = true                                      {product} {ergonomic}
   size_t SoftMaxHeapSize                          = 8396996608                             {manageable} {ergonomic}
     bool UseCompressedClassPointers               = true                           {product lp64_product} {ergonomic}
     bool UseCompressedOops                        = true                           {product lp64_product} {ergonomic}
     bool UseG1GC                                  = true                                      {product} {ergonomic}

Logging:
Log output configuration:
 #0: stdout all=warning uptime,level,tags foldmultilines=false
 #1: stderr all=off uptime,level,tags foldmultilines=false

Environment Variables:
JAVA_HOME=/usr/lib/jvm/java-19-openjdk
_JAVA_OPTIONS=-Dawt.useSystemAAFontSettings=on
PATH=/usr/local/sbin:/usr/local/bin:/usr/bin:/usr/lib/jvm/default/bin:/usr/bin/site_perl:/usr/bin/vendor_perl:/usr/bin/core_perl:/home/james/bin
SHELL=/bin/bash
DISPLAY=:0
LANG=en_US.UTF-8
TERM=xterm

Active Locale:
LC_ALL=en_US.UTF-8
LC_COLLATE=en_US.UTF-8
LC_CTYPE=en_US.UTF-8
LC_MESSAGES=en_US.UTF-8
LC_MONETARY=en_US.UTF-8
LC_NUMERIC=en_US.UTF-8
LC_TIME=en_US.UTF-8

Signal Handlers:
   SIGSEGV: 0x00007ff1491d91c0 in libjvm.so+16617920, mask=11100100010111111101111111111110, flags=SA_RESTART|SA_SIGINFO
    SIGBUS: 0x00007ff1491d91c0 in libjvm.so+16617920, mask=11100100010111111101111111111110, flags=SA_RESTART|SA_SIGINFO
    SIGFPE: 0x00007ff1491d91c0 in libjvm.so+16617920, mask=11100100010111111101111111111110, flags=SA_RESTART|SA_SIGINFO
   SIGPIPE: 0x00007ff149064790 in libjvm.so+15091600, mask=11100100010111111101111111111110, flags=SA_RESTART|SA_SIGINFO
   SIGXFSZ: 0x00007ff149064790 in libjvm.so+15091600, mask=11100100010111111101111111111110, flags=SA_RESTART|SA_SIGINFO
    SIGILL: 0x00007ff1491d91c0 in libjvm.so+16617920, mask=11100100010111111101111111111110, flags=SA_RESTART|SA_SIGINFO
   SIGUSR2: 0x00007ff149063db0 in libjvm.so+15089072, mask=00000000000000000000000000000000, flags=SA_RESTART|SA_SIGINFO
    SIGHUP: 0x00007ff149063cc0 in libjvm.so+15088832, mask=11100100010111111101111111111110, flags=SA_RESTART|SA_SIGINFO
    SIGINT: 0x00007ff149063cc0 in libjvm.so+15088832, mask=11100100010111111101111111111110, flags=SA_RESTART|SA_SIGINFO
   SIGTERM: 0x00007ff149063cc0 in libjvm.so+15088832, mask=11100100010111111101111111111110, flags=SA_RESTART|SA_SIGINFO
   SIGQUIT: 0x00007ff149063cc0 in libjvm.so+15088832, mask=11100100010111111101111111111110, flags=SA_RESTART|SA_SIGINFO
   SIGTRAP: 0x00007ff1491d91c0 in libjvm.so+16617920, mask=11100100010111111101111111111110, flags=SA_RESTART|SA_SIGINFO


---------------  S Y S T E M  ---------------

OS:
DISTRIB_ID="Arch"
DISTRIB_RELEASE="rolling"
DISTRIB_DESCRIPTION="Arch Linux"
uname: Linux 6.2.9-arch1-1 #1 SMP PREEMPT_DYNAMIC Thu, 30 Mar 2023 14:51:14 +0000 x86_64
OS uptime: 0 days 4:16 hours
libc: glibc 2.37 NPTL 2.37 
rlimit (soft/hard): STACK 8192k/infinity , CORE infinity/infinity , NPROC 128035/128035 , NOFILE 524288/524288 , AS infinity/infinity , CPU infinity/infinity , DATA infinity/infinity , FSIZE infinity/infinity , MEMLOCK 8192k/8192k
load average: 5.76 2.66 2.04

/proc/meminfo:
MemTotal:       32793536 kB
MemFree:        15397108 kB
MemAvailable:   19444084 kB
Buffers:          514132 kB
Cached:          4129968 kB
SwapCached:            0 kB
Active:         10886504 kB
Inactive:        5530628 kB
Active(anon):    9152740 kB
Inactive(anon):  3011152 kB
Active(file):    1733764 kB
Inactive(file):  2519476 kB
Unevictable:         520 kB
Mlocked:             512 kB
SwapTotal:       5242876 kB
SwapFree:        5242876 kB
Zswap:                 0 kB
Zswapped:              0 kB
Dirty:              3112 kB
Writeback:             0 kB
AnonPages:      11656912 kB
Mapped:          1592616 kB
Shmem:            390852 kB
KReclaimable:     259132 kB
Slab:             430212 kB
SReclaimable:     259132 kB
SUnreclaim:       171080 kB
KernelStack:       24320 kB
PageTables:        67548 kB
SecPageTables:         0 kB
NFS_Unstable:          0 kB
Bounce:                0 kB
WritebackTmp:          0 kB
CommitLimit:    21639644 kB
Committed_AS:   22397652 kB
VmallocTotal:   34359738367 kB
VmallocUsed:      125408 kB
VmallocChunk:          0 kB
Percpu:            16128 kB
HardwareCorrupted:     0 kB
AnonHugePages:   6586368 kB
ShmemHugePages:        0 kB
ShmemPmdMapped:        0 kB
FileHugePages:    268288 kB
FilePmdMapped:    151552 kB
CmaTotal:              0 kB
CmaFree:               0 kB
HugePages_Total:       0
HugePages_Free:        0
HugePages_Rsvd:        0
HugePages_Surp:        0
Hugepagesize:       2048 kB
Hugetlb:               0 kB
DirectMap4k:      946128 kB
DirectMap2M:    19949568 kB
DirectMap1G:    12582912 kB

/sys/kernel/mm/transparent_hugepage/enabled: [always] madvise never
/sys/kernel/mm/transparent_hugepage/defrag (defrag/compaction efforts parameter): always defer defer+madvise [madvise] never

Process Memory:
Virtual Size: 12893468K (peak: 12893468K)
Resident Set Size: 371608K (peak: 371608K) (anon: 339724K, file: 31884K, shmem: 0K)
Swapped out: 0K
C-Heap outstanding allocations: 99997K, retained: 37982K
glibc malloc tunables: (default)

/proc/sys/kernel/threads-max (system-wide limit on the number of threads): 256071
/proc/sys/vm/max_map_count (maximum number of memory map areas a process may have): 65530
/proc/sys/kernel/pid_max (system-wide limit on number of process identifiers): 4194304

container (cgroup) information:
container_type: cgroupv2
cpu_cpuset_cpus: not supported
cpu_memory_nodes: not supported
active_processor_count: 16
cpu_quota: no quota
cpu_period: 100000
cpu_shares: no shares
memory_limit_in_bytes: unlimited
memory_and_swap_limit_in_bytes: unlimited
memory_soft_limit_in_bytes: unlimited
memory_usage_in_bytes: 11704148 k
memory_max_usage_in_bytes: not supported
maximum number of tasks: unlimited
current number of tasks: 953

Steal ticks since vm start: 0
Steal ticks percentage since vm start:  0.000

CPU: total 16 (initial active 16) (16 cores per cpu, 2 threads per core) family 23 model 113 stepping 0 microcode 0x8701021, cx8, cmov, fxsr, ht, mmx, 3dnowpref, sse, sse2, sse3, ssse3, sse4a, sse4.1, sse4.2, popcnt, lzcnt, tsc, tscinvbit, avx, avx2, aes, clmul, bmi1, bmi2, adx, sha, fma, vzeroupper, clflush, clflushopt, rdtscp, rdpid
CPU Model and flags from /proc/cpuinfo:
model name	: AMD Ryzen 7 3700X 8-Core Processor
flags		: fpu vme de pse tsc msr pae mce cx8 apic sep mtrr pge mca cmov pat pse36 clflush mmx fxsr sse sse2 ht syscall nx mmxext fxsr_opt pdpe1gb rdtscp lm constant_tsc rep_good nopl nonstop_tsc cpuid extd_apicid aperfmperf rapl pni pclmulqdq monitor ssse3 fma cx16 sse4_1 sse4_2 movbe popcnt aes xsave avx f16c rdrand lahf_lm cmp_legacy svm extapic cr8_legacy abm sse4a misalignsse 3dnowprefetch osvw ibs skinit wdt tce topoext perfctr_core perfctr_nb bpext perfctr_llc mwaitx cpb cat_l3 cdp_l3 hw_pstate ssbd mba ibpb stibp vmmcall fsgsbase bmi1 avx2 smep bmi2 cqm rdt_a rdseed adx smap clflushopt clwb sha_ni xsaveopt xsavec xgetbv1 cqm_llc cqm_occup_llc cqm_mbm_total cqm_mbm_local clzero irperf xsaveerptr rdpru wbnoinvd arat npt lbrv svm_lock nrip_save tsc_scale vmcb_clean flushbyasid decodeassists pausefilter pfthreshold avic v_vmsave_vmload vgif v_spec_ctrl umip rdpid overflow_recov succor smca sev sev_es

Online cpus: 0-15
Offline cpus: 
BIOS frequency limitation: 3800000
Frequency switch latency (ns): 0
Available cpu frequencies: 3800000 2200000 
Current governor: schedutil
Core performance/turbo boost: 0

Memory: 4k page, physical 32793536k(15397108k free), swap 5242876k(5242876k free)
Page Sizes: 4k

vm_info: OpenJDK 64-Bit Server VM (19.0.2+7) for linux-amd64 JRE (19.0.2+7), built on 2023-01-18T16:17:00Z by "builduser" with gcc 12.2.1 20230111

END.
