#
# A fatal error has been detected by the Java Runtime Environment:
#
#  SIGSEGV (0xb) at pc=0x00007f4b9d97db31, pid=301273, tid=301334
#
# JRE version: OpenJDK Runtime Environment (19.0.2+7) (build 19.0.2+7)
# Java VM: OpenJDK 64-Bit Server VM (19.0.2+7, mixed mode, tiered, compressed oops, compressed class ptrs, g1 gc, linux-amd64)
# Problematic frame:
# V  [libjvm.so+0x77db31]
#
# Core dump will be written. Default location: Core dumps may be processed with "/usr/lib/systemd/systemd-coredump %P %u %g %s %t %c %h" (or dumping to /home/james/programming/java/gameserver/core.301273)
#
# If you would like to submit a bug report, please visit:
#   https://bugreport.java.com/bugreport/crash.jsp
#

---------------  S U M M A R Y ------------

Command Line: -Dmaven.home=/home/james/programming/java -Dmaven.multiModuleProjectDirectory=/home/james/programming/java/gameserver -Dawt.useSystemAAFontSettings=on org.apache.maven.wrapper.MavenWrapperMain clean install spring-boot:run

Host: AMD Ryzen 7 3700X 8-Core Processor, 16 cores, 31G, Arch Linux
Time: Wed Apr  5 10:36:59 2023 PDT elapsed time: 1.841818 seconds (0d 0h 0m 1s)

---------------  T H R E A D  ---------------

Current thread (0x00007f4b60000d80):  WorkerThread "G1 Conc#1" [stack: 0x00007f4b5c3ea000,0x00007f4b5c4ea000] [id=301334]

Stack: [0x00007f4b5c3ea000,0x00007f4b5c4ea000],  sp=0x00007f4b5c4e8cd0,  free space=1019k
Native frames: (J=compiled Java code, j=interpreted, Vv=VM code, C=native code)
V  [libjvm.so+0x77db31]
V  [libjvm.so+0x7774c4]
V  [libjvm.so+0x77f33b]
V  [libjvm.so+0x100e4b3]
V  [libjvm.so+0xf54932]
V  [libjvm.so+0xcf45ad]


siginfo: si_signo: 11 (SIGSEGV), si_code: 1 (SEGV_MAPERR), si_addr: 0x0000000000000070

Registers:
RAX=0x0000000000000000, RBX=0x0000000000040000, RCX=0x0000000000000016, RDX=0x0000000000000000
RSP=0x00007f4b5c4e8cd0, RBP=0x00007f4b5c4e8d20, RSI=0x0000000000000003, RDI=0x00007f4b98111300
R8 =0x00007f4b98049880, R9 =0x0000000000000001, R10=0x00007f4b5c4e8d50, R11=0x00007f4b9d958b90
R12=0x0000000615093e24, R13=0x00007f4b5c4e8d50, R14=0x0000000615093e38, R15=0x00007f4b9d958b90
RIP=0x00007f4b9d97db31, EFLAGS=0x0000000000010256, CSGSFS=0x002b000000000033, ERR=0x0000000000000004
  TRAPNO=0x000000000000000e


Register to memory mapping:

RAX=0x0 is NULL
RBX=262144 is a compressed pointer to class: 0x0000000800040000
RCX=0x0000000000000016 is an unknown value
RDX=0x0 is NULL
RSP=0x00007f4b5c4e8cd0 points into unknown readable memory: 0x0000000615093dd8 | d8 3d 09 15 06 00 00 00
RBP=0x00007f4b5c4e8d20 points into unknown readable memory: 0x00007f4b5c4e8db0 | b0 8d 4e 5c 4b 7f 00 00
RSI=0x0000000000000003 is an unknown value
RDI=0x00007f4b98111300 points into unknown readable memory: 0x0000000000000000 | 00 00 00 00 00 00 00 00
R8 =0x00007f4b98049880 points into unknown readable memory: 0x00007f4b98059e90 | 90 9e 05 98 4b 7f 00 00
R9 =0x0000000000000001 is an unknown value
R10=0x00007f4b5c4e8d50 points into unknown readable memory: 0x00007f4b9e51a028 | 28 a0 51 9e 4b 7f 00 00
R11=0x00007f4b9d958b90: <offset 0x0000000000758b90> in /usr/lib/jvm/java-19-openjdk/lib/server/libjvm.so at 0x00007f4b9d200000
R12=
[error occurred during error reporting (printing register info), id 0xb, SIGSEGV (0xb) at pc=0x00007f4b9d971fea]

Top of Stack: (sp=0x00007f4b5c4e8cd0)
0x00007f4b5c4e8cd0:   0000000615093dd8 000000080007cce0
0x00007f4b5c4e8ce0:   00007f4b5c4e8d50 00007f4b5c4e8d50
0x00007f4b5c4e8cf0:   0000000000000000 0000000615400000
0x00007f4b5c4e8d00:   0000000000000240 00007f4b9e6256a0 

Instructions: (pc=0x00007f4b9d97db31)
0x00007f4b9d97da31:   48 0f c1 39 eb a2 66 0f 1f 84 00 00 00 00 00 48
0x00007f4b9d97da41:   8b 46 08 e9 17 fe ff ff 0f 1f 80 00 00 00 00 48
0x00007f4b9d97da51:   83 46 50 01 eb 91 66 0f 1f 84 00 00 00 00 00 f3
0x00007f4b9d97da61:   0f 1e fa 55 48 89 e5 41 57 41 56 41 55 49 89 fd
0x00007f4b9d97da71:   41 54 53 48 89 f3 48 83 ec 28 4c 8d 25 d3 94 ca
0x00007f4b9d97da81:   00 41 80 3c 24 00 0f 84 0b 02 00 00 48 8d 15 6c
0x00007f4b9d97da91:   14 c6 00 8b 46 08 8b 4a 08 48 d3 e0 48 03 02 41
0x00007f4b9d97daa1:   8b 55 10 48 8b b8 98 00 00 00 31 c9 4c 89 ee 67
0x00007f4b9d97dab1:   e8 ea 3a e5 ff 41 80 3c 24 01 4c 8d 3d ce b0 fd
0x00007f4b9d97dac1:   ff 48 19 c0 83 e0 04 41 80 3c 24 01 48 19 d2 48
0x00007f4b9d97dad1:   63 44 03 0c 83 e2 08 4c 8d 64 13 10 4d 8d 34 84
0x00007f4b9d97dae1:   4d 39 f4 0f 83 cb 00 00 00 66 0f 1f 44 00 00 41
0x00007f4b9d97daf1:   8b 04 24 85 c0 0f 84 ac 00 00 00 89 c3 48 8d 05
0x00007f4b9d97db01:   0b 14 c6 00 4d 8b 45 20 45 8b 4d 28 8b 48 08 48
0x00007f4b9d97db11:   d3 e3 48 03 18 49 8b 40 08 48 89 da 8b 88 48 02
0x00007f4b9d97db21:   00 00 48 8b 80 38 02 00 00 48 d3 ea 48 8b 04 d0
0x00007f4b9d97db31:   48 3b 58 70 73 71 49 8b 90 98 00 00 00 48 8b 02
0x00007f4b9d97db41:   48 8b 00 4c 39 f8 0f 85 23 01 00 00 48 89 d9 48
0x00007f4b9d97db51:   2b 4a 08 48 89 c8 8b 4a 18 48 c1 e8 03 48 d3 e8
0x00007f4b9d97db61:   48 89 c1 48 89 c6 48 8b 42 20 48 c1 ee 06 83 e1
0x00007f4b9d97db71:   3f 48 8d 3c f0 be 01 00 00 00 48 d3 e6 48 8b 0f
0x00007f4b9d97db81:   eb 15 0f 1f 44 00 00 48 89 c8 f0 48 0f b1 17 48
0x00007f4b9d97db91:   39 c1 74 33 48 89 c1 48 89 f2 48 09 ca 48 39 d1
0x00007f4b9d97dba1:   75 e5 0f 1f 44 00 00 49 83 c4 04 4d 39 f4 0f 82
0x00007f4b9d97dbb1:   3b ff ff ff 48 83 c4 28 5b 41 5c 41 5d 41 5e 41
0x00007f4b9d97dbc1:   5f 5d c3 0f 1f 40 00 48 89 df 44 89 4d c0 4c 89
0x00007f4b9d97dbd1:   45 c8 e8 98 43 ff ff 4c 8b 45 c8 44 8b 4d c0 48
0x00007f4b9d97dbe1:   89 c2 49 8b 80 08 03 00 00 4a 8b 34 c8 48 8b 46
0x00007f4b9d97dbf1:   18 8b 88 48 02 00 00 48 8b 80 40 02 00 00 48 d3
0x00007f4b9d97dc01:   e0 48 29 c3 48 8d 05 68 a6 ca 00 8b 08 48 d3 eb
0x00007f4b9d97dc11:   89 d8 23 46 60 48 c1 e0 04 48 03 46 40 8b 08 39
0x00007f4b9d97dc21:   cb 74 3c 48 8b 78 08 48 85 ff 74 0d 4c 8b 46 38 


Stack slot to memory mapping:
stack at sp + 0 slots: 0x0000000615093dd8 is an oop: java.util.WeakHashMap$KeySet 
{0x0000000615093dd8} - klass: 'java/util/WeakHashMap$KeySet'
 - ---- fields (total size 2 words):
 - final synthetic 'this$0' 'Ljava/util/WeakHashMap;' @12  a 'java/util/WeakHashMap'{0x0000000615093da8} (c2a127b5)
stack at sp + 1 slots: 0x000000080007cce0 is a pointer to class: 
jdk.internal.access.JavaSecurityAccess {0x000000080007cce0}
 - instance size:     2
 - klass size:        61
 - access:            public interface abstract 
 - state:             linked
 - name:              'jdk/internal/access/JavaSecurityAccess'
 - super:             'java/lang/Object'
 - sub:               
 - nof implementors:  1
 - implementor:    
   'java/security/ProtectionDomain$JavaSecurityAccessImpl'
 - arrays:            NULL
 - methods:           Array<T>(0x00007f4b5430bb88)
 - method ordering:   Array<T>(0x00007f4b54000018)
 - default_methods:   Array<T>(0x0000000000000000)
 - local interfaces:  Array<T>(0x00007f4b54000058)
 - trans. interfaces: Array<T>(0x00007f4b54000058)
 - constants:         constant pool [22] {0x00007f4b5430ba60} for 'jdk/internal/access/JavaSecurityAccess' cache=0x00007f4b5430c340
 - class loader data:  loader data: 0x00007f4b98111300 of 'bootstrap'
 - source file:       'JavaSecurityAccess.java'
 - class annotations:       Array<T>(0x0000000000000000)
 - class type annotations:  Array<T>(0x0000000000000000)
 - field annotations:       Array<T>(0x0000000000000000)
 - field type annotations:  Array<T>(0x0000000000000000)
 - inner classes:     Array<T>(0x00007f4b5430be00)
 - nest members:     Array<T>(0x00007f4b5430be18)
 - permitted subclasses:     Array<T>(0x00007f4b54000028)
 - java mirror:       a 'java/lang/Class'{0x000000060bf4f708} = 'jdk/internal/access/JavaSecurityAccess'
 - vtable length      5  (start addr: 0x000000080007ce98)
 - itable length      0 (start addr: 0x000000080007cec0)
 - ---- static fields (0 words):
 - ---- non-static fields (0 words):
 - non-static oop maps: 
stack at sp + 2 slots: 0x00007f4b5c4e8d50 points into unknown readable memory: 0x00007f4b9e51a028 | 28 a0 51 9e 4b 7f 00 00
stack at sp + 3 slots: 0x00007f4b5c4e8d50 points into unknown readable memory: 0x00007f4b9e51a028 | 28 a0 51 9e 4b 7f 00 00
stack at sp + 4 slots: 0x0 is NULL
stack at sp + 5 slots: 0x0000000615400000 is an oop: java.lang.Class 
{0x0000000615400000} - klass: 'java/lang/Class'
 - ---- fields (total size 14 words):
 - private volatile transient 'classRedefinedCount' 'I' @12  0
 - abstract internal 'klass' 'J' @16  34363582944 (3aa9e0 8)
 - abstract internal 'array_klass' 'J' @24  34363583520 (3aac20 8)
 - abstract internal 'oop_size' 'I' @32  14 (e)
 - abstract internal 'static_oop_field_count' 'I' @36  0
 - private volatile transient 'cachedConstructor' 'Ljava/lang/reflect/Constructor;' @40  NULL (0)
 - private transient 'name' 'Ljava/lang/String;' @44  "com.sun.tools.javac.jvm.Code$LocalVar"{0x0000000614c96278} (c2992c4f)
 - private transient 'module' 'Ljava/lang/Module;' @48  a 'java/lang/Module'{0x000000060b8111d0} (c170223a)
 - private final 'classLoader' 'Ljava/lang/ClassLoader;' @52  a 'jdk/internal/loader/ClassLoaders$AppClassLoader'{0x000000060b8024c8} (c1700499)
 - private transient 'classData' 'Ljava/lang/Object;' @56  NULL (0)
 - private transient 'packageName' 'Ljava/lang/String;' @60  "com.sun.tools.javac.jvm"{0x000000060b844b28} (c1708965)
 - private final 'componentType' 'Ljava/lang/Class;' @64  NULL (0)
 - private volatile transient 'reflectionData' 'Ljava/lang/ref/SoftReference;' @68  NULL (0)
 - private volatile transient 'genericInfo' 'Lsun/reflect/generics/repository/ClassRepository;' @72  NULL (0)
 - private volatile transient 'enumConstants' '[Ljava/lang/Object;' @76  NULL (0)
 - private volatile transient 'enumConstantDirectory' 'Ljava/util/Map;' @80  NULL (0)
 - private volatile transient 'annotationData' 'Ljava/lang/Class$AnnotationData;' @84  NULL (0)
 - private volatile transient 'annotationType' 'Lsun/reflect/annotation/AnnotationType;' @88  NULL (0)
 - transient 'classValueMap' 'Ljava/lang/ClassValue$ClassValueMap;' @92  NULL (0)
 - abstract internal 'protection_domain' 'Ljava/lang/Object;' @96  a 'java/security/ProtectionDomain'{0x0000000615417228} (c2a82e45)
 - abstract internal 'signers_name' 'Ljava/lang/Object;' @100  NULL (0)
 - abstract internal 'source_file' 'Ljava/lang/Object;' @104  NULL (0)
 - signature: Lcom/sun/tools/javac/jvm/Code$LocalVar;
 - ---- static fields (0):
stack at sp + 6 slots: 0x0000000000000240 is an unknown value
stack at sp + 7 slots: 0x00007f4b9e6256a0: <offset 0x00000000014256a0> in /usr/lib/jvm/java-19-openjdk/lib/server/libjvm.so at 0x00007f4b9d200000


---------------  P R O C E S S  ---------------

Threads class SMR info:
_java_thread_list=0x00007f4b2813a820, length=21, elements={
0x00007f4b980157c0, 0x00007f4b981c5440, 0x00007f4b981c6950, 0x00007f4b981c8060,
0x00007f4b981c9410, 0x00007f4b981ca7b0, 0x00007f4b981cc1f0, 0x00007f4b981cd780,
0x00007f4b981cec50, 0x00007f4b2c06d870, 0x00007f4b2c06ea20, 0x00007f4b982598f0,
0x00007f4b98265450, 0x00007f4b2c0a68f0, 0x00007f4b240882c0, 0x00007f4b2c1e6460,
0x00007f4b2c0d5bd0, 0x00007f4b2c13eb70, 0x00007f4b281370b0, 0x00007f4b281382b0,
0x00007f4b281393f0
}

Java Threads: ( => current thread )
  0x00007f4b980157c0 JavaThread "main" [_thread_in_vm, id=301288, stack(0x00007f4b9d100000,0x00007f4b9d200000)]
  0x00007f4b981c5440 JavaThread "Reference Handler" daemon [_thread_blocked, id=301295, stack(0x00007f4b6c700000,0x00007f4b6c800000)]
  0x00007f4b981c6950 JavaThread "Finalizer" daemon [_thread_blocked, id=301296, stack(0x00007f4b6c600000,0x00007f4b6c700000)]
  0x00007f4b981c8060 JavaThread "Signal Dispatcher" daemon [_thread_blocked, id=301297, stack(0x00007f4b6c500000,0x00007f4b6c600000)]
  0x00007f4b981c9410 JavaThread "Service Thread" daemon [_thread_blocked, id=301298, stack(0x00007f4b6c400000,0x00007f4b6c500000)]
  0x00007f4b981ca7b0 JavaThread "Monitor Deflation Thread" daemon [_thread_blocked, id=301299, stack(0x00007f4b6c300000,0x00007f4b6c400000)]
  0x00007f4b981cc1f0 JavaThread "C2 CompilerThread0" daemon [_thread_in_native, id=301300, stack(0x00007f4b6c200000,0x00007f4b6c300000)]
  0x00007f4b981cd780 JavaThread "C1 CompilerThread0" daemon [_thread_in_native, id=301301, stack(0x00007f4b6c100000,0x00007f4b6c200000)]
  0x00007f4b981cec50 JavaThread "Sweeper thread" daemon [_thread_blocked, id=301302, stack(0x00007f4b6c000000,0x00007f4b6c100000)]
  0x00007f4b2c06d870 JavaThread "C1 CompilerThread1" daemon [_thread_in_vm, id=301303, stack(0x00007f4b5df00000,0x00007f4b5e000000)]
  0x00007f4b2c06ea20 JavaThread "C1 CompilerThread2" daemon [_thread_blocked, id=301304, stack(0x00007f4b5de00000,0x00007f4b5df00000)]
  0x00007f4b982598f0 JavaThread "Notification Thread" daemon [_thread_blocked, id=301305, stack(0x00007f4b5dd00000,0x00007f4b5de00000)]
  0x00007f4b98265450 JavaThread "Common-Cleaner" daemon [_thread_blocked, id=301307, stack(0x00007f4b5dafe000,0x00007f4b5dbfe000)]
  0x00007f4b2c0a68f0 JavaThread "C2 CompilerThread1" daemon [_thread_blocked, id=301308, stack(0x00007f4b5d700000,0x00007f4b5d800000)]
  0x00007f4b240882c0 JavaThread "C1 CompilerThread3" daemon [_thread_in_native, id=301309, stack(0x00007f4b5d600000,0x00007f4b5d700000)]
  0x00007f4b2c1e6460 JavaThread "C2 CompilerThread2" daemon [_thread_blocked, id=301310, stack(0x00007f4b5d500000,0x00007f4b5d600000)]
  0x00007f4b2c0d5bd0 JavaThread "C2 CompilerThread3" daemon [_thread_blocked, id=301311, stack(0x00007f4b5d400000,0x00007f4b5d500000)]
  0x00007f4b2c13eb70 JavaThread "C2 CompilerThread4" daemon [_thread_blocked, id=301312, stack(0x00007f4b5d300000,0x00007f4b5d400000)]
  0x00007f4b281370b0 JavaThread "C2 CompilerThread5" daemon [_thread_blocked, id=301313, stack(0x00007f4b5d200000,0x00007f4b5d300000)]
  0x00007f4b281382b0 JavaThread "C2 CompilerThread6" daemon [_thread_in_native, id=301314, stack(0x00007f4b5d100000,0x00007f4b5d200000)]
  0x00007f4b281393f0 JavaThread "C2 CompilerThread7" daemon [_thread_blocked, id=301315, stack(0x00007f4b5d000000,0x00007f4b5d100000)]

Other Threads:
  0x00007f4b98185aa0 VMThread "VM Thread" [stack: 0x00007f4b6cb90000,0x00007f4b6cc90000] [id=301294]
  0x00007f4b9825b270 WatcherThread "VM Periodic Task Thread" [stack: 0x00007f4b5dc00000,0x00007f4b5dd00000] [id=301306]
  0x00007f4b98048e00 WorkerThread "GC Thread#0" [stack: 0x00007f4b6df95000,0x00007f4b6e095000] [id=301289]
  0x00007f4b4c008770 WorkerThread "GC Thread#1" [stack: 0x00007f4b5cf00000,0x00007f4b5d000000] [id=301316]
  0x00007f4b4c0091b0 WorkerThread "GC Thread#2" [stack: 0x00007f4b5cdfe000,0x00007f4b5cefe000] [id=301317]
  0x00007f4b4c009bf0 WorkerThread "GC Thread#3" [stack: 0x00007f4b5ccfc000,0x00007f4b5cdfc000] [id=301318]
  0x00007f4b4c00aa20 WorkerThread "GC Thread#4" [stack: 0x00007f4b5cbfa000,0x00007f4b5ccfa000] [id=301319]
  0x00007f4b4c00b850 WorkerThread "GC Thread#5" [stack: 0x00007f4b5caf8000,0x00007f4b5cbf8000] [id=301320]
  0x00007f4b4c00c680 WorkerThread "GC Thread#6" [stack: 0x00007f4b5c9f6000,0x00007f4b5caf6000] [id=301321]
  0x00007f4b4c00d4b0 WorkerThread "GC Thread#7" [stack: 0x00007f4b5c8f4000,0x00007f4b5c9f4000] [id=301322]
  0x00007f4b4c00e320 WorkerThread "GC Thread#8" [stack: 0x00007f4b5c7f2000,0x00007f4b5c8f2000] [id=301323]
  0x00007f4b4c00f190 WorkerThread "GC Thread#9" [stack: 0x00007f4b5c6f0000,0x00007f4b5c7f0000] [id=301324]
  0x00007f4b4c010000 WorkerThread "GC Thread#10" [stack: 0x00007f4b5c5ee000,0x00007f4b5c6ee000] [id=301325]
  0x00007f4b4c010e70 WorkerThread "GC Thread#11" [stack: 0x00007f4b5c4ec000,0x00007f4b5c5ec000] [id=301326]
  0x00007f4b4c019ae0 WorkerThread "GC Thread#12" [stack: 0x00007f4b5c1e6000,0x00007f4b5c2e6000] [id=301336]
  0x00007f4b98059e90 ConcurrentGCThread "G1 Main Marker" [stack: 0x00007f4b6de93000,0x00007f4b6df93000] [id=301290]
  0x00007f4b9805adb0 WorkerThread "G1 Conc#0" [stack: 0x00007f4b6dd91000,0x00007f4b6de91000] [id=301291]
=>0x00007f4b60000d80 WorkerThread "G1 Conc#1" [stack: 0x00007f4b5c3ea000,0x00007f4b5c4ea000] [id=301334]
  0x00007f4b600017d0 WorkerThread "G1 Conc#2" [stack: 0x00007f4b5c2e8000,0x00007f4b5c3e8000] [id=301335]
  0x00007f4b98000e00 ConcurrentGCThread "G1 Refine#0" [stack: 0x00007f4b6cf82000,0x00007f4b6d082000] [id=301292]
  0x00007f4b980fe940 ConcurrentGCThread "G1 Service" [stack: 0x00007f4b6ce80000,0x00007f4b6cf80000] [id=301293]

Threads with active compile tasks:
C2 CompilerThread0     1847 6443       4       com.sun.tools.javac.code.Type::containsAny (39 bytes)
C1 CompilerThread0     1847 6461       3       com.sun.tools.javac.jvm.ClassReader$1::getEnclosingType (111 bytes)
C1 CompilerThread1     1847 6465       1       com.sun.tools.javac.code.Type$TypeVar::getUpperBound (5 bytes)
C2 CompilerThread4     1847 6466       4       java.lang.ref.Reference::refersTo (6 bytes)
C2 CompilerThread6     1847 6439       4       java.util.HashMap::putVal (300 bytes)

VM state: not at safepoint (normal execution)

VM Mutex/Monitor currently owned by a thread: None

Heap address: 0x000000060b800000, size: 8008 MB, Compressed Oops mode: Zero based, Oop shift amount: 3

CDS archive(s) not mapped
Compressed class space mapped at: 0x0000000800000000-0x0000000840000000, reserved size: 1073741824
Narrow klass base: 0x0000000800000000, Narrow klass shift: 0, Narrow klass range: 0x40000000

GC Precious Log:
 CardTable entry size: 512
 Card Set container configuration: InlinePtr #cards 4 size 8 Array Of Cards #cards 32 size 80 Howl #buckets 8 coarsen threshold 7372 Howl Bitmap #cards 1024 size 144 coarsen threshold 921 Card regions per heap region 1 cards per card region 8192
 CPUs: 16 total, 16 available
 Memory: 32024M
 Large Page Support: Disabled
 NUMA Support: Disabled
 Compressed Oops: Enabled (Zero based)
 Heap Region Size: 4M
 Heap Min Capacity: 8M
 Heap Initial Capacity: 504M
 Heap Max Capacity: 8008M
 Pre-touch: Disabled
 Parallel Workers: 13
 Concurrent Workers: 3
 Concurrent Refinement Workers: 13
 Periodic GC: Disabled

Heap:
 garbage-first heap   total 286720K, used 32978K [0x000000060b800000, 0x0000000800000000)
  region size 4096K, 7 young (28672K), 6 survivors (24576K)
 Metaspace       used 35725K, committed 36032K, reserved 1114112K
  class space    used 3566K, committed 3712K, reserved 1048576K

Heap Regions: E=young(eden), S=young(survivor), O=old, HS=humongous(starts), HC=humongous(continues), CS=collection set, F=free, OA=open archive, CA=closed archive, TAMS=top-at-mark-start (previous, next)
|   0|0x000000060b800000, 0x000000060bc00000, 0x000000060bc00000|100%| O|  |TAMS 0x000000060b800000, 0x000000060bc00000| Untracked 
|   1|0x000000060bc00000, 0x000000060c000000, 0x000000060c000000|100%| O|  |TAMS 0x000000060bc00000, 0x000000060c000000| Untracked 
|   2|0x000000060c000000, 0x000000060c16e400, 0x000000060c400000| 35%| O|  |TAMS 0x000000060c000000, 0x000000060c16e400| Untracked 
|   3|0x000000060c400000, 0x000000060c400000, 0x000000060c800000|  0%| F|  |TAMS 0x000000060c400000, 0x000000060c400000| Untracked 
|   4|0x000000060c800000, 0x000000060c800000, 0x000000060cc00000|  0%| F|  |TAMS 0x000000060c800000, 0x000000060c800000| Untracked 
|   5|0x000000060cc00000, 0x000000060cc00000, 0x000000060d000000|  0%| F|  |TAMS 0x000000060cc00000, 0x000000060cc00000| Untracked 
|   6|0x000000060d000000, 0x000000060d000000, 0x000000060d400000|  0%| F|  |TAMS 0x000000060d000000, 0x000000060d000000| Untracked 
|   7|0x000000060d400000, 0x000000060d400000, 0x000000060d800000|  0%| F|  |TAMS 0x000000060d400000, 0x000000060d400000| Untracked 
|   8|0x000000060d800000, 0x000000060d800000, 0x000000060dc00000|  0%| F|  |TAMS 0x000000060d800000, 0x000000060d800000| Untracked 
|   9|0x000000060dc00000, 0x000000060dc00000, 0x000000060e000000|  0%| F|  |TAMS 0x000000060dc00000, 0x000000060dc00000| Untracked 
|  10|0x000000060e000000, 0x000000060e000000, 0x000000060e400000|  0%| F|  |TAMS 0x000000060e000000, 0x000000060e000000| Untracked 
|  11|0x000000060e400000, 0x000000060e400000, 0x000000060e800000|  0%| F|  |TAMS 0x000000060e400000, 0x000000060e400000| Untracked 
|  12|0x000000060e800000, 0x000000060e800000, 0x000000060ec00000|  0%| F|  |TAMS 0x000000060e800000, 0x000000060e800000| Untracked 
|  13|0x000000060ec00000, 0x000000060ec00000, 0x000000060f000000|  0%| F|  |TAMS 0x000000060ec00000, 0x000000060ec00000| Untracked 
|  14|0x000000060f000000, 0x000000060f000000, 0x000000060f400000|  0%| F|  |TAMS 0x000000060f000000, 0x000000060f000000| Untracked 
|  15|0x000000060f400000, 0x000000060f400000, 0x000000060f800000|  0%| F|  |TAMS 0x000000060f400000, 0x000000060f400000| Untracked 
|  16|0x000000060f800000, 0x000000060f800000, 0x000000060fc00000|  0%| F|  |TAMS 0x000000060f800000, 0x000000060f800000| Untracked 
|  17|0x000000060fc00000, 0x000000060fc00000, 0x0000000610000000|  0%| F|  |TAMS 0x000000060fc00000, 0x000000060fc00000| Untracked 
|  18|0x0000000610000000, 0x0000000610000000, 0x0000000610400000|  0%| F|  |TAMS 0x0000000610000000, 0x0000000610000000| Untracked 
|  19|0x0000000610400000, 0x0000000610400000, 0x0000000610800000|  0%| F|  |TAMS 0x0000000610400000, 0x0000000610400000| Untracked 
|  20|0x0000000610800000, 0x0000000610800000, 0x0000000610c00000|  0%| F|  |TAMS 0x0000000610800000, 0x0000000610800000| Untracked 
|  21|0x0000000610c00000, 0x0000000610c00000, 0x0000000611000000|  0%| F|  |TAMS 0x0000000610c00000, 0x0000000610c00000| Untracked 
|  22|0x0000000611000000, 0x0000000611000000, 0x0000000611400000|  0%| F|  |TAMS 0x0000000611000000, 0x0000000611000000| Untracked 
|  23|0x0000000611400000, 0x0000000611400000, 0x0000000611800000|  0%| F|  |TAMS 0x0000000611400000, 0x0000000611400000| Untracked 
|  24|0x0000000611800000, 0x0000000611800000, 0x0000000611c00000|  0%| F|  |TAMS 0x0000000611800000, 0x0000000611800000| Untracked 
|  25|0x0000000611c00000, 0x0000000611c00000, 0x0000000612000000|  0%| F|  |TAMS 0x0000000611c00000, 0x0000000611c00000| Untracked 
|  26|0x0000000612000000, 0x0000000612000000, 0x0000000612400000|  0%| F|  |TAMS 0x0000000612000000, 0x0000000612000000| Untracked 
|  27|0x0000000612400000, 0x0000000612400000, 0x0000000612800000|  0%| F|  |TAMS 0x0000000612400000, 0x0000000612400000| Untracked 
|  28|0x0000000612800000, 0x0000000612800000, 0x0000000612c00000|  0%| F|  |TAMS 0x0000000612800000, 0x0000000612800000| Untracked 
|  29|0x0000000612c00000, 0x0000000612c00000, 0x0000000613000000|  0%| F|  |TAMS 0x0000000612c00000, 0x0000000612c00000| Untracked 
|  30|0x0000000613000000, 0x0000000613000000, 0x0000000613400000|  0%| F|  |TAMS 0x0000000613000000, 0x0000000613000000| Untracked 
|  31|0x0000000613400000, 0x0000000613400000, 0x0000000613800000|  0%| F|  |TAMS 0x0000000613400000, 0x0000000613400000| Untracked 
|  32|0x0000000613800000, 0x0000000613800000, 0x0000000613c00000|  0%| F|  |TAMS 0x0000000613800000, 0x0000000613800000| Untracked 
|  33|0x0000000613c00000, 0x0000000613c00000, 0x0000000614000000|  0%| F|  |TAMS 0x0000000613c00000, 0x0000000613c00000| Untracked 
|  34|0x0000000614000000, 0x00000006142c6568, 0x0000000614400000| 69%| S|CS|TAMS 0x0000000614000000, 0x0000000614000000| Complete 
|  35|0x0000000614400000, 0x0000000614800000, 0x0000000614800000|100%| S|CS|TAMS 0x0000000614400000, 0x0000000614400000| Complete 
|  36|0x0000000614800000, 0x0000000614c00000, 0x0000000614c00000|100%| S|CS|TAMS 0x0000000614800000, 0x0000000614800000| Complete 
|  37|0x0000000614c00000, 0x0000000615000000, 0x0000000615000000|100%| S|CS|TAMS 0x0000000614c00000, 0x0000000614c00000| Complete 
|  38|0x0000000615000000, 0x0000000615400000, 0x0000000615400000|100%| S|CS|TAMS 0x0000000615000000, 0x0000000615000000| Complete 
|  39|0x0000000615400000, 0x0000000615800000, 0x0000000615800000|100%| S|CS|TAMS 0x0000000615400000, 0x0000000615400000| Complete 
|  40|0x0000000615800000, 0x0000000615800000, 0x0000000615c00000|  0%| F|  |TAMS 0x0000000615800000, 0x0000000615800000| Untracked 
|  41|0x0000000615c00000, 0x0000000615c00000, 0x0000000616000000|  0%| F|  |TAMS 0x0000000615c00000, 0x0000000615c00000| Untracked 
|  42|0x0000000616000000, 0x0000000616000000, 0x0000000616400000|  0%| F|  |TAMS 0x0000000616000000, 0x0000000616000000| Untracked 
|  43|0x0000000616400000, 0x0000000616400000, 0x0000000616800000|  0%| F|  |TAMS 0x0000000616400000, 0x0000000616400000| Untracked 
|  44|0x0000000616800000, 0x0000000616800000, 0x0000000616c00000|  0%| F|  |TAMS 0x0000000616800000, 0x0000000616800000| Untracked 
|  45|0x0000000616c00000, 0x0000000616c00000, 0x0000000617000000|  0%| F|  |TAMS 0x0000000616c00000, 0x0000000616c00000| Untracked 
|  46|0x0000000617000000, 0x0000000617000000, 0x0000000617400000|  0%| F|  |TAMS 0x0000000617000000, 0x0000000617000000| Untracked 
|  47|0x0000000617400000, 0x0000000617400000, 0x0000000617800000|  0%| F|  |TAMS 0x0000000617400000, 0x0000000617400000| Untracked 
|  48|0x0000000617800000, 0x0000000617800000, 0x0000000617c00000|  0%| F|  |TAMS 0x0000000617800000, 0x0000000617800000| Untracked 
|  49|0x0000000617c00000, 0x0000000617c00000, 0x0000000618000000|  0%| F|  |TAMS 0x0000000617c00000, 0x0000000617c00000| Untracked 
|  50|0x0000000618000000, 0x0000000618000000, 0x0000000618400000|  0%| F|  |TAMS 0x0000000618000000, 0x0000000618000000| Untracked 
|  51|0x0000000618400000, 0x0000000618400000, 0x0000000618800000|  0%| F|  |TAMS 0x0000000618400000, 0x0000000618400000| Untracked 
|  52|0x0000000618800000, 0x0000000618800000, 0x0000000618c00000|  0%| F|  |TAMS 0x0000000618800000, 0x0000000618800000| Untracked 
|  53|0x0000000618c00000, 0x0000000618c00000, 0x0000000619000000|  0%| F|  |TAMS 0x0000000618c00000, 0x0000000618c00000| Untracked 
|  54|0x0000000619000000, 0x0000000619000000, 0x0000000619400000|  0%| F|  |TAMS 0x0000000619000000, 0x0000000619000000| Untracked 
|  55|0x0000000619400000, 0x0000000619400000, 0x0000000619800000|  0%| F|  |TAMS 0x0000000619400000, 0x0000000619400000| Untracked 
|  56|0x0000000619800000, 0x0000000619800000, 0x0000000619c00000|  0%| F|  |TAMS 0x0000000619800000, 0x0000000619800000| Untracked 
|  57|0x0000000619c00000, 0x0000000619c00000, 0x000000061a000000|  0%| F|  |TAMS 0x0000000619c00000, 0x0000000619c00000| Untracked 
|  58|0x000000061a000000, 0x000000061a000000, 0x000000061a400000|  0%| F|  |TAMS 0x000000061a000000, 0x000000061a000000| Untracked 
|  59|0x000000061a400000, 0x000000061a400000, 0x000000061a800000|  0%| F|  |TAMS 0x000000061a400000, 0x000000061a400000| Untracked 
|  60|0x000000061a800000, 0x000000061a800000, 0x000000061ac00000|  0%| F|  |TAMS 0x000000061a800000, 0x000000061a800000| Untracked 
|  61|0x000000061ac00000, 0x000000061ac00000, 0x000000061b000000|  0%| F|  |TAMS 0x000000061ac00000, 0x000000061ac00000| Untracked 
|  62|0x000000061b000000, 0x000000061b000000, 0x000000061b400000|  0%| F|  |TAMS 0x000000061b000000, 0x000000061b000000| Untracked 
|  63|0x000000061b400000, 0x000000061b400000, 0x000000061b800000|  0%| F|  |TAMS 0x000000061b400000, 0x000000061b400000| Untracked 
|  64|0x000000061b800000, 0x000000061b800000, 0x000000061bc00000|  0%| F|  |TAMS 0x000000061b800000, 0x000000061b800000| Untracked 
|  65|0x000000061bc00000, 0x000000061bc00000, 0x000000061c000000|  0%| F|  |TAMS 0x000000061bc00000, 0x000000061bc00000| Untracked 
|  66|0x000000061c000000, 0x000000061c000000, 0x000000061c400000|  0%| F|  |TAMS 0x000000061c000000, 0x000000061c000000| Untracked 
| 122|0x000000062a000000, 0x000000062a000000, 0x000000062a400000|  0%| F|  |TAMS 0x000000062a000000, 0x000000062a000000| Untracked 
| 123|0x000000062a400000, 0x000000062a400000, 0x000000062a800000|  0%| F|  |TAMS 0x000000062a400000, 0x000000062a400000| Untracked 
| 125|0x000000062ac00000, 0x000000062afdf430, 0x000000062b000000| 96%| E|  |TAMS 0x000000062ac00000, 0x000000062ac00000| Complete 

Card table byte_map: [0x00007f4b7eab8000,0x00007f4b7fa5c000] _byte_map_base: 0x00007f4b7ba5c000

Marking Bits (Prev, Next): (CMBitMap*) 0x00007f4b980498d0, (CMBitMap*) 0x00007f4b98049890
 Prev Bits: [0x00007f4b6e0d4000, 0x00007f4b75df4000)
 Next Bits: [0x00007f4b75df4000, 0x00007f4b7db14000)

Polling page: 0x00007f4b9ea1d000

Metaspace:

Usage:
  Non-class:     31.41 MB used.
      Class:      3.48 MB used.
       Both:     34.89 MB used.

Virtual space:
  Non-class space:       64.00 MB reserved,      31.56 MB ( 49%) committed,  1 nodes.
      Class space:        1.00 GB reserved,       3.62 MB ( <1%) committed,  1 nodes.
             Both:        1.06 GB reserved,      35.19 MB (  3%) committed. 

Chunk freelists:
   Non-Class:  3.50 MB
       Class:  320.00 KB
        Both:  3.81 MB

MaxMetaspaceSize: unlimited
CompressedClassSpaceSize: 1.00 GB
Initial GC threshold: 21.00 MB
Current GC threshold: 35.44 MB
CDS: off
MetaspaceReclaimPolicy: balanced
 - commit_granule_bytes: 65536.
 - commit_granule_words: 8192.
 - virtual_space_node_default_size: 8388608.
 - enlarge_chunks_in_place: 1.
 - new_chunks_are_fully_committed: 0.
 - uncommit_free_chunks: 1.
 - use_allocation_guard: 0.


Internal statistics:

num_allocs_failed_limit: 6.
num_arena_births: 344.
num_arena_deaths: 0.
num_vsnodes_births: 2.
num_vsnodes_deaths: 0.
num_space_committed: 563.
num_space_uncommitted: 0.
num_chunks_returned_to_freelist: 6.
num_chunks_taken_from_freelist: 1306.
num_chunk_merges: 6.
num_chunk_splits: 940.
num_chunks_enlarged: 723.
num_inconsistent_stats: 0.

CodeHeap 'non-profiled nmethods': size=119168Kb used=2832Kb max_used=3211Kb free=116336Kb
 bounds [0x00007f4b885a0000, 0x00007f4b888d0000, 0x00007f4b8fa00000]
CodeHeap 'profiled nmethods': size=119164Kb used=11502Kb max_used=13187Kb free=107661Kb
 bounds [0x00007f4b80a00000, 0x00007f4b816f0000, 0x00007f4b87e5f000]
CodeHeap 'non-nmethods': size=7428Kb used=2981Kb max_used=3042Kb free=4446Kb
 bounds [0x00007f4b87e5f000, 0x00007f4b8815f000, 0x00007f4b885a0000]
 total_blobs=6063 nmethods=5543 adapters=427
 compilation: enabled
              stopped_count=0, restarted_count=0
 full_count=0

Compilation events (20 events):
Event: 1.826 Thread 0x00007f4b2c06ea20 nmethod 6419 0x00007f4b8138d910 code [0x00007f4b8138dac0, 0x00007f4b8138dc00]
Event: 1.826 Thread 0x00007f4b240882c0 6420       3       com.sun.tools.javac.code.Types$ImplementationCache::get (159 bytes)
Event: 1.826 Thread 0x00007f4b2c06ea20 6421       3       com.sun.tools.javac.code.Types$MembersClosureCache$MembersScope::<init> (14 bytes)
Event: 1.826 Thread 0x00007f4b981cd780 nmethod 6418 0x00007f4b80c50f10 code [0x00007f4b80c51140, 0x00007f4b80c519c0]
Event: 1.826 Thread 0x00007f4b981cd780 6422       3       com.sun.tools.javac.code.Types$MembersClosureCache$MembersScope::getMark (8 bytes)
Event: 1.827 Thread 0x00007f4b981cd780 nmethod 6422 0x00007f4b814bca90 code [0x00007f4b814bcc40, 0x00007f4b814bce20]
Event: 1.827 Thread 0x00007f4b2c06ea20 nmethod 6421 0x00007f4b812b3990 code [0x00007f4b812b3bc0, 0x00007f4b812b4490]
Event: 1.827 Thread 0x00007f4b981cc1f0 nmethod 6409 0x00007f4b88617190 code [0x00007f4b88617320, 0x00007f4b88617528]
Event: 1.827 Thread 0x00007f4b2c06d870 nmethod 6416 0x00007f4b80bd9910 code [0x00007f4b80bd9c40, 0x00007f4b80bdb260]
Event: 1.827 Thread 0x00007f4b281382b0 nmethod 6423 0x00007f4b886b3e10 code [0x00007f4b886b3fa0, 0x00007f4b886b40b8]
Event: 1.827 Thread 0x00007f4b240882c0 nmethod 6420 0x00007f4b81367010 code [0x00007f4b81367300, 0x00007f4b81368720]
Event: 1.828 Thread 0x00007f4b281370b0 6424       4       com.sun.tools.javac.code.Scope$ScopeImpl$$Lambda$183/0x000000080035f7a0::iterator (20 bytes)
Event: 1.828 Thread 0x00007f4b2c0a68f0 6425       4       com.sun.tools.javac.code.Scope$ScopeImpl::lambda$getSymbolsByName$2 (12 bytes)
Event: 1.828 Thread 0x00007f4b2c06ea20 6426       3       com.sun.tools.javac.tree.TreeScanner::visitMethodDef (65 bytes)
Event: 1.828 Thread 0x00007f4b281393f0 6427       4       com.sun.tools.javac.code.Scope$ScopeImpl$2::<init> (73 bytes)
Event: 1.829 Thread 0x00007f4b2c06ea20 nmethod 6426 0x00007f4b80a1fe10 code [0x00007f4b80a200c0, 0x00007f4b80a214d0]
Event: 1.830 Thread 0x00007f4b2c0d5bd0 nmethod 6161 0x00007f4b88611210 code [0x00007f4b88611580, 0x00007f4b88614e18]
Event: 1.840 Thread 0x00007f4b981cd780 6428   !   3       java.lang.ref.ReferenceQueue::enqueue (32 bytes)
Event: 1.840 Thread 0x00007f4b2c06ea20 6429       3       java.lang.ref.ReferenceQueue::signal (10 bytes)
Event: 1.840 Thread 0x00007f4b240882c0 6430       3       java.util.concurrent.locks.AbstractQueuedSynchronizer$ConditionObject::signalAll (34 bytes)

GC Heap History (14 events):
Event: 0.299 GC heap before
{Heap before GC invocations=0 (full 0):
 garbage-first heap   total 516096K, used 24576K [0x000000060b800000, 0x0000000800000000)
  region size 4096K, 6 young (24576K), 0 survivors (0K)
 Metaspace       used 13843K, committed 14016K, reserved 1114112K
  class space    used 1298K, committed 1344K, reserved 1048576K
}
Event: 0.304 GC heap after
{Heap after GC invocations=1 (full 0):
 garbage-first heap   total 516096K, used 3640K [0x000000060b800000, 0x0000000800000000)
  region size 4096K, 1 young (4096K), 1 survivors (4096K)
 Metaspace       used 13843K, committed 14016K, reserved 1114112K
  class space    used 1298K, committed 1344K, reserved 1048576K
}
Event: 0.607 GC heap before
{Heap before GC invocations=1 (full 0):
 garbage-first heap   total 516096K, used 36408K [0x000000060b800000, 0x0000000800000000)
  region size 4096K, 9 young (36864K), 1 survivors (4096K)
 Metaspace       used 19535K, committed 19776K, reserved 1114112K
  class space    used 1985K, committed 2112K, reserved 1048576K
}
Event: 0.612 GC heap after
{Heap after GC invocations=2 (full 0):
 garbage-first heap   total 516096K, used 5880K [0x000000060b800000, 0x0000000800000000)
  region size 4096K, 2 young (8192K), 2 survivors (8192K)
 Metaspace       used 19535K, committed 19776K, reserved 1114112K
  class space    used 1985K, committed 2112K, reserved 1048576K
}
Event: 0.691 GC heap before
{Heap before GC invocations=2 (full 0):
 garbage-first heap   total 516096K, used 9976K [0x000000060b800000, 0x0000000800000000)
  region size 4096K, 4 young (16384K), 2 survivors (8192K)
 Metaspace       used 21239K, committed 21504K, reserved 1114112K
  class space    used 2151K, committed 2304K, reserved 1048576K
}
Event: 0.694 GC heap after
{Heap after GC invocations=3 (full 0):
 garbage-first heap   total 516096K, used 6847K [0x000000060b800000, 0x0000000800000000)
  region size 4096K, 2 young (8192K), 2 survivors (8192K)
 Metaspace       used 21239K, committed 21504K, reserved 1114112K
  class space    used 2151K, committed 2304K, reserved 1048576K
}
Event: 0.833 GC heap before
{Heap before GC invocations=4 (full 0):
 garbage-first heap   total 40960K, used 39615K [0x000000060b800000, 0x0000000800000000)
  region size 4096K, 10 young (40960K), 2 survivors (8192K)
 Metaspace       used 22264K, committed 22592K, reserved 1114112K
  class space    used 2222K, committed 2368K, reserved 1048576K
}
Event: 0.838 GC heap after
{Heap after GC invocations=5 (full 0):
 garbage-first heap   total 53248K, used 10264K [0x000000060b800000, 0x0000000800000000)
  region size 4096K, 3 young (12288K), 3 survivors (12288K)
 Metaspace       used 22264K, committed 22592K, reserved 1114112K
  class space    used 2222K, committed 2368K, reserved 1048576K
}
Event: 0.908 GC heap before
{Heap before GC invocations=5 (full 0):
 garbage-first heap   total 53248K, used 26648K [0x000000060b800000, 0x0000000800000000)
  region size 4096K, 7 young (28672K), 3 survivors (12288K)
 Metaspace       used 22508K, committed 22784K, reserved 1114112K
  class space    used 2235K, committed 2368K, reserved 1048576K
}
Event: 0.915 GC heap after
{Heap after GC invocations=6 (full 0):
 garbage-first heap   total 53248K, used 12166K [0x000000060b800000, 0x0000000800000000)
  region size 4096K, 1 young (4096K), 1 survivors (4096K)
 Metaspace       used 22508K, committed 22784K, reserved 1114112K
  class space    used 2235K, committed 2368K, reserved 1048576K
}
Event: 0.973 GC heap before
{Heap before GC invocations=6 (full 0):
 garbage-first heap   total 53248K, used 28550K [0x000000060b800000, 0x0000000800000000)
  region size 4096K, 5 young (20480K), 1 survivors (4096K)
 Metaspace       used 22761K, committed 23040K, reserved 1114112K
  class space    used 2237K, committed 2368K, reserved 1048576K
}
Event: 0.975 GC heap after
{Heap after GC invocations=7 (full 0):
 garbage-first heap   total 286720K, used 12651K [0x000000060b800000, 0x0000000800000000)
  region size 4096K, 1 young (4096K), 1 survivors (4096K)
 Metaspace       used 22761K, committed 23040K, reserved 1114112K
  class space    used 2237K, committed 2368K, reserved 1048576K
}
Event: 1.832 GC heap before
{Heap before GC invocations=7 (full 0):
 garbage-first heap   total 286720K, used 127339K [0x000000060b800000, 0x0000000800000000)
  region size 4096K, 31 young (126976K), 1 survivors (4096K)
 Metaspace       used 35657K, committed 35968K, reserved 1114112K
  class space    used 3559K, committed 3712K, reserved 1048576K
}
Event: 1.840 GC heap after
{Heap after GC invocations=8 (full 0):
 garbage-first heap   total 286720K, used 32978K [0x000000060b800000, 0x0000000800000000)
  region size 4096K, 6 young (24576K), 6 survivors (24576K)
 Metaspace       used 35657K, committed 35968K, reserved 1114112K
  class space    used 3559K, committed 3712K, reserved 1048576K
}

Dll operation events (8 events):
Event: 0.001 Loaded shared library /usr/lib/jvm/java-19-openjdk/lib/libjava.so
Event: 0.011 Loaded shared library /usr/lib/jvm/java-19-openjdk/lib/libjsvml.so
Event: 0.037 Loaded shared library /usr/lib/jvm/java-19-openjdk/lib/libnio.so
Event: 0.040 Loaded shared library /usr/lib/jvm/java-19-openjdk/lib/libzip.so
Event: 0.045 Loaded shared library /usr/lib/jvm/java-19-openjdk/lib/libjimage.so
Event: 0.063 Loaded shared library /usr/lib/jvm/java-19-openjdk/lib/libnet.so
Event: 0.108 Loaded shared library /tmp/jansi-2.4.0-6442b05c8729d31b-libjansi.so
Event: 0.112 Loaded shared library /usr/lib/jvm/java-19-openjdk/lib/libverify.so

Deoptimization events (20 events):
Event: 1.813 Thread 0x00007f4b980157c0 Uncommon trap: trap_request=0xffffffde fr.pc=0x00007f4b888b8490 relative=0x00000000000000f0
Event: 1.813 Thread 0x00007f4b980157c0 Uncommon trap: reason=class_check action=maybe_recompile pc=0x00007f4b888b8490 method=com.sun.tools.javac.code.Type.containsAny(Lcom/sun/tools/javac/util/List;)Z @ 6 c2
Event: 1.813 Thread 0x00007f4b980157c0 DEOPT PACKING pc=0x00007f4b888b8490 sp=0x00007f4b9d1faf60
Event: 1.813 Thread 0x00007f4b980157c0 DEOPT UNPACKING pc=0x00007f4b87ec5299 sp=0x00007f4b9d1faf00 mode 2
Event: 1.817 Thread 0x00007f4b980157c0 Uncommon trap: trap_request=0xffffffde fr.pc=0x00007f4b888b8490 relative=0x00000000000000f0
Event: 1.817 Thread 0x00007f4b980157c0 Uncommon trap: reason=class_check action=maybe_recompile pc=0x00007f4b888b8490 method=com.sun.tools.javac.code.Type.containsAny(Lcom/sun/tools/javac/util/List;)Z @ 6 c2
Event: 1.817 Thread 0x00007f4b980157c0 DEOPT PACKING pc=0x00007f4b888b8490 sp=0x00007f4b9d1fb160
Event: 1.817 Thread 0x00007f4b980157c0 DEOPT UNPACKING pc=0x00007f4b87ec5299 sp=0x00007f4b9d1fb110 mode 2
Event: 1.822 Thread 0x00007f4b980157c0 Uncommon trap: trap_request=0xffffffc6 fr.pc=0x00007f4b88671f7c relative=0x000000000000135c
Event: 1.822 Thread 0x00007f4b980157c0 Uncommon trap: reason=bimorphic_or_optimized_type_check action=maybe_recompile pc=0x00007f4b88671f7c method=java.util.HashMap.putVal(ILjava/lang/Object;Ljava/lang/Object;ZZ)Ljava/lang/Object; @ 56 c2
Event: 1.822 Thread 0x00007f4b980157c0 DEOPT PACKING pc=0x00007f4b88671f7c sp=0x00007f4b9d1fcee0
Event: 1.822 Thread 0x00007f4b980157c0 DEOPT UNPACKING pc=0x00007f4b87ec5299 sp=0x00007f4b9d1fce68 mode 2
Event: 1.825 Thread 0x00007f4b980157c0 Uncommon trap: trap_request=0xffffffc6 fr.pc=0x00007f4b8867161c relative=0x00000000000009fc
Event: 1.825 Thread 0x00007f4b980157c0 Uncommon trap: reason=bimorphic_or_optimized_type_check action=maybe_recompile pc=0x00007f4b8867161c method=java.util.HashMap.putVal(ILjava/lang/Object;Ljava/lang/Object;ZZ)Ljava/lang/Object; @ 253 c2
Event: 1.825 Thread 0x00007f4b980157c0 DEOPT PACKING pc=0x00007f4b8867161c sp=0x00007f4b9d1fce50
Event: 1.825 Thread 0x00007f4b980157c0 DEOPT UNPACKING pc=0x00007f4b87ec5299 sp=0x00007f4b9d1fce00 mode 2
Event: 1.826 Thread 0x00007f4b980157c0 Uncommon trap: trap_request=0xffffffc6 fr.pc=0x00007f4b8867161c relative=0x00000000000009fc
Event: 1.826 Thread 0x00007f4b980157c0 Uncommon trap: reason=bimorphic_or_optimized_type_check action=maybe_recompile pc=0x00007f4b8867161c method=java.util.HashMap.putVal(ILjava/lang/Object;Ljava/lang/Object;ZZ)Ljava/lang/Object; @ 253 c2
Event: 1.826 Thread 0x00007f4b980157c0 DEOPT PACKING pc=0x00007f4b8867161c sp=0x00007f4b9d1fce40
Event: 1.826 Thread 0x00007f4b980157c0 DEOPT UNPACKING pc=0x00007f4b87ec5299 sp=0x00007f4b9d1fcdf0 mode 2

Classes loaded (20 events):
Event: 1.611 Loading class jdk/internal/access/JavaUtilCollectionAccess done
Event: 1.611 Loading class java/util/ImmutableCollections$Access$1 done
Event: 1.611 Loading class java/util/stream/Nodes$SpinedNodeBuilder
Event: 1.611 Loading class java/util/stream/Nodes$SpinedNodeBuilder done
Event: 1.634 Loading class java/nio/file/FileTreeWalker$1
Event: 1.634 Loading class java/nio/file/FileTreeWalker$1 done
Event: 1.739 Loading class java/util/stream/ReduceOps$1
Event: 1.739 Loading class java/util/stream/ReduceOps$1 done
Event: 1.739 Loading class java/util/stream/ReduceOps$1ReducingSink
Event: 1.739 Loading class java/util/stream/ReduceOps$1ReducingSink done
Event: 1.819 Loading class java/util/EnumMap$EntrySet
Event: 1.819 Loading class java/util/EnumMap$EntrySet done
Event: 1.819 Loading class java/util/EnumMap$EntryIterator
Event: 1.819 Loading class java/util/EnumMap$EnumMapIterator
Event: 1.819 Loading class java/util/EnumMap$EnumMapIterator done
Event: 1.819 Loading class java/util/EnumMap$EntryIterator done
Event: 1.819 Loading class java/util/EnumMap$EntryIterator$Entry
Event: 1.819 Loading class java/util/EnumMap$EntryIterator$Entry done
Event: 1.832 Loading class java/util/function/ToIntBiFunction
Event: 1.832 Loading class java/util/function/ToIntBiFunction done

Classes unloaded (0 events):
No events

Classes redefined (0 events):
No events

Internal exceptions (20 events):
Event: 1.373 Thread 0x00007f4b980157c0 Exception <a 'java/lang/NoSuchMethodError'{0x0000000619896cd8}: 'int java.lang.invoke.DirectMethodHandle$Holder.invokeVirtual(java.lang.Object, java.lang.Object)'> (0x0000000619896cd8) 
thrown [/usr/src/debug/java-openjdk/jdk19u-jdk-19.0.2-7/src/hotspot/share/interpreter/linkResolver.cpp, line 773]
Event: 1.375 Thread 0x00007f4b980157c0 Exception <a 'java/lang/NoSuchMethodError'{0x00000006198c7db8}: 'java.lang.Object java.lang.invoke.DirectMethodHandle$Holder.newInvokeSpecial(java.lang.Object, java.lang.Object, java.lang.Object, java.lang.Object, java.lang.Object, java.lang.Object)'> (0x00000006198c7db8) 
thrown [/usr/src/debug/java-openjdk/jdk19u-jdk-19.0.2-7/src/hotspot/share/interpreter/linkResolver.cpp, line 773]
Event: 1.464 Thread 0x00007f4b980157c0 Exception <a 'java/lang/NoSuchMethodError'{0x0000000619071690}: 'java.lang.Object java.lang.invoke.DirectMethodHandle$Holder.invokeVirtual(java.lang.Object, java.lang.Object, java.lang.Object, int, int)'> (0x0000000619071690) 
thrown [/usr/src/debug/java-openjdk/jdk19u-jdk-19.0.2-7/src/hotspot/share/interpreter/linkResolver.cpp, line 773]
Event: 1.464 Thread 0x00007f4b980157c0 Exception <a 'java/lang/NoSuchMethodError'{0x00000006190783d0}: 'java.lang.Object java.lang.invoke.DirectMethodHandle$Holder.invokeVirtual(java.lang.Object, java.lang.Object, int)'> (0x00000006190783d0) 
thrown [/usr/src/debug/java-openjdk/jdk19u-jdk-19.0.2-7/src/hotspot/share/interpreter/linkResolver.cpp, line 773]
Event: 1.467 Thread 0x00007f4b980157c0 Exception <a 'java/lang/NoSuchMethodError'{0x0000000619092d88}: 'java.lang.Object java.lang.invoke.DirectMethodHandle$Holder.invokeSpecial(java.lang.Object, java.lang.Object, java.lang.Object, int, int)'> (0x0000000619092d88) 
thrown [/usr/src/debug/java-openjdk/jdk19u-jdk-19.0.2-7/src/hotspot/share/interpreter/linkResolver.cpp, line 773]
Event: 1.493 Thread 0x00007f4b980157c0 Exception <a 'java/lang/NoSuchMethodError'{0x0000000619208998}: 'java.lang.Object java.lang.invoke.DirectMethodHandle$Holder.invokeStatic(java.lang.Object, int, java.lang.Object)'> (0x0000000619208998) 
thrown [/usr/src/debug/java-openjdk/jdk19u-jdk-19.0.2-7/src/hotspot/share/interpreter/linkResolver.cpp, line 773]
Event: 1.511 Thread 0x00007f4b980157c0 Implicit null exception at 0x00007f4b8880b62c to 0x00007f4b8880b762
Event: 1.512 Thread 0x00007f4b980157c0 Exception <a 'java/lang/NoSuchMethodError'{0x000000061930eb18}: 'void java.lang.invoke.DirectMethodHandle$Holder.invokeSpecial(java.lang.Object, java.lang.Object, java.lang.Object, java.lang.Object, java.lang.Object)'> (0x000000061930eb18) 
thrown [/usr/src/debug/java-openjdk/jdk19u-jdk-19.0.2-7/src/hotspot/share/interpreter/linkResolver.cpp, line 773]
Event: 1.557 Thread 0x00007f4b980157c0 Implicit null exception at 0x00007f4b8882f202 to 0x00007f4b8882fce9
Event: 1.571 Thread 0x00007f4b980157c0 Implicit null exception at 0x00007f4b8883540f to 0x00007f4b88835494
Event: 1.577 Thread 0x00007f4b980157c0 Implicit null exception at 0x00007f4b8883af83 to 0x00007f4b8883b004
Event: 1.577 Thread 0x00007f4b980157c0 Implicit null exception at 0x00007f4b8882d7aa to 0x00007f4b8882d836
Event: 1.588 Thread 0x00007f4b980157c0 Implicit null exception at 0x00007f4b888401f7 to 0x00007f4b8884027b
Event: 1.638 Thread 0x00007f4b980157c0 Exception <a 'java/lang/NoSuchMethodError'{0x00000006171996e8}: 'java.lang.Object java.lang.invoke.DirectMethodHandle$Holder.invokeStatic(java.lang.Object, java.lang.Object, int, int)'> (0x00000006171996e8) 
thrown [/usr/src/debug/java-openjdk/jdk19u-jdk-19.0.2-7/src/hotspot/share/interpreter/linkResolver.cpp, line 773]
Event: 1.663 Thread 0x00007f4b980157c0 Exception <a 'java/lang/NoSuchMethodError'{0x0000000616d0d4f0}: 'java.lang.Object java.lang.invoke.DirectMethodHandle$Holder.invokeInterface(java.lang.Object, java.lang.Object)'> (0x0000000616d0d4f0) 
thrown [/usr/src/debug/java-openjdk/jdk19u-jdk-19.0.2-7/src/hotspot/share/interpreter/linkResolver.cpp, line 773]
Event: 1.810 Thread 0x00007f4b980157c0 Exception <a 'java/lang/NoSuchMethodError'{0x00000006159c9008}: 'int java.lang.invoke.DirectMethodHandle$Holder.invokeStatic(java.lang.Object, java.lang.Object, java.lang.Object, java.lang.Object)'> (0x00000006159c9008) 
thrown [/usr/src/debug/java-openjdk/jdk19u-jdk-19.0.2-7/src/hotspot/share/interpreter/linkResolver.cpp, line 773]
Event: 1.814 Thread 0x00007f4b980157c0 Exception <a 'java/lang/NoSuchMethodError'{0x0000000615a016b8}: 'int java.lang.invoke.DirectMethodHandle$Holder.invokeVirtual(java.lang.Object, java.lang.Object, java.lang.Object, java.lang.Object)'> (0x0000000615a016b8) 
thrown [/usr/src/debug/java-openjdk/jdk19u-jdk-19.0.2-7/src/hotspot/share/interpreter/linkResolver.cpp, line 773]
Event: 1.815 Thread 0x00007f4b980157c0 Exception <a 'java/lang/NoSuchMethodError'{0x0000000615a0c8f0}: 'java.lang.Object java.lang.invoke.DirectMethodHandle$Holder.newInvokeSpecial(java.lang.Object, java.lang.Object, int, java.lang.Object)'> (0x0000000615a0c8f0) 
thrown [/usr/src/debug/java-openjdk/jdk19u-jdk-19.0.2-7/src/hotspot/share/interpreter/linkResolver.cpp, line 773]
Event: 1.815 Thread 0x00007f4b980157c0 Exception <a 'java/lang/NoSuchMethodError'{0x0000000615a11118}: 'java.lang.Object java.lang.invoke.DirectMethodHandle$Holder.invokeSpecial(java.lang.Object, java.lang.Object, java.lang.Object, int, java.lang.Object)'> (0x0000000615a11118) 
thrown [/usr/src/debug/java-openjdk/jdk19u-jdk-19.0.2-7/src/hotspot/share/interpreter/linkResolver.cpp, line 773]
Event: 1.822 Thread 0x00007f4b980157c0 Exception <a 'java/lang/NoSuchMethodError'{0x0000000615a416b0}: 'void java.lang.invoke.DirectMethodHandle$Holder.invokeVirtual(java.lang.Object, java.lang.Object)'> (0x0000000615a416b0) 
thrown [/usr/src/debug/java-openjdk/jdk19u-jdk-19.0.2-7/src/hotspot/share/interpreter/linkResolver.cpp, line 773]

VM Operations (20 events):
Event: 1.696 Executing VM operation: ICBufferFull
Event: 1.696 Executing VM operation: ICBufferFull done
Event: 1.741 Executing VM operation: ICBufferFull
Event: 1.742 Executing VM operation: ICBufferFull done
Event: 1.755 Executing VM operation: HandshakeAllThreads
Event: 1.755 Executing VM operation: HandshakeAllThreads done
Event: 1.766 Executing VM operation: HandshakeAllThreads
Event: 1.766 Executing VM operation: HandshakeAllThreads done
Event: 1.777 Executing VM operation: HandshakeAllThreads
Event: 1.777 Executing VM operation: HandshakeAllThreads done
Event: 1.782 Executing VM operation: ICBufferFull
Event: 1.782 Executing VM operation: ICBufferFull done
Event: 1.808 Executing VM operation: HandshakeAllThreads
Event: 1.808 Executing VM operation: HandshakeAllThreads done
Event: 1.828 Executing VM operation: ICBufferFull
Event: 1.828 Executing VM operation: ICBufferFull done
Event: 1.832 Executing VM operation: HandshakeAllThreads
Event: 1.832 Executing VM operation: HandshakeAllThreads done
Event: 1.832 Executing VM operation: CollectForMetadataAllocation
Event: 1.840 Executing VM operation: CollectForMetadataAllocation done

Events (20 events):
Event: 1.786 Thread 0x00007f4b981cec50 flushing nmethod 0x00007f4b81595610
Event: 1.786 Thread 0x00007f4b981cec50 flushing nmethod 0x00007f4b815b1c90
Event: 1.786 Thread 0x00007f4b981cec50 flushing nmethod 0x00007f4b815b2a10
Event: 1.786 Thread 0x00007f4b981cec50 flushing nmethod 0x00007f4b815b4590
Event: 1.786 Thread 0x00007f4b981cec50 flushing nmethod 0x00007f4b815b4910
Event: 1.786 Thread 0x00007f4b981cec50 flushing nmethod 0x00007f4b815bb290
Event: 1.786 Thread 0x00007f4b981cec50 flushing nmethod 0x00007f4b815bb610
Event: 1.786 Thread 0x00007f4b981cec50 flushing nmethod 0x00007f4b815bb990
Event: 1.786 Thread 0x00007f4b981cec50 flushing nmethod 0x00007f4b815bbd10
Event: 1.786 Thread 0x00007f4b981cec50 flushing nmethod 0x00007f4b815bc510
Event: 1.786 Thread 0x00007f4b981cec50 flushing nmethod 0x00007f4b815c0390
Event: 1.786 Thread 0x00007f4b981cec50 flushing nmethod 0x00007f4b815c2e90
Event: 1.786 Thread 0x00007f4b981cec50 flushing nmethod 0x00007f4b815c8410
Event: 1.786 Thread 0x00007f4b981cec50 flushing nmethod 0x00007f4b815d0710
Event: 1.786 Thread 0x00007f4b981cec50 flushing nmethod 0x00007f4b815db090
Event: 1.786 Thread 0x00007f4b981cec50 flushing nmethod 0x00007f4b815e1610
Event: 1.786 Thread 0x00007f4b981cec50 flushing nmethod 0x00007f4b815e1a10
Event: 1.786 Thread 0x00007f4b981cec50 flushing nmethod 0x00007f4b81640e10
Event: 1.786 Thread 0x00007f4b981cec50 flushing nmethod 0x00007f4b81641590
Event: 1.786 Thread 0x00007f4b981cec50 flushing nmethod 0x00007f4b816b0a10


Dynamic libraries:
60b800000-61c400000 rw-p 00000000 00:00 0 
61c400000-62a000000 ---p 00000000 00:00 0 
62a000000-62a800000 rw-p 00000000 00:00 0 
62a800000-62ac00000 ---p 00000000 00:00 0 
62ac00000-62b000000 rw-p 00000000 00:00 0 
62b000000-800000000 ---p 00000000 00:00 0 
800000000-800010000 rw-p 00000000 00:00 0 
800010000-800030000 rw-p 00000000 00:00 0 
800030000-8000b0000 rw-p 00000000 00:00 0 
8000b0000-800130000 rw-p 00000000 00:00 0 
800130000-800170000 rw-p 00000000 00:00 0 
800170000-800370000 rw-p 00000000 00:00 0 
800370000-800380000 ---p 00000000 00:00 0 
800380000-8003b0000 rw-p 00000000 00:00 0 
8003b0000-840000000 ---p 00000000 00:00 0 
55da1be45000-55da1be46000 r--p 00000000 103:02 1840269                   /usr/lib/jvm/java-19-openjdk/bin/java
55da1be46000-55da1be47000 r-xp 00001000 103:02 1840269                   /usr/lib/jvm/java-19-openjdk/bin/java
55da1be47000-55da1be48000 r--p 00002000 103:02 1840269                   /usr/lib/jvm/java-19-openjdk/bin/java
55da1be48000-55da1be49000 r--p 00002000 103:02 1840269                   /usr/lib/jvm/java-19-openjdk/bin/java
55da1be49000-55da1be4a000 rw-p 00003000 103:02 1840269                   /usr/lib/jvm/java-19-openjdk/bin/java
55da1cb79000-55da1cbc0000 rw-p 00000000 00:00 0                          [heap]
7f4abc000000-7f4abc021000 rw-p 00000000 00:00 0 
7f4abc021000-7f4ac0000000 ---p 00000000 00:00 0 
7f4ac4000000-7f4ac4033000 rw-p 00000000 00:00 0 
7f4ac4033000-7f4ac8000000 ---p 00000000 00:00 0 
7f4ac8000000-7f4ac8021000 rw-p 00000000 00:00 0 
7f4ac8021000-7f4acc000000 ---p 00000000 00:00 0 
7f4acc000000-7f4acc021000 rw-p 00000000 00:00 0 
7f4acc021000-7f4ad0000000 ---p 00000000 00:00 0 
7f4ad0000000-7f4ad0021000 rw-p 00000000 00:00 0 
7f4ad0021000-7f4ad4000000 ---p 00000000 00:00 0 
7f4ad4000000-7f4ad4021000 rw-p 00000000 00:00 0 
7f4ad4021000-7f4ad8000000 ---p 00000000 00:00 0 
7f4ad8000000-7f4ad8021000 rw-p 00000000 00:00 0 
7f4ad8021000-7f4adc000000 ---p 00000000 00:00 0 
7f4adc000000-7f4adc021000 rw-p 00000000 00:00 0 
7f4adc021000-7f4ae0000000 ---p 00000000 00:00 0 
7f4ae0000000-7f4ae0021000 rw-p 00000000 00:00 0 
7f4ae0021000-7f4ae4000000 ---p 00000000 00:00 0 
7f4ae4000000-7f4ae4021000 rw-p 00000000 00:00 0 
7f4ae4021000-7f4ae8000000 ---p 00000000 00:00 0 
7f4ae8000000-7f4ae8021000 rw-p 00000000 00:00 0 
7f4ae8021000-7f4aec000000 ---p 00000000 00:00 0 
7f4aec000000-7f4aec021000 rw-p 00000000 00:00 0 
7f4aec021000-7f4af0000000 ---p 00000000 00:00 0 
7f4af0000000-7f4af0021000 rw-p 00000000 00:00 0 
7f4af0021000-7f4af4000000 ---p 00000000 00:00 0 
7f4af4000000-7f4af4985000 rw-p 00000000 00:00 0 
7f4af4985000-7f4af8000000 ---p 00000000 00:00 0 
7f4af8000000-7f4af8021000 rw-p 00000000 00:00 0 
7f4af8021000-7f4afc000000 ---p 00000000 00:00 0 
7f4afc000000-7f4afc90a000 rw-p 00000000 00:00 0 
7f4afc90a000-7f4b00000000 ---p 00000000 00:00 0 
7f4b00000000-7f4b006c0000 rw-p 00000000 00:00 0 
7f4b006c0000-7f4b04000000 ---p 00000000 00:00 0 
7f4b04000000-7f4b0473f000 rw-p 00000000 00:00 0 
7f4b0473f000-7f4b08000000 ---p 00000000 00:00 0 
7f4b08000000-7f4b08864000 rw-p 00000000 00:00 0 
7f4b08864000-7f4b0c000000 ---p 00000000 00:00 0 
7f4b0c000000-7f4b0c19c000 rw-p 00000000 00:00 0 
7f4b0c19c000-7f4b10000000 ---p 00000000 00:00 0 
7f4b10000000-7f4b108a9000 rw-p 00000000 00:00 0 
7f4b108a9000-7f4b14000000 ---p 00000000 00:00 0 
7f4b14000000-7f4b14021000 rw-p 00000000 00:00 0 
7f4b14021000-7f4b18000000 ---p 00000000 00:00 0 
7f4b18000000-7f4b187bb000 rw-p 00000000 00:00 0 
7f4b187bb000-7f4b1c000000 ---p 00000000 00:00 0 
7f4b1c000000-7f4b1c021000 rw-p 00000000 00:00 0 
7f4b1c021000-7f4b20000000 ---p 00000000 00:00 0 
7f4b20000000-7f4b20021000 rw-p 00000000 00:00 0 
7f4b20021000-7f4b24000000 ---p 00000000 00:00 0 
7f4b24000000-7f4b24243000 rw-p 00000000 00:00 0 
7f4b24243000-7f4b28000000 ---p 00000000 00:00 0 
7f4b28000000-7f4b28235000 rw-p 00000000 00:00 0 
7f4b28235000-7f4b2c000000 ---p 00000000 00:00 0 
7f4b2c000000-7f4b2c44a000 rw-p 00000000 00:00 0 
7f4b2c44a000-7f4b30000000 ---p 00000000 00:00 0 
7f4b30000000-7f4b30021000 rw-p 00000000 00:00 0 
7f4b30021000-7f4b34000000 ---p 00000000 00:00 0 
7f4b34000000-7f4b34021000 rw-p 00000000 00:00 0 
7f4b34021000-7f4b38000000 ---p 00000000 00:00 0 
7f4b38000000-7f4b38e43000 rw-p 00000000 00:00 0 
7f4b38e43000-7f4b3c000000 ---p 00000000 00:00 0 
7f4b3c000000-7f4b3c021000 rw-p 00000000 00:00 0 
7f4b3c021000-7f4b40000000 ---p 00000000 00:00 0 
7f4b40000000-7f4b40021000 rw-p 00000000 00:00 0 
7f4b40021000-7f4b44000000 ---p 00000000 00:00 0 
7f4b44000000-7f4b44021000 rw-p 00000000 00:00 0 
7f4b44021000-7f4b48000000 ---p 00000000 00:00 0 
7f4b48000000-7f4b48021000 rw-p 00000000 00:00 0 
7f4b48021000-7f4b4c000000 ---p 00000000 00:00 0 
7f4b4c000000-7f4b4c021000 rw-p 00000000 00:00 0 
7f4b4c021000-7f4b50000000 ---p 00000000 00:00 0 
7f4b50000000-7f4b50021000 rw-p 00000000 00:00 0 
7f4b50021000-7f4b54000000 ---p 00000000 00:00 0 
7f4b54000000-7f4b544f0000 rw-p 00000000 00:00 0 
7f4b544f0000-7f4b54530000 rw-p 00000000 00:00 0 
7f4b54530000-7f4b54570000 rw-p 00000000 00:00 0 
7f4b54570000-7f4b546f0000 rw-p 00000000 00:00 0 
7f4b546f0000-7f4b547b0000 rw-p 00000000 00:00 0 
7f4b547b0000-7f4b547f0000 rw-p 00000000 00:00 0 
7f4b547f0000-7f4b54870000 rw-p 00000000 00:00 0 
7f4b54870000-7f4b548f0000 rw-p 00000000 00:00 0 
7f4b548f0000-7f4b54af0000 rw-p 00000000 00:00 0 
7f4b54af0000-7f4b54df0000 rw-p 00000000 00:00 0 
7f4b54df0000-7f4b551f0000 rw-p 00000000 00:00 0 
7f4b551f0000-7f4b554f0000 rw-p 00000000 00:00 0 
7f4b554f0000-7f4b555f0000 rw-p 00000000 00:00 0 
7f4b555f0000-7f4b55d70000 rw-p 00000000 00:00 0 
7f4b55d70000-7f4b55f10000 rw-p 00000000 00:00 0 
7f4b55f10000-7f4b56000000 ---p 00000000 00:00 0 
7f4b56000000-7f4b56090000 rw-p 00000000 00:00 0 
7f4b56090000-7f4b58000000 ---p 00000000 00:00 0 
7f4b58000000-7f4b58021000 rw-p 00000000 00:00 0 
7f4b58021000-7f4b5c000000 ---p 00000000 00:00 0 
7f4b5c1e4000-7f4b5c1e5000 ---p 00000000 00:00 0 
7f4b5c1e5000-7f4b5c2e6000 rw-p 00000000 00:00 0 
7f4b5c2e6000-7f4b5c2e7000 ---p 00000000 00:00 0 
7f4b5c2e7000-7f4b5c3e8000 rw-p 00000000 00:00 0 
7f4b5c3e8000-7f4b5c3e9000 ---p 00000000 00:00 0 
7f4b5c3e9000-7f4b5c4ea000 rw-p 00000000 00:00 0 
7f4b5c4ea000-7f4b5c4eb000 ---p 00000000 00:00 0 
7f4b5c4eb000-7f4b5c5ec000 rw-p 00000000 00:00 0 
7f4b5c5ec000-7f4b5c5ed000 ---p 00000000 00:00 0 
7f4b5c5ed000-7f4b5c6ee000 rw-p 00000000 00:00 0 
7f4b5c6ee000-7f4b5c6ef000 ---p 00000000 00:00 0 
7f4b5c6ef000-7f4b5c7f0000 rw-p 00000000 00:00 0 
7f4b5c7f0000-7f4b5c7f1000 ---p 00000000 00:00 0 
7f4b5c7f1000-7f4b5c8f2000 rw-p 00000000 00:00 0 
7f4b5c8f2000-7f4b5c8f3000 ---p 00000000 00:00 0 
7f4b5c8f3000-7f4b5c9f4000 rw-p 00000000 00:00 0 
7f4b5c9f4000-7f4b5c9f5000 ---p 00000000 00:00 0 
7f4b5c9f5000-7f4b5caf6000 rw-p 00000000 00:00 0 
7f4b5caf6000-7f4b5caf7000 ---p 00000000 00:00 0 
7f4b5caf7000-7f4b5cbf8000 rw-p 00000000 00:00 0 
7f4b5cbf8000-7f4b5cbf9000 ---p 00000000 00:00 0 
7f4b5cbf9000-7f4b5ccfa000 rw-p 00000000 00:00 0 
7f4b5ccfa000-7f4b5ccfb000 ---p 00000000 00:00 0 
7f4b5ccfb000-7f4b5cdfc000 rw-p 00000000 00:00 0 
7f4b5cdfc000-7f4b5cdfd000 ---p 00000000 00:00 0 
7f4b5cdfd000-7f4b5cefe000 rw-p 00000000 00:00 0 
7f4b5cefe000-7f4b5ceff000 ---p 00000000 00:00 0 
7f4b5ceff000-7f4b5d000000 rw-p 00000000 00:00 0 
7f4b5d000000-7f4b5d004000 ---p 00000000 00:00 0 
7f4b5d004000-7f4b5d100000 rw-p 00000000 00:00 0 
7f4b5d100000-7f4b5d104000 ---p 00000000 00:00 0 
7f4b5d104000-7f4b5d200000 rw-p 00000000 00:00 0 
7f4b5d200000-7f4b5d204000 ---p 00000000 00:00 0 
7f4b5d204000-7f4b5d300000 rw-p 00000000 00:00 0 
7f4b5d300000-7f4b5d304000 ---p 00000000 00:00 0 
7f4b5d304000-7f4b5d400000 rw-p 00000000 00:00 0 
7f4b5d400000-7f4b5d404000 ---p 00000000 00:00 0 
7f4b5d404000-7f4b5d500000 rw-p 00000000 00:00 0 
7f4b5d500000-7f4b5d504000 ---p 00000000 00:00 0 
7f4b5d504000-7f4b5d600000 rw-p 00000000 00:00 0 
7f4b5d600000-7f4b5d604000 ---p 00000000 00:00 0 
7f4b5d604000-7f4b5d700000 rw-p 00000000 00:00 0 
7f4b5d700000-7f4b5d704000 ---p 00000000 00:00 0 
7f4b5d704000-7f4b5d800000 rw-p 00000000 00:00 0 
7f4b5d800000-7f4b5d803000 r-xp 00000000 00:21 903                        /tmp/jansi-2.4.0-6442b05c8729d31b-libjansi.so
7f4b5d803000-7f4b5da02000 ---p 00003000 00:21 903                        /tmp/jansi-2.4.0-6442b05c8729d31b-libjansi.so
7f4b5da02000-7f4b5da03000 rw-p 00002000 00:21 903                        /tmp/jansi-2.4.0-6442b05c8729d31b-libjansi.so
7f4b5dafe000-7f4b5db02000 ---p 00000000 00:00 0 
7f4b5db02000-7f4b5dbfe000 rw-p 00000000 00:00 0 
7f4b5dbfe000-7f4b5dbff000 ---p 00000000 00:00 0 
7f4b5dbff000-7f4b5dd00000 rw-p 00000000 00:00 0 
7f4b5dd00000-7f4b5dd04000 ---p 00000000 00:00 0 
7f4b5dd04000-7f4b5de00000 rw-p 00000000 00:00 0 
7f4b5de00000-7f4b5de04000 ---p 00000000 00:00 0 
7f4b5de04000-7f4b5df00000 rw-p 00000000 00:00 0 
7f4b5df00000-7f4b5df04000 ---p 00000000 00:00 0 
7f4b5df04000-7f4b60021000 rw-p 00000000 00:00 0 
7f4b60021000-7f4b64000000 ---p 00000000 00:00 0 
7f4b64000000-7f4b64021000 rw-p 00000000 00:00 0 
7f4b64021000-7f4b68000000 ---p 00000000 00:00 0 
7f4b68000000-7f4b68021000 rw-p 00000000 00:00 0 
7f4b68021000-7f4b6c000000 ---p 00000000 00:00 0 
7f4b6c000000-7f4b6c004000 ---p 00000000 00:00 0 
7f4b6c004000-7f4b6c100000 rw-p 00000000 00:00 0 
7f4b6c100000-7f4b6c104000 ---p 00000000 00:00 0 
7f4b6c104000-7f4b6c200000 rw-p 00000000 00:00 0 
7f4b6c200000-7f4b6c204000 ---p 00000000 00:00 0 
7f4b6c204000-7f4b6c300000 rw-p 00000000 00:00 0 
7f4b6c300000-7f4b6c304000 ---p 00000000 00:00 0 
7f4b6c304000-7f4b6c400000 rw-p 00000000 00:00 0 
7f4b6c400000-7f4b6c404000 ---p 00000000 00:00 0 
7f4b6c404000-7f4b6c500000 rw-p 00000000 00:00 0 
7f4b6c500000-7f4b6c504000 ---p 00000000 00:00 0 
7f4b6c504000-7f4b6c600000 rw-p 00000000 00:00 0 
7f4b6c600000-7f4b6c604000 ---p 00000000 00:00 0 
7f4b6c604000-7f4b6c700000 rw-p 00000000 00:00 0 
7f4b6c700000-7f4b6c704000 ---p 00000000 00:00 0 
7f4b6c704000-7f4b6c800000 rw-p 00000000 00:00 0 
7f4b6c800000-7f4b6caea000 r--p 00000000 103:02 1644209                   /usr/lib/locale/locale-archive
7f4b6cb8e000-7f4b6cb8f000 ---p 00000000 00:00 0 
7f4b6cb8f000-7f4b6cc90000 rw-p 00000000 00:00 0 
7f4b6cc90000-7f4b6cc95000 r--p 00000000 103:02 1843462                   /usr/lib/jvm/java-19-openjdk/lib/libjsvml.so
7f4b6cc95000-7f4b6ccd6000 r-xp 00005000 103:02 1843462                   /usr/lib/jvm/java-19-openjdk/lib/libjsvml.so
7f4b6ccd6000-7f4b6cd5f000 r--p 00046000 103:02 1843462                   /usr/lib/jvm/java-19-openjdk/lib/libjsvml.so
7f4b6cd5f000-7f4b6cd60000 r--p 000ce000 103:02 1843462                   /usr/lib/jvm/java-19-openjdk/lib/libjsvml.so
7f4b6cd60000-7f4b6cd61000 rw-p 000cf000 103:02 1843462                   /usr/lib/jvm/java-19-openjdk/lib/libjsvml.so
7f4b6cd61000-7f4b6ce7e000 rw-p 00000000 00:00 0 
7f4b6ce7e000-7f4b6ce7f000 ---p 00000000 00:00 0 
7f4b6ce7f000-7f4b6cf80000 rw-p 00000000 00:00 0 
7f4b6cf80000-7f4b6cf81000 ---p 00000000 00:00 0 
7f4b6cf81000-7f4b6dd8f000 rw-p 00000000 00:00 0 
7f4b6dd8f000-7f4b6dd90000 ---p 00000000 00:00 0 
7f4b6dd90000-7f4b6de91000 rw-p 00000000 00:00 0 
7f4b6de91000-7f4b6de92000 ---p 00000000 00:00 0 
7f4b6de92000-7f4b6df93000 rw-p 00000000 00:00 0 
7f4b6df93000-7f4b6df94000 ---p 00000000 00:00 0 
7f4b6df94000-7f4b6e504000 rw-p 00000000 00:00 0 
7f4b6e504000-7f4b6e874000 ---p 00000000 00:00 0 
7f4b6e874000-7f4b6e894000 rw-p 00000000 00:00 0 
7f4b6e894000-7f4b6e8a4000 ---p 00000000 00:00 0 
7f4b6e8a4000-7f4b6e8b4000 rw-p 00000000 00:00 0 
7f4b6e8b4000-7f4b75df4000 ---p 00000000 00:00 0 
7f4b75df4000-7f4b76224000 rw-p 00000000 00:00 0 
7f4b76224000-7f4b76594000 ---p 00000000 00:00 0 
7f4b76594000-7f4b765b4000 rw-p 00000000 00:00 0 
7f4b765b4000-7f4b765c4000 ---p 00000000 00:00 0 
7f4b765c4000-7f4b765d4000 rw-p 00000000 00:00 0 
7f4b765d4000-7f4b7db14000 ---p 00000000 00:00 0 
7f4b7db14000-7f4b7db9a000 rw-p 00000000 00:00 0 
7f4b7db9a000-7f4b7dc08000 ---p 00000000 00:00 0 
7f4b7dc08000-7f4b7dc0c000 rw-p 00000000 00:00 0 
7f4b7dc0c000-7f4b7dc0e000 ---p 00000000 00:00 0 
7f4b7dc0e000-7f4b7dc10000 rw-p 00000000 00:00 0 
7f4b7dc10000-7f4b7eab8000 ---p 00000000 00:00 0 
7f4b7eab8000-7f4b7eb3e000 rw-p 00000000 00:00 0 
7f4b7eb3e000-7f4b7ebac000 ---p 00000000 00:00 0 
7f4b7ebac000-7f4b7ebb0000 rw-p 00000000 00:00 0 
7f4b7ebb0000-7f4b7ebb2000 ---p 00000000 00:00 0 
7f4b7ebb2000-7f4b7ebb4000 rw-p 00000000 00:00 0 
7f4b7ebb4000-7f4b7fa5c000 ---p 00000000 00:00 0 
7f4b7fa5c000-7f4b7fae2000 rw-p 00000000 00:00 0 
7f4b7fae2000-7f4b7fb50000 ---p 00000000 00:00 0 
7f4b7fb50000-7f4b7fb54000 rw-p 00000000 00:00 0 
7f4b7fb54000-7f4b7fb56000 ---p 00000000 00:00 0 
7f4b7fb56000-7f4b7fb58000 rw-p 00000000 00:00 0 
7f4b7fb58000-7f4b80a00000 ---p 00000000 00:00 0 
7f4b80a00000-7f4b816f0000 rwxp 00000000 00:00 0 
7f4b816f0000-7f4b87e5f000 ---p 00000000 00:00 0 
7f4b87e5f000-7f4b8815f000 rwxp 00000000 00:00 0 
7f4b8815f000-7f4b885a0000 ---p 00000000 00:00 0 
7f4b885a0000-7f4b888d0000 rwxp 00000000 00:00 0 
7f4b888d0000-7f4b8fa00000 ---p 00000000 00:00 0 
7f4b8fa00000-7f4b97ec9000 r--s 00000000 103:02 1843481                   /usr/lib/jvm/java-19-openjdk/lib/modules
7f4b97ece000-7f4b9959e000 rw-p 00000000 00:00 0 
7f4b9959e000-7f4b9c000000 ---p 00000000 00:00 0 
7f4b9c008000-7f4b9c00c000 r--p 00000000 103:02 1843479                   /usr/lib/jvm/java-19-openjdk/lib/libverify.so
7f4b9c00c000-7f4b9c013000 r-xp 00004000 103:02 1843479                   /usr/lib/jvm/java-19-openjdk/lib/libverify.so
7f4b9c013000-7f4b9c015000 r--p 0000b000 103:02 1843479                   /usr/lib/jvm/java-19-openjdk/lib/libverify.so
7f4b9c015000-7f4b9c017000 r--p 0000c000 103:02 1843479                   /usr/lib/jvm/java-19-openjdk/lib/libverify.so
7f4b9c017000-7f4b9c018000 rw-p 0000e000 103:02 1843479                   /usr/lib/jvm/java-19-openjdk/lib/libverify.so
7f4b9c018000-7f4b9c01a000 r--p 00000000 103:02 1843480                   /usr/lib/jvm/java-19-openjdk/lib/libzip.so
7f4b9c01a000-7f4b9c01e000 r-xp 00002000 103:02 1843480                   /usr/lib/jvm/java-19-openjdk/lib/libzip.so
7f4b9c01e000-7f4b9c020000 r--p 00006000 103:02 1843480                   /usr/lib/jvm/java-19-openjdk/lib/libzip.so
7f4b9c020000-7f4b9c021000 r--p 00007000 103:02 1843480                   /usr/lib/jvm/java-19-openjdk/lib/libzip.so
7f4b9c021000-7f4b9c022000 rw-p 00008000 103:02 1843480                   /usr/lib/jvm/java-19-openjdk/lib/libzip.so
7f4b9c022000-7f4b9cc35000 rw-p 00000000 00:00 0 
7f4b9cc35000-7f4b9cd17000 ---p 00000000 00:00 0 
7f4b9cd17000-7f4b9cd31000 rw-p 00000000 00:00 0 
7f4b9cd31000-7f4b9ce00000 ---p 00000000 00:00 0 
7f4b9ce00000-7f4b9ce9a000 r--p 00000000 103:02 1627905                   /usr/lib/libstdc++.so.6.0.30
7f4b9ce9a000-7f4b9cfb0000 r-xp 0009a000 103:02 1627905                   /usr/lib/libstdc++.so.6.0.30
7f4b9cfb0000-7f4b9d027000 r--p 001b0000 103:02 1627905                   /usr/lib/libstdc++.so.6.0.30
7f4b9d027000-7f4b9d034000 r--p 00226000 103:02 1627905                   /usr/lib/libstdc++.so.6.0.30
7f4b9d034000-7f4b9d035000 rw-p 00233000 103:02 1627905                   /usr/lib/libstdc++.so.6.0.30
7f4b9d035000-7f4b9d038000 rw-p 00000000 00:00 0 
7f4b9d040000-7f4b9d100000 rw-p 00000000 00:00 0 
7f4b9d100000-7f4b9d104000 ---p 00000000 00:00 0 
7f4b9d104000-7f4b9d200000 rw-p 00000000 00:00 0 
7f4b9d200000-7f4b9d48d000 r--p 00000000 103:02 1843628                   /usr/lib/jvm/java-19-openjdk/lib/server/libjvm.so
7f4b9d48d000-7f4b9e260000 r-xp 0028d000 103:02 1843628                   /usr/lib/jvm/java-19-openjdk/lib/server/libjvm.so
7f4b9e260000-7f4b9e50e000 r--p 01060000 103:02 1843628                   /usr/lib/jvm/java-19-openjdk/lib/server/libjvm.so
7f4b9e50e000-7f4b9e5da000 r--p 0130e000 103:02 1843628                   /usr/lib/jvm/java-19-openjdk/lib/server/libjvm.so
7f4b9e5da000-7f4b9e610000 rw-p 013da000 103:02 1843628                   /usr/lib/jvm/java-19-openjdk/lib/server/libjvm.so
7f4b9e610000-7f4b9e66c000 rw-p 00000000 00:00 0 
7f4b9e66d000-7f4b9e674000 r--p 00000000 103:02 1843470                   /usr/lib/jvm/java-19-openjdk/lib/libnio.so
7f4b9e674000-7f4b9e67c000 r-xp 00007000 103:02 1843470                   /usr/lib/jvm/java-19-openjdk/lib/libnio.so
7f4b9e67c000-7f4b9e680000 r--p 0000f000 103:02 1843470                   /usr/lib/jvm/java-19-openjdk/lib/libnio.so
7f4b9e680000-7f4b9e681000 r--p 00013000 103:02 1843470                   /usr/lib/jvm/java-19-openjdk/lib/libnio.so
7f4b9e681000-7f4b9e682000 rw-p 00014000 103:02 1843470                   /usr/lib/jvm/java-19-openjdk/lib/libnio.so
7f4b9e682000-7f4b9e6c1000 rw-p 00000000 00:00 0 
7f4b9e6c1000-7f4b9e6ce000 r--p 00000000 103:02 1843450                   /usr/lib/jvm/java-19-openjdk/lib/libjava.so
7f4b9e6ce000-7f4b9e6df000 r-xp 0000d000 103:02 1843450                   /usr/lib/jvm/java-19-openjdk/lib/libjava.so
7f4b9e6df000-7f4b9e6e5000 r--p 0001e000 103:02 1843450                   /usr/lib/jvm/java-19-openjdk/lib/libjava.so
7f4b9e6e5000-7f4b9e6e6000 r--p 00024000 103:02 1843450                   /usr/lib/jvm/java-19-openjdk/lib/libjava.so
7f4b9e6e6000-7f4b9e6e7000 rw-p 00025000 103:02 1843450                   /usr/lib/jvm/java-19-openjdk/lib/libjava.so
7f4b9e6e7000-7f4b9e6e8000 rw-p 00000000 00:00 0 
7f4b9e6e8000-7f4b9e6eb000 r--p 00000000 103:02 1593818                   /usr/lib/libgcc_s.so.1
7f4b9e6eb000-7f4b9e702000 r-xp 00003000 103:02 1593818                   /usr/lib/libgcc_s.so.1
7f4b9e702000-7f4b9e706000 r--p 0001a000 103:02 1593818                   /usr/lib/libgcc_s.so.1
7f4b9e706000-7f4b9e707000 r--p 0001d000 103:02 1593818                   /usr/lib/libgcc_s.so.1
7f4b9e707000-7f4b9e708000 rw-p 0001e000 103:02 1593818                   /usr/lib/libgcc_s.so.1
7f4b9e708000-7f4b9e716000 r--p 00000000 103:02 1576265                   /usr/lib/libm.so.6
7f4b9e716000-7f4b9e790000 r-xp 0000e000 103:02 1576265                   /usr/lib/libm.so.6
7f4b9e790000-7f4b9e7ee000 r--p 00088000 103:02 1576265                   /usr/lib/libm.so.6
7f4b9e7ee000-7f4b9e7ef000 r--p 000e5000 103:02 1576265                   /usr/lib/libm.so.6
7f4b9e7ef000-7f4b9e7f0000 rw-p 000e6000 103:02 1576265                   /usr/lib/libm.so.6
7f4b9e7f0000-7f4b9e7f3000 rw-p 00000000 00:00 0 
7f4b9e7f3000-7f4b9e7f6000 r--p 00000000 103:02 1588796                   /usr/lib/libz.so.1.2.13
7f4b9e7f6000-7f4b9e804000 r-xp 00003000 103:02 1588796                   /usr/lib/libz.so.1.2.13
7f4b9e804000-7f4b9e80b000 r--p 00011000 103:02 1588796                   /usr/lib/libz.so.1.2.13
7f4b9e80b000-7f4b9e80c000 r--p 00017000 103:02 1588796                   /usr/lib/libz.so.1.2.13
7f4b9e80c000-7f4b9e80d000 rw-p 00018000 103:02 1588796                   /usr/lib/libz.so.1.2.13
7f4b9e80d000-7f4b9e82f000 r--p 00000000 103:02 1576241                   /usr/lib/libc.so.6
7f4b9e82f000-7f4b9e989000 r-xp 00022000 103:02 1576241                   /usr/lib/libc.so.6
7f4b9e989000-7f4b9e9e1000 r--p 0017c000 103:02 1576241                   /usr/lib/libc.so.6
7f4b9e9e1000-7f4b9e9e5000 r--p 001d4000 103:02 1576241                   /usr/lib/libc.so.6
7f4b9e9e5000-7f4b9e9e7000 rw-p 001d8000 103:02 1576241                   /usr/lib/libc.so.6
7f4b9e9e7000-7f4b9e9f4000 rw-p 00000000 00:00 0 
7f4b9e9f6000-7f4b9e9f9000 r--p 00000000 103:02 1843469                   /usr/lib/jvm/java-19-openjdk/lib/libnet.so
7f4b9e9f9000-7f4b9ea02000 r-xp 00003000 103:02 1843469                   /usr/lib/jvm/java-19-openjdk/lib/libnet.so
7f4b9ea02000-7f4b9ea04000 r--p 0000c000 103:02 1843469                   /usr/lib/jvm/java-19-openjdk/lib/libnet.so
7f4b9ea04000-7f4b9ea05000 r--p 0000e000 103:02 1843469                   /usr/lib/jvm/java-19-openjdk/lib/libnet.so
7f4b9ea05000-7f4b9ea06000 rw-p 0000f000 103:02 1843469                   /usr/lib/jvm/java-19-openjdk/lib/libnet.so
7f4b9ea06000-7f4b9ea0c000 rw-p 00000000 00:00 0 
7f4b9ea0c000-7f4b9ea15000 ---p 00000000 00:00 0 
7f4b9ea15000-7f4b9ea1d000 rw-s 00000000 00:21 901                        /tmp/hsperfdata_james/301273
7f4b9ea1d000-7f4b9ea1e000 ---p 00000000 00:00 0 
7f4b9ea1e000-7f4b9ea1f000 r--p 00000000 00:00 0 
7f4b9ea1f000-7f4b9ea20000 ---p 00000000 00:00 0 
7f4b9ea20000-7f4b9ea22000 r--p 00000000 103:02 1843455                   /usr/lib/jvm/java-19-openjdk/lib/libjimage.so
7f4b9ea22000-7f4b9ea25000 r-xp 00002000 103:02 1843455                   /usr/lib/jvm/java-19-openjdk/lib/libjimage.so
7f4b9ea25000-7f4b9ea26000 r--p 00005000 103:02 1843455                   /usr/lib/jvm/java-19-openjdk/lib/libjimage.so
7f4b9ea26000-7f4b9ea27000 r--p 00006000 103:02 1843455                   /usr/lib/jvm/java-19-openjdk/lib/libjimage.so
7f4b9ea27000-7f4b9ea28000 rw-p 00007000 103:02 1843455                   /usr/lib/jvm/java-19-openjdk/lib/libjimage.so
7f4b9ea28000-7f4b9ea2a000 r--p 00000000 103:02 1843458                   /usr/lib/jvm/java-19-openjdk/lib/libjli.so
7f4b9ea2a000-7f4b9ea33000 r-xp 00002000 103:02 1843458                   /usr/lib/jvm/java-19-openjdk/lib/libjli.so
7f4b9ea33000-7f4b9ea36000 r--p 0000b000 103:02 1843458                   /usr/lib/jvm/java-19-openjdk/lib/libjli.so
7f4b9ea36000-7f4b9ea37000 r--p 0000d000 103:02 1843458                   /usr/lib/jvm/java-19-openjdk/lib/libjli.so
7f4b9ea37000-7f4b9ea38000 rw-p 0000e000 103:02 1843458                   /usr/lib/jvm/java-19-openjdk/lib/libjli.so
7f4b9ea38000-7f4b9ea3a000 rw-p 00000000 00:00 0 
7f4b9ea3a000-7f4b9ea3b000 r--p 00000000 103:02 1576219                   /usr/lib/ld-linux-x86-64.so.2
7f4b9ea3b000-7f4b9ea61000 r-xp 00001000 103:02 1576219                   /usr/lib/ld-linux-x86-64.so.2
7f4b9ea61000-7f4b9ea6b000 r--p 00027000 103:02 1576219                   /usr/lib/ld-linux-x86-64.so.2
7f4b9ea6b000-7f4b9ea6d000 r--p 00031000 103:02 1576219                   /usr/lib/ld-linux-x86-64.so.2
7f4b9ea6d000-7f4b9ea6f000 rw-p 00033000 103:02 1576219                   /usr/lib/ld-linux-x86-64.so.2
7ffeac26c000-7ffeac28d000 rw-p 00000000 00:00 0                          [stack]
7ffeac38c000-7ffeac390000 r--p 00000000 00:00 0                          [vvar]
7ffeac390000-7ffeac392000 r-xp 00000000 00:00 0                          [vdso]
ffffffffff600000-ffffffffff601000 --xp 00000000 00:00 0                  [vsyscall]


VM Arguments:
jvm_args: -Dmaven.home=/home/james/programming/java -Dmaven.multiModuleProjectDirectory=/home/james/programming/java/gameserver -Dawt.useSystemAAFontSettings=on 
java_command: org.apache.maven.wrapper.MavenWrapperMain clean install spring-boot:run
java_class_path (initial): /home/james/programming/java/gameserver/.mvn/wrapper/maven-wrapper.jar
Launcher Type: SUN_STANDARD

[Global flags]
     intx CICompilerCount                          = 12                                        {product} {ergonomic}
     uint ConcGCThreads                            = 3                                         {product} {ergonomic}
     uint G1ConcRefinementThreads                  = 13                                        {product} {ergonomic}
   size_t G1HeapRegionSize                         = 4194304                                   {product} {ergonomic}
    uintx GCDrainStackTargetSize                   = 64                                        {product} {ergonomic}
   size_t InitialHeapSize                          = 528482304                                 {product} {ergonomic}
   size_t MarkStackSize                            = 4194304                                   {product} {ergonomic}
   size_t MaxHeapSize                              = 8396996608                                {product} {ergonomic}
   size_t MaxNewSize                               = 5037359104                                {product} {ergonomic}
   size_t MinHeapDeltaBytes                        = 4194304                                   {product} {ergonomic}
   size_t MinHeapSize                              = 8388608                                   {product} {ergonomic}
    uintx NonNMethodCodeHeapSize                   = 7602480                                {pd product} {ergonomic}
    uintx NonProfiledCodeHeapSize                  = 122027880                              {pd product} {ergonomic}
    uintx ProfiledCodeHeapSize                     = 122027880                              {pd product} {ergonomic}
    uintx ReservedCodeCacheSize                    = 251658240                              {pd product} {ergonomic}
     bool SegmentedCodeCache                       = true                                      {product} {ergonomic}
   size_t SoftMaxHeapSize                          = 8396996608                             {manageable} {ergonomic}
     bool UseCompressedClassPointers               = true                           {product lp64_product} {ergonomic}
     bool UseCompressedOops                        = true                           {product lp64_product} {ergonomic}
     bool UseG1GC                                  = true                                      {product} {ergonomic}

Logging:
Log output configuration:
 #0: stdout all=warning uptime,level,tags foldmultilines=false
 #1: stderr all=off uptime,level,tags foldmultilines=false

Environment Variables:
JAVA_HOME=/usr/lib/jvm/java-19-openjdk
_JAVA_OPTIONS=-Dawt.useSystemAAFontSettings=on
PATH=/usr/local/sbin:/usr/local/bin:/usr/bin:/usr/lib/jvm/default/bin:/usr/bin/site_perl:/usr/bin/vendor_perl:/usr/bin/core_perl:/home/james/bin
SHELL=/bin/bash
DISPLAY=:0
LANG=en_US.UTF-8
TERM=xterm

Active Locale:
LC_ALL=en_US.UTF-8
LC_COLLATE=en_US.UTF-8
LC_CTYPE=en_US.UTF-8
LC_MESSAGES=en_US.UTF-8
LC_MONETARY=en_US.UTF-8
LC_NUMERIC=en_US.UTF-8
LC_TIME=en_US.UTF-8

Signal Handlers:
   SIGSEGV: 0x00007f4b9e1d91c0 in libjvm.so+16617920, mask=11100100010111111101111111111110, flags=SA_RESTART|SA_SIGINFO
    SIGBUS: 0x00007f4b9e1d91c0 in libjvm.so+16617920, mask=11100100010111111101111111111110, flags=SA_RESTART|SA_SIGINFO
    SIGFPE: 0x00007f4b9e1d91c0 in libjvm.so+16617920, mask=11100100010111111101111111111110, flags=SA_RESTART|SA_SIGINFO
   SIGPIPE: 0x00007f4b9e064790 in libjvm.so+15091600, mask=11100100010111111101111111111110, flags=SA_RESTART|SA_SIGINFO
   SIGXFSZ: 0x00007f4b9e064790 in libjvm.so+15091600, mask=11100100010111111101111111111110, flags=SA_RESTART|SA_SIGINFO
    SIGILL: 0x00007f4b9e1d91c0 in libjvm.so+16617920, mask=11100100010111111101111111111110, flags=SA_RESTART|SA_SIGINFO
   SIGUSR2: 0x00007f4b9e063db0 in libjvm.so+15089072, mask=00000000000000000000000000000000, flags=SA_RESTART|SA_SIGINFO
    SIGHUP: 0x00007f4b9e063cc0 in libjvm.so+15088832, mask=11100100010111111101111111111110, flags=SA_RESTART|SA_SIGINFO
    SIGINT: 0x00007f4b9e063cc0 in libjvm.so+15088832, mask=11100100010111111101111111111110, flags=SA_RESTART|SA_SIGINFO
   SIGTERM: 0x00007f4b9e063cc0 in libjvm.so+15088832, mask=11100100010111111101111111111110, flags=SA_RESTART|SA_SIGINFO
   SIGQUIT: 0x00007f4b9e063cc0 in libjvm.so+15088832, mask=11100100010111111101111111111110, flags=SA_RESTART|SA_SIGINFO
   SIGTRAP: 0x00007f4b9e1d91c0 in libjvm.so+16617920, mask=11100100010111111101111111111110, flags=SA_RESTART|SA_SIGINFO


---------------  S Y S T E M  ---------------

OS:
DISTRIB_ID="Arch"
DISTRIB_RELEASE="rolling"
DISTRIB_DESCRIPTION="Arch Linux"
uname: Linux 6.2.9-arch1-1 #1 SMP PREEMPT_DYNAMIC Thu, 30 Mar 2023 14:51:14 +0000 x86_64
OS uptime: 0 days 4:17 hours
libc: glibc 2.37 NPTL 2.37 
rlimit (soft/hard): STACK 8192k/infinity , CORE infinity/infinity , NPROC 128035/128035 , NOFILE 524288/524288 , AS infinity/infinity , CPU infinity/infinity , DATA infinity/infinity , FSIZE infinity/infinity , MEMLOCK 8192k/8192k
load average: 3.36 2.73 2.13

/proc/meminfo:
MemTotal:       32793536 kB
MemFree:        15150416 kB
MemAvailable:   19413956 kB
Buffers:          516000 kB
Cached:          4338428 kB
SwapCached:            0 kB
Active:         10913828 kB
Inactive:        5735044 kB
Active(anon):    9180064 kB
Inactive(anon):  3005036 kB
Active(file):    1733764 kB
Inactive(file):  2730008 kB
Unevictable:         520 kB
Mlocked:             512 kB
SwapTotal:       5242876 kB
SwapFree:        5242876 kB
Zswap:                 0 kB
Zswapped:              0 kB
Dirty:              2936 kB
Writeback:             0 kB
AnonPages:      11677252 kB
Mapped:          1591032 kB
Shmem:            390648 kB
KReclaimable:     265164 kB
Slab:             436852 kB
SReclaimable:     265164 kB
SUnreclaim:       171688 kB
KernelStack:       24320 kB
PageTables:        67456 kB
SecPageTables:         0 kB
NFS_Unstable:          0 kB
Bounce:                0 kB
WritebackTmp:          0 kB
CommitLimit:    21639644 kB
Committed_AS:   22415664 kB
VmallocTotal:   34359738367 kB
VmallocUsed:      125488 kB
VmallocChunk:          0 kB
Percpu:            16128 kB
HardwareCorrupted:     0 kB
AnonHugePages:   6582272 kB
ShmemHugePages:        0 kB
ShmemPmdMapped:        0 kB
FileHugePages:    268288 kB
FilePmdMapped:    151552 kB
CmaTotal:              0 kB
CmaFree:               0 kB
HugePages_Total:       0
HugePages_Free:        0
HugePages_Rsvd:        0
HugePages_Surp:        0
Hugepagesize:       2048 kB
Hugetlb:               0 kB
DirectMap4k:      946128 kB
DirectMap2M:    19949568 kB
DirectMap1G:    12582912 kB

/sys/kernel/mm/transparent_hugepage/enabled: [always] madvise never
/sys/kernel/mm/transparent_hugepage/defrag (defrag/compaction efforts parameter): always defer defer+madvise [madvise] never

Process Memory:
Virtual Size: 12893468K (peak: 12959004K)
Resident Set Size: 375392K (peak: 375392K) (anon: 343440K, file: 31952K, shmem: 0K)
Swapped out: 0K
C-Heap outstanding allocations: 95917K, retained: 37038K
glibc malloc tunables: (default)

/proc/sys/kernel/threads-max (system-wide limit on the number of threads): 256071
/proc/sys/vm/max_map_count (maximum number of memory map areas a process may have): 65530
/proc/sys/kernel/pid_max (system-wide limit on number of process identifiers): 4194304

container (cgroup) information:
container_type: cgroupv2
cpu_cpuset_cpus: not supported
cpu_memory_nodes: not supported
active_processor_count: 16
cpu_quota: no quota
cpu_period: 100000
cpu_shares: no shares
memory_limit_in_bytes: unlimited
memory_and_swap_limit_in_bytes: unlimited
memory_soft_limit_in_bytes: unlimited
memory_usage_in_bytes: 11726684 k
memory_max_usage_in_bytes: not supported
maximum number of tasks: unlimited
current number of tasks: 957

Steal ticks since vm start: 0
Steal ticks percentage since vm start:  0.000

CPU: total 16 (initial active 16) (16 cores per cpu, 2 threads per core) family 23 model 113 stepping 0 microcode 0x8701021, cx8, cmov, fxsr, ht, mmx, 3dnowpref, sse, sse2, sse3, ssse3, sse4a, sse4.1, sse4.2, popcnt, lzcnt, tsc, tscinvbit, avx, avx2, aes, clmul, bmi1, bmi2, adx, sha, fma, vzeroupper, clflush, clflushopt, rdtscp, rdpid
CPU Model and flags from /proc/cpuinfo:
model name	: AMD Ryzen 7 3700X 8-Core Processor
flags		: fpu vme de pse tsc msr pae mce cx8 apic sep mtrr pge mca cmov pat pse36 clflush mmx fxsr sse sse2 ht syscall nx mmxext fxsr_opt pdpe1gb rdtscp lm constant_tsc rep_good nopl nonstop_tsc cpuid extd_apicid aperfmperf rapl pni pclmulqdq monitor ssse3 fma cx16 sse4_1 sse4_2 movbe popcnt aes xsave avx f16c rdrand lahf_lm cmp_legacy svm extapic cr8_legacy abm sse4a misalignsse 3dnowprefetch osvw ibs skinit wdt tce topoext perfctr_core perfctr_nb bpext perfctr_llc mwaitx cpb cat_l3 cdp_l3 hw_pstate ssbd mba ibpb stibp vmmcall fsgsbase bmi1 avx2 smep bmi2 cqm rdt_a rdseed adx smap clflushopt clwb sha_ni xsaveopt xsavec xgetbv1 cqm_llc cqm_occup_llc cqm_mbm_total cqm_mbm_local clzero irperf xsaveerptr rdpru wbnoinvd arat npt lbrv svm_lock nrip_save tsc_scale vmcb_clean flushbyasid decodeassists pausefilter pfthreshold avic v_vmsave_vmload vgif v_spec_ctrl umip rdpid overflow_recov succor smca sev sev_es

Online cpus: 0-15
Offline cpus: 
BIOS frequency limitation: 3800000
Frequency switch latency (ns): 0
Available cpu frequencies: 3800000 2200000 
Current governor: schedutil
Core performance/turbo boost: 0

Memory: 4k page, physical 32793536k(15150416k free), swap 5242876k(5242876k free)
Page Sizes: 4k

vm_info: OpenJDK 64-Bit Server VM (19.0.2+7) for linux-amd64 JRE (19.0.2+7), built on 2023-01-18T16:17:00Z by "builduser" with gcc 12.2.1 20230111

END.
